[ 2016-04-12T13:07:14+08:00 ] 127.0.0.1 /myblog/
INFO: [ app_init ] --START--
INFO: Run Behavior\BuildLiteBehavior [ RunTime:0.000032s ]
INFO: [ app_init ] --END-- [ RunTime:0.028915s ]
INFO: [ app_begin ] --START--
INFO: Run Behavior\ReadHtmlCacheBehavior [ RunTime:0.016798s ]
INFO: [ app_begin ] --END-- [ RunTime:0.017013s ]
SQL: SHOW COLUMNS FROM `myblog_article` [ RunTime:0.0677s ]
SQL: SHOW COLUMNS FROM `myblog_nav` [ RunTime:0.0373s ]
SQL: SELECT * FROM `myblog_nav` WHERE ( nav_parentID=3 ) ORDER BY nav_id  [ RunTime:0.0006s ]
SQL: SELECT * FROM `myblog_article` WHERE ( article_navid = 4 )  [ RunTime:0.0005s ]
SQL: SELECT * FROM `myblog_nav` WHERE ( nav_parentID=4 ) ORDER BY nav_id  [ RunTime:0.0003s ]
SQL: SELECT * FROM `myblog_article` WHERE ( article_navid = 7 )  [ RunTime:0.0013s ]
SQL: SELECT * FROM `myblog_article` WHERE ( article_navid = 8 )  [ RunTime:0.0003s ]
SQL: SELECT * FROM `myblog_article` WHERE ( article_navid = 9 )  [ RunTime:0.0003s ]
SQL: SELECT * FROM `myblog_article` WHERE ( article_navid = 10 )  [ RunTime:0.0004s ]
SQL: SELECT * FROM `myblog_article` WHERE ( article_navid = 5 )  [ RunTime:0.0003s ]
SQL: SELECT * FROM `myblog_nav` WHERE ( nav_parentID=5 ) ORDER BY nav_id  [ RunTime:0.0003s ]
SQL: SELECT * FROM `myblog_article` WHERE ( article_navid = 11 )  [ RunTime:0.0002s ]
SQL: SELECT * FROM `myblog_article` WHERE ( article_navid = 12 )  [ RunTime:0.0003s ]
SQL: SELECT * FROM `myblog_article` WHERE ( article_navid = 13 )  [ RunTime:0.0003s ]
SQL: SELECT * FROM `myblog_article` WHERE ( article_navid = 6 )  [ RunTime:0.0003s ]
SQL: SELECT * FROM `myblog_nav` WHERE ( nav_parentID=6 ) ORDER BY nav_id  [ RunTime:0.0002s ]
SQL: SHOW COLUMNS FROM `myblog_read` [ RunTime:0.0284s ]
SQL: SELECT * FROM `myblog_read` ORDER BY read_count desc LIMIT 5   [ RunTime:0.0004s ]
SQL: SHOW COLUMNS FROM `myblog_article` [ RunTime:0.0073s ]
SQL: SELECT `article_title` FROM `myblog_article` WHERE ( article_id=46 ) LIMIT 1   [ RunTime:0.0003s ]
SQL: SELECT `article_title` FROM `myblog_article` WHERE ( article_id=33 ) LIMIT 1   [ RunTime:0.0002s ]
SQL: SELECT `article_title` FROM `myblog_article` WHERE ( article_id=3 ) LIMIT 1   [ RunTime:0.0002s ]
SQL: SELECT `article_title` FROM `myblog_article` WHERE ( article_id=27 ) LIMIT 1   [ RunTime:0.0002s ]
SQL: SELECT `article_title` FROM `myblog_article` WHERE ( article_id=1 ) LIMIT 1   [ RunTime:0.0002s ]
SQL: SHOW COLUMNS FROM `myblog_user` [ RunTime:0.0386s ]
SQL: SHOW COLUMNS FROM `myblog_bbs` [ RunTime:0.0427s ]
SQL: SELECT COUNT(*) AS tp_count FROM `myblog_bbs` WHERE ( bbs_userid = '' ) LIMIT 1   [ RunTime:0.0006s ]
SQL: SELECT COUNT(*) AS tp_count FROM `myblog_article` WHERE ( article_userid = '' ) LIMIT 1   [ RunTime:0.0004s ]
NOTIC: [8] Undefined variable: navList D:\wamp\www\myblog\Application\Home\Controller\IndexController.class.php 第 21 行.
INFO: [ view_parse ] --START--
INFO: [ template_filter ] --START--
INFO: Run Behavior\ContentReplaceBehavior [ RunTime:0.000182s ]
INFO: [ template_filter ] --END-- [ RunTime:0.000300s ]
NOTIC: [8] Use of undefined constant article_id - assumed 'article_id' D:\wamp\www\myblog\Application\Runtime\Cache\Home\2a94b8bda04ff446dcedd42276fc99ee.php 第 120 行.
NOTIC: [8] Use of undefined constant article_id - assumed 'article_id' D:\wamp\www\myblog\Application\Runtime\Cache\Home\2a94b8bda04ff446dcedd42276fc99ee.php 第 121 行.
NOTIC: [8] Use of undefined constant article_id - assumed 'article_id' D:\wamp\www\myblog\Application\Runtime\Cache\Home\2a94b8bda04ff446dcedd42276fc99ee.php 第 122 行.
NOTIC: [8] Use of undefined constant article_id - assumed 'article_id' D:\wamp\www\myblog\Application\Runtime\Cache\Home\2a94b8bda04ff446dcedd42276fc99ee.php 第 123 行.
NOTIC: [8] Use of undefined constant article_id - assumed 'article_id' D:\wamp\www\myblog\Application\Runtime\Cache\Home\2a94b8bda04ff446dcedd42276fc99ee.php 第 127 行.
NOTIC: [8] Use of undefined constant article_id - assumed 'article_id' D:\wamp\www\myblog\Application\Runtime\Cache\Home\2a94b8bda04ff446dcedd42276fc99ee.php 第 128 行.
NOTIC: [8] Use of undefined constant article_id - assumed 'article_id' D:\wamp\www\myblog\Application\Runtime\Cache\Home\2a94b8bda04ff446dcedd42276fc99ee.php 第 129 行.
NOTIC: [8] Use of undefined constant article_id - assumed 'article_id' D:\wamp\www\myblog\Application\Runtime\Cache\Home\2a94b8bda04ff446dcedd42276fc99ee.php 第 130 行.
NOTIC: [8] Use of undefined constant article_id - assumed 'article_id' D:\wamp\www\myblog\Application\Runtime\Cache\Home\2a94b8bda04ff446dcedd42276fc99ee.php 第 127 行.
NOTIC: [8] Use of undefined constant article_id - assumed 'article_id' D:\wamp\www\myblog\Application\Runtime\Cache\Home\2a94b8bda04ff446dcedd42276fc99ee.php 第 128 行.
NOTIC: [8] Use of undefined constant article_id - assumed 'article_id' D:\wamp\www\myblog\Application\Runtime\Cache\Home\2a94b8bda04ff446dcedd42276fc99ee.php 第 129 行.
NOTIC: [8] Use of undefined constant article_id - assumed 'article_id' D:\wamp\www\myblog\Application\Runtime\Cache\Home\2a94b8bda04ff446dcedd42276fc99ee.php 第 130 行.
NOTIC: [8] Use of undefined constant article_id - assumed 'article_id' D:\wamp\www\myblog\Application\Runtime\Cache\Home\2a94b8bda04ff446dcedd42276fc99ee.php 第 127 行.
NOTIC: [8] Use of undefined constant article_id - assumed 'article_id' D:\wamp\www\myblog\Application\Runtime\Cache\Home\2a94b8bda04ff446dcedd42276fc99ee.php 第 128 行.
NOTIC: [8] Use of undefined constant article_id - assumed 'article_id' D:\wamp\www\myblog\Application\Runtime\Cache\Home\2a94b8bda04ff446dcedd42276fc99ee.php 第 129 行.
NOTIC: [8] Use of undefined constant article_id - assumed 'article_id' D:\wamp\www\myblog\Application\Runtime\Cache\Home\2a94b8bda04ff446dcedd42276fc99ee.php 第 130 行.
NOTIC: [8] Use of undefined constant article_id - assumed 'article_id' D:\wamp\www\myblog\Application\Runtime\Cache\Home\2a94b8bda04ff446dcedd42276fc99ee.php 第 127 行.
NOTIC: [8] Use of undefined constant article_id - assumed 'article_id' D:\wamp\www\myblog\Application\Runtime\Cache\Home\2a94b8bda04ff446dcedd42276fc99ee.php 第 128 行.
NOTIC: [8] Use of undefined constant article_id - assumed 'article_id' D:\wamp\www\myblog\Application\Runtime\Cache\Home\2a94b8bda04ff446dcedd42276fc99ee.php 第 129 行.
NOTIC: [8] Use of undefined constant article_id - assumed 'article_id' D:\wamp\www\myblog\Application\Runtime\Cache\Home\2a94b8bda04ff446dcedd42276fc99ee.php 第 130 行.
NOTIC: [8] Use of undefined constant article_id - assumed 'article_id' D:\wamp\www\myblog\Application\Runtime\Cache\Home\2a94b8bda04ff446dcedd42276fc99ee.php 第 152 行.
NOTIC: [8] Use of undefined constant article_id - assumed 'article_id' D:\wamp\www\myblog\Application\Runtime\Cache\Home\2a94b8bda04ff446dcedd42276fc99ee.php 第 153 行.
NOTIC: [8] Use of undefined constant article_id - assumed 'article_id' D:\wamp\www\myblog\Application\Runtime\Cache\Home\2a94b8bda04ff446dcedd42276fc99ee.php 第 154 行.
NOTIC: [8] Use of undefined constant article_id - assumed 'article_id' D:\wamp\www\myblog\Application\Runtime\Cache\Home\2a94b8bda04ff446dcedd42276fc99ee.php 第 155 行.
NOTIC: [8] Use of undefined constant read_articleid - assumed 'read_articleid' D:\wamp\www\myblog\Application\Runtime\Cache\Home\2a94b8bda04ff446dcedd42276fc99ee.php 第 195 行.
NOTIC: [8] Use of undefined constant read_articleid - assumed 'read_articleid' D:\wamp\www\myblog\Application\Runtime\Cache\Home\2a94b8bda04ff446dcedd42276fc99ee.php 第 195 行.
NOTIC: [8] Use of undefined constant read_articleid - assumed 'read_articleid' D:\wamp\www\myblog\Application\Runtime\Cache\Home\2a94b8bda04ff446dcedd42276fc99ee.php 第 195 行.
NOTIC: [8] Use of undefined constant read_articleid - assumed 'read_articleid' D:\wamp\www\myblog\Application\Runtime\Cache\Home\2a94b8bda04ff446dcedd42276fc99ee.php 第 195 行.
NOTIC: [8] Use of undefined constant read_articleid - assumed 'read_articleid' D:\wamp\www\myblog\Application\Runtime\Cache\Home\2a94b8bda04ff446dcedd42276fc99ee.php 第 195 行.
INFO: Run Behavior\ParseTemplateBehavior [ RunTime:0.490345s ]
INFO: [ view_parse ] --END-- [ RunTime:0.490524s ]
INFO: [ view_filter ] --START--
INFO: Run Behavior\WriteHtmlCacheBehavior [ RunTime:0.014266s ]
INFO: [ view_filter ] --END-- [ RunTime:0.014606s ]
INFO: [ app_end ] --START--
INFO: Run Behavior\ShowPageTraceBehavior [ RunTime:0.010028s ]
INFO: [ app_end ] --END-- [ RunTime:0.010173s ]

[ 2016-04-12T13:10:53+08:00 ] 127.0.0.1 /myblog/
INFO: [ app_init ] --START--
INFO: Run Behavior\BuildLiteBehavior [ RunTime:0.000027s ]
INFO: [ app_init ] --END-- [ RunTime:0.000644s ]
INFO: [ app_begin ] --START--
INFO: Run Behavior\ReadHtmlCacheBehavior [ RunTime:0.000787s ]
INFO: [ app_begin ] --END-- [ RunTime:0.000927s ]
SQL: SHOW COLUMNS FROM `myblog_article` [ RunTime:0.0116s ]
SQL: SHOW COLUMNS FROM `myblog_nav` [ RunTime:0.0115s ]
SQL: SELECT * FROM `myblog_nav` WHERE ( nav_parentID=3 ) ORDER BY nav_id  [ RunTime:0.0004s ]
SQL: SELECT * FROM `myblog_article` WHERE ( article_navid = 4 )  [ RunTime:0.0010s ]
SQL: SELECT * FROM `myblog_nav` WHERE ( nav_parentID=4 ) ORDER BY nav_id  [ RunTime:0.0006s ]
SQL: SELECT * FROM `myblog_article` WHERE ( article_navid = 7 )  [ RunTime:0.0005s ]
SQL: SELECT * FROM `myblog_article` WHERE ( article_navid = 8 )  [ RunTime:0.0006s ]
SQL: SELECT * FROM `myblog_article` WHERE ( article_navid = 9 )  [ RunTime:0.0006s ]
SQL: SELECT * FROM `myblog_article` WHERE ( article_navid = 10 )  [ RunTime:0.0005s ]
SQL: SELECT * FROM `myblog_article` WHERE ( article_navid = 5 )  [ RunTime:0.0007s ]
SQL: SELECT * FROM `myblog_nav` WHERE ( nav_parentID=5 ) ORDER BY nav_id  [ RunTime:0.0005s ]
SQL: SELECT * FROM `myblog_article` WHERE ( article_navid = 11 )  [ RunTime:0.0005s ]
SQL: SELECT * FROM `myblog_article` WHERE ( article_navid = 12 )  [ RunTime:0.0006s ]
SQL: SELECT * FROM `myblog_article` WHERE ( article_navid = 13 )  [ RunTime:0.0004s ]
SQL: SELECT * FROM `myblog_article` WHERE ( article_navid = 6 )  [ RunTime:0.0006s ]
SQL: SELECT * FROM `myblog_nav` WHERE ( nav_parentID=6 ) ORDER BY nav_id  [ RunTime:0.0004s ]
SQL: SHOW COLUMNS FROM `myblog_read` [ RunTime:0.0129s ]
SQL: SELECT * FROM `myblog_read` ORDER BY read_count desc LIMIT 5   [ RunTime:0.0003s ]
SQL: SHOW COLUMNS FROM `myblog_article` [ RunTime:0.0155s ]
SQL: SELECT `article_title` FROM `myblog_article` WHERE ( article_id=46 ) LIMIT 1   [ RunTime:0.0003s ]
SQL: SELECT `article_title` FROM `myblog_article` WHERE ( article_id=33 ) LIMIT 1   [ RunTime:0.0002s ]
SQL: SELECT `article_title` FROM `myblog_article` WHERE ( article_id=3 ) LIMIT 1   [ RunTime:0.0002s ]
SQL: SELECT `article_title` FROM `myblog_article` WHERE ( article_id=27 ) LIMIT 1   [ RunTime:0.0002s ]
SQL: SELECT `article_title` FROM `myblog_article` WHERE ( article_id=1 ) LIMIT 1   [ RunTime:0.0002s ]
SQL: SHOW COLUMNS FROM `myblog_user` [ RunTime:0.0177s ]
SQL: SHOW COLUMNS FROM `myblog_bbs` [ RunTime:0.0168s ]
SQL: SELECT COUNT(*) AS tp_count FROM `myblog_bbs` WHERE ( bbs_userid = '' ) LIMIT 1   [ RunTime:0.0004s ]
SQL: SELECT COUNT(*) AS tp_count FROM `myblog_article` WHERE ( article_userid = '' ) LIMIT 1   [ RunTime:0.0003s ]
NOTIC: [8] Undefined variable: navList D:\wamp\www\myblog\Application\Home\Controller\IndexController.class.php 第 21 行.
INFO: [ view_parse ] --START--
INFO: [ template_filter ] --START--
INFO: Run Behavior\ContentReplaceBehavior [ RunTime:0.000378s ]
INFO: [ template_filter ] --END-- [ RunTime:0.000709s ]
NOTIC: [8] Use of undefined constant article_id - assumed 'article_id' D:\wamp\www\myblog\Application\Runtime\Cache\Home\2a94b8bda04ff446dcedd42276fc99ee.php 第 120 行.
NOTIC: [8] Use of undefined constant article_id - assumed 'article_id' D:\wamp\www\myblog\Application\Runtime\Cache\Home\2a94b8bda04ff446dcedd42276fc99ee.php 第 121 行.
NOTIC: [8] Use of undefined constant article_id - assumed 'article_id' D:\wamp\www\myblog\Application\Runtime\Cache\Home\2a94b8bda04ff446dcedd42276fc99ee.php 第 122 行.
NOTIC: [8] Use of undefined constant article_id - assumed 'article_id' D:\wamp\www\myblog\Application\Runtime\Cache\Home\2a94b8bda04ff446dcedd42276fc99ee.php 第 123 行.
NOTIC: [8] Use of undefined constant article_id - assumed 'article_id' D:\wamp\www\myblog\Application\Runtime\Cache\Home\2a94b8bda04ff446dcedd42276fc99ee.php 第 127 行.
NOTIC: [8] Use of undefined constant article_id - assumed 'article_id' D:\wamp\www\myblog\Application\Runtime\Cache\Home\2a94b8bda04ff446dcedd42276fc99ee.php 第 128 行.
NOTIC: [8] Use of undefined constant article_id - assumed 'article_id' D:\wamp\www\myblog\Application\Runtime\Cache\Home\2a94b8bda04ff446dcedd42276fc99ee.php 第 129 行.
NOTIC: [8] Use of undefined constant article_id - assumed 'article_id' D:\wamp\www\myblog\Application\Runtime\Cache\Home\2a94b8bda04ff446dcedd42276fc99ee.php 第 130 行.
NOTIC: [8] Use of undefined constant article_id - assumed 'article_id' D:\wamp\www\myblog\Application\Runtime\Cache\Home\2a94b8bda04ff446dcedd42276fc99ee.php 第 127 行.
NOTIC: [8] Use of undefined constant article_id - assumed 'article_id' D:\wamp\www\myblog\Application\Runtime\Cache\Home\2a94b8bda04ff446dcedd42276fc99ee.php 第 128 行.
NOTIC: [8] Use of undefined constant article_id - assumed 'article_id' D:\wamp\www\myblog\Application\Runtime\Cache\Home\2a94b8bda04ff446dcedd42276fc99ee.php 第 129 行.
NOTIC: [8] Use of undefined constant article_id - assumed 'article_id' D:\wamp\www\myblog\Application\Runtime\Cache\Home\2a94b8bda04ff446dcedd42276fc99ee.php 第 130 行.
NOTIC: [8] Use of undefined constant article_id - assumed 'article_id' D:\wamp\www\myblog\Application\Runtime\Cache\Home\2a94b8bda04ff446dcedd42276fc99ee.php 第 127 行.
NOTIC: [8] Use of undefined constant article_id - assumed 'article_id' D:\wamp\www\myblog\Application\Runtime\Cache\Home\2a94b8bda04ff446dcedd42276fc99ee.php 第 128 行.
NOTIC: [8] Use of undefined constant article_id - assumed 'article_id' D:\wamp\www\myblog\Application\Runtime\Cache\Home\2a94b8bda04ff446dcedd42276fc99ee.php 第 129 行.
NOTIC: [8] Use of undefined constant article_id - assumed 'article_id' D:\wamp\www\myblog\Application\Runtime\Cache\Home\2a94b8bda04ff446dcedd42276fc99ee.php 第 130 行.
NOTIC: [8] Use of undefined constant article_id - assumed 'article_id' D:\wamp\www\myblog\Application\Runtime\Cache\Home\2a94b8bda04ff446dcedd42276fc99ee.php 第 127 行.
NOTIC: [8] Use of undefined constant article_id - assumed 'article_id' D:\wamp\www\myblog\Application\Runtime\Cache\Home\2a94b8bda04ff446dcedd42276fc99ee.php 第 128 行.
NOTIC: [8] Use of undefined constant article_id - assumed 'article_id' D:\wamp\www\myblog\Application\Runtime\Cache\Home\2a94b8bda04ff446dcedd42276fc99ee.php 第 129 行.
NOTIC: [8] Use of undefined constant article_id - assumed 'article_id' D:\wamp\www\myblog\Application\Runtime\Cache\Home\2a94b8bda04ff446dcedd42276fc99ee.php 第 130 行.
NOTIC: [8] Use of undefined constant article_id - assumed 'article_id' D:\wamp\www\myblog\Application\Runtime\Cache\Home\2a94b8bda04ff446dcedd42276fc99ee.php 第 152 行.
NOTIC: [8] Use of undefined constant article_id - assumed 'article_id' D:\wamp\www\myblog\Application\Runtime\Cache\Home\2a94b8bda04ff446dcedd42276fc99ee.php 第 153 行.
NOTIC: [8] Use of undefined constant article_id - assumed 'article_id' D:\wamp\www\myblog\Application\Runtime\Cache\Home\2a94b8bda04ff446dcedd42276fc99ee.php 第 154 行.
NOTIC: [8] Use of undefined constant article_id - assumed 'article_id' D:\wamp\www\myblog\Application\Runtime\Cache\Home\2a94b8bda04ff446dcedd42276fc99ee.php 第 155 行.
NOTIC: [8] Use of undefined constant read_articleid - assumed 'read_articleid' D:\wamp\www\myblog\Application\Runtime\Cache\Home\2a94b8bda04ff446dcedd42276fc99ee.php 第 195 行.
NOTIC: [8] Use of undefined constant read_articleid - assumed 'read_articleid' D:\wamp\www\myblog\Application\Runtime\Cache\Home\2a94b8bda04ff446dcedd42276fc99ee.php 第 195 行.
NOTIC: [8] Use of undefined constant read_articleid - assumed 'read_articleid' D:\wamp\www\myblog\Application\Runtime\Cache\Home\2a94b8bda04ff446dcedd42276fc99ee.php 第 195 行.
NOTIC: [8] Use of undefined constant read_articleid - assumed 'read_articleid' D:\wamp\www\myblog\Application\Runtime\Cache\Home\2a94b8bda04ff446dcedd42276fc99ee.php 第 195 行.
NOTIC: [8] Use of undefined constant read_articleid - assumed 'read_articleid' D:\wamp\www\myblog\Application\Runtime\Cache\Home\2a94b8bda04ff446dcedd42276fc99ee.php 第 195 行.
INFO: Run Behavior\ParseTemplateBehavior [ RunTime:0.177330s ]
INFO: [ view_parse ] --END-- [ RunTime:0.177513s ]
INFO: [ view_filter ] --START--
INFO: Run Behavior\WriteHtmlCacheBehavior [ RunTime:0.000472s ]
INFO: [ view_filter ] --END-- [ RunTime:0.000594s ]
INFO: [ app_end ] --START--
INFO: Run Behavior\ShowPageTraceBehavior [ RunTime:0.000692s ]
INFO: [ app_end ] --END-- [ RunTime:0.000798s ]

[ 2016-04-12T13:10:58+08:00 ] 127.0.0.1 /myblog/index.php/Home/Article/index.html
INFO: [ app_init ] --START--
INFO: Run Behavior\BuildLiteBehavior [ RunTime:0.000044s ]
INFO: [ app_init ] --END-- [ RunTime:0.000663s ]
INFO: [ app_begin ] --START--
INFO: Run Behavior\ReadHtmlCacheBehavior [ RunTime:0.000516s ]
INFO: [ app_begin ] --END-- [ RunTime:0.000672s ]
NOTIC: [2048] Declaration of Home\Controller\ArticleController::theme() should be compatible with that of Think\Controller::theme() D:\wamp\www\myblog\Application\Home\Controller\ArticleController.class.php 第 111 行.
SQL: SHOW COLUMNS FROM `myblog_nav` [ RunTime:0.0119s ]
SQL: SELECT * FROM `myblog_nav` WHERE ( nav_id>3 ) ORDER BY nav_id  [ RunTime:0.0004s ]
SQL: SHOW COLUMNS FROM `myblog_article` [ RunTime:0.0128s ]
SQL: SELECT COUNT(*) AS tp_count FROM `myblog_article` LIMIT 1   [ RunTime:0.0003s ]
SQL: SELECT * FROM `myblog_article` ORDER BY article_id desc LIMIT 0,10   [ RunTime:0.0004s ]
SQL: SHOW COLUMNS FROM `myblog_user` [ RunTime:0.0096s ]
SQL: SELECT `user` FROM `myblog_user` WHERE ( id=1 ) LIMIT 1   [ RunTime:0.0004s ]
SQL: SHOW COLUMNS FROM `myblog_cmt` [ RunTime:0.0121s ]
SQL: SELECT COUNT(*) AS tp_count FROM `myblog_cmt` WHERE ( cmt_articleid=50 ) LIMIT 1   [ RunTime:0.0005s ]
SQL: SHOW COLUMNS FROM `myblog_like` [ RunTime:0.0542s ]
SQL: SELECT COUNT(*) AS tp_count FROM `myblog_like` WHERE ( like_articleid=50 ) LIMIT 1   [ RunTime:0.0003s ]
SQL: SHOW COLUMNS FROM `myblog_read` [ RunTime:0.0111s ]
SQL: SELECT `read_count` FROM `myblog_read` WHERE ( read_articleid=50 ) LIMIT 1   [ RunTime:0.0004s ]
SQL: SELECT `user` FROM `myblog_user` WHERE ( id=1 ) LIMIT 1   [ RunTime:0.0002s ]
SQL: SELECT COUNT(*) AS tp_count FROM `myblog_cmt` WHERE ( cmt_articleid=49 ) LIMIT 1   [ RunTime:0.0002s ]
SQL: SELECT COUNT(*) AS tp_count FROM `myblog_like` WHERE ( like_articleid=49 ) LIMIT 1   [ RunTime:0.0002s ]
SQL: SELECT `read_count` FROM `myblog_read` WHERE ( read_articleid=49 ) LIMIT 1   [ RunTime:0.0002s ]
SQL: SELECT `user` FROM `myblog_user` WHERE ( id=1 ) LIMIT 1   [ RunTime:0.0002s ]
SQL: SELECT COUNT(*) AS tp_count FROM `myblog_cmt` WHERE ( cmt_articleid=48 ) LIMIT 1   [ RunTime:0.0002s ]
SQL: SELECT COUNT(*) AS tp_count FROM `myblog_like` WHERE ( like_articleid=48 ) LIMIT 1   [ RunTime:0.0002s ]
SQL: SELECT `read_count` FROM `myblog_read` WHERE ( read_articleid=48 ) LIMIT 1   [ RunTime:0.0002s ]
SQL: SELECT `user` FROM `myblog_user` WHERE ( id=1 ) LIMIT 1   [ RunTime:0.0002s ]
SQL: SELECT COUNT(*) AS tp_count FROM `myblog_cmt` WHERE ( cmt_articleid=47 ) LIMIT 1   [ RunTime:0.0002s ]
SQL: SELECT COUNT(*) AS tp_count FROM `myblog_like` WHERE ( like_articleid=47 ) LIMIT 1   [ RunTime:0.0002s ]
SQL: SELECT `read_count` FROM `myblog_read` WHERE ( read_articleid=47 ) LIMIT 1   [ RunTime:0.0003s ]
SQL: SELECT `user` FROM `myblog_user` WHERE ( id=1 ) LIMIT 1   [ RunTime:0.0003s ]
SQL: SELECT COUNT(*) AS tp_count FROM `myblog_cmt` WHERE ( cmt_articleid=46 ) LIMIT 1   [ RunTime:0.0002s ]
SQL: SELECT COUNT(*) AS tp_count FROM `myblog_like` WHERE ( like_articleid=46 ) LIMIT 1   [ RunTime:0.0002s ]
SQL: SELECT `read_count` FROM `myblog_read` WHERE ( read_articleid=46 ) LIMIT 1   [ RunTime:0.0002s ]
SQL: SELECT `user` FROM `myblog_user` WHERE ( id=1 ) LIMIT 1   [ RunTime:0.0002s ]
SQL: SELECT COUNT(*) AS tp_count FROM `myblog_cmt` WHERE ( cmt_articleid=45 ) LIMIT 1   [ RunTime:0.0002s ]
SQL: SELECT COUNT(*) AS tp_count FROM `myblog_like` WHERE ( like_articleid=45 ) LIMIT 1   [ RunTime:0.0002s ]
SQL: SELECT `read_count` FROM `myblog_read` WHERE ( read_articleid=45 ) LIMIT 1   [ RunTime:0.0002s ]
SQL: SELECT `user` FROM `myblog_user` WHERE ( id=1 ) LIMIT 1   [ RunTime:0.0002s ]
SQL: SELECT COUNT(*) AS tp_count FROM `myblog_cmt` WHERE ( cmt_articleid=44 ) LIMIT 1   [ RunTime:0.0002s ]
SQL: SELECT COUNT(*) AS tp_count FROM `myblog_like` WHERE ( like_articleid=44 ) LIMIT 1   [ RunTime:0.0002s ]
SQL: SELECT `read_count` FROM `myblog_read` WHERE ( read_articleid=44 ) LIMIT 1   [ RunTime:0.0002s ]
SQL: SELECT `user` FROM `myblog_user` WHERE ( id=1 ) LIMIT 1   [ RunTime:0.0002s ]
SQL: SELECT COUNT(*) AS tp_count FROM `myblog_cmt` WHERE ( cmt_articleid=43 ) LIMIT 1   [ RunTime:0.0002s ]
SQL: SELECT COUNT(*) AS tp_count FROM `myblog_like` WHERE ( like_articleid=43 ) LIMIT 1   [ RunTime:0.0002s ]
SQL: SELECT `read_count` FROM `myblog_read` WHERE ( read_articleid=43 ) LIMIT 1   [ RunTime:0.0002s ]
SQL: SELECT `user` FROM `myblog_user` WHERE ( id=1 ) LIMIT 1   [ RunTime:0.0002s ]
SQL: SELECT COUNT(*) AS tp_count FROM `myblog_cmt` WHERE ( cmt_articleid=42 ) LIMIT 1   [ RunTime:0.0002s ]
SQL: SELECT COUNT(*) AS tp_count FROM `myblog_like` WHERE ( like_articleid=42 ) LIMIT 1   [ RunTime:0.0002s ]
SQL: SELECT `read_count` FROM `myblog_read` WHERE ( read_articleid=42 ) LIMIT 1   [ RunTime:0.0002s ]
SQL: SELECT `user` FROM `myblog_user` WHERE ( id=1 ) LIMIT 1   [ RunTime:0.0002s ]
SQL: SELECT COUNT(*) AS tp_count FROM `myblog_cmt` WHERE ( cmt_articleid=41 ) LIMIT 1   [ RunTime:0.0002s ]
SQL: SELECT COUNT(*) AS tp_count FROM `myblog_like` WHERE ( like_articleid=41 ) LIMIT 1   [ RunTime:0.0002s ]
SQL: SELECT `read_count` FROM `myblog_read` WHERE ( read_articleid=41 ) LIMIT 1   [ RunTime:0.0003s ]
SQL: SELECT * FROM `myblog_read` ORDER BY read_count desc LIMIT 5   [ RunTime:0.0003s ]
SQL: SHOW COLUMNS FROM `myblog_article` [ RunTime:0.0097s ]
SQL: SELECT `article_title` FROM `myblog_article` WHERE ( article_id=46 ) LIMIT 1   [ RunTime:0.0003s ]
SQL: SELECT `article_title` FROM `myblog_article` WHERE ( article_id=33 ) LIMIT 1   [ RunTime:0.0003s ]
SQL: SELECT `article_title` FROM `myblog_article` WHERE ( article_id=3 ) LIMIT 1   [ RunTime:0.0002s ]
SQL: SELECT `article_title` FROM `myblog_article` WHERE ( article_id=27 ) LIMIT 1   [ RunTime:0.0002s ]
SQL: SELECT `article_title` FROM `myblog_article` WHERE ( article_id=1 ) LIMIT 1   [ RunTime:0.0002s ]
INFO: [ view_parse ] --START--
INFO: [ template_filter ] --START--
INFO: Run Behavior\ContentReplaceBehavior [ RunTime:0.000122s ]
INFO: [ template_filter ] --END-- [ RunTime:0.000240s ]
NOTIC: [8] Use of undefined constant article_id - assumed 'article_id' D:\wamp\www\myblog\Application\Runtime\Cache\Home\2ac6c1276904b87404ed678dbabb985c.php 第 112 行.
NOTIC: [8] Use of undefined constant article_id - assumed 'article_id' D:\wamp\www\myblog\Application\Runtime\Cache\Home\2ac6c1276904b87404ed678dbabb985c.php 第 112 行.
NOTIC: [8] Use of undefined constant article_id - assumed 'article_id' D:\wamp\www\myblog\Application\Runtime\Cache\Home\2ac6c1276904b87404ed678dbabb985c.php 第 112 行.
NOTIC: [8] Use of undefined constant article_id - assumed 'article_id' D:\wamp\www\myblog\Application\Runtime\Cache\Home\2ac6c1276904b87404ed678dbabb985c.php 第 112 行.
NOTIC: [8] Use of undefined constant article_id - assumed 'article_id' D:\wamp\www\myblog\Application\Runtime\Cache\Home\2ac6c1276904b87404ed678dbabb985c.php 第 112 行.
NOTIC: [8] Use of undefined constant article_id - assumed 'article_id' D:\wamp\www\myblog\Application\Runtime\Cache\Home\2ac6c1276904b87404ed678dbabb985c.php 第 112 行.
NOTIC: [8] Use of undefined constant article_id - assumed 'article_id' D:\wamp\www\myblog\Application\Runtime\Cache\Home\2ac6c1276904b87404ed678dbabb985c.php 第 112 行.
NOTIC: [8] Use of undefined constant article_id - assumed 'article_id' D:\wamp\www\myblog\Application\Runtime\Cache\Home\2ac6c1276904b87404ed678dbabb985c.php 第 112 行.
NOTIC: [8] Use of undefined constant article_id - assumed 'article_id' D:\wamp\www\myblog\Application\Runtime\Cache\Home\2ac6c1276904b87404ed678dbabb985c.php 第 112 行.
NOTIC: [8] Use of undefined constant article_id - assumed 'article_id' D:\wamp\www\myblog\Application\Runtime\Cache\Home\2ac6c1276904b87404ed678dbabb985c.php 第 112 行.
NOTIC: [8] Use of undefined constant read_articleid - assumed 'read_articleid' D:\wamp\www\myblog\Application\Runtime\Cache\Home\2ac6c1276904b87404ed678dbabb985c.php 第 140 行.
NOTIC: [8] Use of undefined constant read_articleid - assumed 'read_articleid' D:\wamp\www\myblog\Application\Runtime\Cache\Home\2ac6c1276904b87404ed678dbabb985c.php 第 140 行.
NOTIC: [8] Use of undefined constant read_articleid - assumed 'read_articleid' D:\wamp\www\myblog\Application\Runtime\Cache\Home\2ac6c1276904b87404ed678dbabb985c.php 第 140 行.
NOTIC: [8] Use of undefined constant read_articleid - assumed 'read_articleid' D:\wamp\www\myblog\Application\Runtime\Cache\Home\2ac6c1276904b87404ed678dbabb985c.php 第 140 行.
NOTIC: [8] Use of undefined constant read_articleid - assumed 'read_articleid' D:\wamp\www\myblog\Application\Runtime\Cache\Home\2ac6c1276904b87404ed678dbabb985c.php 第 140 行.
INFO: Run Behavior\ParseTemplateBehavior [ RunTime:0.106432s ]
INFO: [ view_parse ] --END-- [ RunTime:0.106575s ]
INFO: [ view_filter ] --START--
INFO: Run Behavior\WriteHtmlCacheBehavior [ RunTime:0.000429s ]
INFO: [ view_filter ] --END-- [ RunTime:0.000535s ]
INFO: [ app_end ] --START--
INFO: Run Behavior\ShowPageTraceBehavior [ RunTime:0.000647s ]
INFO: [ app_end ] --END-- [ RunTime:0.000747s ]

[ 2016-04-12T13:15:26+08:00 ] 127.0.0.1 /myblog/index.php/Home/Index/index.html
INFO: [ app_init ] --START--
INFO: Run Behavior\BuildLiteBehavior [ RunTime:0.000026s ]
INFO: [ app_init ] --END-- [ RunTime:0.000456s ]
INFO: [ app_begin ] --START--
INFO: Run Behavior\ReadHtmlCacheBehavior [ RunTime:0.001243s ]
INFO: [ app_begin ] --END-- [ RunTime:0.001495s ]
SQL: SHOW COLUMNS FROM `myblog_article` [ RunTime:0.0218s ]
SQL: SHOW COLUMNS FROM `myblog_nav` [ RunTime:0.0091s ]
SQL: SELECT * FROM `myblog_nav` WHERE ( nav_parentID=3 ) ORDER BY nav_id  [ RunTime:0.0008s ]
SQL: SELECT * FROM `myblog_article` WHERE ( article_navid = 4 )  [ RunTime:0.0007s ]
SQL: SELECT * FROM `myblog_nav` WHERE ( nav_parentID=4 ) ORDER BY nav_id  [ RunTime:0.0003s ]
SQL: SELECT * FROM `myblog_article` WHERE ( article_navid = 7 )  [ RunTime:0.0004s ]
SQL: SELECT * FROM `myblog_article` WHERE ( article_navid = 8 )  [ RunTime:0.0003s ]
SQL: SELECT * FROM `myblog_article` WHERE ( article_navid = 9 )  [ RunTime:0.0004s ]
SQL: SELECT * FROM `myblog_article` WHERE ( article_navid = 10 )  [ RunTime:0.0003s ]
SQL: SELECT * FROM `myblog_article` WHERE ( article_navid = 5 )  [ RunTime:0.0003s ]
SQL: SELECT * FROM `myblog_nav` WHERE ( nav_parentID=5 ) ORDER BY nav_id  [ RunTime:0.0002s ]
SQL: SELECT * FROM `myblog_article` WHERE ( article_navid = 11 )  [ RunTime:0.0002s ]
SQL: SELECT * FROM `myblog_article` WHERE ( article_navid = 12 )  [ RunTime:0.0002s ]
SQL: SELECT * FROM `myblog_article` WHERE ( article_navid = 13 )  [ RunTime:0.0002s ]
SQL: SELECT * FROM `myblog_article` WHERE ( article_navid = 6 )  [ RunTime:0.0002s ]
SQL: SELECT * FROM `myblog_nav` WHERE ( nav_parentID=6 ) ORDER BY nav_id  [ RunTime:0.0002s ]
SQL: SHOW COLUMNS FROM `myblog_read` [ RunTime:0.0153s ]
SQL: SELECT * FROM `myblog_read` ORDER BY read_count desc LIMIT 5   [ RunTime:0.0003s ]
SQL: SHOW COLUMNS FROM `myblog_article` [ RunTime:0.0141s ]
SQL: SELECT `article_title` FROM `myblog_article` WHERE ( article_id=46 ) LIMIT 1   [ RunTime:0.0002s ]
SQL: SELECT `article_title` FROM `myblog_article` WHERE ( article_id=33 ) LIMIT 1   [ RunTime:0.0002s ]
SQL: SELECT `article_title` FROM `myblog_article` WHERE ( article_id=3 ) LIMIT 1   [ RunTime:0.0001s ]
SQL: SELECT `article_title` FROM `myblog_article` WHERE ( article_id=27 ) LIMIT 1   [ RunTime:0.0001s ]
SQL: SELECT `article_title` FROM `myblog_article` WHERE ( article_id=1 ) LIMIT 1   [ RunTime:0.0001s ]
SQL: SHOW COLUMNS FROM `myblog_user` [ RunTime:0.0115s ]
SQL: SHOW COLUMNS FROM `myblog_bbs` [ RunTime:0.0100s ]
SQL: SELECT COUNT(*) AS tp_count FROM `myblog_bbs` WHERE ( bbs_userid = '' ) LIMIT 1   [ RunTime:0.0003s ]
SQL: SELECT COUNT(*) AS tp_count FROM `myblog_article` WHERE ( article_userid = '' ) LIMIT 1   [ RunTime:0.0002s ]
NOTIC: [8] Undefined variable: navList D:\wamp\www\myblog\Application\Home\Controller\IndexController.class.php 第 21 行.
INFO: [ view_parse ] --START--
INFO: [ template_filter ] --START--
INFO: Run Behavior\ContentReplaceBehavior [ RunTime:0.000279s ]
INFO: [ template_filter ] --END-- [ RunTime:0.000502s ]
NOTIC: [8] Use of undefined constant article_id - assumed 'article_id' D:\wamp\www\myblog\Application\Runtime\Cache\Home\2a94b8bda04ff446dcedd42276fc99ee.php 第 120 行.
NOTIC: [8] Use of undefined constant article_id - assumed 'article_id' D:\wamp\www\myblog\Application\Runtime\Cache\Home\2a94b8bda04ff446dcedd42276fc99ee.php 第 121 行.
NOTIC: [8] Use of undefined constant article_id - assumed 'article_id' D:\wamp\www\myblog\Application\Runtime\Cache\Home\2a94b8bda04ff446dcedd42276fc99ee.php 第 122 行.
NOTIC: [8] Use of undefined constant article_id - assumed 'article_id' D:\wamp\www\myblog\Application\Runtime\Cache\Home\2a94b8bda04ff446dcedd42276fc99ee.php 第 123 行.
NOTIC: [8] Use of undefined constant article_id - assumed 'article_id' D:\wamp\www\myblog\Application\Runtime\Cache\Home\2a94b8bda04ff446dcedd42276fc99ee.php 第 127 行.
NOTIC: [8] Use of undefined constant article_id - assumed 'article_id' D:\wamp\www\myblog\Application\Runtime\Cache\Home\2a94b8bda04ff446dcedd42276fc99ee.php 第 128 行.
NOTIC: [8] Use of undefined constant article_id - assumed 'article_id' D:\wamp\www\myblog\Application\Runtime\Cache\Home\2a94b8bda04ff446dcedd42276fc99ee.php 第 129 行.
NOTIC: [8] Use of undefined constant article_id - assumed 'article_id' D:\wamp\www\myblog\Application\Runtime\Cache\Home\2a94b8bda04ff446dcedd42276fc99ee.php 第 130 行.
NOTIC: [8] Use of undefined constant article_id - assumed 'article_id' D:\wamp\www\myblog\Application\Runtime\Cache\Home\2a94b8bda04ff446dcedd42276fc99ee.php 第 127 行.
NOTIC: [8] Use of undefined constant article_id - assumed 'article_id' D:\wamp\www\myblog\Application\Runtime\Cache\Home\2a94b8bda04ff446dcedd42276fc99ee.php 第 128 行.
NOTIC: [8] Use of undefined constant article_id - assumed 'article_id' D:\wamp\www\myblog\Application\Runtime\Cache\Home\2a94b8bda04ff446dcedd42276fc99ee.php 第 129 行.
NOTIC: [8] Use of undefined constant article_id - assumed 'article_id' D:\wamp\www\myblog\Application\Runtime\Cache\Home\2a94b8bda04ff446dcedd42276fc99ee.php 第 130 行.
NOTIC: [8] Use of undefined constant article_id - assumed 'article_id' D:\wamp\www\myblog\Application\Runtime\Cache\Home\2a94b8bda04ff446dcedd42276fc99ee.php 第 127 行.
NOTIC: [8] Use of undefined constant article_id - assumed 'article_id' D:\wamp\www\myblog\Application\Runtime\Cache\Home\2a94b8bda04ff446dcedd42276fc99ee.php 第 128 行.
NOTIC: [8] Use of undefined constant article_id - assumed 'article_id' D:\wamp\www\myblog\Application\Runtime\Cache\Home\2a94b8bda04ff446dcedd42276fc99ee.php 第 129 行.
NOTIC: [8] Use of undefined constant article_id - assumed 'article_id' D:\wamp\www\myblog\Application\Runtime\Cache\Home\2a94b8bda04ff446dcedd42276fc99ee.php 第 130 行.
NOTIC: [8] Use of undefined constant article_id - assumed 'article_id' D:\wamp\www\myblog\Application\Runtime\Cache\Home\2a94b8bda04ff446dcedd42276fc99ee.php 第 127 行.
NOTIC: [8] Use of undefined constant article_id - assumed 'article_id' D:\wamp\www\myblog\Application\Runtime\Cache\Home\2a94b8bda04ff446dcedd42276fc99ee.php 第 128 行.
NOTIC: [8] Use of undefined constant article_id - assumed 'article_id' D:\wamp\www\myblog\Application\Runtime\Cache\Home\2a94b8bda04ff446dcedd42276fc99ee.php 第 129 行.
NOTIC: [8] Use of undefined constant article_id - assumed 'article_id' D:\wamp\www\myblog\Application\Runtime\Cache\Home\2a94b8bda04ff446dcedd42276fc99ee.php 第 130 行.
NOTIC: [8] Use of undefined constant article_id - assumed 'article_id' D:\wamp\www\myblog\Application\Runtime\Cache\Home\2a94b8bda04ff446dcedd42276fc99ee.php 第 152 行.
NOTIC: [8] Use of undefined constant article_id - assumed 'article_id' D:\wamp\www\myblog\Application\Runtime\Cache\Home\2a94b8bda04ff446dcedd42276fc99ee.php 第 153 行.
NOTIC: [8] Use of undefined constant article_id - assumed 'article_id' D:\wamp\www\myblog\Application\Runtime\Cache\Home\2a94b8bda04ff446dcedd42276fc99ee.php 第 154 行.
NOTIC: [8] Use of undefined constant article_id - assumed 'article_id' D:\wamp\www\myblog\Application\Runtime\Cache\Home\2a94b8bda04ff446dcedd42276fc99ee.php 第 155 行.
NOTIC: [8] Use of undefined constant read_articleid - assumed 'read_articleid' D:\wamp\www\myblog\Application\Runtime\Cache\Home\2a94b8bda04ff446dcedd42276fc99ee.php 第 195 行.
NOTIC: [8] Use of undefined constant read_articleid - assumed 'read_articleid' D:\wamp\www\myblog\Application\Runtime\Cache\Home\2a94b8bda04ff446dcedd42276fc99ee.php 第 195 行.
NOTIC: [8] Use of undefined constant read_articleid - assumed 'read_articleid' D:\wamp\www\myblog\Application\Runtime\Cache\Home\2a94b8bda04ff446dcedd42276fc99ee.php 第 195 行.
NOTIC: [8] Use of undefined constant read_articleid - assumed 'read_articleid' D:\wamp\www\myblog\Application\Runtime\Cache\Home\2a94b8bda04ff446dcedd42276fc99ee.php 第 195 行.
NOTIC: [8] Use of undefined constant read_articleid - assumed 'read_articleid' D:\wamp\www\myblog\Application\Runtime\Cache\Home\2a94b8bda04ff446dcedd42276fc99ee.php 第 195 行.
INFO: Run Behavior\ParseTemplateBehavior [ RunTime:0.154909s ]
INFO: [ view_parse ] --END-- [ RunTime:0.155036s ]
INFO: [ view_filter ] --START--
INFO: Run Behavior\WriteHtmlCacheBehavior [ RunTime:0.000485s ]
INFO: [ view_filter ] --END-- [ RunTime:0.000592s ]
INFO: [ app_end ] --START--
INFO: Run Behavior\ShowPageTraceBehavior [ RunTime:0.000599s ]
INFO: [ app_end ] --END-- [ RunTime:0.000707s ]

[ 2016-04-12T14:22:28+08:00 ] 127.0.0.1 /myblog/index.php/Home/Index/index.html
INFO: [ app_init ] --START--
INFO: Run Behavior\BuildLiteBehavior [ RunTime:0.000025s ]
INFO: [ app_init ] --END-- [ RunTime:0.000393s ]
INFO: [ app_begin ] --START--
INFO: Run Behavior\ReadHtmlCacheBehavior [ RunTime:0.000527s ]
INFO: [ app_begin ] --END-- [ RunTime:0.000659s ]
SQL: SHOW COLUMNS FROM `myblog_article` [ RunTime:0.0130s ]
SQL: SHOW COLUMNS FROM `myblog_nav` [ RunTime:0.0133s ]
SQL: SELECT * FROM `myblog_nav` WHERE ( nav_parentID=3 ) ORDER BY nav_id  [ RunTime:0.0005s ]
SQL: SELECT * FROM `myblog_article` WHERE ( article_navid = 4 )  [ RunTime:0.0009s ]
SQL: SELECT * FROM `myblog_nav` WHERE ( nav_parentID=4 ) ORDER BY nav_id  [ RunTime:0.0002s ]
SQL: SELECT * FROM `myblog_article` WHERE ( article_navid = 7 )  [ RunTime:0.0003s ]
SQL: SELECT * FROM `myblog_article` WHERE ( article_navid = 8 )  [ RunTime:0.0003s ]
SQL: SELECT * FROM `myblog_article` WHERE ( article_navid = 9 )  [ RunTime:0.0003s ]
SQL: SELECT * FROM `myblog_article` WHERE ( article_navid = 10 )  [ RunTime:0.0004s ]
SQL: SELECT * FROM `myblog_article` WHERE ( article_navid = 5 )  [ RunTime:0.0003s ]
SQL: SELECT * FROM `myblog_nav` WHERE ( nav_parentID=5 ) ORDER BY nav_id  [ RunTime:0.0003s ]
SQL: SELECT * FROM `myblog_article` WHERE ( article_navid = 11 )  [ RunTime:0.0002s ]
SQL: SELECT * FROM `myblog_article` WHERE ( article_navid = 12 )  [ RunTime:0.0002s ]
SQL: SELECT * FROM `myblog_article` WHERE ( article_navid = 13 )  [ RunTime:0.0002s ]
SQL: SELECT * FROM `myblog_article` WHERE ( article_navid = 6 )  [ RunTime:0.0004s ]
SQL: SELECT * FROM `myblog_nav` WHERE ( nav_parentID=6 ) ORDER BY nav_id  [ RunTime:0.0002s ]
SQL: SHOW COLUMNS FROM `myblog_read` [ RunTime:0.0125s ]
SQL: SELECT * FROM `myblog_read` ORDER BY read_count desc LIMIT 5   [ RunTime:0.0005s ]
SQL: SHOW COLUMNS FROM `myblog_article` [ RunTime:0.0102s ]
SQL: SELECT `article_title` FROM `myblog_article` WHERE ( article_id=46 ) LIMIT 1   [ RunTime:0.0003s ]
SQL: SELECT `article_title` FROM `myblog_article` WHERE ( article_id=33 ) LIMIT 1   [ RunTime:0.0002s ]
SQL: SELECT `article_title` FROM `myblog_article` WHERE ( article_id=3 ) LIMIT 1   [ RunTime:0.0002s ]
SQL: SELECT `article_title` FROM `myblog_article` WHERE ( article_id=27 ) LIMIT 1   [ RunTime:0.0003s ]
SQL: SELECT `article_title` FROM `myblog_article` WHERE ( article_id=1 ) LIMIT 1   [ RunTime:0.0002s ]
SQL: SHOW COLUMNS FROM `myblog_user` [ RunTime:0.0105s ]
SQL: SHOW COLUMNS FROM `myblog_bbs` [ RunTime:0.0109s ]
SQL: SELECT COUNT(*) AS tp_count FROM `myblog_bbs` WHERE ( bbs_userid = '' ) LIMIT 1   [ RunTime:0.0003s ]
SQL: SELECT COUNT(*) AS tp_count FROM `myblog_article` WHERE ( article_userid = '' ) LIMIT 1   [ RunTime:0.0003s ]
NOTIC: [8] Undefined variable: navList D:\wamp\www\myblog\Application\Home\Controller\IndexController.class.php 第 21 行.
INFO: [ view_parse ] --START--
INFO: [ template_filter ] --START--
INFO: Run Behavior\ContentReplaceBehavior [ RunTime:0.000195s ]
INFO: [ template_filter ] --END-- [ RunTime:0.000313s ]
NOTIC: [8] Use of undefined constant article_id - assumed 'article_id' D:\wamp\www\myblog\Application\Runtime\Cache\Home\2a94b8bda04ff446dcedd42276fc99ee.php 第 120 行.
NOTIC: [8] Use of undefined constant article_id - assumed 'article_id' D:\wamp\www\myblog\Application\Runtime\Cache\Home\2a94b8bda04ff446dcedd42276fc99ee.php 第 121 行.
NOTIC: [8] Use of undefined constant article_id - assumed 'article_id' D:\wamp\www\myblog\Application\Runtime\Cache\Home\2a94b8bda04ff446dcedd42276fc99ee.php 第 122 行.
NOTIC: [8] Use of undefined constant article_id - assumed 'article_id' D:\wamp\www\myblog\Application\Runtime\Cache\Home\2a94b8bda04ff446dcedd42276fc99ee.php 第 123 行.
NOTIC: [8] Use of undefined constant article_id - assumed 'article_id' D:\wamp\www\myblog\Application\Runtime\Cache\Home\2a94b8bda04ff446dcedd42276fc99ee.php 第 127 行.
NOTIC: [8] Use of undefined constant article_id - assumed 'article_id' D:\wamp\www\myblog\Application\Runtime\Cache\Home\2a94b8bda04ff446dcedd42276fc99ee.php 第 128 行.
NOTIC: [8] Use of undefined constant article_id - assumed 'article_id' D:\wamp\www\myblog\Application\Runtime\Cache\Home\2a94b8bda04ff446dcedd42276fc99ee.php 第 129 行.
NOTIC: [8] Use of undefined constant article_id - assumed 'article_id' D:\wamp\www\myblog\Application\Runtime\Cache\Home\2a94b8bda04ff446dcedd42276fc99ee.php 第 130 行.
NOTIC: [8] Use of undefined constant article_id - assumed 'article_id' D:\wamp\www\myblog\Application\Runtime\Cache\Home\2a94b8bda04ff446dcedd42276fc99ee.php 第 127 行.
NOTIC: [8] Use of undefined constant article_id - assumed 'article_id' D:\wamp\www\myblog\Application\Runtime\Cache\Home\2a94b8bda04ff446dcedd42276fc99ee.php 第 128 行.
NOTIC: [8] Use of undefined constant article_id - assumed 'article_id' D:\wamp\www\myblog\Application\Runtime\Cache\Home\2a94b8bda04ff446dcedd42276fc99ee.php 第 129 行.
NOTIC: [8] Use of undefined constant article_id - assumed 'article_id' D:\wamp\www\myblog\Application\Runtime\Cache\Home\2a94b8bda04ff446dcedd42276fc99ee.php 第 130 行.
NOTIC: [8] Use of undefined constant article_id - assumed 'article_id' D:\wamp\www\myblog\Application\Runtime\Cache\Home\2a94b8bda04ff446dcedd42276fc99ee.php 第 127 行.
NOTIC: [8] Use of undefined constant article_id - assumed 'article_id' D:\wamp\www\myblog\Application\Runtime\Cache\Home\2a94b8bda04ff446dcedd42276fc99ee.php 第 128 行.
NOTIC: [8] Use of undefined constant article_id - assumed 'article_id' D:\wamp\www\myblog\Application\Runtime\Cache\Home\2a94b8bda04ff446dcedd42276fc99ee.php 第 129 行.
NOTIC: [8] Use of undefined constant article_id - assumed 'article_id' D:\wamp\www\myblog\Application\Runtime\Cache\Home\2a94b8bda04ff446dcedd42276fc99ee.php 第 130 行.
NOTIC: [8] Use of undefined constant article_id - assumed 'article_id' D:\wamp\www\myblog\Application\Runtime\Cache\Home\2a94b8bda04ff446dcedd42276fc99ee.php 第 127 行.
NOTIC: [8] Use of undefined constant article_id - assumed 'article_id' D:\wamp\www\myblog\Application\Runtime\Cache\Home\2a94b8bda04ff446dcedd42276fc99ee.php 第 128 行.
NOTIC: [8] Use of undefined constant article_id - assumed 'article_id' D:\wamp\www\myblog\Application\Runtime\Cache\Home\2a94b8bda04ff446dcedd42276fc99ee.php 第 129 行.
NOTIC: [8] Use of undefined constant article_id - assumed 'article_id' D:\wamp\www\myblog\Application\Runtime\Cache\Home\2a94b8bda04ff446dcedd42276fc99ee.php 第 130 行.
NOTIC: [8] Use of undefined constant article_id - assumed 'article_id' D:\wamp\www\myblog\Application\Runtime\Cache\Home\2a94b8bda04ff446dcedd42276fc99ee.php 第 152 行.
NOTIC: [8] Use of undefined constant article_id - assumed 'article_id' D:\wamp\www\myblog\Application\Runtime\Cache\Home\2a94b8bda04ff446dcedd42276fc99ee.php 第 153 行.
NOTIC: [8] Use of undefined constant article_id - assumed 'article_id' D:\wamp\www\myblog\Application\Runtime\Cache\Home\2a94b8bda04ff446dcedd42276fc99ee.php 第 154 行.
NOTIC: [8] Use of undefined constant article_id - assumed 'article_id' D:\wamp\www\myblog\Application\Runtime\Cache\Home\2a94b8bda04ff446dcedd42276fc99ee.php 第 155 行.
NOTIC: [8] Use of undefined constant read_articleid - assumed 'read_articleid' D:\wamp\www\myblog\Application\Runtime\Cache\Home\2a94b8bda04ff446dcedd42276fc99ee.php 第 195 行.
NOTIC: [8] Use of undefined constant read_articleid - assumed 'read_articleid' D:\wamp\www\myblog\Application\Runtime\Cache\Home\2a94b8bda04ff446dcedd42276fc99ee.php 第 195 行.
NOTIC: [8] Use of undefined constant read_articleid - assumed 'read_articleid' D:\wamp\www\myblog\Application\Runtime\Cache\Home\2a94b8bda04ff446dcedd42276fc99ee.php 第 195 行.
NOTIC: [8] Use of undefined constant read_articleid - assumed 'read_articleid' D:\wamp\www\myblog\Application\Runtime\Cache\Home\2a94b8bda04ff446dcedd42276fc99ee.php 第 195 行.
NOTIC: [8] Use of undefined constant read_articleid - assumed 'read_articleid' D:\wamp\www\myblog\Application\Runtime\Cache\Home\2a94b8bda04ff446dcedd42276fc99ee.php 第 195 行.
INFO: Run Behavior\ParseTemplateBehavior [ RunTime:0.253940s ]
INFO: [ view_parse ] --END-- [ RunTime:0.254327s ]
INFO: [ view_filter ] --START--
INFO: Run Behavior\WriteHtmlCacheBehavior [ RunTime:0.000681s ]
INFO: [ view_filter ] --END-- [ RunTime:0.000926s ]
INFO: [ app_end ] --START--
INFO: Run Behavior\ShowPageTraceBehavior [ RunTime:0.000945s ]
INFO: [ app_end ] --END-- [ RunTime:0.001137s ]

[ 2016-04-12T15:35:46+08:00 ] 127.0.0.1 /myblog/index.php/Home/Index/index.html
INFO: [ app_init ] --START--
INFO: Run Behavior\BuildLiteBehavior [ RunTime:0.000029s ]
INFO: [ app_init ] --END-- [ RunTime:0.000471s ]
INFO: [ app_begin ] --START--
INFO: Run Behavior\ReadHtmlCacheBehavior [ RunTime:0.000793s ]
INFO: [ app_begin ] --END-- [ RunTime:0.000957s ]
SQL: SHOW COLUMNS FROM `myblog_article` [ RunTime:0.0117s ]
SQL: SHOW COLUMNS FROM `myblog_nav` [ RunTime:0.0114s ]
SQL: SELECT * FROM `myblog_nav` WHERE ( nav_parentID=3 ) ORDER BY nav_id  [ RunTime:0.0006s ]
SQL: SELECT * FROM `myblog_article` WHERE ( article_navid = 4 )  [ RunTime:0.0014s ]
SQL: SELECT * FROM `myblog_nav` WHERE ( nav_parentID=4 ) ORDER BY nav_id  [ RunTime:0.0004s ]
SQL: SELECT * FROM `myblog_article` WHERE ( article_navid = 7 )  [ RunTime:0.0006s ]
SQL: SELECT * FROM `myblog_article` WHERE ( article_navid = 8 )  [ RunTime:0.0005s ]
SQL: SELECT * FROM `myblog_article` WHERE ( article_navid = 9 )  [ RunTime:0.0004s ]
SQL: SELECT * FROM `myblog_article` WHERE ( article_navid = 10 )  [ RunTime:0.0004s ]
SQL: SELECT * FROM `myblog_article` WHERE ( article_navid = 5 )  [ RunTime:0.0002s ]
SQL: SELECT * FROM `myblog_nav` WHERE ( nav_parentID=5 ) ORDER BY nav_id  [ RunTime:0.0002s ]
SQL: SELECT * FROM `myblog_article` WHERE ( article_navid = 11 )  [ RunTime:0.0002s ]
SQL: SELECT * FROM `myblog_article` WHERE ( article_navid = 12 )  [ RunTime:0.0003s ]
SQL: SELECT * FROM `myblog_article` WHERE ( article_navid = 13 )  [ RunTime:0.0002s ]
SQL: SELECT * FROM `myblog_article` WHERE ( article_navid = 6 )  [ RunTime:0.0004s ]
SQL: SELECT * FROM `myblog_nav` WHERE ( nav_parentID=6 ) ORDER BY nav_id  [ RunTime:0.0002s ]
SQL: SHOW COLUMNS FROM `myblog_read` [ RunTime:0.0120s ]
SQL: SELECT * FROM `myblog_read` ORDER BY read_count desc LIMIT 5   [ RunTime:0.0004s ]
SQL: SHOW COLUMNS FROM `myblog_article` [ RunTime:0.0072s ]
SQL: SELECT `article_title` FROM `myblog_article` WHERE ( article_id=46 ) LIMIT 1   [ RunTime:0.0003s ]
SQL: SELECT `article_title` FROM `myblog_article` WHERE ( article_id=33 ) LIMIT 1   [ RunTime:0.0002s ]
SQL: SELECT `article_title` FROM `myblog_article` WHERE ( article_id=3 ) LIMIT 1   [ RunTime:0.0002s ]
SQL: SELECT `article_title` FROM `myblog_article` WHERE ( article_id=27 ) LIMIT 1   [ RunTime:0.0002s ]
SQL: SELECT `article_title` FROM `myblog_article` WHERE ( article_id=1 ) LIMIT 1   [ RunTime:0.0002s ]
SQL: SHOW COLUMNS FROM `myblog_user` [ RunTime:0.0101s ]
SQL: SHOW COLUMNS FROM `myblog_bbs` [ RunTime:0.0096s ]
SQL: SELECT COUNT(*) AS tp_count FROM `myblog_bbs` WHERE ( bbs_userid = '' ) LIMIT 1   [ RunTime:0.0003s ]
SQL: SELECT COUNT(*) AS tp_count FROM `myblog_article` WHERE ( article_userid = '' ) LIMIT 1   [ RunTime:0.0003s ]
NOTIC: [8] Undefined variable: navList D:\wamp\www\myblog\Application\Home\Controller\IndexController.class.php 第 21 行.
INFO: [ view_parse ] --START--
INFO: [ template_filter ] --START--
INFO: Run Behavior\ContentReplaceBehavior [ RunTime:0.000177s ]
INFO: [ template_filter ] --END-- [ RunTime:0.000327s ]
NOTIC: [8] Use of undefined constant article_id - assumed 'article_id' D:\wamp\www\myblog\Application\Runtime\Cache\Home\2a94b8bda04ff446dcedd42276fc99ee.php 第 120 行.
NOTIC: [8] Use of undefined constant article_id - assumed 'article_id' D:\wamp\www\myblog\Application\Runtime\Cache\Home\2a94b8bda04ff446dcedd42276fc99ee.php 第 121 行.
NOTIC: [8] Use of undefined constant article_id - assumed 'article_id' D:\wamp\www\myblog\Application\Runtime\Cache\Home\2a94b8bda04ff446dcedd42276fc99ee.php 第 122 行.
NOTIC: [8] Use of undefined constant article_id - assumed 'article_id' D:\wamp\www\myblog\Application\Runtime\Cache\Home\2a94b8bda04ff446dcedd42276fc99ee.php 第 123 行.
NOTIC: [8] Use of undefined constant article_id - assumed 'article_id' D:\wamp\www\myblog\Application\Runtime\Cache\Home\2a94b8bda04ff446dcedd42276fc99ee.php 第 127 行.
NOTIC: [8] Use of undefined constant article_id - assumed 'article_id' D:\wamp\www\myblog\Application\Runtime\Cache\Home\2a94b8bda04ff446dcedd42276fc99ee.php 第 128 行.
NOTIC: [8] Use of undefined constant article_id - assumed 'article_id' D:\wamp\www\myblog\Application\Runtime\Cache\Home\2a94b8bda04ff446dcedd42276fc99ee.php 第 129 行.
NOTIC: [8] Use of undefined constant article_id - assumed 'article_id' D:\wamp\www\myblog\Application\Runtime\Cache\Home\2a94b8bda04ff446dcedd42276fc99ee.php 第 130 行.
NOTIC: [8] Use of undefined constant article_id - assumed 'article_id' D:\wamp\www\myblog\Application\Runtime\Cache\Home\2a94b8bda04ff446dcedd42276fc99ee.php 第 127 行.
NOTIC: [8] Use of undefined constant article_id - assumed 'article_id' D:\wamp\www\myblog\Application\Runtime\Cache\Home\2a94b8bda04ff446dcedd42276fc99ee.php 第 128 行.
NOTIC: [8] Use of undefined constant article_id - assumed 'article_id' D:\wamp\www\myblog\Application\Runtime\Cache\Home\2a94b8bda04ff446dcedd42276fc99ee.php 第 129 行.
NOTIC: [8] Use of undefined constant article_id - assumed 'article_id' D:\wamp\www\myblog\Application\Runtime\Cache\Home\2a94b8bda04ff446dcedd42276fc99ee.php 第 130 行.
NOTIC: [8] Use of undefined constant article_id - assumed 'article_id' D:\wamp\www\myblog\Application\Runtime\Cache\Home\2a94b8bda04ff446dcedd42276fc99ee.php 第 127 行.
NOTIC: [8] Use of undefined constant article_id - assumed 'article_id' D:\wamp\www\myblog\Application\Runtime\Cache\Home\2a94b8bda04ff446dcedd42276fc99ee.php 第 128 行.
NOTIC: [8] Use of undefined constant article_id - assumed 'article_id' D:\wamp\www\myblog\Application\Runtime\Cache\Home\2a94b8bda04ff446dcedd42276fc99ee.php 第 129 行.
NOTIC: [8] Use of undefined constant article_id - assumed 'article_id' D:\wamp\www\myblog\Application\Runtime\Cache\Home\2a94b8bda04ff446dcedd42276fc99ee.php 第 130 行.
NOTIC: [8] Use of undefined constant article_id - assumed 'article_id' D:\wamp\www\myblog\Application\Runtime\Cache\Home\2a94b8bda04ff446dcedd42276fc99ee.php 第 127 行.
NOTIC: [8] Use of undefined constant article_id - assumed 'article_id' D:\wamp\www\myblog\Application\Runtime\Cache\Home\2a94b8bda04ff446dcedd42276fc99ee.php 第 128 行.
NOTIC: [8] Use of undefined constant article_id - assumed 'article_id' D:\wamp\www\myblog\Application\Runtime\Cache\Home\2a94b8bda04ff446dcedd42276fc99ee.php 第 129 行.
NOTIC: [8] Use of undefined constant article_id - assumed 'article_id' D:\wamp\www\myblog\Application\Runtime\Cache\Home\2a94b8bda04ff446dcedd42276fc99ee.php 第 130 行.
NOTIC: [8] Use of undefined constant article_id - assumed 'article_id' D:\wamp\www\myblog\Application\Runtime\Cache\Home\2a94b8bda04ff446dcedd42276fc99ee.php 第 152 行.
NOTIC: [8] Use of undefined constant article_id - assumed 'article_id' D:\wamp\www\myblog\Application\Runtime\Cache\Home\2a94b8bda04ff446dcedd42276fc99ee.php 第 153 行.
NOTIC: [8] Use of undefined constant article_id - assumed 'article_id' D:\wamp\www\myblog\Application\Runtime\Cache\Home\2a94b8bda04ff446dcedd42276fc99ee.php 第 154 行.
NOTIC: [8] Use of undefined constant article_id - assumed 'article_id' D:\wamp\www\myblog\Application\Runtime\Cache\Home\2a94b8bda04ff446dcedd42276fc99ee.php 第 155 行.
NOTIC: [8] Use of undefined constant read_articleid - assumed 'read_articleid' D:\wamp\www\myblog\Application\Runtime\Cache\Home\2a94b8bda04ff446dcedd42276fc99ee.php 第 195 行.
NOTIC: [8] Use of undefined constant read_articleid - assumed 'read_articleid' D:\wamp\www\myblog\Application\Runtime\Cache\Home\2a94b8bda04ff446dcedd42276fc99ee.php 第 195 行.
NOTIC: [8] Use of undefined constant read_articleid - assumed 'read_articleid' D:\wamp\www\myblog\Application\Runtime\Cache\Home\2a94b8bda04ff446dcedd42276fc99ee.php 第 195 行.
NOTIC: [8] Use of undefined constant read_articleid - assumed 'read_articleid' D:\wamp\www\myblog\Application\Runtime\Cache\Home\2a94b8bda04ff446dcedd42276fc99ee.php 第 195 行.
NOTIC: [8] Use of undefined constant read_articleid - assumed 'read_articleid' D:\wamp\www\myblog\Application\Runtime\Cache\Home\2a94b8bda04ff446dcedd42276fc99ee.php 第 195 行.
INFO: Run Behavior\ParseTemplateBehavior [ RunTime:0.205051s ]
INFO: [ view_parse ] --END-- [ RunTime:0.205177s ]
INFO: [ view_filter ] --START--
INFO: Run Behavior\WriteHtmlCacheBehavior [ RunTime:0.000667s ]
INFO: [ view_filter ] --END-- [ RunTime:0.000768s ]
INFO: [ app_end ] --START--
INFO: Run Behavior\ShowPageTraceBehavior [ RunTime:0.000728s ]
INFO: [ app_end ] --END-- [ RunTime:0.000833s ]

[ 2016-04-12T19:08:46+08:00 ] 127.0.0.1 /myblog/
INFO: [ app_init ] --START--
INFO: Run Behavior\BuildLiteBehavior [ RunTime:0.000030s ]
INFO: [ app_init ] --END-- [ RunTime:0.000683s ]
INFO: [ app_begin ] --START--
INFO: Run Behavior\ReadHtmlCacheBehavior [ RunTime:0.001466s ]
INFO: [ app_begin ] --END-- [ RunTime:0.001791s ]
SQL: SHOW COLUMNS FROM `myblog_article` [ RunTime:0.0155s ]
SQL: SHOW COLUMNS FROM `myblog_nav` [ RunTime:0.0131s ]
SQL: SELECT * FROM `myblog_nav` WHERE ( nav_parentID=3 ) ORDER BY nav_id  [ RunTime:0.0008s ]
SQL: SELECT * FROM `myblog_article` WHERE ( article_navid = 4 )  [ RunTime:0.0016s ]
SQL: SELECT * FROM `myblog_nav` WHERE ( nav_parentID=4 ) ORDER BY nav_id  [ RunTime:0.0005s ]
SQL: SELECT * FROM `myblog_article` WHERE ( article_navid = 7 )  [ RunTime:0.0006s ]
SQL: SELECT * FROM `myblog_article` WHERE ( article_navid = 8 )  [ RunTime:0.0006s ]
SQL: SELECT * FROM `myblog_article` WHERE ( article_navid = 9 )  [ RunTime:0.0006s ]
SQL: SELECT * FROM `myblog_article` WHERE ( article_navid = 10 )  [ RunTime:0.0007s ]
SQL: SELECT * FROM `myblog_article` WHERE ( article_navid = 5 )  [ RunTime:0.0004s ]
SQL: SELECT * FROM `myblog_nav` WHERE ( nav_parentID=5 ) ORDER BY nav_id  [ RunTime:0.0005s ]
SQL: SELECT * FROM `myblog_article` WHERE ( article_navid = 11 )  [ RunTime:0.0003s ]
SQL: SELECT * FROM `myblog_article` WHERE ( article_navid = 12 )  [ RunTime:0.0004s ]
SQL: SELECT * FROM `myblog_article` WHERE ( article_navid = 13 )  [ RunTime:0.0005s ]
SQL: SELECT * FROM `myblog_article` WHERE ( article_navid = 6 )  [ RunTime:0.0007s ]
SQL: SELECT * FROM `myblog_nav` WHERE ( nav_parentID=6 ) ORDER BY nav_id  [ RunTime:0.0005s ]
SQL: SHOW COLUMNS FROM `myblog_read` [ RunTime:0.0160s ]
SQL: SELECT * FROM `myblog_read` ORDER BY read_count desc LIMIT 5   [ RunTime:0.0004s ]
SQL: SHOW COLUMNS FROM `myblog_article` [ RunTime:0.0078s ]
SQL: SELECT `article_title` FROM `myblog_article` WHERE ( article_id=46 ) LIMIT 1   [ RunTime:0.0004s ]
SQL: SELECT `article_title` FROM `myblog_article` WHERE ( article_id=33 ) LIMIT 1   [ RunTime:0.0002s ]
SQL: SELECT `article_title` FROM `myblog_article` WHERE ( article_id=3 ) LIMIT 1   [ RunTime:0.0002s ]
SQL: SELECT `article_title` FROM `myblog_article` WHERE ( article_id=27 ) LIMIT 1   [ RunTime:0.0001s ]
SQL: SELECT `article_title` FROM `myblog_article` WHERE ( article_id=1 ) LIMIT 1   [ RunTime:0.0001s ]
SQL: SHOW COLUMNS FROM `myblog_user` [ RunTime:0.0154s ]
SQL: SHOW COLUMNS FROM `myblog_bbs` [ RunTime:0.0100s ]
SQL: SELECT COUNT(*) AS tp_count FROM `myblog_bbs` WHERE ( bbs_userid = '' ) LIMIT 1   [ RunTime:0.0006s ]
SQL: SELECT COUNT(*) AS tp_count FROM `myblog_article` WHERE ( article_userid = '' ) LIMIT 1   [ RunTime:0.0004s ]
NOTIC: [8] Undefined variable: navList D:\wamp\www\myblog\Application\Home\Controller\IndexController.class.php 第 21 行.
INFO: [ view_parse ] --START--
INFO: [ template_filter ] --START--
INFO: Run Behavior\ContentReplaceBehavior [ RunTime:0.000196s ]
INFO: [ template_filter ] --END-- [ RunTime:0.000355s ]
NOTIC: [8] Use of undefined constant article_id - assumed 'article_id' D:\wamp\www\myblog\Application\Runtime\Cache\Home\2a94b8bda04ff446dcedd42276fc99ee.php 第 120 行.
NOTIC: [8] Use of undefined constant article_id - assumed 'article_id' D:\wamp\www\myblog\Application\Runtime\Cache\Home\2a94b8bda04ff446dcedd42276fc99ee.php 第 121 行.
NOTIC: [8] Use of undefined constant article_id - assumed 'article_id' D:\wamp\www\myblog\Application\Runtime\Cache\Home\2a94b8bda04ff446dcedd42276fc99ee.php 第 122 行.
NOTIC: [8] Use of undefined constant article_id - assumed 'article_id' D:\wamp\www\myblog\Application\Runtime\Cache\Home\2a94b8bda04ff446dcedd42276fc99ee.php 第 123 行.
NOTIC: [8] Use of undefined constant article_id - assumed 'article_id' D:\wamp\www\myblog\Application\Runtime\Cache\Home\2a94b8bda04ff446dcedd42276fc99ee.php 第 127 行.
NOTIC: [8] Use of undefined constant article_id - assumed 'article_id' D:\wamp\www\myblog\Application\Runtime\Cache\Home\2a94b8bda04ff446dcedd42276fc99ee.php 第 128 行.
NOTIC: [8] Use of undefined constant article_id - assumed 'article_id' D:\wamp\www\myblog\Application\Runtime\Cache\Home\2a94b8bda04ff446dcedd42276fc99ee.php 第 129 行.
NOTIC: [8] Use of undefined constant article_id - assumed 'article_id' D:\wamp\www\myblog\Application\Runtime\Cache\Home\2a94b8bda04ff446dcedd42276fc99ee.php 第 130 行.
NOTIC: [8] Use of undefined constant article_id - assumed 'article_id' D:\wamp\www\myblog\Application\Runtime\Cache\Home\2a94b8bda04ff446dcedd42276fc99ee.php 第 127 行.
NOTIC: [8] Use of undefined constant article_id - assumed 'article_id' D:\wamp\www\myblog\Application\Runtime\Cache\Home\2a94b8bda04ff446dcedd42276fc99ee.php 第 128 行.
NOTIC: [8] Use of undefined constant article_id - assumed 'article_id' D:\wamp\www\myblog\Application\Runtime\Cache\Home\2a94b8bda04ff446dcedd42276fc99ee.php 第 129 行.
NOTIC: [8] Use of undefined constant article_id - assumed 'article_id' D:\wamp\www\myblog\Application\Runtime\Cache\Home\2a94b8bda04ff446dcedd42276fc99ee.php 第 130 行.
NOTIC: [8] Use of undefined constant article_id - assumed 'article_id' D:\wamp\www\myblog\Application\Runtime\Cache\Home\2a94b8bda04ff446dcedd42276fc99ee.php 第 127 行.
NOTIC: [8] Use of undefined constant article_id - assumed 'article_id' D:\wamp\www\myblog\Application\Runtime\Cache\Home\2a94b8bda04ff446dcedd42276fc99ee.php 第 128 行.
NOTIC: [8] Use of undefined constant article_id - assumed 'article_id' D:\wamp\www\myblog\Application\Runtime\Cache\Home\2a94b8bda04ff446dcedd42276fc99ee.php 第 129 行.
NOTIC: [8] Use of undefined constant article_id - assumed 'article_id' D:\wamp\www\myblog\Application\Runtime\Cache\Home\2a94b8bda04ff446dcedd42276fc99ee.php 第 130 行.
NOTIC: [8] Use of undefined constant article_id - assumed 'article_id' D:\wamp\www\myblog\Application\Runtime\Cache\Home\2a94b8bda04ff446dcedd42276fc99ee.php 第 127 行.
NOTIC: [8] Use of undefined constant article_id - assumed 'article_id' D:\wamp\www\myblog\Application\Runtime\Cache\Home\2a94b8bda04ff446dcedd42276fc99ee.php 第 128 行.
NOTIC: [8] Use of undefined constant article_id - assumed 'article_id' D:\wamp\www\myblog\Application\Runtime\Cache\Home\2a94b8bda04ff446dcedd42276fc99ee.php 第 129 行.
NOTIC: [8] Use of undefined constant article_id - assumed 'article_id' D:\wamp\www\myblog\Application\Runtime\Cache\Home\2a94b8bda04ff446dcedd42276fc99ee.php 第 130 行.
NOTIC: [8] Use of undefined constant article_id - assumed 'article_id' D:\wamp\www\myblog\Application\Runtime\Cache\Home\2a94b8bda04ff446dcedd42276fc99ee.php 第 152 行.
NOTIC: [8] Use of undefined constant article_id - assumed 'article_id' D:\wamp\www\myblog\Application\Runtime\Cache\Home\2a94b8bda04ff446dcedd42276fc99ee.php 第 153 行.
NOTIC: [8] Use of undefined constant article_id - assumed 'article_id' D:\wamp\www\myblog\Application\Runtime\Cache\Home\2a94b8bda04ff446dcedd42276fc99ee.php 第 154 行.
NOTIC: [8] Use of undefined constant article_id - assumed 'article_id' D:\wamp\www\myblog\Application\Runtime\Cache\Home\2a94b8bda04ff446dcedd42276fc99ee.php 第 155 行.
NOTIC: [8] Use of undefined constant read_articleid - assumed 'read_articleid' D:\wamp\www\myblog\Application\Runtime\Cache\Home\2a94b8bda04ff446dcedd42276fc99ee.php 第 195 行.
NOTIC: [8] Use of undefined constant read_articleid - assumed 'read_articleid' D:\wamp\www\myblog\Application\Runtime\Cache\Home\2a94b8bda04ff446dcedd42276fc99ee.php 第 195 行.
NOTIC: [8] Use of undefined constant read_articleid - assumed 'read_articleid' D:\wamp\www\myblog\Application\Runtime\Cache\Home\2a94b8bda04ff446dcedd42276fc99ee.php 第 195 行.
NOTIC: [8] Use of undefined constant read_articleid - assumed 'read_articleid' D:\wamp\www\myblog\Application\Runtime\Cache\Home\2a94b8bda04ff446dcedd42276fc99ee.php 第 195 行.
NOTIC: [8] Use of undefined constant read_articleid - assumed 'read_articleid' D:\wamp\www\myblog\Application\Runtime\Cache\Home\2a94b8bda04ff446dcedd42276fc99ee.php 第 195 行.
INFO: Run Behavior\ParseTemplateBehavior [ RunTime:0.306637s ]
INFO: [ view_parse ] --END-- [ RunTime:0.306770s ]
INFO: [ view_filter ] --START--
INFO: Run Behavior\WriteHtmlCacheBehavior [ RunTime:0.000751s ]
INFO: [ view_filter ] --END-- [ RunTime:0.000871s ]
INFO: [ app_end ] --START--
INFO: Run Behavior\ShowPageTraceBehavior [ RunTime:0.000895s ]
INFO: [ app_end ] --END-- [ RunTime:0.001006s ]

[ 2016-04-12T19:09:01+08:00 ] 127.0.0.1 /myblog/index.php/Home/Register/verify
INFO: [ app_init ] --START--
INFO: Run Behavior\BuildLiteBehavior [ RunTime:0.000048s ]
INFO: [ app_init ] --END-- [ RunTime:0.000806s ]
INFO: [ app_begin ] --START--
INFO: Run Behavior\ReadHtmlCacheBehavior [ RunTime:0.001262s ]
INFO: [ app_begin ] --END-- [ RunTime:0.001521s ]
INFO: [ app_end ] --START--
INFO: Run Behavior\ShowPageTraceBehavior [ RunTime:0.001359s ]
INFO: [ app_end ] --END-- [ RunTime:0.001554s ]

[ 2016-04-12T19:24:22+08:00 ] 127.0.0.1 /myblog/
INFO: [ app_init ] --START--
INFO: Run Behavior\BuildLiteBehavior [ RunTime:0.000031s ]
INFO: [ app_init ] --END-- [ RunTime:0.000680s ]
INFO: [ app_begin ] --START--
INFO: Run Behavior\ReadHtmlCacheBehavior [ RunTime:0.001509s ]
INFO: [ app_begin ] --END-- [ RunTime:0.001790s ]
SQL: SHOW COLUMNS FROM `myblog_article` [ RunTime:0.0205s ]
SQL: SHOW COLUMNS FROM `myblog_nav` [ RunTime:0.0163s ]
SQL: SELECT * FROM `myblog_nav` WHERE ( nav_parentID=3 ) ORDER BY nav_id  [ RunTime:0.0006s ]
SQL: SELECT * FROM `myblog_article` WHERE ( article_navid = 4 )  [ RunTime:0.0013s ]
SQL: SELECT * FROM `myblog_nav` WHERE ( nav_parentID=4 ) ORDER BY nav_id  [ RunTime:0.0008s ]
SQL: SELECT * FROM `myblog_article` WHERE ( article_navid = 7 )  [ RunTime:0.0008s ]
SQL: SELECT * FROM `myblog_article` WHERE ( article_navid = 8 )  [ RunTime:0.0008s ]
SQL: SELECT * FROM `myblog_article` WHERE ( article_navid = 9 )  [ RunTime:0.0006s ]
SQL: SELECT * FROM `myblog_article` WHERE ( article_navid = 10 )  [ RunTime:0.0007s ]
SQL: SELECT * FROM `myblog_article` WHERE ( article_navid = 5 )  [ RunTime:0.0004s ]
SQL: SELECT * FROM `myblog_nav` WHERE ( nav_parentID=5 ) ORDER BY nav_id  [ RunTime:0.0005s ]
SQL: SELECT * FROM `myblog_article` WHERE ( article_navid = 11 )  [ RunTime:0.0006s ]
SQL: SELECT * FROM `myblog_article` WHERE ( article_navid = 12 )  [ RunTime:0.0005s ]
SQL: SELECT * FROM `myblog_article` WHERE ( article_navid = 13 )  [ RunTime:0.0004s ]
SQL: SELECT * FROM `myblog_article` WHERE ( article_navid = 6 )  [ RunTime:0.0006s ]
SQL: SELECT * FROM `myblog_nav` WHERE ( nav_parentID=6 ) ORDER BY nav_id  [ RunTime:0.0004s ]
SQL: SHOW COLUMNS FROM `myblog_read` [ RunTime:0.0114s ]
SQL: SELECT * FROM `myblog_read` ORDER BY read_count desc LIMIT 5   [ RunTime:0.0004s ]
SQL: SHOW COLUMNS FROM `myblog_article` [ RunTime:0.0082s ]
SQL: SELECT `article_title` FROM `myblog_article` WHERE ( article_id=46 ) LIMIT 1   [ RunTime:0.0003s ]
SQL: SELECT `article_title` FROM `myblog_article` WHERE ( article_id=33 ) LIMIT 1   [ RunTime:0.0003s ]
SQL: SELECT `article_title` FROM `myblog_article` WHERE ( article_id=3 ) LIMIT 1   [ RunTime:0.0003s ]
SQL: SELECT `article_title` FROM `myblog_article` WHERE ( article_id=27 ) LIMIT 1   [ RunTime:0.0003s ]
SQL: SELECT `article_title` FROM `myblog_article` WHERE ( article_id=1 ) LIMIT 1   [ RunTime:0.0003s ]
SQL: SHOW COLUMNS FROM `myblog_user` [ RunTime:0.0113s ]
SQL: SHOW COLUMNS FROM `myblog_bbs` [ RunTime:0.0180s ]
SQL: SELECT COUNT(*) AS tp_count FROM `myblog_bbs` WHERE ( bbs_userid = '' ) LIMIT 1   [ RunTime:0.0003s ]
SQL: SELECT COUNT(*) AS tp_count FROM `myblog_article` WHERE ( article_userid = '' ) LIMIT 1   [ RunTime:0.0004s ]
NOTIC: [8] Undefined variable: navList D:\wamp\www\myblog\Application\Home\Controller\IndexController.class.php 第 21 行.
INFO: [ view_parse ] --START--
INFO: [ template_filter ] --START--
INFO: Run Behavior\ContentReplaceBehavior [ RunTime:0.000179s ]
INFO: [ template_filter ] --END-- [ RunTime:0.000309s ]
NOTIC: [8] Use of undefined constant article_id - assumed 'article_id' D:\wamp\www\myblog\Application\Runtime\Cache\Home\2a94b8bda04ff446dcedd42276fc99ee.php 第 120 行.
NOTIC: [8] Use of undefined constant article_id - assumed 'article_id' D:\wamp\www\myblog\Application\Runtime\Cache\Home\2a94b8bda04ff446dcedd42276fc99ee.php 第 121 行.
NOTIC: [8] Use of undefined constant article_id - assumed 'article_id' D:\wamp\www\myblog\Application\Runtime\Cache\Home\2a94b8bda04ff446dcedd42276fc99ee.php 第 122 行.
NOTIC: [8] Use of undefined constant article_id - assumed 'article_id' D:\wamp\www\myblog\Application\Runtime\Cache\Home\2a94b8bda04ff446dcedd42276fc99ee.php 第 123 行.
NOTIC: [8] Use of undefined constant article_id - assumed 'article_id' D:\wamp\www\myblog\Application\Runtime\Cache\Home\2a94b8bda04ff446dcedd42276fc99ee.php 第 127 行.
NOTIC: [8] Use of undefined constant article_id - assumed 'article_id' D:\wamp\www\myblog\Application\Runtime\Cache\Home\2a94b8bda04ff446dcedd42276fc99ee.php 第 128 行.
NOTIC: [8] Use of undefined constant article_id - assumed 'article_id' D:\wamp\www\myblog\Application\Runtime\Cache\Home\2a94b8bda04ff446dcedd42276fc99ee.php 第 129 行.
NOTIC: [8] Use of undefined constant article_id - assumed 'article_id' D:\wamp\www\myblog\Application\Runtime\Cache\Home\2a94b8bda04ff446dcedd42276fc99ee.php 第 130 行.
NOTIC: [8] Use of undefined constant article_id - assumed 'article_id' D:\wamp\www\myblog\Application\Runtime\Cache\Home\2a94b8bda04ff446dcedd42276fc99ee.php 第 127 行.
NOTIC: [8] Use of undefined constant article_id - assumed 'article_id' D:\wamp\www\myblog\Application\Runtime\Cache\Home\2a94b8bda04ff446dcedd42276fc99ee.php 第 128 行.
NOTIC: [8] Use of undefined constant article_id - assumed 'article_id' D:\wamp\www\myblog\Application\Runtime\Cache\Home\2a94b8bda04ff446dcedd42276fc99ee.php 第 129 行.
NOTIC: [8] Use of undefined constant article_id - assumed 'article_id' D:\wamp\www\myblog\Application\Runtime\Cache\Home\2a94b8bda04ff446dcedd42276fc99ee.php 第 130 行.
NOTIC: [8] Use of undefined constant article_id - assumed 'article_id' D:\wamp\www\myblog\Application\Runtime\Cache\Home\2a94b8bda04ff446dcedd42276fc99ee.php 第 127 行.
NOTIC: [8] Use of undefined constant article_id - assumed 'article_id' D:\wamp\www\myblog\Application\Runtime\Cache\Home\2a94b8bda04ff446dcedd42276fc99ee.php 第 128 行.
NOTIC: [8] Use of undefined constant article_id - assumed 'article_id' D:\wamp\www\myblog\Application\Runtime\Cache\Home\2a94b8bda04ff446dcedd42276fc99ee.php 第 129 行.
NOTIC: [8] Use of undefined constant article_id - assumed 'article_id' D:\wamp\www\myblog\Application\Runtime\Cache\Home\2a94b8bda04ff446dcedd42276fc99ee.php 第 130 行.
NOTIC: [8] Use of undefined constant article_id - assumed 'article_id' D:\wamp\www\myblog\Application\Runtime\Cache\Home\2a94b8bda04ff446dcedd42276fc99ee.php 第 127 行.
NOTIC: [8] Use of undefined constant article_id - assumed 'article_id' D:\wamp\www\myblog\Application\Runtime\Cache\Home\2a94b8bda04ff446dcedd42276fc99ee.php 第 128 行.
NOTIC: [8] Use of undefined constant article_id - assumed 'article_id' D:\wamp\www\myblog\Application\Runtime\Cache\Home\2a94b8bda04ff446dcedd42276fc99ee.php 第 129 行.
NOTIC: [8] Use of undefined constant article_id - assumed 'article_id' D:\wamp\www\myblog\Application\Runtime\Cache\Home\2a94b8bda04ff446dcedd42276fc99ee.php 第 130 行.
NOTIC: [8] Use of undefined constant article_id - assumed 'article_id' D:\wamp\www\myblog\Application\Runtime\Cache\Home\2a94b8bda04ff446dcedd42276fc99ee.php 第 152 行.
NOTIC: [8] Use of undefined constant article_id - assumed 'article_id' D:\wamp\www\myblog\Application\Runtime\Cache\Home\2a94b8bda04ff446dcedd42276fc99ee.php 第 153 行.
NOTIC: [8] Use of undefined constant article_id - assumed 'article_id' D:\wamp\www\myblog\Application\Runtime\Cache\Home\2a94b8bda04ff446dcedd42276fc99ee.php 第 154 行.
NOTIC: [8] Use of undefined constant article_id - assumed 'article_id' D:\wamp\www\myblog\Application\Runtime\Cache\Home\2a94b8bda04ff446dcedd42276fc99ee.php 第 155 行.
NOTIC: [8] Use of undefined constant read_articleid - assumed 'read_articleid' D:\wamp\www\myblog\Application\Runtime\Cache\Home\2a94b8bda04ff446dcedd42276fc99ee.php 第 195 行.
NOTIC: [8] Use of undefined constant read_articleid - assumed 'read_articleid' D:\wamp\www\myblog\Application\Runtime\Cache\Home\2a94b8bda04ff446dcedd42276fc99ee.php 第 195 行.
NOTIC: [8] Use of undefined constant read_articleid - assumed 'read_articleid' D:\wamp\www\myblog\Application\Runtime\Cache\Home\2a94b8bda04ff446dcedd42276fc99ee.php 第 195 行.
NOTIC: [8] Use of undefined constant read_articleid - assumed 'read_articleid' D:\wamp\www\myblog\Application\Runtime\Cache\Home\2a94b8bda04ff446dcedd42276fc99ee.php 第 195 行.
NOTIC: [8] Use of undefined constant read_articleid - assumed 'read_articleid' D:\wamp\www\myblog\Application\Runtime\Cache\Home\2a94b8bda04ff446dcedd42276fc99ee.php 第 195 行.
INFO: Run Behavior\ParseTemplateBehavior [ RunTime:0.224154s ]
INFO: [ view_parse ] --END-- [ RunTime:0.224295s ]
INFO: [ view_filter ] --START--
INFO: Run Behavior\WriteHtmlCacheBehavior [ RunTime:0.000956s ]
INFO: [ view_filter ] --END-- [ RunTime:0.001124s ]
INFO: [ app_end ] --START--
INFO: Run Behavior\ShowPageTraceBehavior [ RunTime:0.001028s ]
INFO: [ app_end ] --END-- [ RunTime:0.001179s ]

[ 2016-04-12T19:24:24+08:00 ] 127.0.0.1 /myblog/index.php/Home/Register/verify
INFO: [ app_init ] --START--
INFO: Run Behavior\BuildLiteBehavior [ RunTime:0.000046s ]
INFO: [ app_init ] --END-- [ RunTime:0.000760s ]
INFO: [ app_begin ] --START--
INFO: Run Behavior\ReadHtmlCacheBehavior [ RunTime:0.001332s ]
INFO: [ app_begin ] --END-- [ RunTime:0.001595s ]
INFO: [ app_end ] --START--
INFO: Run Behavior\ShowPageTraceBehavior [ RunTime:0.002365s ]
INFO: [ app_end ] --END-- [ RunTime:0.002599s ]

[ 2016-04-12T19:24:28+08:00 ] 127.0.0.1 /myblog/index.php/Home/Register/checkAccount.html
INFO: [ app_init ] --START--
INFO: Run Behavior\BuildLiteBehavior [ RunTime:0.000043s ]
INFO: [ app_init ] --END-- [ RunTime:0.000747s ]
INFO: [ app_begin ] --START--
INFO: Run Behavior\ReadHtmlCacheBehavior [ RunTime:0.001198s ]
INFO: [ app_begin ] --END-- [ RunTime:0.001424s ]

[ 2016-04-12T19:24:40+08:00 ] 127.0.0.1 /myblog/index.php/Home/Register/checkAccount.html
INFO: [ app_init ] --START--
INFO: Run Behavior\BuildLiteBehavior [ RunTime:0.000028s ]
INFO: [ app_init ] --END-- [ RunTime:0.000580s ]
INFO: [ app_begin ] --START--
INFO: Run Behavior\ReadHtmlCacheBehavior [ RunTime:0.001556s ]
INFO: [ app_begin ] --END-- [ RunTime:0.001743s ]

[ 2016-04-12T19:35:34+08:00 ] 127.0.0.1 /myblog/
INFO: [ app_init ] --START--
INFO: Run Behavior\BuildLiteBehavior [ RunTime:0.000027s ]
INFO: [ app_init ] --END-- [ RunTime:0.000513s ]
INFO: [ app_begin ] --START--
INFO: Run Behavior\ReadHtmlCacheBehavior [ RunTime:0.000652s ]
INFO: [ app_begin ] --END-- [ RunTime:0.000795s ]
SQL: SHOW COLUMNS FROM `myblog_article` [ RunTime:0.0357s ]
SQL: SHOW COLUMNS FROM `myblog_nav` [ RunTime:0.0200s ]
SQL: SELECT * FROM `myblog_nav` WHERE ( nav_parentID=3 ) ORDER BY nav_id  [ RunTime:0.0005s ]
SQL: SELECT * FROM `myblog_article` WHERE ( article_navid = 4 )  [ RunTime:0.0007s ]
SQL: SELECT * FROM `myblog_nav` WHERE ( nav_parentID=4 ) ORDER BY nav_id  [ RunTime:0.0004s ]
SQL: SELECT * FROM `myblog_article` WHERE ( article_navid = 7 )  [ RunTime:0.0004s ]
SQL: SELECT * FROM `myblog_article` WHERE ( article_navid = 8 )  [ RunTime:0.0005s ]
SQL: SELECT * FROM `myblog_article` WHERE ( article_navid = 9 )  [ RunTime:0.0007s ]
SQL: SELECT * FROM `myblog_article` WHERE ( article_navid = 10 )  [ RunTime:0.0006s ]
SQL: SELECT * FROM `myblog_article` WHERE ( article_navid = 5 )  [ RunTime:0.0005s ]
SQL: SELECT * FROM `myblog_nav` WHERE ( nav_parentID=5 ) ORDER BY nav_id  [ RunTime:0.0005s ]
SQL: SELECT * FROM `myblog_article` WHERE ( article_navid = 11 )  [ RunTime:0.0005s ]
SQL: SELECT * FROM `myblog_article` WHERE ( article_navid = 12 )  [ RunTime:0.0007s ]
SQL: SELECT * FROM `myblog_article` WHERE ( article_navid = 13 )  [ RunTime:0.0004s ]
SQL: SELECT * FROM `myblog_article` WHERE ( article_navid = 6 )  [ RunTime:0.0005s ]
SQL: SELECT * FROM `myblog_nav` WHERE ( nav_parentID=6 ) ORDER BY nav_id  [ RunTime:0.0004s ]
SQL: SHOW COLUMNS FROM `myblog_read` [ RunTime:0.0326s ]
SQL: SELECT * FROM `myblog_read` ORDER BY read_count desc LIMIT 5   [ RunTime:0.0005s ]
SQL: SHOW COLUMNS FROM `myblog_article` [ RunTime:0.0119s ]
SQL: SELECT `article_title` FROM `myblog_article` WHERE ( article_id=46 ) LIMIT 1   [ RunTime:0.0003s ]
SQL: SELECT `article_title` FROM `myblog_article` WHERE ( article_id=33 ) LIMIT 1   [ RunTime:0.0002s ]
SQL: SELECT `article_title` FROM `myblog_article` WHERE ( article_id=3 ) LIMIT 1   [ RunTime:0.0003s ]
SQL: SELECT `article_title` FROM `myblog_article` WHERE ( article_id=27 ) LIMIT 1   [ RunTime:0.0006s ]
SQL: SELECT `article_title` FROM `myblog_article` WHERE ( article_id=1 ) LIMIT 1   [ RunTime:0.0003s ]
SQL: SHOW COLUMNS FROM `myblog_user` [ RunTime:0.0157s ]
SQL: SHOW COLUMNS FROM `myblog_bbs` [ RunTime:0.0094s ]
SQL: SELECT COUNT(*) AS tp_count FROM `myblog_bbs` WHERE ( bbs_userid = '' ) LIMIT 1   [ RunTime:0.0003s ]
SQL: SELECT COUNT(*) AS tp_count FROM `myblog_article` WHERE ( article_userid = '' ) LIMIT 1   [ RunTime:0.0003s ]
NOTIC: [8] Undefined variable: navList D:\wamp\www\myblog\Application\Home\Controller\IndexController.class.php 第 21 行.
INFO: [ view_parse ] --START--
INFO: [ template_filter ] --START--
INFO: Run Behavior\ContentReplaceBehavior [ RunTime:0.000191s ]
INFO: [ template_filter ] --END-- [ RunTime:0.000327s ]
NOTIC: [8] Use of undefined constant article_id - assumed 'article_id' D:\wamp\www\myblog\Application\Runtime\Cache\Home\2a94b8bda04ff446dcedd42276fc99ee.php 第 120 行.
NOTIC: [8] Use of undefined constant article_id - assumed 'article_id' D:\wamp\www\myblog\Application\Runtime\Cache\Home\2a94b8bda04ff446dcedd42276fc99ee.php 第 121 行.
NOTIC: [8] Use of undefined constant article_id - assumed 'article_id' D:\wamp\www\myblog\Application\Runtime\Cache\Home\2a94b8bda04ff446dcedd42276fc99ee.php 第 122 行.
NOTIC: [8] Use of undefined constant article_id - assumed 'article_id' D:\wamp\www\myblog\Application\Runtime\Cache\Home\2a94b8bda04ff446dcedd42276fc99ee.php 第 123 行.
NOTIC: [8] Use of undefined constant article_id - assumed 'article_id' D:\wamp\www\myblog\Application\Runtime\Cache\Home\2a94b8bda04ff446dcedd42276fc99ee.php 第 127 行.
NOTIC: [8] Use of undefined constant article_id - assumed 'article_id' D:\wamp\www\myblog\Application\Runtime\Cache\Home\2a94b8bda04ff446dcedd42276fc99ee.php 第 128 行.
NOTIC: [8] Use of undefined constant article_id - assumed 'article_id' D:\wamp\www\myblog\Application\Runtime\Cache\Home\2a94b8bda04ff446dcedd42276fc99ee.php 第 129 行.
NOTIC: [8] Use of undefined constant article_id - assumed 'article_id' D:\wamp\www\myblog\Application\Runtime\Cache\Home\2a94b8bda04ff446dcedd42276fc99ee.php 第 130 行.
NOTIC: [8] Use of undefined constant article_id - assumed 'article_id' D:\wamp\www\myblog\Application\Runtime\Cache\Home\2a94b8bda04ff446dcedd42276fc99ee.php 第 127 行.
NOTIC: [8] Use of undefined constant article_id - assumed 'article_id' D:\wamp\www\myblog\Application\Runtime\Cache\Home\2a94b8bda04ff446dcedd42276fc99ee.php 第 128 行.
NOTIC: [8] Use of undefined constant article_id - assumed 'article_id' D:\wamp\www\myblog\Application\Runtime\Cache\Home\2a94b8bda04ff446dcedd42276fc99ee.php 第 129 行.
NOTIC: [8] Use of undefined constant article_id - assumed 'article_id' D:\wamp\www\myblog\Application\Runtime\Cache\Home\2a94b8bda04ff446dcedd42276fc99ee.php 第 130 行.
NOTIC: [8] Use of undefined constant article_id - assumed 'article_id' D:\wamp\www\myblog\Application\Runtime\Cache\Home\2a94b8bda04ff446dcedd42276fc99ee.php 第 127 行.
NOTIC: [8] Use of undefined constant article_id - assumed 'article_id' D:\wamp\www\myblog\Application\Runtime\Cache\Home\2a94b8bda04ff446dcedd42276fc99ee.php 第 128 行.
NOTIC: [8] Use of undefined constant article_id - assumed 'article_id' D:\wamp\www\myblog\Application\Runtime\Cache\Home\2a94b8bda04ff446dcedd42276fc99ee.php 第 129 行.
NOTIC: [8] Use of undefined constant article_id - assumed 'article_id' D:\wamp\www\myblog\Application\Runtime\Cache\Home\2a94b8bda04ff446dcedd42276fc99ee.php 第 130 行.
NOTIC: [8] Use of undefined constant article_id - assumed 'article_id' D:\wamp\www\myblog\Application\Runtime\Cache\Home\2a94b8bda04ff446dcedd42276fc99ee.php 第 127 行.
NOTIC: [8] Use of undefined constant article_id - assumed 'article_id' D:\wamp\www\myblog\Application\Runtime\Cache\Home\2a94b8bda04ff446dcedd42276fc99ee.php 第 128 行.
NOTIC: [8] Use of undefined constant article_id - assumed 'article_id' D:\wamp\www\myblog\Application\Runtime\Cache\Home\2a94b8bda04ff446dcedd42276fc99ee.php 第 129 行.
NOTIC: [8] Use of undefined constant article_id - assumed 'article_id' D:\wamp\www\myblog\Application\Runtime\Cache\Home\2a94b8bda04ff446dcedd42276fc99ee.php 第 130 行.
NOTIC: [8] Use of undefined constant article_id - assumed 'article_id' D:\wamp\www\myblog\Application\Runtime\Cache\Home\2a94b8bda04ff446dcedd42276fc99ee.php 第 152 行.
NOTIC: [8] Use of undefined constant article_id - assumed 'article_id' D:\wamp\www\myblog\Application\Runtime\Cache\Home\2a94b8bda04ff446dcedd42276fc99ee.php 第 153 行.
NOTIC: [8] Use of undefined constant article_id - assumed 'article_id' D:\wamp\www\myblog\Application\Runtime\Cache\Home\2a94b8bda04ff446dcedd42276fc99ee.php 第 154 行.
NOTIC: [8] Use of undefined constant article_id - assumed 'article_id' D:\wamp\www\myblog\Application\Runtime\Cache\Home\2a94b8bda04ff446dcedd42276fc99ee.php 第 155 行.
NOTIC: [8] Use of undefined constant read_articleid - assumed 'read_articleid' D:\wamp\www\myblog\Application\Runtime\Cache\Home\2a94b8bda04ff446dcedd42276fc99ee.php 第 195 行.
NOTIC: [8] Use of undefined constant read_articleid - assumed 'read_articleid' D:\wamp\www\myblog\Application\Runtime\Cache\Home\2a94b8bda04ff446dcedd42276fc99ee.php 第 195 行.
NOTIC: [8] Use of undefined constant read_articleid - assumed 'read_articleid' D:\wamp\www\myblog\Application\Runtime\Cache\Home\2a94b8bda04ff446dcedd42276fc99ee.php 第 195 行.
NOTIC: [8] Use of undefined constant read_articleid - assumed 'read_articleid' D:\wamp\www\myblog\Application\Runtime\Cache\Home\2a94b8bda04ff446dcedd42276fc99ee.php 第 195 行.
NOTIC: [8] Use of undefined constant read_articleid - assumed 'read_articleid' D:\wamp\www\myblog\Application\Runtime\Cache\Home\2a94b8bda04ff446dcedd42276fc99ee.php 第 195 行.
INFO: Run Behavior\ParseTemplateBehavior [ RunTime:0.166324s ]
INFO: [ view_parse ] --END-- [ RunTime:0.166445s ]
INFO: [ view_filter ] --START--
INFO: Run Behavior\WriteHtmlCacheBehavior [ RunTime:0.000484s ]
INFO: [ view_filter ] --END-- [ RunTime:0.000589s ]
INFO: [ app_end ] --START--
INFO: Run Behavior\ShowPageTraceBehavior [ RunTime:0.001029s ]
INFO: [ app_end ] --END-- [ RunTime:0.001192s ]

[ 2016-04-12T19:38:43+08:00 ] 127.0.0.1 /myblog/
INFO: [ app_init ] --START--
INFO: Run Behavior\BuildLiteBehavior [ RunTime:0.000041s ]
INFO: [ app_init ] --END-- [ RunTime:0.000729s ]
INFO: [ app_begin ] --START--
INFO: Run Behavior\ReadHtmlCacheBehavior [ RunTime:0.000850s ]
INFO: [ app_begin ] --END-- [ RunTime:0.001032s ]
SQL: SHOW COLUMNS FROM `myblog_article` [ RunTime:0.0135s ]
SQL: SHOW COLUMNS FROM `myblog_nav` [ RunTime:0.0125s ]
SQL: SELECT * FROM `myblog_nav` WHERE ( nav_parentID=3 ) ORDER BY nav_id  [ RunTime:0.0004s ]
SQL: SELECT * FROM `myblog_article` WHERE ( article_navid = 4 )  [ RunTime:0.0006s ]
SQL: SELECT * FROM `myblog_nav` WHERE ( nav_parentID=4 ) ORDER BY nav_id  [ RunTime:0.0003s ]
SQL: SELECT * FROM `myblog_article` WHERE ( article_navid = 7 )  [ RunTime:0.0003s ]
SQL: SELECT * FROM `myblog_article` WHERE ( article_navid = 8 )  [ RunTime:0.0003s ]
SQL: SELECT * FROM `myblog_article` WHERE ( article_navid = 9 )  [ RunTime:0.0003s ]
SQL: SELECT * FROM `myblog_article` WHERE ( article_navid = 10 )  [ RunTime:0.0004s ]
SQL: SELECT * FROM `myblog_article` WHERE ( article_navid = 5 )  [ RunTime:0.0003s ]
SQL: SELECT * FROM `myblog_nav` WHERE ( nav_parentID=5 ) ORDER BY nav_id  [ RunTime:0.0004s ]
SQL: SELECT * FROM `myblog_article` WHERE ( article_navid = 11 )  [ RunTime:0.0003s ]
SQL: SELECT * FROM `myblog_article` WHERE ( article_navid = 12 )  [ RunTime:0.0004s ]
SQL: SELECT * FROM `myblog_article` WHERE ( article_navid = 13 )  [ RunTime:0.0003s ]
SQL: SELECT * FROM `myblog_article` WHERE ( article_navid = 6 )  [ RunTime:0.0003s ]
SQL: SELECT * FROM `myblog_nav` WHERE ( nav_parentID=6 ) ORDER BY nav_id  [ RunTime:0.0003s ]
SQL: SHOW COLUMNS FROM `myblog_read` [ RunTime:0.0098s ]
SQL: SELECT * FROM `myblog_read` ORDER BY read_count desc LIMIT 5   [ RunTime:0.0003s ]
SQL: SHOW COLUMNS FROM `myblog_article` [ RunTime:0.0098s ]
SQL: SELECT `article_title` FROM `myblog_article` WHERE ( article_id=46 ) LIMIT 1   [ RunTime:0.0003s ]
SQL: SELECT `article_title` FROM `myblog_article` WHERE ( article_id=33 ) LIMIT 1   [ RunTime:0.0002s ]
SQL: SELECT `article_title` FROM `myblog_article` WHERE ( article_id=3 ) LIMIT 1   [ RunTime:0.0002s ]
SQL: SELECT `article_title` FROM `myblog_article` WHERE ( article_id=27 ) LIMIT 1   [ RunTime:0.0002s ]
SQL: SELECT `article_title` FROM `myblog_article` WHERE ( article_id=1 ) LIMIT 1   [ RunTime:0.0002s ]
SQL: SHOW COLUMNS FROM `myblog_user` [ RunTime:0.0098s ]
SQL: SHOW COLUMNS FROM `myblog_bbs` [ RunTime:0.0121s ]
SQL: SELECT COUNT(*) AS tp_count FROM `myblog_bbs` WHERE ( bbs_userid = '' ) LIMIT 1   [ RunTime:0.0003s ]
SQL: SELECT COUNT(*) AS tp_count FROM `myblog_article` WHERE ( article_userid = '' ) LIMIT 1   [ RunTime:0.0002s ]
NOTIC: [8] Undefined variable: navList D:\wamp\www\myblog\Application\Home\Controller\IndexController.class.php 第 21 行.
INFO: [ view_parse ] --START--
INFO: [ template_filter ] --START--
INFO: Run Behavior\ContentReplaceBehavior [ RunTime:0.000329s ]
INFO: [ template_filter ] --END-- [ RunTime:0.000577s ]
NOTIC: [8] Use of undefined constant article_id - assumed 'article_id' D:\wamp\www\myblog\Application\Runtime\Cache\Home\2a94b8bda04ff446dcedd42276fc99ee.php 第 120 行.
NOTIC: [8] Use of undefined constant article_id - assumed 'article_id' D:\wamp\www\myblog\Application\Runtime\Cache\Home\2a94b8bda04ff446dcedd42276fc99ee.php 第 121 行.
NOTIC: [8] Use of undefined constant article_id - assumed 'article_id' D:\wamp\www\myblog\Application\Runtime\Cache\Home\2a94b8bda04ff446dcedd42276fc99ee.php 第 122 行.
NOTIC: [8] Use of undefined constant article_id - assumed 'article_id' D:\wamp\www\myblog\Application\Runtime\Cache\Home\2a94b8bda04ff446dcedd42276fc99ee.php 第 123 行.
NOTIC: [8] Use of undefined constant article_id - assumed 'article_id' D:\wamp\www\myblog\Application\Runtime\Cache\Home\2a94b8bda04ff446dcedd42276fc99ee.php 第 127 行.
NOTIC: [8] Use of undefined constant article_id - assumed 'article_id' D:\wamp\www\myblog\Application\Runtime\Cache\Home\2a94b8bda04ff446dcedd42276fc99ee.php 第 128 行.
NOTIC: [8] Use of undefined constant article_id - assumed 'article_id' D:\wamp\www\myblog\Application\Runtime\Cache\Home\2a94b8bda04ff446dcedd42276fc99ee.php 第 129 行.
NOTIC: [8] Use of undefined constant article_id - assumed 'article_id' D:\wamp\www\myblog\Application\Runtime\Cache\Home\2a94b8bda04ff446dcedd42276fc99ee.php 第 130 行.
NOTIC: [8] Use of undefined constant article_id - assumed 'article_id' D:\wamp\www\myblog\Application\Runtime\Cache\Home\2a94b8bda04ff446dcedd42276fc99ee.php 第 127 行.
NOTIC: [8] Use of undefined constant article_id - assumed 'article_id' D:\wamp\www\myblog\Application\Runtime\Cache\Home\2a94b8bda04ff446dcedd42276fc99ee.php 第 128 行.
NOTIC: [8] Use of undefined constant article_id - assumed 'article_id' D:\wamp\www\myblog\Application\Runtime\Cache\Home\2a94b8bda04ff446dcedd42276fc99ee.php 第 129 行.
NOTIC: [8] Use of undefined constant article_id - assumed 'article_id' D:\wamp\www\myblog\Application\Runtime\Cache\Home\2a94b8bda04ff446dcedd42276fc99ee.php 第 130 行.
NOTIC: [8] Use of undefined constant article_id - assumed 'article_id' D:\wamp\www\myblog\Application\Runtime\Cache\Home\2a94b8bda04ff446dcedd42276fc99ee.php 第 127 行.
NOTIC: [8] Use of undefined constant article_id - assumed 'article_id' D:\wamp\www\myblog\Application\Runtime\Cache\Home\2a94b8bda04ff446dcedd42276fc99ee.php 第 128 行.
NOTIC: [8] Use of undefined constant article_id - assumed 'article_id' D:\wamp\www\myblog\Application\Runtime\Cache\Home\2a94b8bda04ff446dcedd42276fc99ee.php 第 129 行.
NOTIC: [8] Use of undefined constant article_id - assumed 'article_id' D:\wamp\www\myblog\Application\Runtime\Cache\Home\2a94b8bda04ff446dcedd42276fc99ee.php 第 130 行.
NOTIC: [8] Use of undefined constant article_id - assumed 'article_id' D:\wamp\www\myblog\Application\Runtime\Cache\Home\2a94b8bda04ff446dcedd42276fc99ee.php 第 127 行.
NOTIC: [8] Use of undefined constant article_id - assumed 'article_id' D:\wamp\www\myblog\Application\Runtime\Cache\Home\2a94b8bda04ff446dcedd42276fc99ee.php 第 128 行.
NOTIC: [8] Use of undefined constant article_id - assumed 'article_id' D:\wamp\www\myblog\Application\Runtime\Cache\Home\2a94b8bda04ff446dcedd42276fc99ee.php 第 129 行.
NOTIC: [8] Use of undefined constant article_id - assumed 'article_id' D:\wamp\www\myblog\Application\Runtime\Cache\Home\2a94b8bda04ff446dcedd42276fc99ee.php 第 130 行.
NOTIC: [8] Use of undefined constant article_id - assumed 'article_id' D:\wamp\www\myblog\Application\Runtime\Cache\Home\2a94b8bda04ff446dcedd42276fc99ee.php 第 152 行.
NOTIC: [8] Use of undefined constant article_id - assumed 'article_id' D:\wamp\www\myblog\Application\Runtime\Cache\Home\2a94b8bda04ff446dcedd42276fc99ee.php 第 153 行.
NOTIC: [8] Use of undefined constant article_id - assumed 'article_id' D:\wamp\www\myblog\Application\Runtime\Cache\Home\2a94b8bda04ff446dcedd42276fc99ee.php 第 154 行.
NOTIC: [8] Use of undefined constant article_id - assumed 'article_id' D:\wamp\www\myblog\Application\Runtime\Cache\Home\2a94b8bda04ff446dcedd42276fc99ee.php 第 155 行.
NOTIC: [8] Use of undefined constant read_articleid - assumed 'read_articleid' D:\wamp\www\myblog\Application\Runtime\Cache\Home\2a94b8bda04ff446dcedd42276fc99ee.php 第 195 行.
NOTIC: [8] Use of undefined constant read_articleid - assumed 'read_articleid' D:\wamp\www\myblog\Application\Runtime\Cache\Home\2a94b8bda04ff446dcedd42276fc99ee.php 第 195 行.
NOTIC: [8] Use of undefined constant read_articleid - assumed 'read_articleid' D:\wamp\www\myblog\Application\Runtime\Cache\Home\2a94b8bda04ff446dcedd42276fc99ee.php 第 195 行.
NOTIC: [8] Use of undefined constant read_articleid - assumed 'read_articleid' D:\wamp\www\myblog\Application\Runtime\Cache\Home\2a94b8bda04ff446dcedd42276fc99ee.php 第 195 行.
NOTIC: [8] Use of undefined constant read_articleid - assumed 'read_articleid' D:\wamp\www\myblog\Application\Runtime\Cache\Home\2a94b8bda04ff446dcedd42276fc99ee.php 第 195 行.
INFO: Run Behavior\ParseTemplateBehavior [ RunTime:0.242088s ]
INFO: [ view_parse ] --END-- [ RunTime:0.242255s ]
INFO: [ view_filter ] --START--
INFO: Run Behavior\WriteHtmlCacheBehavior [ RunTime:0.000817s ]
INFO: [ view_filter ] --END-- [ RunTime:0.000948s ]
INFO: [ app_end ] --START--
INFO: Run Behavior\ShowPageTraceBehavior [ RunTime:0.001037s ]
INFO: [ app_end ] --END-- [ RunTime:0.001182s ]

