[ 2016-04-16T10:01:32+08:00 ] 127.0.0.1 /myblog/
INFO: [ app_init ] --START--
INFO: Run Behavior\BuildLiteBehavior [ RunTime:0.000032s ]
INFO: [ app_init ] --END-- [ RunTime:0.001046s ]
INFO: [ app_begin ] --START--
INFO: Run Behavior\ReadHtmlCacheBehavior [ RunTime:0.000627s ]
INFO: [ app_begin ] --END-- [ RunTime:0.000794s ]
SQL: SHOW COLUMNS FROM `myblog_article` [ RunTime:0.0910s ]
SQL: SHOW COLUMNS FROM `myblog_nav` [ RunTime:0.0601s ]
SQL: SELECT * FROM `myblog_nav` WHERE ( nav_parentID=3 ) ORDER BY nav_id  [ RunTime:0.0010s ]
SQL: SELECT * FROM `myblog_article` WHERE ( article_navid = 4 )  [ RunTime:0.0010s ]
SQL: SELECT * FROM `myblog_nav` WHERE ( nav_parentID=4 ) ORDER BY nav_id  [ RunTime:0.0006s ]
SQL: SELECT * FROM `myblog_article` WHERE ( article_navid = 7 )  [ RunTime:0.0013s ]
SQL: SELECT * FROM `myblog_article` WHERE ( article_navid = 8 )  [ RunTime:0.0005s ]
SQL: SELECT * FROM `myblog_article` WHERE ( article_navid = 9 )  [ RunTime:0.0005s ]
SQL: SELECT * FROM `myblog_article` WHERE ( article_navid = 10 )  [ RunTime:0.0005s ]
SQL: SELECT * FROM `myblog_article` WHERE ( article_navid = 5 )  [ RunTime:0.0008s ]
SQL: SELECT * FROM `myblog_nav` WHERE ( nav_parentID=5 ) ORDER BY nav_id  [ RunTime:0.0004s ]
SQL: SELECT * FROM `myblog_article` WHERE ( article_navid = 11 )  [ RunTime:0.0004s ]
SQL: SELECT * FROM `myblog_article` WHERE ( article_navid = 12 )  [ RunTime:0.0003s ]
SQL: SELECT * FROM `myblog_article` WHERE ( article_navid = 13 )  [ RunTime:0.0003s ]
SQL: SELECT * FROM `myblog_article` WHERE ( article_navid = 6 )  [ RunTime:0.0004s ]
SQL: SELECT * FROM `myblog_nav` WHERE ( nav_parentID=6 ) ORDER BY nav_id  [ RunTime:0.0003s ]
SQL: SHOW COLUMNS FROM `myblog_read` [ RunTime:0.0453s ]
SQL: SELECT * FROM `myblog_read` ORDER BY read_count desc LIMIT 5   [ RunTime:0.0004s ]
SQL: SHOW COLUMNS FROM `myblog_article` [ RunTime:0.0076s ]
SQL: SELECT `article_title` FROM `myblog_article` WHERE ( article_id=46 ) LIMIT 1   [ RunTime:0.0003s ]
SQL: SELECT `article_title` FROM `myblog_article` WHERE ( article_id=33 ) LIMIT 1   [ RunTime:0.0002s ]
SQL: SELECT `article_title` FROM `myblog_article` WHERE ( article_id=3 ) LIMIT 1   [ RunTime:0.0002s ]
SQL: SELECT `article_title` FROM `myblog_article` WHERE ( article_id=27 ) LIMIT 1   [ RunTime:0.0001s ]
SQL: SELECT `article_title` FROM `myblog_article` WHERE ( article_id=1 ) LIMIT 1   [ RunTime:0.0001s ]
SQL: SHOW COLUMNS FROM `myblog_user` [ RunTime:0.0410s ]
SQL: SHOW COLUMNS FROM `myblog_bbs` [ RunTime:0.0496s ]
SQL: SELECT COUNT(*) AS tp_count FROM `myblog_bbs` WHERE ( bbs_userid = '' ) LIMIT 1   [ RunTime:0.0005s ]
SQL: SELECT COUNT(*) AS tp_count FROM `myblog_article` WHERE ( article_userid = '' ) LIMIT 1   [ RunTime:0.0004s ]
NOTIC: [8] Undefined variable: navList D:\wamp\www\myblog\Application\Home\Controller\IndexController.class.php 第 21 行.
INFO: [ view_parse ] --START--
INFO: [ template_filter ] --START--
INFO: Run Behavior\ContentReplaceBehavior [ RunTime:0.000192s ]
INFO: [ template_filter ] --END-- [ RunTime:0.000320s ]
NOTIC: [8] Use of undefined constant article_id - assumed 'article_id' D:\wamp\www\myblog\Application\Runtime\Cache\Home\2a94b8bda04ff446dcedd42276fc99ee.php 第 120 行.
NOTIC: [8] Use of undefined constant article_id - assumed 'article_id' D:\wamp\www\myblog\Application\Runtime\Cache\Home\2a94b8bda04ff446dcedd42276fc99ee.php 第 121 行.
NOTIC: [8] Use of undefined constant article_id - assumed 'article_id' D:\wamp\www\myblog\Application\Runtime\Cache\Home\2a94b8bda04ff446dcedd42276fc99ee.php 第 122 行.
NOTIC: [8] Use of undefined constant article_id - assumed 'article_id' D:\wamp\www\myblog\Application\Runtime\Cache\Home\2a94b8bda04ff446dcedd42276fc99ee.php 第 123 行.
NOTIC: [8] Use of undefined constant article_id - assumed 'article_id' D:\wamp\www\myblog\Application\Runtime\Cache\Home\2a94b8bda04ff446dcedd42276fc99ee.php 第 127 行.
NOTIC: [8] Use of undefined constant article_id - assumed 'article_id' D:\wamp\www\myblog\Application\Runtime\Cache\Home\2a94b8bda04ff446dcedd42276fc99ee.php 第 128 行.
NOTIC: [8] Use of undefined constant article_id - assumed 'article_id' D:\wamp\www\myblog\Application\Runtime\Cache\Home\2a94b8bda04ff446dcedd42276fc99ee.php 第 129 行.
NOTIC: [8] Use of undefined constant article_id - assumed 'article_id' D:\wamp\www\myblog\Application\Runtime\Cache\Home\2a94b8bda04ff446dcedd42276fc99ee.php 第 130 行.
NOTIC: [8] Use of undefined constant article_id - assumed 'article_id' D:\wamp\www\myblog\Application\Runtime\Cache\Home\2a94b8bda04ff446dcedd42276fc99ee.php 第 127 行.
NOTIC: [8] Use of undefined constant article_id - assumed 'article_id' D:\wamp\www\myblog\Application\Runtime\Cache\Home\2a94b8bda04ff446dcedd42276fc99ee.php 第 128 行.
NOTIC: [8] Use of undefined constant article_id - assumed 'article_id' D:\wamp\www\myblog\Application\Runtime\Cache\Home\2a94b8bda04ff446dcedd42276fc99ee.php 第 129 行.
NOTIC: [8] Use of undefined constant article_id - assumed 'article_id' D:\wamp\www\myblog\Application\Runtime\Cache\Home\2a94b8bda04ff446dcedd42276fc99ee.php 第 130 行.
NOTIC: [8] Use of undefined constant article_id - assumed 'article_id' D:\wamp\www\myblog\Application\Runtime\Cache\Home\2a94b8bda04ff446dcedd42276fc99ee.php 第 127 行.
NOTIC: [8] Use of undefined constant article_id - assumed 'article_id' D:\wamp\www\myblog\Application\Runtime\Cache\Home\2a94b8bda04ff446dcedd42276fc99ee.php 第 128 行.
NOTIC: [8] Use of undefined constant article_id - assumed 'article_id' D:\wamp\www\myblog\Application\Runtime\Cache\Home\2a94b8bda04ff446dcedd42276fc99ee.php 第 129 行.
NOTIC: [8] Use of undefined constant article_id - assumed 'article_id' D:\wamp\www\myblog\Application\Runtime\Cache\Home\2a94b8bda04ff446dcedd42276fc99ee.php 第 130 行.
NOTIC: [8] Use of undefined constant article_id - assumed 'article_id' D:\wamp\www\myblog\Application\Runtime\Cache\Home\2a94b8bda04ff446dcedd42276fc99ee.php 第 127 行.
NOTIC: [8] Use of undefined constant article_id - assumed 'article_id' D:\wamp\www\myblog\Application\Runtime\Cache\Home\2a94b8bda04ff446dcedd42276fc99ee.php 第 128 行.
NOTIC: [8] Use of undefined constant article_id - assumed 'article_id' D:\wamp\www\myblog\Application\Runtime\Cache\Home\2a94b8bda04ff446dcedd42276fc99ee.php 第 129 行.
NOTIC: [8] Use of undefined constant article_id - assumed 'article_id' D:\wamp\www\myblog\Application\Runtime\Cache\Home\2a94b8bda04ff446dcedd42276fc99ee.php 第 130 行.
NOTIC: [8] Use of undefined constant article_id - assumed 'article_id' D:\wamp\www\myblog\Application\Runtime\Cache\Home\2a94b8bda04ff446dcedd42276fc99ee.php 第 152 行.
NOTIC: [8] Use of undefined constant article_id - assumed 'article_id' D:\wamp\www\myblog\Application\Runtime\Cache\Home\2a94b8bda04ff446dcedd42276fc99ee.php 第 153 行.
NOTIC: [8] Use of undefined constant article_id - assumed 'article_id' D:\wamp\www\myblog\Application\Runtime\Cache\Home\2a94b8bda04ff446dcedd42276fc99ee.php 第 154 行.
NOTIC: [8] Use of undefined constant article_id - assumed 'article_id' D:\wamp\www\myblog\Application\Runtime\Cache\Home\2a94b8bda04ff446dcedd42276fc99ee.php 第 155 行.
NOTIC: [8] Use of undefined constant read_articleid - assumed 'read_articleid' D:\wamp\www\myblog\Application\Runtime\Cache\Home\2a94b8bda04ff446dcedd42276fc99ee.php 第 195 行.
NOTIC: [8] Use of undefined constant read_articleid - assumed 'read_articleid' D:\wamp\www\myblog\Application\Runtime\Cache\Home\2a94b8bda04ff446dcedd42276fc99ee.php 第 195 行.
NOTIC: [8] Use of undefined constant read_articleid - assumed 'read_articleid' D:\wamp\www\myblog\Application\Runtime\Cache\Home\2a94b8bda04ff446dcedd42276fc99ee.php 第 195 行.
NOTIC: [8] Use of undefined constant read_articleid - assumed 'read_articleid' D:\wamp\www\myblog\Application\Runtime\Cache\Home\2a94b8bda04ff446dcedd42276fc99ee.php 第 195 行.
NOTIC: [8] Use of undefined constant read_articleid - assumed 'read_articleid' D:\wamp\www\myblog\Application\Runtime\Cache\Home\2a94b8bda04ff446dcedd42276fc99ee.php 第 195 行.
INFO: Run Behavior\ParseTemplateBehavior [ RunTime:0.149840s ]
INFO: [ view_parse ] --END-- [ RunTime:0.149973s ]
INFO: [ view_filter ] --START--
INFO: Run Behavior\WriteHtmlCacheBehavior [ RunTime:0.000549s ]
INFO: [ view_filter ] --END-- [ RunTime:0.000666s ]
INFO: [ app_end ] --START--
INFO: Run Behavior\ShowPageTraceBehavior [ RunTime:0.000751s ]
INFO: [ app_end ] --END-- [ RunTime:0.000881s ]

[ 2016-04-16T14:33:09+08:00 ] 127.0.0.1 /myblog/
INFO: [ app_init ] --START--
INFO: Run Behavior\BuildLiteBehavior [ RunTime:0.000033s ]
INFO: [ app_init ] --END-- [ RunTime:0.009527s ]
INFO: [ app_begin ] --START--
INFO: Run Behavior\ReadHtmlCacheBehavior [ RunTime:0.006155s ]
INFO: [ app_begin ] --END-- [ RunTime:0.006366s ]
SQL: SHOW COLUMNS FROM `myblog_article` [ RunTime:0.0188s ]
SQL: SHOW COLUMNS FROM `myblog_nav` [ RunTime:0.0122s ]
SQL: SELECT * FROM `myblog_nav` WHERE ( nav_parentID=3 ) ORDER BY nav_id  [ RunTime:0.0006s ]
SQL: SELECT * FROM `myblog_article` WHERE ( article_navid = 4 )  [ RunTime:0.0011s ]
SQL: SELECT * FROM `myblog_nav` WHERE ( nav_parentID=4 ) ORDER BY nav_id  [ RunTime:0.0003s ]
SQL: SELECT * FROM `myblog_article` WHERE ( article_navid = 7 )  [ RunTime:0.0004s ]
SQL: SELECT * FROM `myblog_article` WHERE ( article_navid = 8 )  [ RunTime:0.0003s ]
SQL: SELECT * FROM `myblog_article` WHERE ( article_navid = 9 )  [ RunTime:0.0003s ]
SQL: SELECT * FROM `myblog_article` WHERE ( article_navid = 10 )  [ RunTime:0.0003s ]
SQL: SELECT * FROM `myblog_article` WHERE ( article_navid = 5 )  [ RunTime:0.0002s ]
SQL: SELECT * FROM `myblog_nav` WHERE ( nav_parentID=5 ) ORDER BY nav_id  [ RunTime:0.0002s ]
SQL: SELECT * FROM `myblog_article` WHERE ( article_navid = 11 )  [ RunTime:0.0002s ]
SQL: SELECT * FROM `myblog_article` WHERE ( article_navid = 12 )  [ RunTime:0.0002s ]
SQL: SELECT * FROM `myblog_article` WHERE ( article_navid = 13 )  [ RunTime:0.0002s ]
SQL: SELECT * FROM `myblog_article` WHERE ( article_navid = 6 )  [ RunTime:0.0003s ]
SQL: SELECT * FROM `myblog_nav` WHERE ( nav_parentID=6 ) ORDER BY nav_id  [ RunTime:0.0003s ]
SQL: SHOW COLUMNS FROM `myblog_read` [ RunTime:0.0139s ]
SQL: SELECT * FROM `myblog_read` ORDER BY read_count desc LIMIT 5   [ RunTime:0.0004s ]
SQL: SHOW COLUMNS FROM `myblog_article` [ RunTime:0.0074s ]
SQL: SELECT `article_title` FROM `myblog_article` WHERE ( article_id=46 ) LIMIT 1   [ RunTime:0.0005s ]
SQL: SELECT `article_title` FROM `myblog_article` WHERE ( article_id=33 ) LIMIT 1   [ RunTime:0.0003s ]
SQL: SELECT `article_title` FROM `myblog_article` WHERE ( article_id=3 ) LIMIT 1   [ RunTime:0.0002s ]
SQL: SELECT `article_title` FROM `myblog_article` WHERE ( article_id=27 ) LIMIT 1   [ RunTime:0.0002s ]
SQL: SELECT `article_title` FROM `myblog_article` WHERE ( article_id=1 ) LIMIT 1   [ RunTime:0.0002s ]
SQL: SHOW COLUMNS FROM `myblog_user` [ RunTime:0.0125s ]
SQL: SHOW COLUMNS FROM `myblog_bbs` [ RunTime:0.0099s ]
SQL: SELECT COUNT(*) AS tp_count FROM `myblog_bbs` WHERE ( bbs_userid = '' ) LIMIT 1   [ RunTime:0.0004s ]
SQL: SELECT COUNT(*) AS tp_count FROM `myblog_article` WHERE ( article_userid = '' ) LIMIT 1   [ RunTime:0.0003s ]
NOTIC: [8] Undefined variable: navList D:\wamp\www\myblog\Application\Home\Controller\IndexController.class.php 第 21 行.
INFO: [ view_parse ] --START--
INFO: [ template_filter ] --START--
INFO: Run Behavior\ContentReplaceBehavior [ RunTime:0.000220s ]
INFO: [ template_filter ] --END-- [ RunTime:0.000351s ]
NOTIC: [8] Use of undefined constant article_id - assumed 'article_id' D:\wamp\www\myblog\Application\Runtime\Cache\Home\2a94b8bda04ff446dcedd42276fc99ee.php 第 120 行.
NOTIC: [8] Use of undefined constant article_id - assumed 'article_id' D:\wamp\www\myblog\Application\Runtime\Cache\Home\2a94b8bda04ff446dcedd42276fc99ee.php 第 121 行.
NOTIC: [8] Use of undefined constant article_id - assumed 'article_id' D:\wamp\www\myblog\Application\Runtime\Cache\Home\2a94b8bda04ff446dcedd42276fc99ee.php 第 122 行.
NOTIC: [8] Use of undefined constant article_id - assumed 'article_id' D:\wamp\www\myblog\Application\Runtime\Cache\Home\2a94b8bda04ff446dcedd42276fc99ee.php 第 123 行.
NOTIC: [8] Use of undefined constant article_id - assumed 'article_id' D:\wamp\www\myblog\Application\Runtime\Cache\Home\2a94b8bda04ff446dcedd42276fc99ee.php 第 127 行.
NOTIC: [8] Use of undefined constant article_id - assumed 'article_id' D:\wamp\www\myblog\Application\Runtime\Cache\Home\2a94b8bda04ff446dcedd42276fc99ee.php 第 128 行.
NOTIC: [8] Use of undefined constant article_id - assumed 'article_id' D:\wamp\www\myblog\Application\Runtime\Cache\Home\2a94b8bda04ff446dcedd42276fc99ee.php 第 129 行.
NOTIC: [8] Use of undefined constant article_id - assumed 'article_id' D:\wamp\www\myblog\Application\Runtime\Cache\Home\2a94b8bda04ff446dcedd42276fc99ee.php 第 130 行.
NOTIC: [8] Use of undefined constant article_id - assumed 'article_id' D:\wamp\www\myblog\Application\Runtime\Cache\Home\2a94b8bda04ff446dcedd42276fc99ee.php 第 127 行.
NOTIC: [8] Use of undefined constant article_id - assumed 'article_id' D:\wamp\www\myblog\Application\Runtime\Cache\Home\2a94b8bda04ff446dcedd42276fc99ee.php 第 128 行.
NOTIC: [8] Use of undefined constant article_id - assumed 'article_id' D:\wamp\www\myblog\Application\Runtime\Cache\Home\2a94b8bda04ff446dcedd42276fc99ee.php 第 129 行.
NOTIC: [8] Use of undefined constant article_id - assumed 'article_id' D:\wamp\www\myblog\Application\Runtime\Cache\Home\2a94b8bda04ff446dcedd42276fc99ee.php 第 130 行.
NOTIC: [8] Use of undefined constant article_id - assumed 'article_id' D:\wamp\www\myblog\Application\Runtime\Cache\Home\2a94b8bda04ff446dcedd42276fc99ee.php 第 127 行.
NOTIC: [8] Use of undefined constant article_id - assumed 'article_id' D:\wamp\www\myblog\Application\Runtime\Cache\Home\2a94b8bda04ff446dcedd42276fc99ee.php 第 128 行.
NOTIC: [8] Use of undefined constant article_id - assumed 'article_id' D:\wamp\www\myblog\Application\Runtime\Cache\Home\2a94b8bda04ff446dcedd42276fc99ee.php 第 129 行.
NOTIC: [8] Use of undefined constant article_id - assumed 'article_id' D:\wamp\www\myblog\Application\Runtime\Cache\Home\2a94b8bda04ff446dcedd42276fc99ee.php 第 130 行.
NOTIC: [8] Use of undefined constant article_id - assumed 'article_id' D:\wamp\www\myblog\Application\Runtime\Cache\Home\2a94b8bda04ff446dcedd42276fc99ee.php 第 127 行.
NOTIC: [8] Use of undefined constant article_id - assumed 'article_id' D:\wamp\www\myblog\Application\Runtime\Cache\Home\2a94b8bda04ff446dcedd42276fc99ee.php 第 128 行.
NOTIC: [8] Use of undefined constant article_id - assumed 'article_id' D:\wamp\www\myblog\Application\Runtime\Cache\Home\2a94b8bda04ff446dcedd42276fc99ee.php 第 129 行.
NOTIC: [8] Use of undefined constant article_id - assumed 'article_id' D:\wamp\www\myblog\Application\Runtime\Cache\Home\2a94b8bda04ff446dcedd42276fc99ee.php 第 130 行.
NOTIC: [8] Use of undefined constant article_id - assumed 'article_id' D:\wamp\www\myblog\Application\Runtime\Cache\Home\2a94b8bda04ff446dcedd42276fc99ee.php 第 152 行.
NOTIC: [8] Use of undefined constant article_id - assumed 'article_id' D:\wamp\www\myblog\Application\Runtime\Cache\Home\2a94b8bda04ff446dcedd42276fc99ee.php 第 153 行.
NOTIC: [8] Use of undefined constant article_id - assumed 'article_id' D:\wamp\www\myblog\Application\Runtime\Cache\Home\2a94b8bda04ff446dcedd42276fc99ee.php 第 154 行.
NOTIC: [8] Use of undefined constant article_id - assumed 'article_id' D:\wamp\www\myblog\Application\Runtime\Cache\Home\2a94b8bda04ff446dcedd42276fc99ee.php 第 155 行.
NOTIC: [8] Use of undefined constant read_articleid - assumed 'read_articleid' D:\wamp\www\myblog\Application\Runtime\Cache\Home\2a94b8bda04ff446dcedd42276fc99ee.php 第 195 行.
NOTIC: [8] Use of undefined constant read_articleid - assumed 'read_articleid' D:\wamp\www\myblog\Application\Runtime\Cache\Home\2a94b8bda04ff446dcedd42276fc99ee.php 第 195 行.
NOTIC: [8] Use of undefined constant read_articleid - assumed 'read_articleid' D:\wamp\www\myblog\Application\Runtime\Cache\Home\2a94b8bda04ff446dcedd42276fc99ee.php 第 195 行.
NOTIC: [8] Use of undefined constant read_articleid - assumed 'read_articleid' D:\wamp\www\myblog\Application\Runtime\Cache\Home\2a94b8bda04ff446dcedd42276fc99ee.php 第 195 行.
NOTIC: [8] Use of undefined constant read_articleid - assumed 'read_articleid' D:\wamp\www\myblog\Application\Runtime\Cache\Home\2a94b8bda04ff446dcedd42276fc99ee.php 第 195 行.
INFO: Run Behavior\ParseTemplateBehavior [ RunTime:0.361935s ]
INFO: [ view_parse ] --END-- [ RunTime:0.362143s ]
INFO: [ view_filter ] --START--
INFO: Run Behavior\WriteHtmlCacheBehavior [ RunTime:0.020680s ]
INFO: [ view_filter ] --END-- [ RunTime:0.020894s ]
INFO: [ app_end ] --START--
INFO: Run Behavior\ShowPageTraceBehavior [ RunTime:0.002871s ]
INFO: [ app_end ] --END-- [ RunTime:0.003011s ]

[ 2016-04-16T14:33:16+08:00 ] 127.0.0.1 /myblog/index.php/Home/Login/sign.html
INFO: [ app_init ] --START--
INFO: Run Behavior\BuildLiteBehavior [ RunTime:0.000028s ]
INFO: [ app_init ] --END-- [ RunTime:0.000439s ]
INFO: [ app_begin ] --START--
INFO: Run Behavior\ReadHtmlCacheBehavior [ RunTime:0.000725s ]
INFO: [ app_begin ] --END-- [ RunTime:0.000852s ]
SQL: SHOW COLUMNS FROM `myblog_user` [ RunTime:0.0131s ]
SQL: SELECT * FROM `myblog_user` WHERE ( account='admin' ) LIMIT 1   [ RunTime:0.0004s ]

[ 2016-04-16T14:33:16+08:00 ] 127.0.0.1 /myblog/
INFO: [ app_init ] --START--
INFO: Run Behavior\BuildLiteBehavior [ RunTime:0.000026s ]
INFO: [ app_init ] --END-- [ RunTime:0.000440s ]
INFO: [ app_begin ] --START--
INFO: Run Behavior\ReadHtmlCacheBehavior [ RunTime:0.000685s ]
INFO: [ app_begin ] --END-- [ RunTime:0.000825s ]
SQL: SHOW COLUMNS FROM `myblog_article` [ RunTime:0.0172s ]
SQL: SHOW COLUMNS FROM `myblog_nav` [ RunTime:0.0095s ]
SQL: SELECT * FROM `myblog_nav` WHERE ( nav_parentID=3 ) ORDER BY nav_id  [ RunTime:0.0007s ]
SQL: SELECT * FROM `myblog_article` WHERE ( article_navid = 4 )  [ RunTime:0.0007s ]
SQL: SELECT * FROM `myblog_nav` WHERE ( nav_parentID=4 ) ORDER BY nav_id  [ RunTime:0.0002s ]
SQL: SELECT * FROM `myblog_article` WHERE ( article_navid = 7 )  [ RunTime:0.0003s ]
SQL: SELECT * FROM `myblog_article` WHERE ( article_navid = 8 )  [ RunTime:0.0002s ]
SQL: SELECT * FROM `myblog_article` WHERE ( article_navid = 9 )  [ RunTime:0.0002s ]
SQL: SELECT * FROM `myblog_article` WHERE ( article_navid = 10 )  [ RunTime:0.0002s ]
SQL: SELECT * FROM `myblog_article` WHERE ( article_navid = 5 )  [ RunTime:0.0002s ]
SQL: SELECT * FROM `myblog_nav` WHERE ( nav_parentID=5 ) ORDER BY nav_id  [ RunTime:0.0002s ]
SQL: SELECT * FROM `myblog_article` WHERE ( article_navid = 11 )  [ RunTime:0.0002s ]
SQL: SELECT * FROM `myblog_article` WHERE ( article_navid = 12 )  [ RunTime:0.0002s ]
SQL: SELECT * FROM `myblog_article` WHERE ( article_navid = 13 )  [ RunTime:0.0002s ]
SQL: SELECT * FROM `myblog_article` WHERE ( article_navid = 6 )  [ RunTime:0.0002s ]
SQL: SELECT * FROM `myblog_nav` WHERE ( nav_parentID=6 ) ORDER BY nav_id  [ RunTime:0.0002s ]
SQL: SHOW COLUMNS FROM `myblog_read` [ RunTime:0.0122s ]
SQL: SELECT * FROM `myblog_read` ORDER BY read_count desc LIMIT 5   [ RunTime:0.0003s ]
SQL: SHOW COLUMNS FROM `myblog_article` [ RunTime:0.0095s ]
SQL: SELECT `article_title` FROM `myblog_article` WHERE ( article_id=46 ) LIMIT 1   [ RunTime:0.0002s ]
SQL: SELECT `article_title` FROM `myblog_article` WHERE ( article_id=33 ) LIMIT 1   [ RunTime:0.0003s ]
SQL: SELECT `article_title` FROM `myblog_article` WHERE ( article_id=3 ) LIMIT 1   [ RunTime:0.0003s ]
SQL: SELECT `article_title` FROM `myblog_article` WHERE ( article_id=27 ) LIMIT 1   [ RunTime:0.0002s ]
SQL: SELECT `article_title` FROM `myblog_article` WHERE ( article_id=1 ) LIMIT 1   [ RunTime:0.0002s ]
SQL: SHOW COLUMNS FROM `myblog_user` [ RunTime:0.0077s ]
SQL: SHOW COLUMNS FROM `myblog_bbs` [ RunTime:0.0109s ]
SQL: SELECT COUNT(*) AS tp_count FROM `myblog_bbs` WHERE ( bbs_userid = '1' ) LIMIT 1   [ RunTime:0.0003s ]
SQL: SELECT COUNT(*) AS tp_count FROM `myblog_article` WHERE ( article_userid = '1' ) LIMIT 1   [ RunTime:0.0002s ]
SQL: SHOW COLUMNS FROM `myblog_info` [ RunTime:0.0492s ]
SQL: SELECT `info_email`,`info_intro` FROM `myblog_info` WHERE ( info_userid=1 ) LIMIT 1   [ RunTime:0.0003s ]
NOTIC: [8] Undefined variable: navList D:\wamp\www\myblog\Application\Home\Controller\IndexController.class.php 第 21 行.
INFO: [ view_parse ] --START--
INFO: [ template_filter ] --START--
INFO: Run Behavior\ContentReplaceBehavior [ RunTime:0.000179s ]
INFO: [ template_filter ] --END-- [ RunTime:0.000322s ]
NOTIC: [8] Use of undefined constant article_id - assumed 'article_id' D:\wamp\www\myblog\Application\Runtime\Cache\Home\2a94b8bda04ff446dcedd42276fc99ee.php 第 120 行.
NOTIC: [8] Use of undefined constant article_id - assumed 'article_id' D:\wamp\www\myblog\Application\Runtime\Cache\Home\2a94b8bda04ff446dcedd42276fc99ee.php 第 121 行.
NOTIC: [8] Use of undefined constant article_id - assumed 'article_id' D:\wamp\www\myblog\Application\Runtime\Cache\Home\2a94b8bda04ff446dcedd42276fc99ee.php 第 122 行.
NOTIC: [8] Use of undefined constant article_id - assumed 'article_id' D:\wamp\www\myblog\Application\Runtime\Cache\Home\2a94b8bda04ff446dcedd42276fc99ee.php 第 123 行.
NOTIC: [8] Use of undefined constant article_id - assumed 'article_id' D:\wamp\www\myblog\Application\Runtime\Cache\Home\2a94b8bda04ff446dcedd42276fc99ee.php 第 127 行.
NOTIC: [8] Use of undefined constant article_id - assumed 'article_id' D:\wamp\www\myblog\Application\Runtime\Cache\Home\2a94b8bda04ff446dcedd42276fc99ee.php 第 128 行.
NOTIC: [8] Use of undefined constant article_id - assumed 'article_id' D:\wamp\www\myblog\Application\Runtime\Cache\Home\2a94b8bda04ff446dcedd42276fc99ee.php 第 129 行.
NOTIC: [8] Use of undefined constant article_id - assumed 'article_id' D:\wamp\www\myblog\Application\Runtime\Cache\Home\2a94b8bda04ff446dcedd42276fc99ee.php 第 130 行.
NOTIC: [8] Use of undefined constant article_id - assumed 'article_id' D:\wamp\www\myblog\Application\Runtime\Cache\Home\2a94b8bda04ff446dcedd42276fc99ee.php 第 127 行.
NOTIC: [8] Use of undefined constant article_id - assumed 'article_id' D:\wamp\www\myblog\Application\Runtime\Cache\Home\2a94b8bda04ff446dcedd42276fc99ee.php 第 128 行.
NOTIC: [8] Use of undefined constant article_id - assumed 'article_id' D:\wamp\www\myblog\Application\Runtime\Cache\Home\2a94b8bda04ff446dcedd42276fc99ee.php 第 129 行.
NOTIC: [8] Use of undefined constant article_id - assumed 'article_id' D:\wamp\www\myblog\Application\Runtime\Cache\Home\2a94b8bda04ff446dcedd42276fc99ee.php 第 130 行.
NOTIC: [8] Use of undefined constant article_id - assumed 'article_id' D:\wamp\www\myblog\Application\Runtime\Cache\Home\2a94b8bda04ff446dcedd42276fc99ee.php 第 127 行.
NOTIC: [8] Use of undefined constant article_id - assumed 'article_id' D:\wamp\www\myblog\Application\Runtime\Cache\Home\2a94b8bda04ff446dcedd42276fc99ee.php 第 128 行.
NOTIC: [8] Use of undefined constant article_id - assumed 'article_id' D:\wamp\www\myblog\Application\Runtime\Cache\Home\2a94b8bda04ff446dcedd42276fc99ee.php 第 129 行.
NOTIC: [8] Use of undefined constant article_id - assumed 'article_id' D:\wamp\www\myblog\Application\Runtime\Cache\Home\2a94b8bda04ff446dcedd42276fc99ee.php 第 130 行.
NOTIC: [8] Use of undefined constant article_id - assumed 'article_id' D:\wamp\www\myblog\Application\Runtime\Cache\Home\2a94b8bda04ff446dcedd42276fc99ee.php 第 127 行.
NOTIC: [8] Use of undefined constant article_id - assumed 'article_id' D:\wamp\www\myblog\Application\Runtime\Cache\Home\2a94b8bda04ff446dcedd42276fc99ee.php 第 128 行.
NOTIC: [8] Use of undefined constant article_id - assumed 'article_id' D:\wamp\www\myblog\Application\Runtime\Cache\Home\2a94b8bda04ff446dcedd42276fc99ee.php 第 129 行.
NOTIC: [8] Use of undefined constant article_id - assumed 'article_id' D:\wamp\www\myblog\Application\Runtime\Cache\Home\2a94b8bda04ff446dcedd42276fc99ee.php 第 130 行.
NOTIC: [8] Use of undefined constant article_id - assumed 'article_id' D:\wamp\www\myblog\Application\Runtime\Cache\Home\2a94b8bda04ff446dcedd42276fc99ee.php 第 152 行.
NOTIC: [8] Use of undefined constant article_id - assumed 'article_id' D:\wamp\www\myblog\Application\Runtime\Cache\Home\2a94b8bda04ff446dcedd42276fc99ee.php 第 153 行.
NOTIC: [8] Use of undefined constant article_id - assumed 'article_id' D:\wamp\www\myblog\Application\Runtime\Cache\Home\2a94b8bda04ff446dcedd42276fc99ee.php 第 154 行.
NOTIC: [8] Use of undefined constant article_id - assumed 'article_id' D:\wamp\www\myblog\Application\Runtime\Cache\Home\2a94b8bda04ff446dcedd42276fc99ee.php 第 155 行.
NOTIC: [8] Use of undefined constant read_articleid - assumed 'read_articleid' D:\wamp\www\myblog\Application\Runtime\Cache\Home\2a94b8bda04ff446dcedd42276fc99ee.php 第 195 行.
NOTIC: [8] Use of undefined constant read_articleid - assumed 'read_articleid' D:\wamp\www\myblog\Application\Runtime\Cache\Home\2a94b8bda04ff446dcedd42276fc99ee.php 第 195 行.
NOTIC: [8] Use of undefined constant read_articleid - assumed 'read_articleid' D:\wamp\www\myblog\Application\Runtime\Cache\Home\2a94b8bda04ff446dcedd42276fc99ee.php 第 195 行.
NOTIC: [8] Use of undefined constant read_articleid - assumed 'read_articleid' D:\wamp\www\myblog\Application\Runtime\Cache\Home\2a94b8bda04ff446dcedd42276fc99ee.php 第 195 行.
NOTIC: [8] Use of undefined constant read_articleid - assumed 'read_articleid' D:\wamp\www\myblog\Application\Runtime\Cache\Home\2a94b8bda04ff446dcedd42276fc99ee.php 第 195 行.
INFO: Run Behavior\ParseTemplateBehavior [ RunTime:0.174117s ]
INFO: [ view_parse ] --END-- [ RunTime:0.174262s ]
INFO: [ view_filter ] --START--
INFO: Run Behavior\WriteHtmlCacheBehavior [ RunTime:0.000591s ]
INFO: [ view_filter ] --END-- [ RunTime:0.000708s ]
INFO: [ app_end ] --START--
INFO: Run Behavior\ShowPageTraceBehavior [ RunTime:0.000717s ]
INFO: [ app_end ] --END-- [ RunTime:0.000826s ]

[ 2016-04-16T14:33:28+08:00 ] 127.0.0.1 /myblog/index.php/Home/Account/index.html
INFO: [ app_init ] --START--
INFO: Run Behavior\BuildLiteBehavior [ RunTime:0.000046s ]
INFO: [ app_init ] --END-- [ RunTime:0.000822s ]
INFO: [ app_begin ] --START--
INFO: Run Behavior\ReadHtmlCacheBehavior [ RunTime:0.000906s ]
INFO: [ app_begin ] --END-- [ RunTime:0.001083s ]
SQL: SHOW COLUMNS FROM `myblog_info` [ RunTime:0.0133s ]
SQL: SELECT * FROM `myblog_info` WHERE ( info_userid=1 ) LIMIT 1   [ RunTime:0.0003s ]
SQL: SHOW COLUMNS FROM `myblog_bbs` [ RunTime:0.0133s ]
SQL: SELECT COUNT(*) AS tp_count FROM `myblog_bbs` WHERE ( bbs_userid=1 ) LIMIT 1   [ RunTime:0.0003s ]
SQL: SHOW COLUMNS FROM `myblog_article` [ RunTime:0.0101s ]
SQL: SELECT COUNT(*) AS tp_count FROM `myblog_article` WHERE ( article_userid=1 ) LIMIT 1   [ RunTime:0.0003s ]
SQL: SELECT * FROM `myblog_article` WHERE ( article_userid=1 ) ORDER BY article_id desc LIMIT 0,10   [ RunTime:0.0005s ]
SQL: SHOW COLUMNS FROM `myblog_user` [ RunTime:0.0095s ]
SQL: SELECT `user` FROM `myblog_user` WHERE ( id=1 ) LIMIT 1   [ RunTime:0.0003s ]
SQL: SHOW COLUMNS FROM `myblog_cmt` [ RunTime:0.0327s ]
SQL: SELECT COUNT(*) AS tp_count FROM `myblog_cmt` WHERE ( cmt_articleid=50 ) LIMIT 1   [ RunTime:0.0003s ]
SQL: SHOW COLUMNS FROM `myblog_like` [ RunTime:0.0474s ]
SQL: SELECT COUNT(*) AS tp_count FROM `myblog_like` WHERE ( like_articleid=50 ) LIMIT 1   [ RunTime:0.0003s ]
SQL: SHOW COLUMNS FROM `myblog_read` [ RunTime:0.0106s ]
SQL: SELECT `read_count` FROM `myblog_read` WHERE ( read_articleid=50 ) LIMIT 1   [ RunTime:0.0003s ]
SQL: SELECT `user` FROM `myblog_user` WHERE ( id=1 ) LIMIT 1   [ RunTime:0.0002s ]
SQL: SELECT COUNT(*) AS tp_count FROM `myblog_cmt` WHERE ( cmt_articleid=49 ) LIMIT 1   [ RunTime:0.0002s ]
SQL: SELECT COUNT(*) AS tp_count FROM `myblog_like` WHERE ( like_articleid=49 ) LIMIT 1   [ RunTime:0.0002s ]
SQL: SELECT `read_count` FROM `myblog_read` WHERE ( read_articleid=49 ) LIMIT 1   [ RunTime:0.0003s ]
SQL: SELECT `user` FROM `myblog_user` WHERE ( id=1 ) LIMIT 1   [ RunTime:0.0003s ]
SQL: SELECT COUNT(*) AS tp_count FROM `myblog_cmt` WHERE ( cmt_articleid=48 ) LIMIT 1   [ RunTime:0.0003s ]
SQL: SELECT COUNT(*) AS tp_count FROM `myblog_like` WHERE ( like_articleid=48 ) LIMIT 1   [ RunTime:0.0002s ]
SQL: SELECT `read_count` FROM `myblog_read` WHERE ( read_articleid=48 ) LIMIT 1   [ RunTime:0.0002s ]
SQL: SELECT `user` FROM `myblog_user` WHERE ( id=1 ) LIMIT 1   [ RunTime:0.0002s ]
SQL: SELECT COUNT(*) AS tp_count FROM `myblog_cmt` WHERE ( cmt_articleid=47 ) LIMIT 1   [ RunTime:0.0002s ]
SQL: SELECT COUNT(*) AS tp_count FROM `myblog_like` WHERE ( like_articleid=47 ) LIMIT 1   [ RunTime:0.0002s ]
SQL: SELECT `read_count` FROM `myblog_read` WHERE ( read_articleid=47 ) LIMIT 1   [ RunTime:0.0002s ]
SQL: SELECT `user` FROM `myblog_user` WHERE ( id=1 ) LIMIT 1   [ RunTime:0.0002s ]
SQL: SELECT COUNT(*) AS tp_count FROM `myblog_cmt` WHERE ( cmt_articleid=46 ) LIMIT 1   [ RunTime:0.0002s ]
SQL: SELECT COUNT(*) AS tp_count FROM `myblog_like` WHERE ( like_articleid=46 ) LIMIT 1   [ RunTime:0.0003s ]
SQL: SELECT `read_count` FROM `myblog_read` WHERE ( read_articleid=46 ) LIMIT 1   [ RunTime:0.0002s ]
SQL: SELECT `user` FROM `myblog_user` WHERE ( id=1 ) LIMIT 1   [ RunTime:0.0002s ]
SQL: SELECT COUNT(*) AS tp_count FROM `myblog_cmt` WHERE ( cmt_articleid=45 ) LIMIT 1   [ RunTime:0.0002s ]
SQL: SELECT COUNT(*) AS tp_count FROM `myblog_like` WHERE ( like_articleid=45 ) LIMIT 1   [ RunTime:0.0002s ]
SQL: SELECT `read_count` FROM `myblog_read` WHERE ( read_articleid=45 ) LIMIT 1   [ RunTime:0.0002s ]
SQL: SELECT `user` FROM `myblog_user` WHERE ( id=1 ) LIMIT 1   [ RunTime:0.0002s ]
SQL: SELECT COUNT(*) AS tp_count FROM `myblog_cmt` WHERE ( cmt_articleid=44 ) LIMIT 1   [ RunTime:0.0002s ]
SQL: SELECT COUNT(*) AS tp_count FROM `myblog_like` WHERE ( like_articleid=44 ) LIMIT 1   [ RunTime:0.0002s ]
SQL: SELECT `read_count` FROM `myblog_read` WHERE ( read_articleid=44 ) LIMIT 1   [ RunTime:0.0002s ]
SQL: SELECT `user` FROM `myblog_user` WHERE ( id=1 ) LIMIT 1   [ RunTime:0.0002s ]
SQL: SELECT COUNT(*) AS tp_count FROM `myblog_cmt` WHERE ( cmt_articleid=43 ) LIMIT 1   [ RunTime:0.0002s ]
SQL: SELECT COUNT(*) AS tp_count FROM `myblog_like` WHERE ( like_articleid=43 ) LIMIT 1   [ RunTime:0.0002s ]
SQL: SELECT `read_count` FROM `myblog_read` WHERE ( read_articleid=43 ) LIMIT 1   [ RunTime:0.0002s ]
SQL: SELECT `user` FROM `myblog_user` WHERE ( id=1 ) LIMIT 1   [ RunTime:0.0003s ]
SQL: SELECT COUNT(*) AS tp_count FROM `myblog_cmt` WHERE ( cmt_articleid=42 ) LIMIT 1   [ RunTime:0.0003s ]
SQL: SELECT COUNT(*) AS tp_count FROM `myblog_like` WHERE ( like_articleid=42 ) LIMIT 1   [ RunTime:0.0003s ]
SQL: SELECT `read_count` FROM `myblog_read` WHERE ( read_articleid=42 ) LIMIT 1   [ RunTime:0.0004s ]
SQL: SELECT `user` FROM `myblog_user` WHERE ( id=1 ) LIMIT 1   [ RunTime:0.0003s ]
SQL: SELECT COUNT(*) AS tp_count FROM `myblog_cmt` WHERE ( cmt_articleid=41 ) LIMIT 1   [ RunTime:0.0003s ]
SQL: SELECT COUNT(*) AS tp_count FROM `myblog_like` WHERE ( like_articleid=41 ) LIMIT 1   [ RunTime:0.0003s ]
SQL: SELECT `read_count` FROM `myblog_read` WHERE ( read_articleid=41 ) LIMIT 1   [ RunTime:0.0003s ]
INFO: [ view_parse ] --START--
INFO: [ template_filter ] --START--
INFO: Run Behavior\ContentReplaceBehavior [ RunTime:0.000144s ]
INFO: [ template_filter ] --END-- [ RunTime:0.000275s ]
NOTIC: [8] Use of undefined constant article_id - assumed 'article_id' D:\wamp\www\myblog\Application\Runtime\Cache\Home\75258512b0102698c3b7c521ff29b9c1.php 第 150 行.
NOTIC: [8] Use of undefined constant article_id - assumed 'article_id' D:\wamp\www\myblog\Application\Runtime\Cache\Home\75258512b0102698c3b7c521ff29b9c1.php 第 150 行.
NOTIC: [8] Use of undefined constant article_id - assumed 'article_id' D:\wamp\www\myblog\Application\Runtime\Cache\Home\75258512b0102698c3b7c521ff29b9c1.php 第 150 行.
NOTIC: [8] Use of undefined constant article_id - assumed 'article_id' D:\wamp\www\myblog\Application\Runtime\Cache\Home\75258512b0102698c3b7c521ff29b9c1.php 第 150 行.
NOTIC: [8] Use of undefined constant article_id - assumed 'article_id' D:\wamp\www\myblog\Application\Runtime\Cache\Home\75258512b0102698c3b7c521ff29b9c1.php 第 150 行.
NOTIC: [8] Use of undefined constant article_id - assumed 'article_id' D:\wamp\www\myblog\Application\Runtime\Cache\Home\75258512b0102698c3b7c521ff29b9c1.php 第 150 行.
NOTIC: [8] Use of undefined constant article_id - assumed 'article_id' D:\wamp\www\myblog\Application\Runtime\Cache\Home\75258512b0102698c3b7c521ff29b9c1.php 第 150 行.
NOTIC: [8] Use of undefined constant article_id - assumed 'article_id' D:\wamp\www\myblog\Application\Runtime\Cache\Home\75258512b0102698c3b7c521ff29b9c1.php 第 150 行.
NOTIC: [8] Use of undefined constant article_id - assumed 'article_id' D:\wamp\www\myblog\Application\Runtime\Cache\Home\75258512b0102698c3b7c521ff29b9c1.php 第 150 行.
NOTIC: [8] Use of undefined constant article_id - assumed 'article_id' D:\wamp\www\myblog\Application\Runtime\Cache\Home\75258512b0102698c3b7c521ff29b9c1.php 第 150 行.
INFO: Run Behavior\ParseTemplateBehavior [ RunTime:0.117968s ]
INFO: [ view_parse ] --END-- [ RunTime:0.118108s ]
INFO: [ view_filter ] --START--
INFO: Run Behavior\WriteHtmlCacheBehavior [ RunTime:0.000564s ]
INFO: [ view_filter ] --END-- [ RunTime:0.000671s ]
INFO: [ app_end ] --START--
INFO: Run Behavior\ShowPageTraceBehavior [ RunTime:0.000748s ]
INFO: [ app_end ] --END-- [ RunTime:0.000884s ]

[ 2016-04-16T14:55:10+08:00 ] 127.0.0.1 /myblog/index.php/Home/Account/getInfo.html
INFO: [ app_init ] --START--
INFO: Run Behavior\BuildLiteBehavior [ RunTime:0.000033s ]
INFO: [ app_init ] --END-- [ RunTime:0.013270s ]
INFO: [ app_begin ] --START--
INFO: Run Behavior\ReadHtmlCacheBehavior [ RunTime:0.005724s ]
INFO: [ app_begin ] --END-- [ RunTime:0.005883s ]
SQL: SHOW COLUMNS FROM `myblog_info` [ RunTime:0.0213s ]
SQL: SELECT * FROM `myblog_info` WHERE ( info_userid=1 ) LIMIT 1   [ RunTime:0.0009s ]

[ 2016-04-16T14:55:37+08:00 ] 127.0.0.1 /myblog/index.php/Home/Account/index.html
INFO: [ app_init ] --START--
INFO: Run Behavior\BuildLiteBehavior [ RunTime:0.000027s ]
INFO: [ app_init ] --END-- [ RunTime:0.000462s ]
INFO: [ app_begin ] --START--
INFO: Run Behavior\ReadHtmlCacheBehavior [ RunTime:0.000769s ]
INFO: [ app_begin ] --END-- [ RunTime:0.000895s ]
SQL: SHOW COLUMNS FROM `myblog_info` [ RunTime:0.0127s ]
SQL: SELECT * FROM `myblog_info` WHERE ( info_userid=1 ) LIMIT 1   [ RunTime:0.0004s ]
SQL: SHOW COLUMNS FROM `myblog_bbs` [ RunTime:0.0109s ]
SQL: SELECT COUNT(*) AS tp_count FROM `myblog_bbs` WHERE ( bbs_userid=1 ) LIMIT 1   [ RunTime:0.0004s ]
SQL: SHOW COLUMNS FROM `myblog_article` [ RunTime:0.0107s ]
SQL: SELECT COUNT(*) AS tp_count FROM `myblog_article` WHERE ( article_userid=1 ) LIMIT 1   [ RunTime:0.0005s ]
SQL: SELECT * FROM `myblog_article` WHERE ( article_userid=1 ) ORDER BY article_id desc LIMIT 0,10   [ RunTime:0.0008s ]
SQL: SHOW COLUMNS FROM `myblog_user` [ RunTime:0.0100s ]
SQL: SELECT `user` FROM `myblog_user` WHERE ( id=1 ) LIMIT 1   [ RunTime:0.0004s ]
SQL: SHOW COLUMNS FROM `myblog_cmt` [ RunTime:0.0110s ]
SQL: SELECT COUNT(*) AS tp_count FROM `myblog_cmt` WHERE ( cmt_articleid=50 ) LIMIT 1   [ RunTime:0.0004s ]
SQL: SHOW COLUMNS FROM `myblog_like` [ RunTime:0.0101s ]
SQL: SELECT COUNT(*) AS tp_count FROM `myblog_like` WHERE ( like_articleid=50 ) LIMIT 1   [ RunTime:0.0005s ]
SQL: SHOW COLUMNS FROM `myblog_read` [ RunTime:0.0107s ]
SQL: SELECT `read_count` FROM `myblog_read` WHERE ( read_articleid=50 ) LIMIT 1   [ RunTime:0.0003s ]
SQL: SELECT `user` FROM `myblog_user` WHERE ( id=1 ) LIMIT 1   [ RunTime:0.0002s ]
SQL: SELECT COUNT(*) AS tp_count FROM `myblog_cmt` WHERE ( cmt_articleid=49 ) LIMIT 1   [ RunTime:0.0002s ]
SQL: SELECT COUNT(*) AS tp_count FROM `myblog_like` WHERE ( like_articleid=49 ) LIMIT 1   [ RunTime:0.0002s ]
SQL: SELECT `read_count` FROM `myblog_read` WHERE ( read_articleid=49 ) LIMIT 1   [ RunTime:0.0002s ]
SQL: SELECT `user` FROM `myblog_user` WHERE ( id=1 ) LIMIT 1   [ RunTime:0.0002s ]
SQL: SELECT COUNT(*) AS tp_count FROM `myblog_cmt` WHERE ( cmt_articleid=48 ) LIMIT 1   [ RunTime:0.0003s ]
SQL: SELECT COUNT(*) AS tp_count FROM `myblog_like` WHERE ( like_articleid=48 ) LIMIT 1   [ RunTime:0.0002s ]
SQL: SELECT `read_count` FROM `myblog_read` WHERE ( read_articleid=48 ) LIMIT 1   [ RunTime:0.0002s ]
SQL: SELECT `user` FROM `myblog_user` WHERE ( id=1 ) LIMIT 1   [ RunTime:0.0002s ]
SQL: SELECT COUNT(*) AS tp_count FROM `myblog_cmt` WHERE ( cmt_articleid=47 ) LIMIT 1   [ RunTime:0.0002s ]
SQL: SELECT COUNT(*) AS tp_count FROM `myblog_like` WHERE ( like_articleid=47 ) LIMIT 1   [ RunTime:0.0002s ]
SQL: SELECT `read_count` FROM `myblog_read` WHERE ( read_articleid=47 ) LIMIT 1   [ RunTime:0.0002s ]
SQL: SELECT `user` FROM `myblog_user` WHERE ( id=1 ) LIMIT 1   [ RunTime:0.0002s ]
SQL: SELECT COUNT(*) AS tp_count FROM `myblog_cmt` WHERE ( cmt_articleid=46 ) LIMIT 1   [ RunTime:0.0002s ]
SQL: SELECT COUNT(*) AS tp_count FROM `myblog_like` WHERE ( like_articleid=46 ) LIMIT 1   [ RunTime:0.0002s ]
SQL: SELECT `read_count` FROM `myblog_read` WHERE ( read_articleid=46 ) LIMIT 1   [ RunTime:0.0002s ]
SQL: SELECT `user` FROM `myblog_user` WHERE ( id=1 ) LIMIT 1   [ RunTime:0.0002s ]
SQL: SELECT COUNT(*) AS tp_count FROM `myblog_cmt` WHERE ( cmt_articleid=45 ) LIMIT 1   [ RunTime:0.0002s ]
SQL: SELECT COUNT(*) AS tp_count FROM `myblog_like` WHERE ( like_articleid=45 ) LIMIT 1   [ RunTime:0.0002s ]
SQL: SELECT `read_count` FROM `myblog_read` WHERE ( read_articleid=45 ) LIMIT 1   [ RunTime:0.0002s ]
SQL: SELECT `user` FROM `myblog_user` WHERE ( id=1 ) LIMIT 1   [ RunTime:0.0002s ]
SQL: SELECT COUNT(*) AS tp_count FROM `myblog_cmt` WHERE ( cmt_articleid=44 ) LIMIT 1   [ RunTime:0.0002s ]
SQL: SELECT COUNT(*) AS tp_count FROM `myblog_like` WHERE ( like_articleid=44 ) LIMIT 1   [ RunTime:0.0002s ]
SQL: SELECT `read_count` FROM `myblog_read` WHERE ( read_articleid=44 ) LIMIT 1   [ RunTime:0.0002s ]
SQL: SELECT `user` FROM `myblog_user` WHERE ( id=1 ) LIMIT 1   [ RunTime:0.0002s ]
SQL: SELECT COUNT(*) AS tp_count FROM `myblog_cmt` WHERE ( cmt_articleid=43 ) LIMIT 1   [ RunTime:0.0002s ]
SQL: SELECT COUNT(*) AS tp_count FROM `myblog_like` WHERE ( like_articleid=43 ) LIMIT 1   [ RunTime:0.0002s ]
SQL: SELECT `read_count` FROM `myblog_read` WHERE ( read_articleid=43 ) LIMIT 1   [ RunTime:0.0002s ]
SQL: SELECT `user` FROM `myblog_user` WHERE ( id=1 ) LIMIT 1   [ RunTime:0.0002s ]
SQL: SELECT COUNT(*) AS tp_count FROM `myblog_cmt` WHERE ( cmt_articleid=42 ) LIMIT 1   [ RunTime:0.0002s ]
SQL: SELECT COUNT(*) AS tp_count FROM `myblog_like` WHERE ( like_articleid=42 ) LIMIT 1   [ RunTime:0.0002s ]
SQL: SELECT `read_count` FROM `myblog_read` WHERE ( read_articleid=42 ) LIMIT 1   [ RunTime:0.0002s ]
SQL: SELECT `user` FROM `myblog_user` WHERE ( id=1 ) LIMIT 1   [ RunTime:0.0002s ]
SQL: SELECT COUNT(*) AS tp_count FROM `myblog_cmt` WHERE ( cmt_articleid=41 ) LIMIT 1   [ RunTime:0.0002s ]
SQL: SELECT COUNT(*) AS tp_count FROM `myblog_like` WHERE ( like_articleid=41 ) LIMIT 1   [ RunTime:0.0002s ]
SQL: SELECT `read_count` FROM `myblog_read` WHERE ( read_articleid=41 ) LIMIT 1   [ RunTime:0.0002s ]
INFO: [ view_parse ] --START--
INFO: [ template_filter ] --START--
INFO: Run Behavior\ContentReplaceBehavior [ RunTime:0.000244s ]
INFO: [ template_filter ] --END-- [ RunTime:0.000407s ]
NOTIC: [8] Use of undefined constant article_id - assumed 'article_id' D:\wamp\www\myblog\Application\Runtime\Cache\Home\75258512b0102698c3b7c521ff29b9c1.php 第 150 行.
NOTIC: [8] Use of undefined constant article_id - assumed 'article_id' D:\wamp\www\myblog\Application\Runtime\Cache\Home\75258512b0102698c3b7c521ff29b9c1.php 第 150 行.
NOTIC: [8] Use of undefined constant article_id - assumed 'article_id' D:\wamp\www\myblog\Application\Runtime\Cache\Home\75258512b0102698c3b7c521ff29b9c1.php 第 150 行.
NOTIC: [8] Use of undefined constant article_id - assumed 'article_id' D:\wamp\www\myblog\Application\Runtime\Cache\Home\75258512b0102698c3b7c521ff29b9c1.php 第 150 行.
NOTIC: [8] Use of undefined constant article_id - assumed 'article_id' D:\wamp\www\myblog\Application\Runtime\Cache\Home\75258512b0102698c3b7c521ff29b9c1.php 第 150 行.
NOTIC: [8] Use of undefined constant article_id - assumed 'article_id' D:\wamp\www\myblog\Application\Runtime\Cache\Home\75258512b0102698c3b7c521ff29b9c1.php 第 150 行.
NOTIC: [8] Use of undefined constant article_id - assumed 'article_id' D:\wamp\www\myblog\Application\Runtime\Cache\Home\75258512b0102698c3b7c521ff29b9c1.php 第 150 行.
NOTIC: [8] Use of undefined constant article_id - assumed 'article_id' D:\wamp\www\myblog\Application\Runtime\Cache\Home\75258512b0102698c3b7c521ff29b9c1.php 第 150 行.
NOTIC: [8] Use of undefined constant article_id - assumed 'article_id' D:\wamp\www\myblog\Application\Runtime\Cache\Home\75258512b0102698c3b7c521ff29b9c1.php 第 150 行.
NOTIC: [8] Use of undefined constant article_id - assumed 'article_id' D:\wamp\www\myblog\Application\Runtime\Cache\Home\75258512b0102698c3b7c521ff29b9c1.php 第 150 行.
INFO: Run Behavior\ParseTemplateBehavior [ RunTime:0.246230s ]
INFO: [ view_parse ] --END-- [ RunTime:0.246382s ]
INFO: [ view_filter ] --START--
INFO: Run Behavior\WriteHtmlCacheBehavior [ RunTime:0.005339s ]
INFO: [ view_filter ] --END-- [ RunTime:0.005548s ]
INFO: [ app_end ] --START--
INFO: Run Behavior\ShowPageTraceBehavior [ RunTime:0.002489s ]
INFO: [ app_end ] --END-- [ RunTime:0.002781s ]

[ 2016-04-16T14:55:48+08:00 ] 127.0.0.1 /myblog/index.php/Home/Account/index.html
INFO: [ app_init ] --START--
INFO: Run Behavior\BuildLiteBehavior [ RunTime:0.000045s ]
INFO: [ app_init ] --END-- [ RunTime:0.000829s ]
INFO: [ app_begin ] --START--
INFO: Run Behavior\ReadHtmlCacheBehavior [ RunTime:0.000849s ]
INFO: [ app_begin ] --END-- [ RunTime:0.001032s ]
SQL: SHOW COLUMNS FROM `myblog_info` [ RunTime:0.0163s ]
SQL: SELECT * FROM `myblog_info` WHERE ( info_userid=1 ) LIMIT 1   [ RunTime:0.0004s ]
SQL: SHOW COLUMNS FROM `myblog_bbs` [ RunTime:0.0169s ]
SQL: SELECT COUNT(*) AS tp_count FROM `myblog_bbs` WHERE ( bbs_userid=1 ) LIMIT 1   [ RunTime:0.0003s ]
SQL: SHOW COLUMNS FROM `myblog_article` [ RunTime:0.0134s ]
SQL: SELECT COUNT(*) AS tp_count FROM `myblog_article` WHERE ( article_userid=1 ) LIMIT 1   [ RunTime:0.0003s ]
SQL: SELECT * FROM `myblog_article` WHERE ( article_userid=1 ) ORDER BY article_id desc LIMIT 0,10   [ RunTime:0.0006s ]
SQL: SHOW COLUMNS FROM `myblog_user` [ RunTime:0.0128s ]
SQL: SELECT `user` FROM `myblog_user` WHERE ( id=1 ) LIMIT 1   [ RunTime:0.0003s ]
SQL: SHOW COLUMNS FROM `myblog_cmt` [ RunTime:0.0143s ]
SQL: SELECT COUNT(*) AS tp_count FROM `myblog_cmt` WHERE ( cmt_articleid=50 ) LIMIT 1   [ RunTime:0.0003s ]
SQL: SHOW COLUMNS FROM `myblog_like` [ RunTime:0.0121s ]
SQL: SELECT COUNT(*) AS tp_count FROM `myblog_like` WHERE ( like_articleid=50 ) LIMIT 1   [ RunTime:0.0003s ]
SQL: SHOW COLUMNS FROM `myblog_read` [ RunTime:0.0108s ]
SQL: SELECT `read_count` FROM `myblog_read` WHERE ( read_articleid=50 ) LIMIT 1   [ RunTime:0.0004s ]
SQL: SELECT `user` FROM `myblog_user` WHERE ( id=1 ) LIMIT 1   [ RunTime:0.0002s ]
SQL: SELECT COUNT(*) AS tp_count FROM `myblog_cmt` WHERE ( cmt_articleid=49 ) LIMIT 1   [ RunTime:0.0003s ]
SQL: SELECT COUNT(*) AS tp_count FROM `myblog_like` WHERE ( like_articleid=49 ) LIMIT 1   [ RunTime:0.0003s ]
SQL: SELECT `read_count` FROM `myblog_read` WHERE ( read_articleid=49 ) LIMIT 1   [ RunTime:0.0003s ]
SQL: SELECT `user` FROM `myblog_user` WHERE ( id=1 ) LIMIT 1   [ RunTime:0.0002s ]
SQL: SELECT COUNT(*) AS tp_count FROM `myblog_cmt` WHERE ( cmt_articleid=48 ) LIMIT 1   [ RunTime:0.0003s ]
SQL: SELECT COUNT(*) AS tp_count FROM `myblog_like` WHERE ( like_articleid=48 ) LIMIT 1   [ RunTime:0.0003s ]
SQL: SELECT `read_count` FROM `myblog_read` WHERE ( read_articleid=48 ) LIMIT 1   [ RunTime:0.0002s ]
SQL: SELECT `user` FROM `myblog_user` WHERE ( id=1 ) LIMIT 1   [ RunTime:0.0002s ]
SQL: SELECT COUNT(*) AS tp_count FROM `myblog_cmt` WHERE ( cmt_articleid=47 ) LIMIT 1   [ RunTime:0.0003s ]
SQL: SELECT COUNT(*) AS tp_count FROM `myblog_like` WHERE ( like_articleid=47 ) LIMIT 1   [ RunTime:0.0002s ]
SQL: SELECT `read_count` FROM `myblog_read` WHERE ( read_articleid=47 ) LIMIT 1   [ RunTime:0.0003s ]
SQL: SELECT `user` FROM `myblog_user` WHERE ( id=1 ) LIMIT 1   [ RunTime:0.0003s ]
SQL: SELECT COUNT(*) AS tp_count FROM `myblog_cmt` WHERE ( cmt_articleid=46 ) LIMIT 1   [ RunTime:0.0004s ]
SQL: SELECT COUNT(*) AS tp_count FROM `myblog_like` WHERE ( like_articleid=46 ) LIMIT 1   [ RunTime:0.0004s ]
SQL: SELECT `read_count` FROM `myblog_read` WHERE ( read_articleid=46 ) LIMIT 1   [ RunTime:0.0003s ]
SQL: SELECT `user` FROM `myblog_user` WHERE ( id=1 ) LIMIT 1   [ RunTime:0.0002s ]
SQL: SELECT COUNT(*) AS tp_count FROM `myblog_cmt` WHERE ( cmt_articleid=45 ) LIMIT 1   [ RunTime:0.0002s ]
SQL: SELECT COUNT(*) AS tp_count FROM `myblog_like` WHERE ( like_articleid=45 ) LIMIT 1   [ RunTime:0.0002s ]
SQL: SELECT `read_count` FROM `myblog_read` WHERE ( read_articleid=45 ) LIMIT 1   [ RunTime:0.0004s ]
SQL: SELECT `user` FROM `myblog_user` WHERE ( id=1 ) LIMIT 1   [ RunTime:0.0003s ]
SQL: SELECT COUNT(*) AS tp_count FROM `myblog_cmt` WHERE ( cmt_articleid=44 ) LIMIT 1   [ RunTime:0.0003s ]
SQL: SELECT COUNT(*) AS tp_count FROM `myblog_like` WHERE ( like_articleid=44 ) LIMIT 1   [ RunTime:0.0002s ]
SQL: SELECT `read_count` FROM `myblog_read` WHERE ( read_articleid=44 ) LIMIT 1   [ RunTime:0.0003s ]
SQL: SELECT `user` FROM `myblog_user` WHERE ( id=1 ) LIMIT 1   [ RunTime:0.0004s ]
SQL: SELECT COUNT(*) AS tp_count FROM `myblog_cmt` WHERE ( cmt_articleid=43 ) LIMIT 1   [ RunTime:0.0004s ]
SQL: SELECT COUNT(*) AS tp_count FROM `myblog_like` WHERE ( like_articleid=43 ) LIMIT 1   [ RunTime:0.0010s ]
SQL: SELECT `read_count` FROM `myblog_read` WHERE ( read_articleid=43 ) LIMIT 1   [ RunTime:0.0004s ]
SQL: SELECT `user` FROM `myblog_user` WHERE ( id=1 ) LIMIT 1   [ RunTime:0.0003s ]
SQL: SELECT COUNT(*) AS tp_count FROM `myblog_cmt` WHERE ( cmt_articleid=42 ) LIMIT 1   [ RunTime:0.0005s ]
SQL: SELECT COUNT(*) AS tp_count FROM `myblog_like` WHERE ( like_articleid=42 ) LIMIT 1   [ RunTime:0.0005s ]
SQL: SELECT `read_count` FROM `myblog_read` WHERE ( read_articleid=42 ) LIMIT 1   [ RunTime:0.0004s ]
SQL: SELECT `user` FROM `myblog_user` WHERE ( id=1 ) LIMIT 1   [ RunTime:0.0004s ]
SQL: SELECT COUNT(*) AS tp_count FROM `myblog_cmt` WHERE ( cmt_articleid=41 ) LIMIT 1   [ RunTime:0.0005s ]
SQL: SELECT COUNT(*) AS tp_count FROM `myblog_like` WHERE ( like_articleid=41 ) LIMIT 1   [ RunTime:0.0004s ]
SQL: SELECT `read_count` FROM `myblog_read` WHERE ( read_articleid=41 ) LIMIT 1   [ RunTime:0.0004s ]
INFO: [ view_parse ] --START--
INFO: [ template_filter ] --START--
INFO: Run Behavior\ContentReplaceBehavior [ RunTime:0.000169s ]
INFO: [ template_filter ] --END-- [ RunTime:0.000336s ]
NOTIC: [8] Use of undefined constant article_id - assumed 'article_id' D:\wamp\www\myblog\Application\Runtime\Cache\Home\75258512b0102698c3b7c521ff29b9c1.php 第 150 行.
NOTIC: [8] Use of undefined constant article_id - assumed 'article_id' D:\wamp\www\myblog\Application\Runtime\Cache\Home\75258512b0102698c3b7c521ff29b9c1.php 第 150 行.
NOTIC: [8] Use of undefined constant article_id - assumed 'article_id' D:\wamp\www\myblog\Application\Runtime\Cache\Home\75258512b0102698c3b7c521ff29b9c1.php 第 150 行.
NOTIC: [8] Use of undefined constant article_id - assumed 'article_id' D:\wamp\www\myblog\Application\Runtime\Cache\Home\75258512b0102698c3b7c521ff29b9c1.php 第 150 行.
NOTIC: [8] Use of undefined constant article_id - assumed 'article_id' D:\wamp\www\myblog\Application\Runtime\Cache\Home\75258512b0102698c3b7c521ff29b9c1.php 第 150 行.
NOTIC: [8] Use of undefined constant article_id - assumed 'article_id' D:\wamp\www\myblog\Application\Runtime\Cache\Home\75258512b0102698c3b7c521ff29b9c1.php 第 150 行.
NOTIC: [8] Use of undefined constant article_id - assumed 'article_id' D:\wamp\www\myblog\Application\Runtime\Cache\Home\75258512b0102698c3b7c521ff29b9c1.php 第 150 行.
NOTIC: [8] Use of undefined constant article_id - assumed 'article_id' D:\wamp\www\myblog\Application\Runtime\Cache\Home\75258512b0102698c3b7c521ff29b9c1.php 第 150 行.
NOTIC: [8] Use of undefined constant article_id - assumed 'article_id' D:\wamp\www\myblog\Application\Runtime\Cache\Home\75258512b0102698c3b7c521ff29b9c1.php 第 150 行.
NOTIC: [8] Use of undefined constant article_id - assumed 'article_id' D:\wamp\www\myblog\Application\Runtime\Cache\Home\75258512b0102698c3b7c521ff29b9c1.php 第 150 行.
INFO: Run Behavior\ParseTemplateBehavior [ RunTime:0.112684s ]
INFO: [ view_parse ] --END-- [ RunTime:0.112877s ]
INFO: [ view_filter ] --START--
INFO: Run Behavior\WriteHtmlCacheBehavior [ RunTime:0.000580s ]
INFO: [ view_filter ] --END-- [ RunTime:0.000696s ]
INFO: [ app_end ] --START--
INFO: Run Behavior\ShowPageTraceBehavior [ RunTime:0.000642s ]
INFO: [ app_end ] --END-- [ RunTime:0.000761s ]

[ 2016-04-16T14:55:50+08:00 ] 127.0.0.1 /myblog/index.php/Home/Account/getInfo.html
INFO: [ app_init ] --START--
INFO: Run Behavior\BuildLiteBehavior [ RunTime:0.000041s ]
INFO: [ app_init ] --END-- [ RunTime:0.000742s ]
INFO: [ app_begin ] --START--
INFO: Run Behavior\ReadHtmlCacheBehavior [ RunTime:0.000875s ]
INFO: [ app_begin ] --END-- [ RunTime:0.001084s ]
SQL: SHOW COLUMNS FROM `myblog_info` [ RunTime:0.0208s ]
SQL: SELECT * FROM `myblog_info` WHERE ( info_userid=1 ) LIMIT 1   [ RunTime:0.0004s ]

[ 2016-04-16T14:57:02+08:00 ] 127.0.0.1 /myblog/index.php/Home/Account/index.html
INFO: [ app_init ] --START--
INFO: Run Behavior\BuildLiteBehavior [ RunTime:0.000027s ]
INFO: [ app_init ] --END-- [ RunTime:0.000493s ]
INFO: [ app_begin ] --START--
INFO: Run Behavior\ReadHtmlCacheBehavior [ RunTime:0.000859s ]
INFO: [ app_begin ] --END-- [ RunTime:0.001052s ]
SQL: SHOW COLUMNS FROM `myblog_info` [ RunTime:0.0133s ]
SQL: SELECT * FROM `myblog_info` WHERE ( info_userid=1 ) LIMIT 1   [ RunTime:0.0003s ]
SQL: SHOW COLUMNS FROM `myblog_bbs` [ RunTime:0.0138s ]
SQL: SELECT COUNT(*) AS tp_count FROM `myblog_bbs` WHERE ( bbs_userid=1 ) LIMIT 1   [ RunTime:0.0003s ]
SQL: SHOW COLUMNS FROM `myblog_article` [ RunTime:0.0160s ]
SQL: SELECT COUNT(*) AS tp_count FROM `myblog_article` WHERE ( article_userid=1 ) LIMIT 1   [ RunTime:0.0009s ]
SQL: SELECT * FROM `myblog_article` WHERE ( article_userid=1 ) ORDER BY article_id desc LIMIT 0,10   [ RunTime:0.0007s ]
SQL: SHOW COLUMNS FROM `myblog_user` [ RunTime:0.0094s ]
SQL: SELECT `user` FROM `myblog_user` WHERE ( id=1 ) LIMIT 1   [ RunTime:0.0003s ]
SQL: SHOW COLUMNS FROM `myblog_cmt` [ RunTime:0.0155s ]
SQL: SELECT COUNT(*) AS tp_count FROM `myblog_cmt` WHERE ( cmt_articleid=50 ) LIMIT 1   [ RunTime:0.0003s ]
SQL: SHOW COLUMNS FROM `myblog_like` [ RunTime:0.0156s ]
SQL: SELECT COUNT(*) AS tp_count FROM `myblog_like` WHERE ( like_articleid=50 ) LIMIT 1   [ RunTime:0.0003s ]
SQL: SHOW COLUMNS FROM `myblog_read` [ RunTime:0.0116s ]
SQL: SELECT `read_count` FROM `myblog_read` WHERE ( read_articleid=50 ) LIMIT 1   [ RunTime:0.0002s ]
SQL: SELECT `user` FROM `myblog_user` WHERE ( id=1 ) LIMIT 1   [ RunTime:0.0002s ]
SQL: SELECT COUNT(*) AS tp_count FROM `myblog_cmt` WHERE ( cmt_articleid=49 ) LIMIT 1   [ RunTime:0.0002s ]
SQL: SELECT COUNT(*) AS tp_count FROM `myblog_like` WHERE ( like_articleid=49 ) LIMIT 1   [ RunTime:0.0001s ]
SQL: SELECT `read_count` FROM `myblog_read` WHERE ( read_articleid=49 ) LIMIT 1   [ RunTime:0.0002s ]
SQL: SELECT `user` FROM `myblog_user` WHERE ( id=1 ) LIMIT 1   [ RunTime:0.0002s ]
SQL: SELECT COUNT(*) AS tp_count FROM `myblog_cmt` WHERE ( cmt_articleid=48 ) LIMIT 1   [ RunTime:0.0002s ]
SQL: SELECT COUNT(*) AS tp_count FROM `myblog_like` WHERE ( like_articleid=48 ) LIMIT 1   [ RunTime:0.0002s ]
SQL: SELECT `read_count` FROM `myblog_read` WHERE ( read_articleid=48 ) LIMIT 1   [ RunTime:0.0002s ]
SQL: SELECT `user` FROM `myblog_user` WHERE ( id=1 ) LIMIT 1   [ RunTime:0.0002s ]
SQL: SELECT COUNT(*) AS tp_count FROM `myblog_cmt` WHERE ( cmt_articleid=47 ) LIMIT 1   [ RunTime:0.0003s ]
SQL: SELECT COUNT(*) AS tp_count FROM `myblog_like` WHERE ( like_articleid=47 ) LIMIT 1   [ RunTime:0.0003s ]
SQL: SELECT `read_count` FROM `myblog_read` WHERE ( read_articleid=47 ) LIMIT 1   [ RunTime:0.0003s ]
SQL: SELECT `user` FROM `myblog_user` WHERE ( id=1 ) LIMIT 1   [ RunTime:0.0002s ]
SQL: SELECT COUNT(*) AS tp_count FROM `myblog_cmt` WHERE ( cmt_articleid=46 ) LIMIT 1   [ RunTime:0.0002s ]
SQL: SELECT COUNT(*) AS tp_count FROM `myblog_like` WHERE ( like_articleid=46 ) LIMIT 1   [ RunTime:0.0002s ]
SQL: SELECT `read_count` FROM `myblog_read` WHERE ( read_articleid=46 ) LIMIT 1   [ RunTime:0.0002s ]
SQL: SELECT `user` FROM `myblog_user` WHERE ( id=1 ) LIMIT 1   [ RunTime:0.0002s ]
SQL: SELECT COUNT(*) AS tp_count FROM `myblog_cmt` WHERE ( cmt_articleid=45 ) LIMIT 1   [ RunTime:0.0002s ]
SQL: SELECT COUNT(*) AS tp_count FROM `myblog_like` WHERE ( like_articleid=45 ) LIMIT 1   [ RunTime:0.0007s ]
SQL: SELECT `read_count` FROM `myblog_read` WHERE ( read_articleid=45 ) LIMIT 1   [ RunTime:0.0003s ]
SQL: SELECT `user` FROM `myblog_user` WHERE ( id=1 ) LIMIT 1   [ RunTime:0.0002s ]
SQL: SELECT COUNT(*) AS tp_count FROM `myblog_cmt` WHERE ( cmt_articleid=44 ) LIMIT 1   [ RunTime:0.0002s ]
SQL: SELECT COUNT(*) AS tp_count FROM `myblog_like` WHERE ( like_articleid=44 ) LIMIT 1   [ RunTime:0.0002s ]
SQL: SELECT `read_count` FROM `myblog_read` WHERE ( read_articleid=44 ) LIMIT 1   [ RunTime:0.0002s ]
SQL: SELECT `user` FROM `myblog_user` WHERE ( id=1 ) LIMIT 1   [ RunTime:0.0002s ]
SQL: SELECT COUNT(*) AS tp_count FROM `myblog_cmt` WHERE ( cmt_articleid=43 ) LIMIT 1   [ RunTime:0.0002s ]
SQL: SELECT COUNT(*) AS tp_count FROM `myblog_like` WHERE ( like_articleid=43 ) LIMIT 1   [ RunTime:0.0003s ]
SQL: SELECT `read_count` FROM `myblog_read` WHERE ( read_articleid=43 ) LIMIT 1   [ RunTime:0.0002s ]
SQL: SELECT `user` FROM `myblog_user` WHERE ( id=1 ) LIMIT 1   [ RunTime:0.0002s ]
SQL: SELECT COUNT(*) AS tp_count FROM `myblog_cmt` WHERE ( cmt_articleid=42 ) LIMIT 1   [ RunTime:0.0003s ]
SQL: SELECT COUNT(*) AS tp_count FROM `myblog_like` WHERE ( like_articleid=42 ) LIMIT 1   [ RunTime:0.0003s ]
SQL: SELECT `read_count` FROM `myblog_read` WHERE ( read_articleid=42 ) LIMIT 1   [ RunTime:0.0002s ]
SQL: SELECT `user` FROM `myblog_user` WHERE ( id=1 ) LIMIT 1   [ RunTime:0.0002s ]
SQL: SELECT COUNT(*) AS tp_count FROM `myblog_cmt` WHERE ( cmt_articleid=41 ) LIMIT 1   [ RunTime:0.0002s ]
SQL: SELECT COUNT(*) AS tp_count FROM `myblog_like` WHERE ( like_articleid=41 ) LIMIT 1   [ RunTime:0.0003s ]
SQL: SELECT `read_count` FROM `myblog_read` WHERE ( read_articleid=41 ) LIMIT 1   [ RunTime:0.0002s ]
INFO: [ view_parse ] --START--
INFO: [ template_filter ] --START--
INFO: Run Behavior\ContentReplaceBehavior [ RunTime:0.000219s ]
INFO: [ template_filter ] --END-- [ RunTime:0.000440s ]
NOTIC: [8] Use of undefined constant article_id - assumed 'article_id' D:\wamp\www\myblog\Application\Runtime\Cache\Home\75258512b0102698c3b7c521ff29b9c1.php 第 150 行.
NOTIC: [8] Use of undefined constant article_id - assumed 'article_id' D:\wamp\www\myblog\Application\Runtime\Cache\Home\75258512b0102698c3b7c521ff29b9c1.php 第 150 行.
NOTIC: [8] Use of undefined constant article_id - assumed 'article_id' D:\wamp\www\myblog\Application\Runtime\Cache\Home\75258512b0102698c3b7c521ff29b9c1.php 第 150 行.
NOTIC: [8] Use of undefined constant article_id - assumed 'article_id' D:\wamp\www\myblog\Application\Runtime\Cache\Home\75258512b0102698c3b7c521ff29b9c1.php 第 150 行.
NOTIC: [8] Use of undefined constant article_id - assumed 'article_id' D:\wamp\www\myblog\Application\Runtime\Cache\Home\75258512b0102698c3b7c521ff29b9c1.php 第 150 行.
NOTIC: [8] Use of undefined constant article_id - assumed 'article_id' D:\wamp\www\myblog\Application\Runtime\Cache\Home\75258512b0102698c3b7c521ff29b9c1.php 第 150 行.
NOTIC: [8] Use of undefined constant article_id - assumed 'article_id' D:\wamp\www\myblog\Application\Runtime\Cache\Home\75258512b0102698c3b7c521ff29b9c1.php 第 150 行.
NOTIC: [8] Use of undefined constant article_id - assumed 'article_id' D:\wamp\www\myblog\Application\Runtime\Cache\Home\75258512b0102698c3b7c521ff29b9c1.php 第 150 行.
NOTIC: [8] Use of undefined constant article_id - assumed 'article_id' D:\wamp\www\myblog\Application\Runtime\Cache\Home\75258512b0102698c3b7c521ff29b9c1.php 第 150 行.
NOTIC: [8] Use of undefined constant article_id - assumed 'article_id' D:\wamp\www\myblog\Application\Runtime\Cache\Home\75258512b0102698c3b7c521ff29b9c1.php 第 150 行.
INFO: Run Behavior\ParseTemplateBehavior [ RunTime:0.174078s ]
INFO: [ view_parse ] --END-- [ RunTime:0.174245s ]
INFO: [ view_filter ] --START--
INFO: Run Behavior\WriteHtmlCacheBehavior [ RunTime:0.000610s ]
INFO: [ view_filter ] --END-- [ RunTime:0.000723s ]
INFO: [ app_end ] --START--
INFO: Run Behavior\ShowPageTraceBehavior [ RunTime:0.000671s ]
INFO: [ app_end ] --END-- [ RunTime:0.000782s ]

