[ 2016-04-17T16:03:51+08:00 ] 127.0.0.1 /myblog/
INFO: [ app_init ] --START--
INFO: Run Behavior\BuildLiteBehavior [ RunTime:0.000031s ]
INFO: [ app_init ] --END-- [ RunTime:0.021402s ]
INFO: [ app_begin ] --START--
INFO: Run Behavior\ReadHtmlCacheBehavior [ RunTime:0.013090s ]
INFO: [ app_begin ] --END-- [ RunTime:0.013261s ]
SQL: SHOW COLUMNS FROM `myblog_article` [ RunTime:0.0231s ]
SQL: SHOW COLUMNS FROM `myblog_nav` [ RunTime:0.0129s ]
SQL: SELECT * FROM `myblog_nav` WHERE ( nav_parentID=3 ) ORDER BY nav_id  [ RunTime:0.0007s ]
SQL: SELECT * FROM `myblog_article` WHERE ( article_navid = 4 )  [ RunTime:0.0007s ]
SQL: SELECT * FROM `myblog_nav` WHERE ( nav_parentID=4 ) ORDER BY nav_id  [ RunTime:0.0002s ]
SQL: SELECT * FROM `myblog_article` WHERE ( article_navid = 7 )  [ RunTime:0.0003s ]
SQL: SELECT * FROM `myblog_article` WHERE ( article_navid = 8 )  [ RunTime:0.0003s ]
SQL: SELECT * FROM `myblog_article` WHERE ( article_navid = 9 )  [ RunTime:0.0003s ]
SQL: SELECT * FROM `myblog_article` WHERE ( article_navid = 10 )  [ RunTime:0.0003s ]
SQL: SELECT * FROM `myblog_article` WHERE ( article_navid = 5 )  [ RunTime:0.0002s ]
SQL: SELECT * FROM `myblog_nav` WHERE ( nav_parentID=5 ) ORDER BY nav_id  [ RunTime:0.0003s ]
SQL: SELECT * FROM `myblog_article` WHERE ( article_navid = 11 )  [ RunTime:0.0002s ]
SQL: SELECT * FROM `myblog_article` WHERE ( article_navid = 12 )  [ RunTime:0.0002s ]
SQL: SELECT * FROM `myblog_article` WHERE ( article_navid = 13 )  [ RunTime:0.0002s ]
SQL: SELECT * FROM `myblog_article` WHERE ( article_navid = 6 )  [ RunTime:0.0003s ]
SQL: SELECT * FROM `myblog_nav` WHERE ( nav_parentID=6 ) ORDER BY nav_id  [ RunTime:0.0002s ]
SQL: SHOW COLUMNS FROM `myblog_read` [ RunTime:0.0097s ]
SQL: SELECT * FROM `myblog_read` ORDER BY read_count desc LIMIT 5   [ RunTime:0.0005s ]
SQL: SHOW COLUMNS FROM `myblog_article` [ RunTime:0.0077s ]
SQL: SELECT `article_title` FROM `myblog_article` WHERE ( article_id=46 ) LIMIT 1   [ RunTime:0.0003s ]
SQL: SELECT `article_title` FROM `myblog_article` WHERE ( article_id=33 ) LIMIT 1   [ RunTime:0.0002s ]
SQL: SELECT `article_title` FROM `myblog_article` WHERE ( article_id=3 ) LIMIT 1   [ RunTime:0.0002s ]
SQL: SELECT `article_title` FROM `myblog_article` WHERE ( article_id=27 ) LIMIT 1   [ RunTime:0.0002s ]
SQL: SELECT `article_title` FROM `myblog_article` WHERE ( article_id=1 ) LIMIT 1   [ RunTime:0.0002s ]
SQL: SHOW COLUMNS FROM `myblog_user` [ RunTime:0.0113s ]
SQL: SHOW COLUMNS FROM `myblog_bbs` [ RunTime:0.0089s ]
SQL: SELECT COUNT(*) AS tp_count FROM `myblog_bbs` WHERE ( bbs_userid = '' ) LIMIT 1   [ RunTime:0.0004s ]
SQL: SELECT COUNT(*) AS tp_count FROM `myblog_article` WHERE ( article_userid = '' ) LIMIT 1   [ RunTime:0.0003s ]
NOTIC: [8] Undefined variable: navList D:\wamp\www\myblog\Application\Home\Controller\IndexController.class.php 第 21 行.
INFO: [ view_parse ] --START--
INFO: [ template_filter ] --START--
INFO: Run Behavior\ContentReplaceBehavior [ RunTime:0.000183s ]
INFO: [ template_filter ] --END-- [ RunTime:0.000311s ]
NOTIC: [8] Use of undefined constant article_id - assumed 'article_id' D:\wamp\www\myblog\Application\Runtime\Cache\Home\2a94b8bda04ff446dcedd42276fc99ee.php 第 120 行.
NOTIC: [8] Use of undefined constant article_id - assumed 'article_id' D:\wamp\www\myblog\Application\Runtime\Cache\Home\2a94b8bda04ff446dcedd42276fc99ee.php 第 121 行.
NOTIC: [8] Use of undefined constant article_id - assumed 'article_id' D:\wamp\www\myblog\Application\Runtime\Cache\Home\2a94b8bda04ff446dcedd42276fc99ee.php 第 122 行.
NOTIC: [8] Use of undefined constant article_id - assumed 'article_id' D:\wamp\www\myblog\Application\Runtime\Cache\Home\2a94b8bda04ff446dcedd42276fc99ee.php 第 123 行.
NOTIC: [8] Use of undefined constant article_id - assumed 'article_id' D:\wamp\www\myblog\Application\Runtime\Cache\Home\2a94b8bda04ff446dcedd42276fc99ee.php 第 127 行.
NOTIC: [8] Use of undefined constant article_id - assumed 'article_id' D:\wamp\www\myblog\Application\Runtime\Cache\Home\2a94b8bda04ff446dcedd42276fc99ee.php 第 128 行.
NOTIC: [8] Use of undefined constant article_id - assumed 'article_id' D:\wamp\www\myblog\Application\Runtime\Cache\Home\2a94b8bda04ff446dcedd42276fc99ee.php 第 129 行.
NOTIC: [8] Use of undefined constant article_id - assumed 'article_id' D:\wamp\www\myblog\Application\Runtime\Cache\Home\2a94b8bda04ff446dcedd42276fc99ee.php 第 130 行.
NOTIC: [8] Use of undefined constant article_id - assumed 'article_id' D:\wamp\www\myblog\Application\Runtime\Cache\Home\2a94b8bda04ff446dcedd42276fc99ee.php 第 127 行.
NOTIC: [8] Use of undefined constant article_id - assumed 'article_id' D:\wamp\www\myblog\Application\Runtime\Cache\Home\2a94b8bda04ff446dcedd42276fc99ee.php 第 128 行.
NOTIC: [8] Use of undefined constant article_id - assumed 'article_id' D:\wamp\www\myblog\Application\Runtime\Cache\Home\2a94b8bda04ff446dcedd42276fc99ee.php 第 129 行.
NOTIC: [8] Use of undefined constant article_id - assumed 'article_id' D:\wamp\www\myblog\Application\Runtime\Cache\Home\2a94b8bda04ff446dcedd42276fc99ee.php 第 130 行.
NOTIC: [8] Use of undefined constant article_id - assumed 'article_id' D:\wamp\www\myblog\Application\Runtime\Cache\Home\2a94b8bda04ff446dcedd42276fc99ee.php 第 127 行.
NOTIC: [8] Use of undefined constant article_id - assumed 'article_id' D:\wamp\www\myblog\Application\Runtime\Cache\Home\2a94b8bda04ff446dcedd42276fc99ee.php 第 128 行.
NOTIC: [8] Use of undefined constant article_id - assumed 'article_id' D:\wamp\www\myblog\Application\Runtime\Cache\Home\2a94b8bda04ff446dcedd42276fc99ee.php 第 129 行.
NOTIC: [8] Use of undefined constant article_id - assumed 'article_id' D:\wamp\www\myblog\Application\Runtime\Cache\Home\2a94b8bda04ff446dcedd42276fc99ee.php 第 130 行.
NOTIC: [8] Use of undefined constant article_id - assumed 'article_id' D:\wamp\www\myblog\Application\Runtime\Cache\Home\2a94b8bda04ff446dcedd42276fc99ee.php 第 127 行.
NOTIC: [8] Use of undefined constant article_id - assumed 'article_id' D:\wamp\www\myblog\Application\Runtime\Cache\Home\2a94b8bda04ff446dcedd42276fc99ee.php 第 128 行.
NOTIC: [8] Use of undefined constant article_id - assumed 'article_id' D:\wamp\www\myblog\Application\Runtime\Cache\Home\2a94b8bda04ff446dcedd42276fc99ee.php 第 129 行.
NOTIC: [8] Use of undefined constant article_id - assumed 'article_id' D:\wamp\www\myblog\Application\Runtime\Cache\Home\2a94b8bda04ff446dcedd42276fc99ee.php 第 130 行.
NOTIC: [8] Use of undefined constant article_id - assumed 'article_id' D:\wamp\www\myblog\Application\Runtime\Cache\Home\2a94b8bda04ff446dcedd42276fc99ee.php 第 152 行.
NOTIC: [8] Use of undefined constant article_id - assumed 'article_id' D:\wamp\www\myblog\Application\Runtime\Cache\Home\2a94b8bda04ff446dcedd42276fc99ee.php 第 153 行.
NOTIC: [8] Use of undefined constant article_id - assumed 'article_id' D:\wamp\www\myblog\Application\Runtime\Cache\Home\2a94b8bda04ff446dcedd42276fc99ee.php 第 154 行.
NOTIC: [8] Use of undefined constant article_id - assumed 'article_id' D:\wamp\www\myblog\Application\Runtime\Cache\Home\2a94b8bda04ff446dcedd42276fc99ee.php 第 155 行.
NOTIC: [8] Use of undefined constant read_articleid - assumed 'read_articleid' D:\wamp\www\myblog\Application\Runtime\Cache\Home\2a94b8bda04ff446dcedd42276fc99ee.php 第 195 行.
NOTIC: [8] Use of undefined constant read_articleid - assumed 'read_articleid' D:\wamp\www\myblog\Application\Runtime\Cache\Home\2a94b8bda04ff446dcedd42276fc99ee.php 第 195 行.
NOTIC: [8] Use of undefined constant read_articleid - assumed 'read_articleid' D:\wamp\www\myblog\Application\Runtime\Cache\Home\2a94b8bda04ff446dcedd42276fc99ee.php 第 195 行.
NOTIC: [8] Use of undefined constant read_articleid - assumed 'read_articleid' D:\wamp\www\myblog\Application\Runtime\Cache\Home\2a94b8bda04ff446dcedd42276fc99ee.php 第 195 行.
NOTIC: [8] Use of undefined constant read_articleid - assumed 'read_articleid' D:\wamp\www\myblog\Application\Runtime\Cache\Home\2a94b8bda04ff446dcedd42276fc99ee.php 第 195 行.
INFO: Run Behavior\ParseTemplateBehavior [ RunTime:0.321679s ]
INFO: [ view_parse ] --END-- [ RunTime:0.321813s ]
INFO: [ view_filter ] --START--
INFO: Run Behavior\WriteHtmlCacheBehavior [ RunTime:0.015821s ]
INFO: [ view_filter ] --END-- [ RunTime:0.016036s ]
INFO: [ app_end ] --START--
INFO: Run Behavior\ShowPageTraceBehavior [ RunTime:0.007637s ]
INFO: [ app_end ] --END-- [ RunTime:0.007818s ]

[ 2016-04-17T16:03:55+08:00 ] 127.0.0.1 /myblog/index.php/Home/Bbs/index.html
INFO: [ app_init ] --START--
INFO: Run Behavior\BuildLiteBehavior [ RunTime:0.000025s ]
INFO: [ app_init ] --END-- [ RunTime:0.000459s ]
INFO: [ app_begin ] --START--
INFO: Run Behavior\ReadHtmlCacheBehavior [ RunTime:0.000722s ]
INFO: [ app_begin ] --END-- [ RunTime:0.000846s ]
SQL: SHOW COLUMNS FROM `myblog_article` [ RunTime:0.0114s ]
SQL: SHOW COLUMNS FROM `myblog_read` [ RunTime:0.0113s ]
SQL: SELECT * FROM `myblog_read` ORDER BY read_count desc LIMIT 5   [ RunTime:0.0004s ]
SQL: SHOW COLUMNS FROM `myblog_article` [ RunTime:0.0089s ]
SQL: SELECT `article_title` FROM `myblog_article` WHERE ( article_id=46 ) LIMIT 1   [ RunTime:0.0004s ]
SQL: SELECT `article_title` FROM `myblog_article` WHERE ( article_id=33 ) LIMIT 1   [ RunTime:0.0002s ]
SQL: SELECT `article_title` FROM `myblog_article` WHERE ( article_id=3 ) LIMIT 1   [ RunTime:0.0002s ]
SQL: SELECT `article_title` FROM `myblog_article` WHERE ( article_id=27 ) LIMIT 1   [ RunTime:0.0002s ]
SQL: SELECT `article_title` FROM `myblog_article` WHERE ( article_id=1 ) LIMIT 1   [ RunTime:0.0002s ]
SQL: SHOW COLUMNS FROM `myblog_user` [ RunTime:0.0101s ]
SQL: SHOW COLUMNS FROM `myblog_bbs` [ RunTime:0.0111s ]
SQL: SELECT COUNT(*) AS tp_count FROM `myblog_bbs` WHERE ( bbs_userid = '' ) LIMIT 1   [ RunTime:0.0003s ]
SQL: SELECT COUNT(*) AS tp_count FROM `myblog_article` WHERE ( article_userid = '' ) LIMIT 1   [ RunTime:0.0003s ]
SQL: SHOW COLUMNS FROM `myblog_nav` [ RunTime:0.0114s ]
SQL: SELECT * FROM `myblog_nav` WHERE ( nav_parentID=0 ) ORDER BY nav_id  [ RunTime:0.0004s ]
SQL: SELECT * FROM `myblog_nav` WHERE ( nav_parentID=1 ) ORDER BY nav_id  [ RunTime:0.0002s ]
SQL: SELECT * FROM `myblog_nav` WHERE ( nav_parentID=2 ) ORDER BY nav_id  [ RunTime:0.0003s ]
SQL: SELECT * FROM `myblog_nav` WHERE ( nav_parentID=3 ) ORDER BY nav_id  [ RunTime:0.0003s ]
SQL: SHOW COLUMNS FROM `myblog_bbs` [ RunTime:0.0135s ]
SQL: SELECT COUNT(*) AS tp_count FROM `myblog_bbs` LIMIT 1   [ RunTime:0.0003s ]
SQL: SELECT * FROM `myblog_bbs` ORDER BY bbs_id desc LIMIT 0,10   [ RunTime:0.0005s ]
INFO: [ view_parse ] --START--
INFO: [ template_filter ] --START--
INFO: Run Behavior\ContentReplaceBehavior [ RunTime:0.000242s ]
INFO: [ template_filter ] --END-- [ RunTime:0.000430s ]
NOTIC: [8] Use of undefined constant read_articleid - assumed 'read_articleid' D:\wamp\www\myblog\Application\Runtime\Cache\Home\d393c0386e21bd16b688f1a60def0a85.php 第 169 行.
NOTIC: [8] Use of undefined constant read_articleid - assumed 'read_articleid' D:\wamp\www\myblog\Application\Runtime\Cache\Home\d393c0386e21bd16b688f1a60def0a85.php 第 169 行.
NOTIC: [8] Use of undefined constant read_articleid - assumed 'read_articleid' D:\wamp\www\myblog\Application\Runtime\Cache\Home\d393c0386e21bd16b688f1a60def0a85.php 第 169 行.
NOTIC: [8] Use of undefined constant read_articleid - assumed 'read_articleid' D:\wamp\www\myblog\Application\Runtime\Cache\Home\d393c0386e21bd16b688f1a60def0a85.php 第 169 行.
NOTIC: [8] Use of undefined constant read_articleid - assumed 'read_articleid' D:\wamp\www\myblog\Application\Runtime\Cache\Home\d393c0386e21bd16b688f1a60def0a85.php 第 169 行.
INFO: Run Behavior\ParseTemplateBehavior [ RunTime:0.115133s ]
INFO: [ view_parse ] --END-- [ RunTime:0.115340s ]
INFO: [ view_filter ] --START--
INFO: Run Behavior\WriteHtmlCacheBehavior [ RunTime:0.000629s ]
INFO: [ view_filter ] --END-- [ RunTime:0.000737s ]
INFO: [ app_end ] --START--
INFO: Run Behavior\ShowPageTraceBehavior [ RunTime:0.000720s ]
INFO: [ app_end ] --END-- [ RunTime:0.000832s ]

[ 2016-04-17T16:03:57+08:00 ] 127.0.0.1 /myblog/index.php/Home/Article/index.html
INFO: [ app_init ] --START--
INFO: Run Behavior\BuildLiteBehavior [ RunTime:0.000025s ]
INFO: [ app_init ] --END-- [ RunTime:0.000482s ]
INFO: [ app_begin ] --START--
INFO: Run Behavior\ReadHtmlCacheBehavior [ RunTime:0.000747s ]
INFO: [ app_begin ] --END-- [ RunTime:0.000874s ]
NOTIC: [2048] Declaration of Home\Controller\ArticleController::theme() should be compatible with that of Think\Controller::theme() D:\wamp\www\myblog\Application\Home\Controller\ArticleController.class.php 第 111 行.
SQL: SHOW COLUMNS FROM `myblog_nav` [ RunTime:0.0123s ]
SQL: SELECT * FROM `myblog_nav` WHERE ( nav_id>3 ) ORDER BY nav_id  [ RunTime:0.0004s ]
SQL: SHOW COLUMNS FROM `myblog_article` [ RunTime:0.0136s ]
SQL: SELECT COUNT(*) AS tp_count FROM `myblog_article` LIMIT 1   [ RunTime:0.0003s ]
SQL: SELECT * FROM `myblog_article` ORDER BY article_id desc LIMIT 0,10   [ RunTime:0.0004s ]
SQL: SHOW COLUMNS FROM `myblog_user` [ RunTime:0.0145s ]
SQL: SELECT `user` FROM `myblog_user` WHERE ( id=1 ) LIMIT 1   [ RunTime:0.0004s ]
SQL: SHOW COLUMNS FROM `myblog_cmt` [ RunTime:0.0124s ]
SQL: SELECT COUNT(*) AS tp_count FROM `myblog_cmt` WHERE ( cmt_articleid=50 ) LIMIT 1   [ RunTime:0.0004s ]
SQL: SHOW COLUMNS FROM `myblog_like` [ RunTime:0.0159s ]
SQL: SELECT COUNT(*) AS tp_count FROM `myblog_like` WHERE ( like_articleid=50 ) LIMIT 1   [ RunTime:0.0004s ]
SQL: SHOW COLUMNS FROM `myblog_read` [ RunTime:0.0181s ]
SQL: SELECT `read_count` FROM `myblog_read` WHERE ( read_articleid=50 ) LIMIT 1   [ RunTime:0.0004s ]
SQL: SELECT `user` FROM `myblog_user` WHERE ( id=1 ) LIMIT 1   [ RunTime:0.0004s ]
SQL: SELECT COUNT(*) AS tp_count FROM `myblog_cmt` WHERE ( cmt_articleid=49 ) LIMIT 1   [ RunTime:0.0003s ]
SQL: SELECT COUNT(*) AS tp_count FROM `myblog_like` WHERE ( like_articleid=49 ) LIMIT 1   [ RunTime:0.0003s ]
SQL: SELECT `read_count` FROM `myblog_read` WHERE ( read_articleid=49 ) LIMIT 1   [ RunTime:0.0003s ]
SQL: SELECT `user` FROM `myblog_user` WHERE ( id=1 ) LIMIT 1   [ RunTime:0.0002s ]
SQL: SELECT COUNT(*) AS tp_count FROM `myblog_cmt` WHERE ( cmt_articleid=48 ) LIMIT 1   [ RunTime:0.0003s ]
SQL: SELECT COUNT(*) AS tp_count FROM `myblog_like` WHERE ( like_articleid=48 ) LIMIT 1   [ RunTime:0.0002s ]
SQL: SELECT `read_count` FROM `myblog_read` WHERE ( read_articleid=48 ) LIMIT 1   [ RunTime:0.0002s ]
SQL: SELECT `user` FROM `myblog_user` WHERE ( id=1 ) LIMIT 1   [ RunTime:0.0002s ]
SQL: SELECT COUNT(*) AS tp_count FROM `myblog_cmt` WHERE ( cmt_articleid=47 ) LIMIT 1   [ RunTime:0.0004s ]
SQL: SELECT COUNT(*) AS tp_count FROM `myblog_like` WHERE ( like_articleid=47 ) LIMIT 1   [ RunTime:0.0003s ]
SQL: SELECT `read_count` FROM `myblog_read` WHERE ( read_articleid=47 ) LIMIT 1   [ RunTime:0.0003s ]
SQL: SELECT `user` FROM `myblog_user` WHERE ( id=1 ) LIMIT 1   [ RunTime:0.0003s ]
SQL: SELECT COUNT(*) AS tp_count FROM `myblog_cmt` WHERE ( cmt_articleid=46 ) LIMIT 1   [ RunTime:0.0003s ]
SQL: SELECT COUNT(*) AS tp_count FROM `myblog_like` WHERE ( like_articleid=46 ) LIMIT 1   [ RunTime:0.0003s ]
SQL: SELECT `read_count` FROM `myblog_read` WHERE ( read_articleid=46 ) LIMIT 1   [ RunTime:0.0002s ]
SQL: SELECT `user` FROM `myblog_user` WHERE ( id=1 ) LIMIT 1   [ RunTime:0.0002s ]
SQL: SELECT COUNT(*) AS tp_count FROM `myblog_cmt` WHERE ( cmt_articleid=45 ) LIMIT 1   [ RunTime:0.0002s ]
SQL: SELECT COUNT(*) AS tp_count FROM `myblog_like` WHERE ( like_articleid=45 ) LIMIT 1   [ RunTime:0.0002s ]
SQL: SELECT `read_count` FROM `myblog_read` WHERE ( read_articleid=45 ) LIMIT 1   [ RunTime:0.0002s ]
SQL: SELECT `user` FROM `myblog_user` WHERE ( id=1 ) LIMIT 1   [ RunTime:0.0003s ]
SQL: SELECT COUNT(*) AS tp_count FROM `myblog_cmt` WHERE ( cmt_articleid=44 ) LIMIT 1   [ RunTime:0.0005s ]
SQL: SELECT COUNT(*) AS tp_count FROM `myblog_like` WHERE ( like_articleid=44 ) LIMIT 1   [ RunTime:0.0003s ]
SQL: SELECT `read_count` FROM `myblog_read` WHERE ( read_articleid=44 ) LIMIT 1   [ RunTime:0.0002s ]
SQL: SELECT `user` FROM `myblog_user` WHERE ( id=1 ) LIMIT 1   [ RunTime:0.0002s ]
SQL: SELECT COUNT(*) AS tp_count FROM `myblog_cmt` WHERE ( cmt_articleid=43 ) LIMIT 1   [ RunTime:0.0002s ]
SQL: SELECT COUNT(*) AS tp_count FROM `myblog_like` WHERE ( like_articleid=43 ) LIMIT 1   [ RunTime:0.0002s ]
SQL: SELECT `read_count` FROM `myblog_read` WHERE ( read_articleid=43 ) LIMIT 1   [ RunTime:0.0002s ]
SQL: SELECT `user` FROM `myblog_user` WHERE ( id=1 ) LIMIT 1   [ RunTime:0.0002s ]
SQL: SELECT COUNT(*) AS tp_count FROM `myblog_cmt` WHERE ( cmt_articleid=42 ) LIMIT 1   [ RunTime:0.0002s ]
SQL: SELECT COUNT(*) AS tp_count FROM `myblog_like` WHERE ( like_articleid=42 ) LIMIT 1   [ RunTime:0.0002s ]
SQL: SELECT `read_count` FROM `myblog_read` WHERE ( read_articleid=42 ) LIMIT 1   [ RunTime:0.0002s ]
SQL: SELECT `user` FROM `myblog_user` WHERE ( id=1 ) LIMIT 1   [ RunTime:0.0002s ]
SQL: SELECT COUNT(*) AS tp_count FROM `myblog_cmt` WHERE ( cmt_articleid=41 ) LIMIT 1   [ RunTime:0.0002s ]
SQL: SELECT COUNT(*) AS tp_count FROM `myblog_like` WHERE ( like_articleid=41 ) LIMIT 1   [ RunTime:0.0002s ]
SQL: SELECT `read_count` FROM `myblog_read` WHERE ( read_articleid=41 ) LIMIT 1   [ RunTime:0.0003s ]
SQL: SELECT * FROM `myblog_read` ORDER BY read_count desc LIMIT 5   [ RunTime:0.0003s ]
SQL: SHOW COLUMNS FROM `myblog_article` [ RunTime:0.0127s ]
SQL: SELECT `article_title` FROM `myblog_article` WHERE ( article_id=46 ) LIMIT 1   [ RunTime:0.0003s ]
SQL: SELECT `article_title` FROM `myblog_article` WHERE ( article_id=33 ) LIMIT 1   [ RunTime:0.0003s ]
SQL: SELECT `article_title` FROM `myblog_article` WHERE ( article_id=3 ) LIMIT 1   [ RunTime:0.0002s ]
SQL: SELECT `article_title` FROM `myblog_article` WHERE ( article_id=27 ) LIMIT 1   [ RunTime:0.0003s ]
SQL: SELECT `article_title` FROM `myblog_article` WHERE ( article_id=1 ) LIMIT 1   [ RunTime:0.0002s ]
INFO: [ view_parse ] --START--
INFO: [ template_filter ] --START--
INFO: Run Behavior\ContentReplaceBehavior [ RunTime:0.000210s ]
INFO: [ template_filter ] --END-- [ RunTime:0.000547s ]
NOTIC: [8] Use of undefined constant article_id - assumed 'article_id' D:\wamp\www\myblog\Application\Runtime\Cache\Home\2ac6c1276904b87404ed678dbabb985c.php 第 112 行.
NOTIC: [8] Use of undefined constant article_id - assumed 'article_id' D:\wamp\www\myblog\Application\Runtime\Cache\Home\2ac6c1276904b87404ed678dbabb985c.php 第 112 行.
NOTIC: [8] Use of undefined constant article_id - assumed 'article_id' D:\wamp\www\myblog\Application\Runtime\Cache\Home\2ac6c1276904b87404ed678dbabb985c.php 第 112 行.
NOTIC: [8] Use of undefined constant article_id - assumed 'article_id' D:\wamp\www\myblog\Application\Runtime\Cache\Home\2ac6c1276904b87404ed678dbabb985c.php 第 112 行.
NOTIC: [8] Use of undefined constant article_id - assumed 'article_id' D:\wamp\www\myblog\Application\Runtime\Cache\Home\2ac6c1276904b87404ed678dbabb985c.php 第 112 行.
NOTIC: [8] Use of undefined constant article_id - assumed 'article_id' D:\wamp\www\myblog\Application\Runtime\Cache\Home\2ac6c1276904b87404ed678dbabb985c.php 第 112 行.
NOTIC: [8] Use of undefined constant article_id - assumed 'article_id' D:\wamp\www\myblog\Application\Runtime\Cache\Home\2ac6c1276904b87404ed678dbabb985c.php 第 112 行.
NOTIC: [8] Use of undefined constant article_id - assumed 'article_id' D:\wamp\www\myblog\Application\Runtime\Cache\Home\2ac6c1276904b87404ed678dbabb985c.php 第 112 行.
NOTIC: [8] Use of undefined constant article_id - assumed 'article_id' D:\wamp\www\myblog\Application\Runtime\Cache\Home\2ac6c1276904b87404ed678dbabb985c.php 第 112 行.
NOTIC: [8] Use of undefined constant article_id - assumed 'article_id' D:\wamp\www\myblog\Application\Runtime\Cache\Home\2ac6c1276904b87404ed678dbabb985c.php 第 112 行.
NOTIC: [8] Use of undefined constant read_articleid - assumed 'read_articleid' D:\wamp\www\myblog\Application\Runtime\Cache\Home\2ac6c1276904b87404ed678dbabb985c.php 第 140 行.
NOTIC: [8] Use of undefined constant read_articleid - assumed 'read_articleid' D:\wamp\www\myblog\Application\Runtime\Cache\Home\2ac6c1276904b87404ed678dbabb985c.php 第 140 行.
NOTIC: [8] Use of undefined constant read_articleid - assumed 'read_articleid' D:\wamp\www\myblog\Application\Runtime\Cache\Home\2ac6c1276904b87404ed678dbabb985c.php 第 140 行.
NOTIC: [8] Use of undefined constant read_articleid - assumed 'read_articleid' D:\wamp\www\myblog\Application\Runtime\Cache\Home\2ac6c1276904b87404ed678dbabb985c.php 第 140 行.
NOTIC: [8] Use of undefined constant read_articleid - assumed 'read_articleid' D:\wamp\www\myblog\Application\Runtime\Cache\Home\2ac6c1276904b87404ed678dbabb985c.php 第 140 行.
INFO: Run Behavior\ParseTemplateBehavior [ RunTime:0.117008s ]
INFO: [ view_parse ] --END-- [ RunTime:0.117150s ]
INFO: [ view_filter ] --START--
INFO: Run Behavior\WriteHtmlCacheBehavior [ RunTime:0.000625s ]
INFO: [ view_filter ] --END-- [ RunTime:0.000735s ]
INFO: [ app_end ] --START--
INFO: Run Behavior\ShowPageTraceBehavior [ RunTime:0.001602s ]
INFO: [ app_end ] --END-- [ RunTime:0.001734s ]

[ 2016-04-17T16:04:04+08:00 ] 127.0.0.1 /myblog/index.php/Home/Bbs/index.html
INFO: [ app_init ] --START--
INFO: Run Behavior\BuildLiteBehavior [ RunTime:0.000041s ]
INFO: [ app_init ] --END-- [ RunTime:0.000704s ]
INFO: [ app_begin ] --START--
INFO: Run Behavior\ReadHtmlCacheBehavior [ RunTime:0.000999s ]
INFO: [ app_begin ] --END-- [ RunTime:0.001184s ]
SQL: SHOW COLUMNS FROM `myblog_article` [ RunTime:0.0127s ]
SQL: SHOW COLUMNS FROM `myblog_read` [ RunTime:0.0095s ]
SQL: SELECT * FROM `myblog_read` ORDER BY read_count desc LIMIT 5   [ RunTime:0.0003s ]
SQL: SHOW COLUMNS FROM `myblog_article` [ RunTime:0.0078s ]
SQL: SELECT `article_title` FROM `myblog_article` WHERE ( article_id=46 ) LIMIT 1   [ RunTime:0.0003s ]
SQL: SELECT `article_title` FROM `myblog_article` WHERE ( article_id=33 ) LIMIT 1   [ RunTime:0.0002s ]
SQL: SELECT `article_title` FROM `myblog_article` WHERE ( article_id=3 ) LIMIT 1   [ RunTime:0.0002s ]
SQL: SELECT `article_title` FROM `myblog_article` WHERE ( article_id=27 ) LIMIT 1   [ RunTime:0.0002s ]
SQL: SELECT `article_title` FROM `myblog_article` WHERE ( article_id=1 ) LIMIT 1   [ RunTime:0.0002s ]
SQL: SHOW COLUMNS FROM `myblog_user` [ RunTime:0.0107s ]
SQL: SHOW COLUMNS FROM `myblog_bbs` [ RunTime:0.0116s ]
SQL: SELECT COUNT(*) AS tp_count FROM `myblog_bbs` WHERE ( bbs_userid = '' ) LIMIT 1   [ RunTime:0.0003s ]
SQL: SELECT COUNT(*) AS tp_count FROM `myblog_article` WHERE ( article_userid = '' ) LIMIT 1   [ RunTime:0.0003s ]
SQL: SHOW COLUMNS FROM `myblog_nav` [ RunTime:0.0110s ]
SQL: SELECT * FROM `myblog_nav` WHERE ( nav_parentID=0 ) ORDER BY nav_id  [ RunTime:0.0004s ]
SQL: SELECT * FROM `myblog_nav` WHERE ( nav_parentID=1 ) ORDER BY nav_id  [ RunTime:0.0002s ]
SQL: SELECT * FROM `myblog_nav` WHERE ( nav_parentID=2 ) ORDER BY nav_id  [ RunTime:0.0002s ]
SQL: SELECT * FROM `myblog_nav` WHERE ( nav_parentID=3 ) ORDER BY nav_id  [ RunTime:0.0002s ]
SQL: SHOW COLUMNS FROM `myblog_bbs` [ RunTime:0.0083s ]
SQL: SELECT COUNT(*) AS tp_count FROM `myblog_bbs` LIMIT 1   [ RunTime:0.0002s ]
SQL: SELECT * FROM `myblog_bbs` ORDER BY bbs_id desc LIMIT 0,10   [ RunTime:0.0003s ]
INFO: [ view_parse ] --START--
INFO: [ template_filter ] --START--
INFO: Run Behavior\ContentReplaceBehavior [ RunTime:0.000215s ]
INFO: [ template_filter ] --END-- [ RunTime:0.000406s ]
NOTIC: [8] Use of undefined constant read_articleid - assumed 'read_articleid' D:\wamp\www\myblog\Application\Runtime\Cache\Home\d393c0386e21bd16b688f1a60def0a85.php 第 169 行.
NOTIC: [8] Use of undefined constant read_articleid - assumed 'read_articleid' D:\wamp\www\myblog\Application\Runtime\Cache\Home\d393c0386e21bd16b688f1a60def0a85.php 第 169 行.
NOTIC: [8] Use of undefined constant read_articleid - assumed 'read_articleid' D:\wamp\www\myblog\Application\Runtime\Cache\Home\d393c0386e21bd16b688f1a60def0a85.php 第 169 行.
NOTIC: [8] Use of undefined constant read_articleid - assumed 'read_articleid' D:\wamp\www\myblog\Application\Runtime\Cache\Home\d393c0386e21bd16b688f1a60def0a85.php 第 169 行.
NOTIC: [8] Use of undefined constant read_articleid - assumed 'read_articleid' D:\wamp\www\myblog\Application\Runtime\Cache\Home\d393c0386e21bd16b688f1a60def0a85.php 第 169 行.
INFO: Run Behavior\ParseTemplateBehavior [ RunTime:0.082212s ]
INFO: [ view_parse ] --END-- [ RunTime:0.082335s ]
INFO: [ view_filter ] --START--
INFO: Run Behavior\WriteHtmlCacheBehavior [ RunTime:0.000642s ]
INFO: [ view_filter ] --END-- [ RunTime:0.000755s ]
INFO: [ app_end ] --START--
INFO: Run Behavior\ShowPageTraceBehavior [ RunTime:0.000786s ]
INFO: [ app_end ] --END-- [ RunTime:0.000895s ]

[ 2016-04-17T16:04:05+08:00 ] 127.0.0.1 /myblog/index.php/Home/Bbs/index.html
INFO: [ app_init ] --START--
INFO: Run Behavior\BuildLiteBehavior [ RunTime:0.000025s ]
INFO: [ app_init ] --END-- [ RunTime:0.000469s ]
INFO: [ app_begin ] --START--
INFO: Run Behavior\ReadHtmlCacheBehavior [ RunTime:0.000745s ]
INFO: [ app_begin ] --END-- [ RunTime:0.000865s ]
SQL: SHOW COLUMNS FROM `myblog_article` [ RunTime:0.0110s ]
SQL: SHOW COLUMNS FROM `myblog_read` [ RunTime:0.0117s ]
SQL: SELECT * FROM `myblog_read` ORDER BY read_count desc LIMIT 5   [ RunTime:0.0004s ]
SQL: SHOW COLUMNS FROM `myblog_article` [ RunTime:0.0100s ]
SQL: SELECT `article_title` FROM `myblog_article` WHERE ( article_id=46 ) LIMIT 1   [ RunTime:0.0004s ]
SQL: SELECT `article_title` FROM `myblog_article` WHERE ( article_id=33 ) LIMIT 1   [ RunTime:0.0003s ]
SQL: SELECT `article_title` FROM `myblog_article` WHERE ( article_id=3 ) LIMIT 1   [ RunTime:0.0002s ]
SQL: SELECT `article_title` FROM `myblog_article` WHERE ( article_id=27 ) LIMIT 1   [ RunTime:0.0002s ]
SQL: SELECT `article_title` FROM `myblog_article` WHERE ( article_id=1 ) LIMIT 1   [ RunTime:0.0002s ]
SQL: SHOW COLUMNS FROM `myblog_user` [ RunTime:0.0106s ]
SQL: SHOW COLUMNS FROM `myblog_bbs` [ RunTime:0.0097s ]
SQL: SELECT COUNT(*) AS tp_count FROM `myblog_bbs` WHERE ( bbs_userid = '' ) LIMIT 1   [ RunTime:0.0004s ]
SQL: SELECT COUNT(*) AS tp_count FROM `myblog_article` WHERE ( article_userid = '' ) LIMIT 1   [ RunTime:0.0003s ]
SQL: SHOW COLUMNS FROM `myblog_nav` [ RunTime:0.0090s ]
SQL: SELECT * FROM `myblog_nav` WHERE ( nav_parentID=0 ) ORDER BY nav_id  [ RunTime:0.0003s ]
SQL: SELECT * FROM `myblog_nav` WHERE ( nav_parentID=1 ) ORDER BY nav_id  [ RunTime:0.0002s ]
SQL: SELECT * FROM `myblog_nav` WHERE ( nav_parentID=2 ) ORDER BY nav_id  [ RunTime:0.0002s ]
SQL: SELECT * FROM `myblog_nav` WHERE ( nav_parentID=3 ) ORDER BY nav_id  [ RunTime:0.0002s ]
SQL: SHOW COLUMNS FROM `myblog_bbs` [ RunTime:0.0074s ]
SQL: SELECT COUNT(*) AS tp_count FROM `myblog_bbs` LIMIT 1   [ RunTime:0.0008s ]
SQL: SELECT * FROM `myblog_bbs` ORDER BY bbs_id desc LIMIT 0,10   [ RunTime:0.0004s ]
INFO: [ view_parse ] --START--
INFO: [ template_filter ] --START--
INFO: Run Behavior\ContentReplaceBehavior [ RunTime:0.000167s ]
INFO: [ template_filter ] --END-- [ RunTime:0.000292s ]
NOTIC: [8] Use of undefined constant read_articleid - assumed 'read_articleid' D:\wamp\www\myblog\Application\Runtime\Cache\Home\d393c0386e21bd16b688f1a60def0a85.php 第 169 行.
NOTIC: [8] Use of undefined constant read_articleid - assumed 'read_articleid' D:\wamp\www\myblog\Application\Runtime\Cache\Home\d393c0386e21bd16b688f1a60def0a85.php 第 169 行.
NOTIC: [8] Use of undefined constant read_articleid - assumed 'read_articleid' D:\wamp\www\myblog\Application\Runtime\Cache\Home\d393c0386e21bd16b688f1a60def0a85.php 第 169 行.
NOTIC: [8] Use of undefined constant read_articleid - assumed 'read_articleid' D:\wamp\www\myblog\Application\Runtime\Cache\Home\d393c0386e21bd16b688f1a60def0a85.php 第 169 行.
NOTIC: [8] Use of undefined constant read_articleid - assumed 'read_articleid' D:\wamp\www\myblog\Application\Runtime\Cache\Home\d393c0386e21bd16b688f1a60def0a85.php 第 169 行.
INFO: Run Behavior\ParseTemplateBehavior [ RunTime:0.106531s ]
INFO: [ view_parse ] --END-- [ RunTime:0.106819s ]
INFO: [ view_filter ] --START--
INFO: Run Behavior\WriteHtmlCacheBehavior [ RunTime:0.001093s ]
INFO: [ view_filter ] --END-- [ RunTime:0.001430s ]
INFO: [ app_end ] --START--
INFO: Run Behavior\ShowPageTraceBehavior [ RunTime:0.000940s ]
INFO: [ app_end ] --END-- [ RunTime:0.001068s ]

[ 2016-04-17T16:04:07+08:00 ] 127.0.0.1 /myblog/index.php/Home/Index/index.html
INFO: [ app_init ] --START--
INFO: Run Behavior\BuildLiteBehavior [ RunTime:0.000025s ]
INFO: [ app_init ] --END-- [ RunTime:0.000459s ]
INFO: [ app_begin ] --START--
INFO: Run Behavior\ReadHtmlCacheBehavior [ RunTime:0.000747s ]
INFO: [ app_begin ] --END-- [ RunTime:0.000869s ]
SQL: SHOW COLUMNS FROM `myblog_article` [ RunTime:0.0129s ]
SQL: SHOW COLUMNS FROM `myblog_nav` [ RunTime:0.0115s ]
SQL: SELECT * FROM `myblog_nav` WHERE ( nav_parentID=3 ) ORDER BY nav_id  [ RunTime:0.0005s ]
SQL: SELECT * FROM `myblog_article` WHERE ( article_navid = 4 )  [ RunTime:0.0005s ]
SQL: SELECT * FROM `myblog_nav` WHERE ( nav_parentID=4 ) ORDER BY nav_id  [ RunTime:0.0002s ]
SQL: SELECT * FROM `myblog_article` WHERE ( article_navid = 7 )  [ RunTime:0.0003s ]
SQL: SELECT * FROM `myblog_article` WHERE ( article_navid = 8 )  [ RunTime:0.0003s ]
SQL: SELECT * FROM `myblog_article` WHERE ( article_navid = 9 )  [ RunTime:0.0003s ]
SQL: SELECT * FROM `myblog_article` WHERE ( article_navid = 10 )  [ RunTime:0.0003s ]
SQL: SELECT * FROM `myblog_article` WHERE ( article_navid = 5 )  [ RunTime:0.0002s ]
SQL: SELECT * FROM `myblog_nav` WHERE ( nav_parentID=5 ) ORDER BY nav_id  [ RunTime:0.0003s ]
SQL: SELECT * FROM `myblog_article` WHERE ( article_navid = 11 )  [ RunTime:0.0002s ]
SQL: SELECT * FROM `myblog_article` WHERE ( article_navid = 12 )  [ RunTime:0.0002s ]
SQL: SELECT * FROM `myblog_article` WHERE ( article_navid = 13 )  [ RunTime:0.0002s ]
SQL: SELECT * FROM `myblog_article` WHERE ( article_navid = 6 )  [ RunTime:0.0005s ]
SQL: SELECT * FROM `myblog_nav` WHERE ( nav_parentID=6 ) ORDER BY nav_id  [ RunTime:0.0003s ]
SQL: SHOW COLUMNS FROM `myblog_read` [ RunTime:0.0120s ]
SQL: SELECT * FROM `myblog_read` ORDER BY read_count desc LIMIT 5   [ RunTime:0.0003s ]
SQL: SHOW COLUMNS FROM `myblog_article` [ RunTime:0.0077s ]
SQL: SELECT `article_title` FROM `myblog_article` WHERE ( article_id=46 ) LIMIT 1   [ RunTime:0.0003s ]
SQL: SELECT `article_title` FROM `myblog_article` WHERE ( article_id=33 ) LIMIT 1   [ RunTime:0.0002s ]
SQL: SELECT `article_title` FROM `myblog_article` WHERE ( article_id=3 ) LIMIT 1   [ RunTime:0.0002s ]
SQL: SELECT `article_title` FROM `myblog_article` WHERE ( article_id=27 ) LIMIT 1   [ RunTime:0.0002s ]
SQL: SELECT `article_title` FROM `myblog_article` WHERE ( article_id=1 ) LIMIT 1   [ RunTime:0.0002s ]
SQL: SHOW COLUMNS FROM `myblog_user` [ RunTime:0.0133s ]
SQL: SHOW COLUMNS FROM `myblog_bbs` [ RunTime:0.0127s ]
SQL: SELECT COUNT(*) AS tp_count FROM `myblog_bbs` WHERE ( bbs_userid = '' ) LIMIT 1   [ RunTime:0.0003s ]
SQL: SELECT COUNT(*) AS tp_count FROM `myblog_article` WHERE ( article_userid = '' ) LIMIT 1   [ RunTime:0.0003s ]
NOTIC: [8] Undefined variable: navList D:\wamp\www\myblog\Application\Home\Controller\IndexController.class.php 第 21 行.
INFO: [ view_parse ] --START--
INFO: [ template_filter ] --START--
INFO: Run Behavior\ContentReplaceBehavior [ RunTime:0.000190s ]
INFO: [ template_filter ] --END-- [ RunTime:0.000366s ]
NOTIC: [8] Use of undefined constant article_id - assumed 'article_id' D:\wamp\www\myblog\Application\Runtime\Cache\Home\2a94b8bda04ff446dcedd42276fc99ee.php 第 120 行.
NOTIC: [8] Use of undefined constant article_id - assumed 'article_id' D:\wamp\www\myblog\Application\Runtime\Cache\Home\2a94b8bda04ff446dcedd42276fc99ee.php 第 121 行.
NOTIC: [8] Use of undefined constant article_id - assumed 'article_id' D:\wamp\www\myblog\Application\Runtime\Cache\Home\2a94b8bda04ff446dcedd42276fc99ee.php 第 122 行.
NOTIC: [8] Use of undefined constant article_id - assumed 'article_id' D:\wamp\www\myblog\Application\Runtime\Cache\Home\2a94b8bda04ff446dcedd42276fc99ee.php 第 123 行.
NOTIC: [8] Use of undefined constant article_id - assumed 'article_id' D:\wamp\www\myblog\Application\Runtime\Cache\Home\2a94b8bda04ff446dcedd42276fc99ee.php 第 127 行.
NOTIC: [8] Use of undefined constant article_id - assumed 'article_id' D:\wamp\www\myblog\Application\Runtime\Cache\Home\2a94b8bda04ff446dcedd42276fc99ee.php 第 128 行.
NOTIC: [8] Use of undefined constant article_id - assumed 'article_id' D:\wamp\www\myblog\Application\Runtime\Cache\Home\2a94b8bda04ff446dcedd42276fc99ee.php 第 129 行.
NOTIC: [8] Use of undefined constant article_id - assumed 'article_id' D:\wamp\www\myblog\Application\Runtime\Cache\Home\2a94b8bda04ff446dcedd42276fc99ee.php 第 130 行.
NOTIC: [8] Use of undefined constant article_id - assumed 'article_id' D:\wamp\www\myblog\Application\Runtime\Cache\Home\2a94b8bda04ff446dcedd42276fc99ee.php 第 127 行.
NOTIC: [8] Use of undefined constant article_id - assumed 'article_id' D:\wamp\www\myblog\Application\Runtime\Cache\Home\2a94b8bda04ff446dcedd42276fc99ee.php 第 128 行.
NOTIC: [8] Use of undefined constant article_id - assumed 'article_id' D:\wamp\www\myblog\Application\Runtime\Cache\Home\2a94b8bda04ff446dcedd42276fc99ee.php 第 129 行.
NOTIC: [8] Use of undefined constant article_id - assumed 'article_id' D:\wamp\www\myblog\Application\Runtime\Cache\Home\2a94b8bda04ff446dcedd42276fc99ee.php 第 130 行.
NOTIC: [8] Use of undefined constant article_id - assumed 'article_id' D:\wamp\www\myblog\Application\Runtime\Cache\Home\2a94b8bda04ff446dcedd42276fc99ee.php 第 127 行.
NOTIC: [8] Use of undefined constant article_id - assumed 'article_id' D:\wamp\www\myblog\Application\Runtime\Cache\Home\2a94b8bda04ff446dcedd42276fc99ee.php 第 128 行.
NOTIC: [8] Use of undefined constant article_id - assumed 'article_id' D:\wamp\www\myblog\Application\Runtime\Cache\Home\2a94b8bda04ff446dcedd42276fc99ee.php 第 129 行.
NOTIC: [8] Use of undefined constant article_id - assumed 'article_id' D:\wamp\www\myblog\Application\Runtime\Cache\Home\2a94b8bda04ff446dcedd42276fc99ee.php 第 130 行.
NOTIC: [8] Use of undefined constant article_id - assumed 'article_id' D:\wamp\www\myblog\Application\Runtime\Cache\Home\2a94b8bda04ff446dcedd42276fc99ee.php 第 127 行.
NOTIC: [8] Use of undefined constant article_id - assumed 'article_id' D:\wamp\www\myblog\Application\Runtime\Cache\Home\2a94b8bda04ff446dcedd42276fc99ee.php 第 128 行.
NOTIC: [8] Use of undefined constant article_id - assumed 'article_id' D:\wamp\www\myblog\Application\Runtime\Cache\Home\2a94b8bda04ff446dcedd42276fc99ee.php 第 129 行.
NOTIC: [8] Use of undefined constant article_id - assumed 'article_id' D:\wamp\www\myblog\Application\Runtime\Cache\Home\2a94b8bda04ff446dcedd42276fc99ee.php 第 130 行.
NOTIC: [8] Use of undefined constant article_id - assumed 'article_id' D:\wamp\www\myblog\Application\Runtime\Cache\Home\2a94b8bda04ff446dcedd42276fc99ee.php 第 152 行.
NOTIC: [8] Use of undefined constant article_id - assumed 'article_id' D:\wamp\www\myblog\Application\Runtime\Cache\Home\2a94b8bda04ff446dcedd42276fc99ee.php 第 153 行.
NOTIC: [8] Use of undefined constant article_id - assumed 'article_id' D:\wamp\www\myblog\Application\Runtime\Cache\Home\2a94b8bda04ff446dcedd42276fc99ee.php 第 154 行.
NOTIC: [8] Use of undefined constant article_id - assumed 'article_id' D:\wamp\www\myblog\Application\Runtime\Cache\Home\2a94b8bda04ff446dcedd42276fc99ee.php 第 155 行.
NOTIC: [8] Use of undefined constant read_articleid - assumed 'read_articleid' D:\wamp\www\myblog\Application\Runtime\Cache\Home\2a94b8bda04ff446dcedd42276fc99ee.php 第 195 行.
NOTIC: [8] Use of undefined constant read_articleid - assumed 'read_articleid' D:\wamp\www\myblog\Application\Runtime\Cache\Home\2a94b8bda04ff446dcedd42276fc99ee.php 第 195 行.
NOTIC: [8] Use of undefined constant read_articleid - assumed 'read_articleid' D:\wamp\www\myblog\Application\Runtime\Cache\Home\2a94b8bda04ff446dcedd42276fc99ee.php 第 195 行.
NOTIC: [8] Use of undefined constant read_articleid - assumed 'read_articleid' D:\wamp\www\myblog\Application\Runtime\Cache\Home\2a94b8bda04ff446dcedd42276fc99ee.php 第 195 行.
NOTIC: [8] Use of undefined constant read_articleid - assumed 'read_articleid' D:\wamp\www\myblog\Application\Runtime\Cache\Home\2a94b8bda04ff446dcedd42276fc99ee.php 第 195 行.
INFO: Run Behavior\ParseTemplateBehavior [ RunTime:0.130281s ]
INFO: [ view_parse ] --END-- [ RunTime:0.130431s ]
INFO: [ view_filter ] --START--
INFO: Run Behavior\WriteHtmlCacheBehavior [ RunTime:0.000644s ]
INFO: [ view_filter ] --END-- [ RunTime:0.000746s ]
INFO: [ app_end ] --START--
INFO: Run Behavior\ShowPageTraceBehavior [ RunTime:0.000743s ]
INFO: [ app_end ] --END-- [ RunTime:0.000847s ]

[ 2016-04-17T22:58:34+08:00 ] 127.0.0.1 /myblog/
INFO: [ app_init ] --START--
INFO: Run Behavior\BuildLiteBehavior [ RunTime:0.000061s ]
INFO: [ app_init ] --END-- [ RunTime:0.027983s ]
INFO: [ app_begin ] --START--
INFO: Run Behavior\ReadHtmlCacheBehavior [ RunTime:0.026407s ]
INFO: [ app_begin ] --END-- [ RunTime:0.026681s ]
SQL: SHOW COLUMNS FROM `myblog_article` [ RunTime:0.0190s ]
SQL: SHOW COLUMNS FROM `myblog_nav` [ RunTime:0.0100s ]
SQL: SELECT * FROM `myblog_nav` WHERE ( nav_parentID=3 ) ORDER BY nav_id  [ RunTime:0.0006s ]
SQL: SELECT * FROM `myblog_article` WHERE ( article_navid = 4 )  [ RunTime:0.0011s ]
SQL: SELECT * FROM `myblog_nav` WHERE ( nav_parentID=4 ) ORDER BY nav_id  [ RunTime:0.0004s ]
SQL: SELECT * FROM `myblog_article` WHERE ( article_navid = 7 )  [ RunTime:0.0004s ]
SQL: SELECT * FROM `myblog_article` WHERE ( article_navid = 8 )  [ RunTime:0.0003s ]
SQL: SELECT * FROM `myblog_article` WHERE ( article_navid = 9 )  [ RunTime:0.0004s ]
SQL: SELECT * FROM `myblog_article` WHERE ( article_navid = 10 )  [ RunTime:0.0003s ]
SQL: SELECT * FROM `myblog_article` WHERE ( article_navid = 5 )  [ RunTime:0.0002s ]
SQL: SELECT * FROM `myblog_nav` WHERE ( nav_parentID=5 ) ORDER BY nav_id  [ RunTime:0.0002s ]
SQL: SELECT * FROM `myblog_article` WHERE ( article_navid = 11 )  [ RunTime:0.0002s ]
SQL: SELECT * FROM `myblog_article` WHERE ( article_navid = 12 )  [ RunTime:0.0002s ]
SQL: SELECT * FROM `myblog_article` WHERE ( article_navid = 13 )  [ RunTime:0.0002s ]
SQL: SELECT * FROM `myblog_article` WHERE ( article_navid = 6 )  [ RunTime:0.0004s ]
SQL: SELECT * FROM `myblog_nav` WHERE ( nav_parentID=6 ) ORDER BY nav_id  [ RunTime:0.0002s ]
SQL: SHOW COLUMNS FROM `myblog_read` [ RunTime:0.0103s ]
SQL: SELECT * FROM `myblog_read` ORDER BY read_count desc LIMIT 5   [ RunTime:0.0004s ]
SQL: SHOW COLUMNS FROM `myblog_article` [ RunTime:0.0068s ]
SQL: SELECT `article_title` FROM `myblog_article` WHERE ( article_id=46 ) LIMIT 1   [ RunTime:0.0005s ]
SQL: SELECT `article_title` FROM `myblog_article` WHERE ( article_id=33 ) LIMIT 1   [ RunTime:0.0005s ]
SQL: SELECT `article_title` FROM `myblog_article` WHERE ( article_id=3 ) LIMIT 1   [ RunTime:0.0009s ]
SQL: SELECT `article_title` FROM `myblog_article` WHERE ( article_id=27 ) LIMIT 1   [ RunTime:0.0006s ]
SQL: SELECT `article_title` FROM `myblog_article` WHERE ( article_id=1 ) LIMIT 1   [ RunTime:0.0005s ]
SQL: SHOW COLUMNS FROM `myblog_user` [ RunTime:0.0106s ]
SQL: SHOW COLUMNS FROM `myblog_bbs` [ RunTime:0.0099s ]
SQL: SELECT COUNT(*) AS tp_count FROM `myblog_bbs` WHERE ( bbs_userid = '' ) LIMIT 1   [ RunTime:0.0004s ]
SQL: SELECT COUNT(*) AS tp_count FROM `myblog_article` WHERE ( article_userid = '' ) LIMIT 1   [ RunTime:0.0003s ]
NOTIC: [8] Undefined variable: navList D:\wamp\www\myblog\Application\Home\Controller\IndexController.class.php 第 21 行.
INFO: [ view_parse ] --START--
INFO: [ template_filter ] --START--
INFO: Run Behavior\ContentReplaceBehavior [ RunTime:0.000280s ]
INFO: [ template_filter ] --END-- [ RunTime:0.000494s ]
INFO: Run Behavior\ParseTemplateBehavior [ RunTime:0.236464s ]
INFO: [ view_parse ] --END-- [ RunTime:0.236598s ]
INFO: [ view_filter ] --START--
INFO: Run Behavior\WriteHtmlCacheBehavior [ RunTime:0.014338s ]
INFO: [ view_filter ] --END-- [ RunTime:0.014503s ]
INFO: [ app_end ] --START--
INFO: Run Behavior\ShowPageTraceBehavior [ RunTime:0.012241s ]
INFO: [ app_end ] --END-- [ RunTime:0.012391s ]

[ 2016-04-17T22:59:36+08:00 ] 127.0.0.1 /myblog/
INFO: [ app_init ] --START--
INFO: Run Behavior\BuildLiteBehavior [ RunTime:0.000028s ]
INFO: [ app_init ] --END-- [ RunTime:0.000512s ]
INFO: [ app_begin ] --START--
INFO: Run Behavior\ReadHtmlCacheBehavior [ RunTime:0.001016s ]
INFO: [ app_begin ] --END-- [ RunTime:0.001212s ]
SQL: SHOW COLUMNS FROM `myblog_article` [ RunTime:0.0125s ]
SQL: SHOW COLUMNS FROM `myblog_nav` [ RunTime:0.0099s ]
SQL: SELECT * FROM `myblog_nav` WHERE ( nav_parentID=3 ) ORDER BY nav_id  [ RunTime:0.0005s ]
SQL: SELECT * FROM `myblog_article` WHERE ( article_navid = 4 )  [ RunTime:0.0004s ]
SQL: SELECT * FROM `myblog_nav` WHERE ( nav_parentID=4 ) ORDER BY nav_id  [ RunTime:0.0002s ]
SQL: SELECT * FROM `myblog_article` WHERE ( article_navid = 7 )  [ RunTime:0.0003s ]
SQL: SELECT * FROM `myblog_article` WHERE ( article_navid = 8 )  [ RunTime:0.0002s ]
SQL: SELECT * FROM `myblog_article` WHERE ( article_navid = 9 )  [ RunTime:0.0003s ]
SQL: SELECT * FROM `myblog_article` WHERE ( article_navid = 10 )  [ RunTime:0.0003s ]
SQL: SELECT * FROM `myblog_article` WHERE ( article_navid = 5 )  [ RunTime:0.0003s ]
SQL: SELECT * FROM `myblog_nav` WHERE ( nav_parentID=5 ) ORDER BY nav_id  [ RunTime:0.0003s ]
SQL: SELECT * FROM `myblog_article` WHERE ( article_navid = 11 )  [ RunTime:0.0002s ]
SQL: SELECT * FROM `myblog_article` WHERE ( article_navid = 12 )  [ RunTime:0.0002s ]
SQL: SELECT * FROM `myblog_article` WHERE ( article_navid = 13 )  [ RunTime:0.0002s ]
SQL: SELECT * FROM `myblog_article` WHERE ( article_navid = 6 )  [ RunTime:0.0003s ]
SQL: SELECT * FROM `myblog_nav` WHERE ( nav_parentID=6 ) ORDER BY nav_id  [ RunTime:0.0002s ]
SQL: SHOW COLUMNS FROM `myblog_read` [ RunTime:0.0153s ]
SQL: SELECT * FROM `myblog_read` ORDER BY read_count desc LIMIT 5   [ RunTime:0.0005s ]
SQL: SHOW COLUMNS FROM `myblog_article` [ RunTime:0.0123s ]
SQL: SELECT `article_title` FROM `myblog_article` WHERE ( article_id=46 ) LIMIT 1   [ RunTime:0.0003s ]
SQL: SELECT `article_title` FROM `myblog_article` WHERE ( article_id=33 ) LIMIT 1   [ RunTime:0.0002s ]
SQL: SELECT `article_title` FROM `myblog_article` WHERE ( article_id=3 ) LIMIT 1   [ RunTime:0.0001s ]
SQL: SELECT `article_title` FROM `myblog_article` WHERE ( article_id=27 ) LIMIT 1   [ RunTime:0.0001s ]
SQL: SELECT `article_title` FROM `myblog_article` WHERE ( article_id=1 ) LIMIT 1   [ RunTime:0.0001s ]
SQL: SHOW COLUMNS FROM `myblog_user` [ RunTime:0.0101s ]
SQL: SHOW COLUMNS FROM `myblog_bbs` [ RunTime:0.0096s ]
SQL: SELECT COUNT(*) AS tp_count FROM `myblog_bbs` WHERE ( bbs_userid = '' ) LIMIT 1   [ RunTime:0.0002s ]
SQL: SELECT COUNT(*) AS tp_count FROM `myblog_article` WHERE ( article_userid = '' ) LIMIT 1   [ RunTime:0.0002s ]
NOTIC: [8] Undefined variable: navList D:\wamp\www\myblog\Application\Home\Controller\IndexController.class.php 第 21 行.
INFO: [ view_parse ] --START--
INFO: [ template_filter ] --START--
INFO: Run Behavior\ContentReplaceBehavior [ RunTime:0.000265s ]
INFO: [ template_filter ] --END-- [ RunTime:0.000471s ]
INFO: Run Behavior\ParseTemplateBehavior [ RunTime:0.052454s ]
INFO: [ view_parse ] --END-- [ RunTime:0.052600s ]
INFO: [ view_filter ] --START--
INFO: Run Behavior\WriteHtmlCacheBehavior [ RunTime:0.000536s ]
INFO: [ view_filter ] --END-- [ RunTime:0.000643s ]
INFO: [ app_end ] --START--
INFO: Run Behavior\ShowPageTraceBehavior [ RunTime:0.000573s ]
INFO: [ app_end ] --END-- [ RunTime:0.000687s ]

[ 2016-04-17T22:59:54+08:00 ] 127.0.0.1 /myblog/
INFO: [ app_init ] --START--
INFO: Run Behavior\BuildLiteBehavior [ RunTime:0.000026s ]
INFO: [ app_init ] --END-- [ RunTime:0.000642s ]
INFO: [ app_begin ] --START--
INFO: Run Behavior\ReadHtmlCacheBehavior [ RunTime:0.000876s ]
INFO: [ app_begin ] --END-- [ RunTime:0.001042s ]
SQL: SHOW COLUMNS FROM `myblog_article` [ RunTime:0.0131s ]
SQL: SHOW COLUMNS FROM `myblog_nav` [ RunTime:0.0143s ]
SQL: SELECT * FROM `myblog_nav` WHERE ( nav_parentID=3 ) ORDER BY nav_id  [ RunTime:0.0005s ]
SQL: SELECT * FROM `myblog_article` WHERE ( article_navid = 4 )  [ RunTime:0.0009s ]
SQL: SELECT * FROM `myblog_nav` WHERE ( nav_parentID=4 ) ORDER BY nav_id  [ RunTime:0.0004s ]
SQL: SELECT * FROM `myblog_article` WHERE ( article_navid = 7 )  [ RunTime:0.0005s ]
SQL: SELECT * FROM `myblog_article` WHERE ( article_navid = 8 )  [ RunTime:0.0005s ]
SQL: SELECT * FROM `myblog_article` WHERE ( article_navid = 9 )  [ RunTime:0.0005s ]
SQL: SELECT * FROM `myblog_article` WHERE ( article_navid = 10 )  [ RunTime:0.0005s ]
SQL: SELECT * FROM `myblog_article` WHERE ( article_navid = 5 )  [ RunTime:0.0003s ]
SQL: SELECT * FROM `myblog_nav` WHERE ( nav_parentID=5 ) ORDER BY nav_id  [ RunTime:0.0004s ]
SQL: SELECT * FROM `myblog_article` WHERE ( article_navid = 11 )  [ RunTime:0.0004s ]
SQL: SELECT * FROM `myblog_article` WHERE ( article_navid = 12 )  [ RunTime:0.0004s ]
SQL: SELECT * FROM `myblog_article` WHERE ( article_navid = 13 )  [ RunTime:0.0004s ]
SQL: SELECT * FROM `myblog_article` WHERE ( article_navid = 6 )  [ RunTime:0.0005s ]
SQL: SELECT * FROM `myblog_nav` WHERE ( nav_parentID=6 ) ORDER BY nav_id  [ RunTime:0.0003s ]
SQL: SHOW COLUMNS FROM `myblog_read` [ RunTime:0.0294s ]
SQL: SELECT * FROM `myblog_read` ORDER BY read_count desc LIMIT 5   [ RunTime:0.0003s ]
SQL: SHOW COLUMNS FROM `myblog_article` [ RunTime:0.0094s ]
SQL: SELECT `article_title` FROM `myblog_article` WHERE ( article_id=46 ) LIMIT 1   [ RunTime:0.0002s ]
SQL: SELECT `article_title` FROM `myblog_article` WHERE ( article_id=33 ) LIMIT 1   [ RunTime:0.0001s ]
SQL: SELECT `article_title` FROM `myblog_article` WHERE ( article_id=3 ) LIMIT 1   [ RunTime:0.0001s ]
SQL: SELECT `article_title` FROM `myblog_article` WHERE ( article_id=27 ) LIMIT 1   [ RunTime:0.0001s ]
SQL: SELECT `article_title` FROM `myblog_article` WHERE ( article_id=1 ) LIMIT 1   [ RunTime:0.0001s ]
SQL: SHOW COLUMNS FROM `myblog_user` [ RunTime:0.0128s ]
SQL: SHOW COLUMNS FROM `myblog_bbs` [ RunTime:0.0108s ]
SQL: SELECT COUNT(*) AS tp_count FROM `myblog_bbs` WHERE ( bbs_userid = '' ) LIMIT 1   [ RunTime:0.0004s ]
SQL: SELECT COUNT(*) AS tp_count FROM `myblog_article` WHERE ( article_userid = '' ) LIMIT 1   [ RunTime:0.0002s ]
NOTIC: [8] Undefined variable: navList D:\wamp\www\myblog\Application\Home\Controller\IndexController.class.php 第 21 行.
INFO: [ view_parse ] --START--
INFO: [ template_filter ] --START--
INFO: Run Behavior\ContentReplaceBehavior [ RunTime:0.000144s ]
INFO: [ template_filter ] --END-- [ RunTime:0.000280s ]
INFO: Run Behavior\ParseTemplateBehavior [ RunTime:0.079530s ]
INFO: [ view_parse ] --END-- [ RunTime:0.079715s ]
INFO: [ view_filter ] --START--
INFO: Run Behavior\WriteHtmlCacheBehavior [ RunTime:0.001040s ]
INFO: [ view_filter ] --END-- [ RunTime:0.001196s ]
INFO: [ app_end ] --START--
INFO: Run Behavior\ShowPageTraceBehavior [ RunTime:0.002321s ]
INFO: [ app_end ] --END-- [ RunTime:0.002551s ]

[ 2016-04-17T23:29:58+08:00 ] 127.0.0.1 /myblog/
INFO: [ app_init ] --START--
INFO: Run Behavior\BuildLiteBehavior [ RunTime:0.000046s ]
INFO: [ app_init ] --END-- [ RunTime:0.000844s ]
INFO: [ app_begin ] --START--
INFO: Run Behavior\ReadHtmlCacheBehavior [ RunTime:0.001139s ]
INFO: [ app_begin ] --END-- [ RunTime:0.001338s ]
SQL: SHOW COLUMNS FROM `myblog_article` [ RunTime:0.0134s ]
SQL: SHOW COLUMNS FROM `myblog_nav` [ RunTime:0.0092s ]
SQL: SELECT * FROM `myblog_nav` WHERE ( nav_parentID=3 ) ORDER BY nav_id  [ RunTime:0.0004s ]
SQL: SELECT * FROM `myblog_article` WHERE ( article_navid = 4 )  [ RunTime:0.0005s ]
SQL: SELECT * FROM `myblog_nav` WHERE ( nav_parentID=4 ) ORDER BY nav_id  [ RunTime:0.0004s ]
SQL: SELECT * FROM `myblog_article` WHERE ( article_navid = 7 )  [ RunTime:0.0004s ]
SQL: SELECT * FROM `myblog_article` WHERE ( article_navid = 8 )  [ RunTime:0.0003s ]
SQL: SELECT * FROM `myblog_article` WHERE ( article_navid = 9 )  [ RunTime:0.0003s ]
SQL: SELECT * FROM `myblog_article` WHERE ( article_navid = 10 )  [ RunTime:0.0003s ]
SQL: SELECT * FROM `myblog_article` WHERE ( article_navid = 5 )  [ RunTime:0.0002s ]
SQL: SELECT * FROM `myblog_nav` WHERE ( nav_parentID=5 ) ORDER BY nav_id  [ RunTime:0.0002s ]
SQL: SELECT * FROM `myblog_article` WHERE ( article_navid = 11 )  [ RunTime:0.0002s ]
SQL: SELECT * FROM `myblog_article` WHERE ( article_navid = 12 )  [ RunTime:0.0002s ]
SQL: SELECT * FROM `myblog_article` WHERE ( article_navid = 13 )  [ RunTime:0.0002s ]
SQL: SELECT * FROM `myblog_article` WHERE ( article_navid = 6 )  [ RunTime:0.0003s ]
SQL: SELECT * FROM `myblog_nav` WHERE ( nav_parentID=6 ) ORDER BY nav_id  [ RunTime:0.0002s ]
SQL: SHOW COLUMNS FROM `myblog_read` [ RunTime:0.0100s ]
SQL: SELECT * FROM `myblog_read` ORDER BY read_count desc LIMIT 5   [ RunTime:0.0005s ]
SQL: SHOW COLUMNS FROM `myblog_article` [ RunTime:0.0094s ]
SQL: SELECT `article_title` FROM `myblog_article` WHERE ( article_id=46 ) LIMIT 1   [ RunTime:0.0003s ]
SQL: SELECT `article_title` FROM `myblog_article` WHERE ( article_id=33 ) LIMIT 1   [ RunTime:0.0002s ]
SQL: SELECT `article_title` FROM `myblog_article` WHERE ( article_id=3 ) LIMIT 1   [ RunTime:0.0002s ]
SQL: SELECT `article_title` FROM `myblog_article` WHERE ( article_id=27 ) LIMIT 1   [ RunTime:0.0003s ]
SQL: SELECT `article_title` FROM `myblog_article` WHERE ( article_id=1 ) LIMIT 1   [ RunTime:0.0004s ]
SQL: SHOW COLUMNS FROM `myblog_user` [ RunTime:0.0091s ]
SQL: SHOW COLUMNS FROM `myblog_bbs` [ RunTime:0.0111s ]
SQL: SELECT COUNT(*) AS tp_count FROM `myblog_bbs` WHERE ( bbs_userid = '' ) LIMIT 1   [ RunTime:0.0003s ]
SQL: SELECT COUNT(*) AS tp_count FROM `myblog_article` WHERE ( article_userid = '' ) LIMIT 1   [ RunTime:0.0003s ]
NOTIC: [8] Undefined variable: navList D:\wamp\www\myblog\Application\Home\Controller\IndexController.class.php 第 21 行.
INFO: [ view_parse ] --START--
INFO: [ template_filter ] --START--
INFO: Run Behavior\ContentReplaceBehavior [ RunTime:0.000225s ]
INFO: [ template_filter ] --END-- [ RunTime:0.000436s ]
INFO: Run Behavior\ParseTemplateBehavior [ RunTime:0.050237s ]
INFO: [ view_parse ] --END-- [ RunTime:0.050368s ]
INFO: [ view_filter ] --START--
INFO: Run Behavior\WriteHtmlCacheBehavior [ RunTime:0.000642s ]
INFO: [ view_filter ] --END-- [ RunTime:0.000750s ]
INFO: [ app_end ] --START--
INFO: Run Behavior\ShowPageTraceBehavior [ RunTime:0.000783s ]
INFO: [ app_end ] --END-- [ RunTime:0.000894s ]

[ 2016-04-17T23:30:18+08:00 ] 127.0.0.1 /myblog/
INFO: [ app_init ] --START--
INFO: Run Behavior\BuildLiteBehavior [ RunTime:0.000026s ]
INFO: [ app_init ] --END-- [ RunTime:0.000518s ]
INFO: [ app_begin ] --START--
INFO: Run Behavior\ReadHtmlCacheBehavior [ RunTime:0.000962s ]
INFO: [ app_begin ] --END-- [ RunTime:0.001108s ]
SQL: SHOW COLUMNS FROM `myblog_article` [ RunTime:0.0123s ]
SQL: SHOW COLUMNS FROM `myblog_nav` [ RunTime:0.0122s ]
SQL: SELECT * FROM `myblog_nav` WHERE ( nav_parentID=3 ) ORDER BY nav_id  [ RunTime:0.0004s ]
SQL: SELECT * FROM `myblog_article` WHERE ( article_navid = 4 )  [ RunTime:0.0005s ]
SQL: SELECT * FROM `myblog_nav` WHERE ( nav_parentID=4 ) ORDER BY nav_id  [ RunTime:0.0003s ]
SQL: SELECT * FROM `myblog_article` WHERE ( article_navid = 7 )  [ RunTime:0.0003s ]
SQL: SELECT * FROM `myblog_article` WHERE ( article_navid = 8 )  [ RunTime:0.0003s ]
SQL: SELECT * FROM `myblog_article` WHERE ( article_navid = 9 )  [ RunTime:0.0003s ]
SQL: SELECT * FROM `myblog_article` WHERE ( article_navid = 10 )  [ RunTime:0.0003s ]
SQL: SELECT * FROM `myblog_article` WHERE ( article_navid = 5 )  [ RunTime:0.0002s ]
SQL: SELECT * FROM `myblog_nav` WHERE ( nav_parentID=5 ) ORDER BY nav_id  [ RunTime:0.0003s ]
SQL: SELECT * FROM `myblog_article` WHERE ( article_navid = 11 )  [ RunTime:0.0003s ]
SQL: SELECT * FROM `myblog_article` WHERE ( article_navid = 12 )  [ RunTime:0.0002s ]
SQL: SELECT * FROM `myblog_article` WHERE ( article_navid = 13 )  [ RunTime:0.0002s ]
SQL: SELECT * FROM `myblog_article` WHERE ( article_navid = 6 )  [ RunTime:0.0004s ]
SQL: SELECT * FROM `myblog_nav` WHERE ( nav_parentID=6 ) ORDER BY nav_id  [ RunTime:0.0002s ]
SQL: SHOW COLUMNS FROM `myblog_read` [ RunTime:0.0096s ]
SQL: SELECT * FROM `myblog_read` ORDER BY read_count desc LIMIT 5   [ RunTime:0.0003s ]
SQL: SHOW COLUMNS FROM `myblog_article` [ RunTime:0.0110s ]
SQL: SELECT `article_title` FROM `myblog_article` WHERE ( article_id=46 ) LIMIT 1   [ RunTime:0.0003s ]
SQL: SELECT `article_title` FROM `myblog_article` WHERE ( article_id=33 ) LIMIT 1   [ RunTime:0.0002s ]
SQL: SELECT `article_title` FROM `myblog_article` WHERE ( article_id=3 ) LIMIT 1   [ RunTime:0.0003s ]
SQL: SELECT `article_title` FROM `myblog_article` WHERE ( article_id=27 ) LIMIT 1   [ RunTime:0.0002s ]
SQL: SELECT `article_title` FROM `myblog_article` WHERE ( article_id=1 ) LIMIT 1   [ RunTime:0.0003s ]
SQL: SHOW COLUMNS FROM `myblog_user` [ RunTime:0.0100s ]
SQL: SHOW COLUMNS FROM `myblog_bbs` [ RunTime:0.0108s ]
SQL: SELECT COUNT(*) AS tp_count FROM `myblog_bbs` WHERE ( bbs_userid = '' ) LIMIT 1   [ RunTime:0.0004s ]
SQL: SELECT COUNT(*) AS tp_count FROM `myblog_article` WHERE ( article_userid = '' ) LIMIT 1   [ RunTime:0.0003s ]
NOTIC: [8] Undefined variable: navList D:\wamp\www\myblog\Application\Home\Controller\IndexController.class.php 第 21 行.
INFO: [ view_parse ] --START--
INFO: [ template_filter ] --START--
INFO: Run Behavior\ContentReplaceBehavior [ RunTime:0.000162s ]
INFO: [ template_filter ] --END-- [ RunTime:0.000305s ]
INFO: Run Behavior\ParseTemplateBehavior [ RunTime:0.056789s ]
INFO: [ view_parse ] --END-- [ RunTime:0.056942s ]
INFO: [ view_filter ] --START--
INFO: Run Behavior\WriteHtmlCacheBehavior [ RunTime:0.001501s ]
INFO: [ view_filter ] --END-- [ RunTime:0.001663s ]
INFO: [ app_end ] --START--
INFO: Run Behavior\ShowPageTraceBehavior [ RunTime:0.001418s ]
INFO: [ app_end ] --END-- [ RunTime:0.001569s ]

[ 2016-04-17T23:30:48+08:00 ] 127.0.0.1 /myblog/
INFO: [ app_init ] --START--
INFO: Run Behavior\BuildLiteBehavior [ RunTime:0.000026s ]
INFO: [ app_init ] --END-- [ RunTime:0.000475s ]
INFO: [ app_begin ] --START--
INFO: Run Behavior\ReadHtmlCacheBehavior [ RunTime:0.000722s ]
INFO: [ app_begin ] --END-- [ RunTime:0.000869s ]
SQL: SHOW COLUMNS FROM `myblog_article` [ RunTime:0.0210s ]
SQL: SHOW COLUMNS FROM `myblog_nav` [ RunTime:0.0255s ]
SQL: SELECT * FROM `myblog_nav` WHERE ( nav_parentID=3 ) ORDER BY nav_id  [ RunTime:0.0005s ]
SQL: SELECT * FROM `myblog_article` WHERE ( article_navid = 4 )  [ RunTime:0.0007s ]
SQL: SELECT * FROM `myblog_nav` WHERE ( nav_parentID=4 ) ORDER BY nav_id  [ RunTime:0.0003s ]
SQL: SELECT * FROM `myblog_article` WHERE ( article_navid = 7 )  [ RunTime:0.0003s ]
SQL: SELECT * FROM `myblog_article` WHERE ( article_navid = 8 )  [ RunTime:0.0003s ]
SQL: SELECT * FROM `myblog_article` WHERE ( article_navid = 9 )  [ RunTime:0.0002s ]
SQL: SELECT * FROM `myblog_article` WHERE ( article_navid = 10 )  [ RunTime:0.0002s ]
SQL: SELECT * FROM `myblog_article` WHERE ( article_navid = 5 )  [ RunTime:0.0002s ]
SQL: SELECT * FROM `myblog_nav` WHERE ( nav_parentID=5 ) ORDER BY nav_id  [ RunTime:0.0002s ]
SQL: SELECT * FROM `myblog_article` WHERE ( article_navid = 11 )  [ RunTime:0.0002s ]
SQL: SELECT * FROM `myblog_article` WHERE ( article_navid = 12 )  [ RunTime:0.0002s ]
SQL: SELECT * FROM `myblog_article` WHERE ( article_navid = 13 )  [ RunTime:0.0002s ]
SQL: SELECT * FROM `myblog_article` WHERE ( article_navid = 6 )  [ RunTime:0.0003s ]
SQL: SELECT * FROM `myblog_nav` WHERE ( nav_parentID=6 ) ORDER BY nav_id  [ RunTime:0.0002s ]
SQL: SHOW COLUMNS FROM `myblog_read` [ RunTime:0.0101s ]
SQL: SELECT * FROM `myblog_read` ORDER BY read_count desc LIMIT 5   [ RunTime:0.0004s ]
SQL: SHOW COLUMNS FROM `myblog_article` [ RunTime:0.0083s ]
SQL: SELECT `article_title` FROM `myblog_article` WHERE ( article_id=46 ) LIMIT 1   [ RunTime:0.0003s ]
SQL: SELECT `article_title` FROM `myblog_article` WHERE ( article_id=33 ) LIMIT 1   [ RunTime:0.0002s ]
SQL: SELECT `article_title` FROM `myblog_article` WHERE ( article_id=3 ) LIMIT 1   [ RunTime:0.0002s ]
SQL: SELECT `article_title` FROM `myblog_article` WHERE ( article_id=27 ) LIMIT 1   [ RunTime:0.0002s ]
SQL: SELECT `article_title` FROM `myblog_article` WHERE ( article_id=1 ) LIMIT 1   [ RunTime:0.0001s ]
SQL: SHOW COLUMNS FROM `myblog_user` [ RunTime:0.0115s ]
SQL: SHOW COLUMNS FROM `myblog_bbs` [ RunTime:0.0104s ]
SQL: SELECT COUNT(*) AS tp_count FROM `myblog_bbs` WHERE ( bbs_userid = '' ) LIMIT 1   [ RunTime:0.0003s ]
SQL: SELECT COUNT(*) AS tp_count FROM `myblog_article` WHERE ( article_userid = '' ) LIMIT 1   [ RunTime:0.0003s ]
NOTIC: [8] Undefined variable: navList D:\wamp\www\myblog\Application\Home\Controller\IndexController.class.php 第 21 行.
INFO: [ view_parse ] --START--
INFO: [ template_filter ] --START--
INFO: Run Behavior\ContentReplaceBehavior [ RunTime:0.000142s ]
INFO: [ template_filter ] --END-- [ RunTime:0.000279s ]
INFO: Run Behavior\ParseTemplateBehavior [ RunTime:0.063136s ]
INFO: [ view_parse ] --END-- [ RunTime:0.063314s ]
INFO: [ view_filter ] --START--
INFO: Run Behavior\WriteHtmlCacheBehavior [ RunTime:0.000648s ]
INFO: [ view_filter ] --END-- [ RunTime:0.000815s ]
INFO: [ app_end ] --START--
INFO: Run Behavior\ShowPageTraceBehavior [ RunTime:0.000912s ]
INFO: [ app_end ] --END-- [ RunTime:0.001058s ]

