[ 2016-04-13T13:37:54+08:00 ] 127.0.0.1 /myblog/
INFO: [ app_init ] --START--
INFO: Run Behavior\BuildLiteBehavior [ RunTime:0.000032s ]
INFO: [ app_init ] --END-- [ RunTime:0.008942s ]
INFO: [ app_begin ] --START--
INFO: Run Behavior\ReadHtmlCacheBehavior [ RunTime:0.014429s ]
INFO: [ app_begin ] --END-- [ RunTime:0.014589s ]
SQL: SHOW COLUMNS FROM `myblog_article` [ RunTime:0.0698s ]
SQL: SHOW COLUMNS FROM `myblog_nav` [ RunTime:0.0350s ]
SQL: SELECT * FROM `myblog_nav` WHERE ( nav_parentID=3 ) ORDER BY nav_id  [ RunTime:0.0008s ]
SQL: SELECT * FROM `myblog_article` WHERE ( article_navid = 4 )  [ RunTime:0.0006s ]
SQL: SELECT * FROM `myblog_nav` WHERE ( nav_parentID=4 ) ORDER BY nav_id  [ RunTime:0.0003s ]
SQL: SELECT * FROM `myblog_article` WHERE ( article_navid = 7 )  [ RunTime:0.0013s ]
SQL: SELECT * FROM `myblog_article` WHERE ( article_navid = 8 )  [ RunTime:0.0003s ]
SQL: SELECT * FROM `myblog_article` WHERE ( article_navid = 9 )  [ RunTime:0.0002s ]
SQL: SELECT * FROM `myblog_article` WHERE ( article_navid = 10 )  [ RunTime:0.0002s ]
SQL: SELECT * FROM `myblog_article` WHERE ( article_navid = 5 )  [ RunTime:0.0002s ]
SQL: SELECT * FROM `myblog_nav` WHERE ( nav_parentID=5 ) ORDER BY nav_id  [ RunTime:0.0002s ]
SQL: SELECT * FROM `myblog_article` WHERE ( article_navid = 11 )  [ RunTime:0.0002s ]
SQL: SELECT * FROM `myblog_article` WHERE ( article_navid = 12 )  [ RunTime:0.0002s ]
SQL: SELECT * FROM `myblog_article` WHERE ( article_navid = 13 )  [ RunTime:0.0002s ]
SQL: SELECT * FROM `myblog_article` WHERE ( article_navid = 6 )  [ RunTime:0.0003s ]
SQL: SELECT * FROM `myblog_nav` WHERE ( nav_parentID=6 ) ORDER BY nav_id  [ RunTime:0.0002s ]
SQL: SHOW COLUMNS FROM `myblog_read` [ RunTime:0.0295s ]
SQL: SELECT * FROM `myblog_read` ORDER BY read_count desc LIMIT 5   [ RunTime:0.0004s ]
SQL: SHOW COLUMNS FROM `myblog_article` [ RunTime:0.0075s ]
SQL: SELECT `article_title` FROM `myblog_article` WHERE ( article_id=46 ) LIMIT 1   [ RunTime:0.0004s ]
SQL: SELECT `article_title` FROM `myblog_article` WHERE ( article_id=33 ) LIMIT 1   [ RunTime:0.0002s ]
SQL: SELECT `article_title` FROM `myblog_article` WHERE ( article_id=3 ) LIMIT 1   [ RunTime:0.0002s ]
SQL: SELECT `article_title` FROM `myblog_article` WHERE ( article_id=27 ) LIMIT 1   [ RunTime:0.0002s ]
SQL: SELECT `article_title` FROM `myblog_article` WHERE ( article_id=1 ) LIMIT 1   [ RunTime:0.0002s ]
SQL: SHOW COLUMNS FROM `myblog_user` [ RunTime:0.0359s ]
SQL: SHOW COLUMNS FROM `myblog_bbs` [ RunTime:0.0403s ]
SQL: SELECT COUNT(*) AS tp_count FROM `myblog_bbs` WHERE ( bbs_userid = '' ) LIMIT 1   [ RunTime:0.0004s ]
SQL: SELECT COUNT(*) AS tp_count FROM `myblog_article` WHERE ( article_userid = '' ) LIMIT 1   [ RunTime:0.0003s ]
NOTIC: [8] Undefined variable: navList D:\wamp\www\myblog\Application\Home\Controller\IndexController.class.php 第 21 行.
INFO: [ view_parse ] --START--
INFO: [ template_filter ] --START--
INFO: Run Behavior\ContentReplaceBehavior [ RunTime:0.000190s ]
INFO: [ template_filter ] --END-- [ RunTime:0.000307s ]
NOTIC: [8] Use of undefined constant article_id - assumed 'article_id' D:\wamp\www\myblog\Application\Runtime\Cache\Home\2a94b8bda04ff446dcedd42276fc99ee.php 第 120 行.
NOTIC: [8] Use of undefined constant article_id - assumed 'article_id' D:\wamp\www\myblog\Application\Runtime\Cache\Home\2a94b8bda04ff446dcedd42276fc99ee.php 第 121 行.
NOTIC: [8] Use of undefined constant article_id - assumed 'article_id' D:\wamp\www\myblog\Application\Runtime\Cache\Home\2a94b8bda04ff446dcedd42276fc99ee.php 第 122 行.
NOTIC: [8] Use of undefined constant article_id - assumed 'article_id' D:\wamp\www\myblog\Application\Runtime\Cache\Home\2a94b8bda04ff446dcedd42276fc99ee.php 第 123 行.
NOTIC: [8] Use of undefined constant article_id - assumed 'article_id' D:\wamp\www\myblog\Application\Runtime\Cache\Home\2a94b8bda04ff446dcedd42276fc99ee.php 第 127 行.
NOTIC: [8] Use of undefined constant article_id - assumed 'article_id' D:\wamp\www\myblog\Application\Runtime\Cache\Home\2a94b8bda04ff446dcedd42276fc99ee.php 第 128 行.
NOTIC: [8] Use of undefined constant article_id - assumed 'article_id' D:\wamp\www\myblog\Application\Runtime\Cache\Home\2a94b8bda04ff446dcedd42276fc99ee.php 第 129 行.
NOTIC: [8] Use of undefined constant article_id - assumed 'article_id' D:\wamp\www\myblog\Application\Runtime\Cache\Home\2a94b8bda04ff446dcedd42276fc99ee.php 第 130 行.
NOTIC: [8] Use of undefined constant article_id - assumed 'article_id' D:\wamp\www\myblog\Application\Runtime\Cache\Home\2a94b8bda04ff446dcedd42276fc99ee.php 第 127 行.
NOTIC: [8] Use of undefined constant article_id - assumed 'article_id' D:\wamp\www\myblog\Application\Runtime\Cache\Home\2a94b8bda04ff446dcedd42276fc99ee.php 第 128 行.
NOTIC: [8] Use of undefined constant article_id - assumed 'article_id' D:\wamp\www\myblog\Application\Runtime\Cache\Home\2a94b8bda04ff446dcedd42276fc99ee.php 第 129 行.
NOTIC: [8] Use of undefined constant article_id - assumed 'article_id' D:\wamp\www\myblog\Application\Runtime\Cache\Home\2a94b8bda04ff446dcedd42276fc99ee.php 第 130 行.
NOTIC: [8] Use of undefined constant article_id - assumed 'article_id' D:\wamp\www\myblog\Application\Runtime\Cache\Home\2a94b8bda04ff446dcedd42276fc99ee.php 第 127 行.
NOTIC: [8] Use of undefined constant article_id - assumed 'article_id' D:\wamp\www\myblog\Application\Runtime\Cache\Home\2a94b8bda04ff446dcedd42276fc99ee.php 第 128 行.
NOTIC: [8] Use of undefined constant article_id - assumed 'article_id' D:\wamp\www\myblog\Application\Runtime\Cache\Home\2a94b8bda04ff446dcedd42276fc99ee.php 第 129 行.
NOTIC: [8] Use of undefined constant article_id - assumed 'article_id' D:\wamp\www\myblog\Application\Runtime\Cache\Home\2a94b8bda04ff446dcedd42276fc99ee.php 第 130 行.
NOTIC: [8] Use of undefined constant article_id - assumed 'article_id' D:\wamp\www\myblog\Application\Runtime\Cache\Home\2a94b8bda04ff446dcedd42276fc99ee.php 第 127 行.
NOTIC: [8] Use of undefined constant article_id - assumed 'article_id' D:\wamp\www\myblog\Application\Runtime\Cache\Home\2a94b8bda04ff446dcedd42276fc99ee.php 第 128 行.
NOTIC: [8] Use of undefined constant article_id - assumed 'article_id' D:\wamp\www\myblog\Application\Runtime\Cache\Home\2a94b8bda04ff446dcedd42276fc99ee.php 第 129 行.
NOTIC: [8] Use of undefined constant article_id - assumed 'article_id' D:\wamp\www\myblog\Application\Runtime\Cache\Home\2a94b8bda04ff446dcedd42276fc99ee.php 第 130 行.
NOTIC: [8] Use of undefined constant article_id - assumed 'article_id' D:\wamp\www\myblog\Application\Runtime\Cache\Home\2a94b8bda04ff446dcedd42276fc99ee.php 第 152 行.
NOTIC: [8] Use of undefined constant article_id - assumed 'article_id' D:\wamp\www\myblog\Application\Runtime\Cache\Home\2a94b8bda04ff446dcedd42276fc99ee.php 第 153 行.
NOTIC: [8] Use of undefined constant article_id - assumed 'article_id' D:\wamp\www\myblog\Application\Runtime\Cache\Home\2a94b8bda04ff446dcedd42276fc99ee.php 第 154 行.
NOTIC: [8] Use of undefined constant article_id - assumed 'article_id' D:\wamp\www\myblog\Application\Runtime\Cache\Home\2a94b8bda04ff446dcedd42276fc99ee.php 第 155 行.
NOTIC: [8] Use of undefined constant read_articleid - assumed 'read_articleid' D:\wamp\www\myblog\Application\Runtime\Cache\Home\2a94b8bda04ff446dcedd42276fc99ee.php 第 195 行.
NOTIC: [8] Use of undefined constant read_articleid - assumed 'read_articleid' D:\wamp\www\myblog\Application\Runtime\Cache\Home\2a94b8bda04ff446dcedd42276fc99ee.php 第 195 行.
NOTIC: [8] Use of undefined constant read_articleid - assumed 'read_articleid' D:\wamp\www\myblog\Application\Runtime\Cache\Home\2a94b8bda04ff446dcedd42276fc99ee.php 第 195 行.
NOTIC: [8] Use of undefined constant read_articleid - assumed 'read_articleid' D:\wamp\www\myblog\Application\Runtime\Cache\Home\2a94b8bda04ff446dcedd42276fc99ee.php 第 195 行.
NOTIC: [8] Use of undefined constant read_articleid - assumed 'read_articleid' D:\wamp\www\myblog\Application\Runtime\Cache\Home\2a94b8bda04ff446dcedd42276fc99ee.php 第 195 行.
INFO: Run Behavior\ParseTemplateBehavior [ RunTime:0.350388s ]
INFO: [ view_parse ] --END-- [ RunTime:0.350534s ]
INFO: [ view_filter ] --START--
INFO: Run Behavior\WriteHtmlCacheBehavior [ RunTime:0.031434s ]
INFO: [ view_filter ] --END-- [ RunTime:0.031559s ]
INFO: [ app_end ] --START--
INFO: Run Behavior\ShowPageTraceBehavior [ RunTime:0.007219s ]
INFO: [ app_end ] --END-- [ RunTime:0.007842s ]

[ 2016-04-13T13:40:04+08:00 ] 127.0.0.1 /myblog/
INFO: [ app_init ] --START--
INFO: Run Behavior\BuildLiteBehavior [ RunTime:0.000027s ]
INFO: [ app_init ] --END-- [ RunTime:0.000448s ]
INFO: [ app_begin ] --START--
INFO: Run Behavior\ReadHtmlCacheBehavior [ RunTime:0.000579s ]
INFO: [ app_begin ] --END-- [ RunTime:0.000705s ]
SQL: SHOW COLUMNS FROM `myblog_article` [ RunTime:0.0113s ]
SQL: SHOW COLUMNS FROM `myblog_nav` [ RunTime:0.0128s ]
SQL: SELECT * FROM `myblog_nav` WHERE ( nav_parentID=3 ) ORDER BY nav_id  [ RunTime:0.0004s ]
SQL: SELECT * FROM `myblog_article` WHERE ( article_navid = 4 )  [ RunTime:0.0005s ]
SQL: SELECT * FROM `myblog_nav` WHERE ( nav_parentID=4 ) ORDER BY nav_id  [ RunTime:0.0003s ]
SQL: SELECT * FROM `myblog_article` WHERE ( article_navid = 7 )  [ RunTime:0.0003s ]
SQL: SELECT * FROM `myblog_article` WHERE ( article_navid = 8 )  [ RunTime:0.0003s ]
SQL: SELECT * FROM `myblog_article` WHERE ( article_navid = 9 )  [ RunTime:0.0003s ]
SQL: SELECT * FROM `myblog_article` WHERE ( article_navid = 10 )  [ RunTime:0.0003s ]
SQL: SELECT * FROM `myblog_article` WHERE ( article_navid = 5 )  [ RunTime:0.0003s ]
SQL: SELECT * FROM `myblog_nav` WHERE ( nav_parentID=5 ) ORDER BY nav_id  [ RunTime:0.0003s ]
SQL: SELECT * FROM `myblog_article` WHERE ( article_navid = 11 )  [ RunTime:0.0003s ]
SQL: SELECT * FROM `myblog_article` WHERE ( article_navid = 12 )  [ RunTime:0.0003s ]
SQL: SELECT * FROM `myblog_article` WHERE ( article_navid = 13 )  [ RunTime:0.0003s ]
SQL: SELECT * FROM `myblog_article` WHERE ( article_navid = 6 )  [ RunTime:0.0004s ]
SQL: SELECT * FROM `myblog_nav` WHERE ( nav_parentID=6 ) ORDER BY nav_id  [ RunTime:0.0003s ]
SQL: SHOW COLUMNS FROM `myblog_read` [ RunTime:0.0088s ]
SQL: SELECT * FROM `myblog_read` ORDER BY read_count desc LIMIT 5   [ RunTime:0.0004s ]
SQL: SHOW COLUMNS FROM `myblog_article` [ RunTime:0.0073s ]
SQL: SELECT `article_title` FROM `myblog_article` WHERE ( article_id=46 ) LIMIT 1   [ RunTime:0.0003s ]
SQL: SELECT `article_title` FROM `myblog_article` WHERE ( article_id=33 ) LIMIT 1   [ RunTime:0.0003s ]
SQL: SELECT `article_title` FROM `myblog_article` WHERE ( article_id=3 ) LIMIT 1   [ RunTime:0.0003s ]
SQL: SELECT `article_title` FROM `myblog_article` WHERE ( article_id=27 ) LIMIT 1   [ RunTime:0.0003s ]
SQL: SELECT `article_title` FROM `myblog_article` WHERE ( article_id=1 ) LIMIT 1   [ RunTime:0.0002s ]
SQL: SHOW COLUMNS FROM `myblog_user` [ RunTime:0.0118s ]
SQL: SHOW COLUMNS FROM `myblog_bbs` [ RunTime:0.0092s ]
SQL: SELECT COUNT(*) AS tp_count FROM `myblog_bbs` WHERE ( bbs_userid = '' ) LIMIT 1   [ RunTime:0.0003s ]
SQL: SELECT COUNT(*) AS tp_count FROM `myblog_article` WHERE ( article_userid = '' ) LIMIT 1   [ RunTime:0.0003s ]
NOTIC: [8] Undefined variable: navList D:\wamp\www\myblog\Application\Home\Controller\IndexController.class.php 第 21 行.
INFO: [ view_parse ] --START--
INFO: [ template_filter ] --START--
INFO: Run Behavior\ContentReplaceBehavior [ RunTime:0.000173s ]
INFO: [ template_filter ] --END-- [ RunTime:0.000301s ]
NOTIC: [8] Use of undefined constant article_id - assumed 'article_id' D:\wamp\www\myblog\Application\Runtime\Cache\Home\2a94b8bda04ff446dcedd42276fc99ee.php 第 120 行.
NOTIC: [8] Use of undefined constant article_id - assumed 'article_id' D:\wamp\www\myblog\Application\Runtime\Cache\Home\2a94b8bda04ff446dcedd42276fc99ee.php 第 121 行.
NOTIC: [8] Use of undefined constant article_id - assumed 'article_id' D:\wamp\www\myblog\Application\Runtime\Cache\Home\2a94b8bda04ff446dcedd42276fc99ee.php 第 122 行.
NOTIC: [8] Use of undefined constant article_id - assumed 'article_id' D:\wamp\www\myblog\Application\Runtime\Cache\Home\2a94b8bda04ff446dcedd42276fc99ee.php 第 123 行.
NOTIC: [8] Use of undefined constant article_id - assumed 'article_id' D:\wamp\www\myblog\Application\Runtime\Cache\Home\2a94b8bda04ff446dcedd42276fc99ee.php 第 127 行.
NOTIC: [8] Use of undefined constant article_id - assumed 'article_id' D:\wamp\www\myblog\Application\Runtime\Cache\Home\2a94b8bda04ff446dcedd42276fc99ee.php 第 128 行.
NOTIC: [8] Use of undefined constant article_id - assumed 'article_id' D:\wamp\www\myblog\Application\Runtime\Cache\Home\2a94b8bda04ff446dcedd42276fc99ee.php 第 129 行.
NOTIC: [8] Use of undefined constant article_id - assumed 'article_id' D:\wamp\www\myblog\Application\Runtime\Cache\Home\2a94b8bda04ff446dcedd42276fc99ee.php 第 130 行.
NOTIC: [8] Use of undefined constant article_id - assumed 'article_id' D:\wamp\www\myblog\Application\Runtime\Cache\Home\2a94b8bda04ff446dcedd42276fc99ee.php 第 127 行.
NOTIC: [8] Use of undefined constant article_id - assumed 'article_id' D:\wamp\www\myblog\Application\Runtime\Cache\Home\2a94b8bda04ff446dcedd42276fc99ee.php 第 128 行.
NOTIC: [8] Use of undefined constant article_id - assumed 'article_id' D:\wamp\www\myblog\Application\Runtime\Cache\Home\2a94b8bda04ff446dcedd42276fc99ee.php 第 129 行.
NOTIC: [8] Use of undefined constant article_id - assumed 'article_id' D:\wamp\www\myblog\Application\Runtime\Cache\Home\2a94b8bda04ff446dcedd42276fc99ee.php 第 130 行.
NOTIC: [8] Use of undefined constant article_id - assumed 'article_id' D:\wamp\www\myblog\Application\Runtime\Cache\Home\2a94b8bda04ff446dcedd42276fc99ee.php 第 127 行.
NOTIC: [8] Use of undefined constant article_id - assumed 'article_id' D:\wamp\www\myblog\Application\Runtime\Cache\Home\2a94b8bda04ff446dcedd42276fc99ee.php 第 128 行.
NOTIC: [8] Use of undefined constant article_id - assumed 'article_id' D:\wamp\www\myblog\Application\Runtime\Cache\Home\2a94b8bda04ff446dcedd42276fc99ee.php 第 129 行.
NOTIC: [8] Use of undefined constant article_id - assumed 'article_id' D:\wamp\www\myblog\Application\Runtime\Cache\Home\2a94b8bda04ff446dcedd42276fc99ee.php 第 130 行.
NOTIC: [8] Use of undefined constant article_id - assumed 'article_id' D:\wamp\www\myblog\Application\Runtime\Cache\Home\2a94b8bda04ff446dcedd42276fc99ee.php 第 127 行.
NOTIC: [8] Use of undefined constant article_id - assumed 'article_id' D:\wamp\www\myblog\Application\Runtime\Cache\Home\2a94b8bda04ff446dcedd42276fc99ee.php 第 128 行.
NOTIC: [8] Use of undefined constant article_id - assumed 'article_id' D:\wamp\www\myblog\Application\Runtime\Cache\Home\2a94b8bda04ff446dcedd42276fc99ee.php 第 129 行.
NOTIC: [8] Use of undefined constant article_id - assumed 'article_id' D:\wamp\www\myblog\Application\Runtime\Cache\Home\2a94b8bda04ff446dcedd42276fc99ee.php 第 130 行.
NOTIC: [8] Use of undefined constant article_id - assumed 'article_id' D:\wamp\www\myblog\Application\Runtime\Cache\Home\2a94b8bda04ff446dcedd42276fc99ee.php 第 152 行.
NOTIC: [8] Use of undefined constant article_id - assumed 'article_id' D:\wamp\www\myblog\Application\Runtime\Cache\Home\2a94b8bda04ff446dcedd42276fc99ee.php 第 153 行.
NOTIC: [8] Use of undefined constant article_id - assumed 'article_id' D:\wamp\www\myblog\Application\Runtime\Cache\Home\2a94b8bda04ff446dcedd42276fc99ee.php 第 154 行.
NOTIC: [8] Use of undefined constant article_id - assumed 'article_id' D:\wamp\www\myblog\Application\Runtime\Cache\Home\2a94b8bda04ff446dcedd42276fc99ee.php 第 155 行.
NOTIC: [8] Use of undefined constant read_articleid - assumed 'read_articleid' D:\wamp\www\myblog\Application\Runtime\Cache\Home\2a94b8bda04ff446dcedd42276fc99ee.php 第 195 行.
NOTIC: [8] Use of undefined constant read_articleid - assumed 'read_articleid' D:\wamp\www\myblog\Application\Runtime\Cache\Home\2a94b8bda04ff446dcedd42276fc99ee.php 第 195 行.
NOTIC: [8] Use of undefined constant read_articleid - assumed 'read_articleid' D:\wamp\www\myblog\Application\Runtime\Cache\Home\2a94b8bda04ff446dcedd42276fc99ee.php 第 195 行.
NOTIC: [8] Use of undefined constant read_articleid - assumed 'read_articleid' D:\wamp\www\myblog\Application\Runtime\Cache\Home\2a94b8bda04ff446dcedd42276fc99ee.php 第 195 行.
NOTIC: [8] Use of undefined constant read_articleid - assumed 'read_articleid' D:\wamp\www\myblog\Application\Runtime\Cache\Home\2a94b8bda04ff446dcedd42276fc99ee.php 第 195 行.
INFO: Run Behavior\ParseTemplateBehavior [ RunTime:0.119599s ]
INFO: [ view_parse ] --END-- [ RunTime:0.119753s ]
INFO: [ view_filter ] --START--
INFO: Run Behavior\WriteHtmlCacheBehavior [ RunTime:0.000676s ]
INFO: [ view_filter ] --END-- [ RunTime:0.000874s ]
INFO: [ app_end ] --START--
INFO: Run Behavior\ShowPageTraceBehavior [ RunTime:0.000751s ]
INFO: [ app_end ] --END-- [ RunTime:0.000876s ]

[ 2016-04-13T13:40:05+08:00 ] 127.0.0.1 /myblog/index.php/Home/Article/index.html
INFO: [ app_init ] --START--
INFO: Run Behavior\BuildLiteBehavior [ RunTime:0.000024s ]
INFO: [ app_init ] --END-- [ RunTime:0.000389s ]
INFO: [ app_begin ] --START--
INFO: Run Behavior\ReadHtmlCacheBehavior [ RunTime:0.000453s ]
INFO: [ app_begin ] --END-- [ RunTime:0.000574s ]
NOTIC: [2048] Declaration of Home\Controller\ArticleController::theme() should be compatible with that of Think\Controller::theme() D:\wamp\www\myblog\Application\Home\Controller\ArticleController.class.php 第 111 行.
SQL: SHOW COLUMNS FROM `myblog_nav` [ RunTime:0.0132s ]
SQL: SELECT * FROM `myblog_nav` WHERE ( nav_id>3 ) ORDER BY nav_id  [ RunTime:0.0004s ]
SQL: SHOW COLUMNS FROM `myblog_article` [ RunTime:0.0113s ]
SQL: SELECT COUNT(*) AS tp_count FROM `myblog_article` LIMIT 1   [ RunTime:0.0003s ]
SQL: SELECT * FROM `myblog_article` ORDER BY article_id desc LIMIT 0,10   [ RunTime:0.0004s ]
SQL: SHOW COLUMNS FROM `myblog_user` [ RunTime:0.0097s ]
SQL: SELECT `user` FROM `myblog_user` WHERE ( id=1 ) LIMIT 1   [ RunTime:0.0003s ]
SQL: SHOW COLUMNS FROM `myblog_cmt` [ RunTime:0.0103s ]
SQL: SELECT COUNT(*) AS tp_count FROM `myblog_cmt` WHERE ( cmt_articleid=50 ) LIMIT 1   [ RunTime:0.0004s ]
SQL: SHOW COLUMNS FROM `myblog_like` [ RunTime:0.0466s ]
SQL: SELECT COUNT(*) AS tp_count FROM `myblog_like` WHERE ( like_articleid=50 ) LIMIT 1   [ RunTime:0.0004s ]
SQL: SHOW COLUMNS FROM `myblog_read` [ RunTime:0.0127s ]
SQL: SELECT `read_count` FROM `myblog_read` WHERE ( read_articleid=50 ) LIMIT 1   [ RunTime:0.0003s ]
SQL: SELECT `user` FROM `myblog_user` WHERE ( id=1 ) LIMIT 1   [ RunTime:0.0002s ]
SQL: SELECT COUNT(*) AS tp_count FROM `myblog_cmt` WHERE ( cmt_articleid=49 ) LIMIT 1   [ RunTime:0.0002s ]
SQL: SELECT COUNT(*) AS tp_count FROM `myblog_like` WHERE ( like_articleid=49 ) LIMIT 1   [ RunTime:0.0002s ]
SQL: SELECT `read_count` FROM `myblog_read` WHERE ( read_articleid=49 ) LIMIT 1   [ RunTime:0.0002s ]
SQL: SELECT `user` FROM `myblog_user` WHERE ( id=1 ) LIMIT 1   [ RunTime:0.0003s ]
SQL: SELECT COUNT(*) AS tp_count FROM `myblog_cmt` WHERE ( cmt_articleid=48 ) LIMIT 1   [ RunTime:0.0003s ]
SQL: SELECT COUNT(*) AS tp_count FROM `myblog_like` WHERE ( like_articleid=48 ) LIMIT 1   [ RunTime:0.0002s ]
SQL: SELECT `read_count` FROM `myblog_read` WHERE ( read_articleid=48 ) LIMIT 1   [ RunTime:0.0002s ]
SQL: SELECT `user` FROM `myblog_user` WHERE ( id=1 ) LIMIT 1   [ RunTime:0.0002s ]
SQL: SELECT COUNT(*) AS tp_count FROM `myblog_cmt` WHERE ( cmt_articleid=47 ) LIMIT 1   [ RunTime:0.0002s ]
SQL: SELECT COUNT(*) AS tp_count FROM `myblog_like` WHERE ( like_articleid=47 ) LIMIT 1   [ RunTime:0.0002s ]
SQL: SELECT `read_count` FROM `myblog_read` WHERE ( read_articleid=47 ) LIMIT 1   [ RunTime:0.0002s ]
SQL: SELECT `user` FROM `myblog_user` WHERE ( id=1 ) LIMIT 1   [ RunTime:0.0002s ]
SQL: SELECT COUNT(*) AS tp_count FROM `myblog_cmt` WHERE ( cmt_articleid=46 ) LIMIT 1   [ RunTime:0.0002s ]
SQL: SELECT COUNT(*) AS tp_count FROM `myblog_like` WHERE ( like_articleid=46 ) LIMIT 1   [ RunTime:0.0002s ]
SQL: SELECT `read_count` FROM `myblog_read` WHERE ( read_articleid=46 ) LIMIT 1   [ RunTime:0.0002s ]
SQL: SELECT `user` FROM `myblog_user` WHERE ( id=1 ) LIMIT 1   [ RunTime:0.0002s ]
SQL: SELECT COUNT(*) AS tp_count FROM `myblog_cmt` WHERE ( cmt_articleid=45 ) LIMIT 1   [ RunTime:0.0002s ]
SQL: SELECT COUNT(*) AS tp_count FROM `myblog_like` WHERE ( like_articleid=45 ) LIMIT 1   [ RunTime:0.0002s ]
SQL: SELECT `read_count` FROM `myblog_read` WHERE ( read_articleid=45 ) LIMIT 1   [ RunTime:0.0002s ]
SQL: SELECT `user` FROM `myblog_user` WHERE ( id=1 ) LIMIT 1   [ RunTime:0.0002s ]
SQL: SELECT COUNT(*) AS tp_count FROM `myblog_cmt` WHERE ( cmt_articleid=44 ) LIMIT 1   [ RunTime:0.0002s ]
SQL: SELECT COUNT(*) AS tp_count FROM `myblog_like` WHERE ( like_articleid=44 ) LIMIT 1   [ RunTime:0.0002s ]
SQL: SELECT `read_count` FROM `myblog_read` WHERE ( read_articleid=44 ) LIMIT 1   [ RunTime:0.0002s ]
SQL: SELECT `user` FROM `myblog_user` WHERE ( id=1 ) LIMIT 1   [ RunTime:0.0002s ]
SQL: SELECT COUNT(*) AS tp_count FROM `myblog_cmt` WHERE ( cmt_articleid=43 ) LIMIT 1   [ RunTime:0.0002s ]
SQL: SELECT COUNT(*) AS tp_count FROM `myblog_like` WHERE ( like_articleid=43 ) LIMIT 1   [ RunTime:0.0002s ]
SQL: SELECT `read_count` FROM `myblog_read` WHERE ( read_articleid=43 ) LIMIT 1   [ RunTime:0.0002s ]
SQL: SELECT `user` FROM `myblog_user` WHERE ( id=1 ) LIMIT 1   [ RunTime:0.0002s ]
SQL: SELECT COUNT(*) AS tp_count FROM `myblog_cmt` WHERE ( cmt_articleid=42 ) LIMIT 1   [ RunTime:0.0002s ]
SQL: SELECT COUNT(*) AS tp_count FROM `myblog_like` WHERE ( like_articleid=42 ) LIMIT 1   [ RunTime:0.0002s ]
SQL: SELECT `read_count` FROM `myblog_read` WHERE ( read_articleid=42 ) LIMIT 1   [ RunTime:0.0002s ]
SQL: SELECT `user` FROM `myblog_user` WHERE ( id=1 ) LIMIT 1   [ RunTime:0.0002s ]
SQL: SELECT COUNT(*) AS tp_count FROM `myblog_cmt` WHERE ( cmt_articleid=41 ) LIMIT 1   [ RunTime:0.0002s ]
SQL: SELECT COUNT(*) AS tp_count FROM `myblog_like` WHERE ( like_articleid=41 ) LIMIT 1   [ RunTime:0.0002s ]
SQL: SELECT `read_count` FROM `myblog_read` WHERE ( read_articleid=41 ) LIMIT 1   [ RunTime:0.0002s ]
SQL: SELECT * FROM `myblog_read` ORDER BY read_count desc LIMIT 5   [ RunTime:0.0003s ]
SQL: SHOW COLUMNS FROM `myblog_article` [ RunTime:0.0081s ]
SQL: SELECT `article_title` FROM `myblog_article` WHERE ( article_id=46 ) LIMIT 1   [ RunTime:0.0003s ]
SQL: SELECT `article_title` FROM `myblog_article` WHERE ( article_id=33 ) LIMIT 1   [ RunTime:0.0002s ]
SQL: SELECT `article_title` FROM `myblog_article` WHERE ( article_id=3 ) LIMIT 1   [ RunTime:0.0002s ]
SQL: SELECT `article_title` FROM `myblog_article` WHERE ( article_id=27 ) LIMIT 1   [ RunTime:0.0002s ]
SQL: SELECT `article_title` FROM `myblog_article` WHERE ( article_id=1 ) LIMIT 1   [ RunTime:0.0002s ]
INFO: [ view_parse ] --START--
INFO: [ template_filter ] --START--
INFO: Run Behavior\ContentReplaceBehavior [ RunTime:0.000123s ]
INFO: [ template_filter ] --END-- [ RunTime:0.000246s ]
NOTIC: [8] Use of undefined constant article_id - assumed 'article_id' D:\wamp\www\myblog\Application\Runtime\Cache\Home\2ac6c1276904b87404ed678dbabb985c.php 第 112 行.
NOTIC: [8] Use of undefined constant article_id - assumed 'article_id' D:\wamp\www\myblog\Application\Runtime\Cache\Home\2ac6c1276904b87404ed678dbabb985c.php 第 112 行.
NOTIC: [8] Use of undefined constant article_id - assumed 'article_id' D:\wamp\www\myblog\Application\Runtime\Cache\Home\2ac6c1276904b87404ed678dbabb985c.php 第 112 行.
NOTIC: [8] Use of undefined constant article_id - assumed 'article_id' D:\wamp\www\myblog\Application\Runtime\Cache\Home\2ac6c1276904b87404ed678dbabb985c.php 第 112 行.
NOTIC: [8] Use of undefined constant article_id - assumed 'article_id' D:\wamp\www\myblog\Application\Runtime\Cache\Home\2ac6c1276904b87404ed678dbabb985c.php 第 112 行.
NOTIC: [8] Use of undefined constant article_id - assumed 'article_id' D:\wamp\www\myblog\Application\Runtime\Cache\Home\2ac6c1276904b87404ed678dbabb985c.php 第 112 行.
NOTIC: [8] Use of undefined constant article_id - assumed 'article_id' D:\wamp\www\myblog\Application\Runtime\Cache\Home\2ac6c1276904b87404ed678dbabb985c.php 第 112 行.
NOTIC: [8] Use of undefined constant article_id - assumed 'article_id' D:\wamp\www\myblog\Application\Runtime\Cache\Home\2ac6c1276904b87404ed678dbabb985c.php 第 112 行.
NOTIC: [8] Use of undefined constant article_id - assumed 'article_id' D:\wamp\www\myblog\Application\Runtime\Cache\Home\2ac6c1276904b87404ed678dbabb985c.php 第 112 行.
NOTIC: [8] Use of undefined constant article_id - assumed 'article_id' D:\wamp\www\myblog\Application\Runtime\Cache\Home\2ac6c1276904b87404ed678dbabb985c.php 第 112 行.
NOTIC: [8] Use of undefined constant read_articleid - assumed 'read_articleid' D:\wamp\www\myblog\Application\Runtime\Cache\Home\2ac6c1276904b87404ed678dbabb985c.php 第 140 行.
NOTIC: [8] Use of undefined constant read_articleid - assumed 'read_articleid' D:\wamp\www\myblog\Application\Runtime\Cache\Home\2ac6c1276904b87404ed678dbabb985c.php 第 140 行.
NOTIC: [8] Use of undefined constant read_articleid - assumed 'read_articleid' D:\wamp\www\myblog\Application\Runtime\Cache\Home\2ac6c1276904b87404ed678dbabb985c.php 第 140 行.
NOTIC: [8] Use of undefined constant read_articleid - assumed 'read_articleid' D:\wamp\www\myblog\Application\Runtime\Cache\Home\2ac6c1276904b87404ed678dbabb985c.php 第 140 行.
NOTIC: [8] Use of undefined constant read_articleid - assumed 'read_articleid' D:\wamp\www\myblog\Application\Runtime\Cache\Home\2ac6c1276904b87404ed678dbabb985c.php 第 140 行.
INFO: Run Behavior\ParseTemplateBehavior [ RunTime:0.089710s ]
INFO: [ view_parse ] --END-- [ RunTime:0.089842s ]
INFO: [ view_filter ] --START--
INFO: Run Behavior\WriteHtmlCacheBehavior [ RunTime:0.000330s ]
INFO: [ view_filter ] --END-- [ RunTime:0.000428s ]
INFO: [ app_end ] --START--
INFO: Run Behavior\ShowPageTraceBehavior [ RunTime:0.000463s ]
INFO: [ app_end ] --END-- [ RunTime:0.000561s ]

[ 2016-04-13T13:41:56+08:00 ] 127.0.0.1 /myblog/index.php/Home/Article/index.html
INFO: [ app_init ] --START--
INFO: Run Behavior\BuildLiteBehavior [ RunTime:0.000035s ]
INFO: [ app_init ] --END-- [ RunTime:0.000458s ]
INFO: [ app_begin ] --START--
INFO: Run Behavior\ReadHtmlCacheBehavior [ RunTime:0.000481s ]
INFO: [ app_begin ] --END-- [ RunTime:0.000600s ]
NOTIC: [2048] Declaration of Home\Controller\ArticleController::theme() should be compatible with that of Think\Controller::theme() D:\wamp\www\myblog\Application\Home\Controller\ArticleController.class.php 第 111 行.
SQL: SHOW COLUMNS FROM `myblog_nav` [ RunTime:0.0122s ]
SQL: SELECT * FROM `myblog_nav` WHERE ( nav_id>3 ) ORDER BY nav_id  [ RunTime:0.0004s ]
SQL: SHOW COLUMNS FROM `myblog_article` [ RunTime:0.0103s ]
SQL: SELECT COUNT(*) AS tp_count FROM `myblog_article` LIMIT 1   [ RunTime:0.0003s ]
SQL: SELECT * FROM `myblog_article` ORDER BY article_id desc LIMIT 0,10   [ RunTime:0.0004s ]
SQL: SHOW COLUMNS FROM `myblog_user` [ RunTime:0.0100s ]
SQL: SELECT `user` FROM `myblog_user` WHERE ( id=1 ) LIMIT 1   [ RunTime:0.0003s ]
SQL: SHOW COLUMNS FROM `myblog_cmt` [ RunTime:0.0129s ]
SQL: SELECT COUNT(*) AS tp_count FROM `myblog_cmt` WHERE ( cmt_articleid=50 ) LIMIT 1   [ RunTime:0.0003s ]
SQL: SHOW COLUMNS FROM `myblog_like` [ RunTime:0.0093s ]
SQL: SELECT COUNT(*) AS tp_count FROM `myblog_like` WHERE ( like_articleid=50 ) LIMIT 1   [ RunTime:0.0003s ]
SQL: SHOW COLUMNS FROM `myblog_read` [ RunTime:0.0113s ]
SQL: SELECT `read_count` FROM `myblog_read` WHERE ( read_articleid=50 ) LIMIT 1   [ RunTime:0.0003s ]
SQL: SELECT `user` FROM `myblog_user` WHERE ( id=1 ) LIMIT 1   [ RunTime:0.0002s ]
SQL: SELECT COUNT(*) AS tp_count FROM `myblog_cmt` WHERE ( cmt_articleid=49 ) LIMIT 1   [ RunTime:0.0002s ]
SQL: SELECT COUNT(*) AS tp_count FROM `myblog_like` WHERE ( like_articleid=49 ) LIMIT 1   [ RunTime:0.0002s ]
SQL: SELECT `read_count` FROM `myblog_read` WHERE ( read_articleid=49 ) LIMIT 1   [ RunTime:0.0002s ]
SQL: SELECT `user` FROM `myblog_user` WHERE ( id=1 ) LIMIT 1   [ RunTime:0.0002s ]
SQL: SELECT COUNT(*) AS tp_count FROM `myblog_cmt` WHERE ( cmt_articleid=48 ) LIMIT 1   [ RunTime:0.0003s ]
SQL: SELECT COUNT(*) AS tp_count FROM `myblog_like` WHERE ( like_articleid=48 ) LIMIT 1   [ RunTime:0.0002s ]
SQL: SELECT `read_count` FROM `myblog_read` WHERE ( read_articleid=48 ) LIMIT 1   [ RunTime:0.0002s ]
SQL: SELECT `user` FROM `myblog_user` WHERE ( id=1 ) LIMIT 1   [ RunTime:0.0002s ]
SQL: SELECT COUNT(*) AS tp_count FROM `myblog_cmt` WHERE ( cmt_articleid=47 ) LIMIT 1   [ RunTime:0.0002s ]
SQL: SELECT COUNT(*) AS tp_count FROM `myblog_like` WHERE ( like_articleid=47 ) LIMIT 1   [ RunTime:0.0002s ]
SQL: SELECT `read_count` FROM `myblog_read` WHERE ( read_articleid=47 ) LIMIT 1   [ RunTime:0.0002s ]
SQL: SELECT `user` FROM `myblog_user` WHERE ( id=1 ) LIMIT 1   [ RunTime:0.0002s ]
SQL: SELECT COUNT(*) AS tp_count FROM `myblog_cmt` WHERE ( cmt_articleid=46 ) LIMIT 1   [ RunTime:0.0002s ]
SQL: SELECT COUNT(*) AS tp_count FROM `myblog_like` WHERE ( like_articleid=46 ) LIMIT 1   [ RunTime:0.0002s ]
SQL: SELECT `read_count` FROM `myblog_read` WHERE ( read_articleid=46 ) LIMIT 1   [ RunTime:0.0002s ]
SQL: SELECT `user` FROM `myblog_user` WHERE ( id=1 ) LIMIT 1   [ RunTime:0.0002s ]
SQL: SELECT COUNT(*) AS tp_count FROM `myblog_cmt` WHERE ( cmt_articleid=45 ) LIMIT 1   [ RunTime:0.0002s ]
SQL: SELECT COUNT(*) AS tp_count FROM `myblog_like` WHERE ( like_articleid=45 ) LIMIT 1   [ RunTime:0.0002s ]
SQL: SELECT `read_count` FROM `myblog_read` WHERE ( read_articleid=45 ) LIMIT 1   [ RunTime:0.0002s ]
SQL: SELECT `user` FROM `myblog_user` WHERE ( id=1 ) LIMIT 1   [ RunTime:0.0002s ]
SQL: SELECT COUNT(*) AS tp_count FROM `myblog_cmt` WHERE ( cmt_articleid=44 ) LIMIT 1   [ RunTime:0.0003s ]
SQL: SELECT COUNT(*) AS tp_count FROM `myblog_like` WHERE ( like_articleid=44 ) LIMIT 1   [ RunTime:0.0003s ]
SQL: SELECT `read_count` FROM `myblog_read` WHERE ( read_articleid=44 ) LIMIT 1   [ RunTime:0.0002s ]
SQL: SELECT `user` FROM `myblog_user` WHERE ( id=1 ) LIMIT 1   [ RunTime:0.0002s ]
SQL: SELECT COUNT(*) AS tp_count FROM `myblog_cmt` WHERE ( cmt_articleid=43 ) LIMIT 1   [ RunTime:0.0002s ]
SQL: SELECT COUNT(*) AS tp_count FROM `myblog_like` WHERE ( like_articleid=43 ) LIMIT 1   [ RunTime:0.0002s ]
SQL: SELECT `read_count` FROM `myblog_read` WHERE ( read_articleid=43 ) LIMIT 1   [ RunTime:0.0002s ]
SQL: SELECT `user` FROM `myblog_user` WHERE ( id=1 ) LIMIT 1   [ RunTime:0.0002s ]
SQL: SELECT COUNT(*) AS tp_count FROM `myblog_cmt` WHERE ( cmt_articleid=42 ) LIMIT 1   [ RunTime:0.0002s ]
SQL: SELECT COUNT(*) AS tp_count FROM `myblog_like` WHERE ( like_articleid=42 ) LIMIT 1   [ RunTime:0.0002s ]
SQL: SELECT `read_count` FROM `myblog_read` WHERE ( read_articleid=42 ) LIMIT 1   [ RunTime:0.0002s ]
SQL: SELECT `user` FROM `myblog_user` WHERE ( id=1 ) LIMIT 1   [ RunTime:0.0002s ]
SQL: SELECT COUNT(*) AS tp_count FROM `myblog_cmt` WHERE ( cmt_articleid=41 ) LIMIT 1   [ RunTime:0.0002s ]
SQL: SELECT COUNT(*) AS tp_count FROM `myblog_like` WHERE ( like_articleid=41 ) LIMIT 1   [ RunTime:0.0002s ]
SQL: SELECT `read_count` FROM `myblog_read` WHERE ( read_articleid=41 ) LIMIT 1   [ RunTime:0.0004s ]
SQL: SELECT * FROM `myblog_read` ORDER BY read_count desc LIMIT 5   [ RunTime:0.0003s ]
SQL: SHOW COLUMNS FROM `myblog_article` [ RunTime:0.0075s ]
SQL: SELECT `article_title` FROM `myblog_article` WHERE ( article_id=46 ) LIMIT 1   [ RunTime:0.0003s ]
SQL: SELECT `article_title` FROM `myblog_article` WHERE ( article_id=33 ) LIMIT 1   [ RunTime:0.0002s ]
SQL: SELECT `article_title` FROM `myblog_article` WHERE ( article_id=3 ) LIMIT 1   [ RunTime:0.0002s ]
SQL: SELECT `article_title` FROM `myblog_article` WHERE ( article_id=27 ) LIMIT 1   [ RunTime:0.0002s ]
SQL: SELECT `article_title` FROM `myblog_article` WHERE ( article_id=1 ) LIMIT 1   [ RunTime:0.0002s ]
INFO: [ view_parse ] --START--
INFO: [ template_filter ] --START--
INFO: Run Behavior\ContentReplaceBehavior [ RunTime:0.000130s ]
INFO: [ template_filter ] --END-- [ RunTime:0.000251s ]
NOTIC: [8] Use of undefined constant article_id - assumed 'article_id' D:\wamp\www\myblog\Application\Runtime\Cache\Home\2ac6c1276904b87404ed678dbabb985c.php 第 112 行.
NOTIC: [8] Use of undefined constant article_id - assumed 'article_id' D:\wamp\www\myblog\Application\Runtime\Cache\Home\2ac6c1276904b87404ed678dbabb985c.php 第 112 行.
NOTIC: [8] Use of undefined constant article_id - assumed 'article_id' D:\wamp\www\myblog\Application\Runtime\Cache\Home\2ac6c1276904b87404ed678dbabb985c.php 第 112 行.
NOTIC: [8] Use of undefined constant article_id - assumed 'article_id' D:\wamp\www\myblog\Application\Runtime\Cache\Home\2ac6c1276904b87404ed678dbabb985c.php 第 112 行.
NOTIC: [8] Use of undefined constant article_id - assumed 'article_id' D:\wamp\www\myblog\Application\Runtime\Cache\Home\2ac6c1276904b87404ed678dbabb985c.php 第 112 行.
NOTIC: [8] Use of undefined constant article_id - assumed 'article_id' D:\wamp\www\myblog\Application\Runtime\Cache\Home\2ac6c1276904b87404ed678dbabb985c.php 第 112 行.
NOTIC: [8] Use of undefined constant article_id - assumed 'article_id' D:\wamp\www\myblog\Application\Runtime\Cache\Home\2ac6c1276904b87404ed678dbabb985c.php 第 112 行.
NOTIC: [8] Use of undefined constant article_id - assumed 'article_id' D:\wamp\www\myblog\Application\Runtime\Cache\Home\2ac6c1276904b87404ed678dbabb985c.php 第 112 行.
NOTIC: [8] Use of undefined constant article_id - assumed 'article_id' D:\wamp\www\myblog\Application\Runtime\Cache\Home\2ac6c1276904b87404ed678dbabb985c.php 第 112 行.
NOTIC: [8] Use of undefined constant article_id - assumed 'article_id' D:\wamp\www\myblog\Application\Runtime\Cache\Home\2ac6c1276904b87404ed678dbabb985c.php 第 112 行.
NOTIC: [8] Use of undefined constant read_articleid - assumed 'read_articleid' D:\wamp\www\myblog\Application\Runtime\Cache\Home\2ac6c1276904b87404ed678dbabb985c.php 第 140 行.
NOTIC: [8] Use of undefined constant read_articleid - assumed 'read_articleid' D:\wamp\www\myblog\Application\Runtime\Cache\Home\2ac6c1276904b87404ed678dbabb985c.php 第 140 行.
NOTIC: [8] Use of undefined constant read_articleid - assumed 'read_articleid' D:\wamp\www\myblog\Application\Runtime\Cache\Home\2ac6c1276904b87404ed678dbabb985c.php 第 140 行.
NOTIC: [8] Use of undefined constant read_articleid - assumed 'read_articleid' D:\wamp\www\myblog\Application\Runtime\Cache\Home\2ac6c1276904b87404ed678dbabb985c.php 第 140 行.
NOTIC: [8] Use of undefined constant read_articleid - assumed 'read_articleid' D:\wamp\www\myblog\Application\Runtime\Cache\Home\2ac6c1276904b87404ed678dbabb985c.php 第 140 行.
INFO: Run Behavior\ParseTemplateBehavior [ RunTime:0.080241s ]
INFO: [ view_parse ] --END-- [ RunTime:0.080408s ]
INFO: [ view_filter ] --START--
INFO: Run Behavior\WriteHtmlCacheBehavior [ RunTime:0.000940s ]
INFO: [ view_filter ] --END-- [ RunTime:0.001138s ]
INFO: [ app_end ] --START--
INFO: Run Behavior\ShowPageTraceBehavior [ RunTime:0.000884s ]
INFO: [ app_end ] --END-- [ RunTime:0.001080s ]

[ 2016-04-13T15:46:33+08:00 ] 127.0.0.1 /myblog/index.php
INFO: [ app_init ] --START--
INFO: Run Behavior\BuildLiteBehavior [ RunTime:0.000048s ]
INFO: [ app_init ] --END-- [ RunTime:0.000877s ]
INFO: [ app_begin ] --START--
INFO: Run Behavior\ReadHtmlCacheBehavior [ RunTime:0.000783s ]
INFO: [ app_begin ] --END-- [ RunTime:0.000927s ]
SQL: SHOW COLUMNS FROM `myblog_article` [ RunTime:0.0136s ]
SQL: SHOW COLUMNS FROM `myblog_nav` [ RunTime:0.0132s ]
SQL: SELECT * FROM `myblog_nav` WHERE ( nav_parentID=3 ) ORDER BY nav_id  [ RunTime:0.0004s ]
SQL: SELECT * FROM `myblog_article` WHERE ( article_navid = 4 )  [ RunTime:0.0007s ]
SQL: SELECT * FROM `myblog_nav` WHERE ( nav_parentID=4 ) ORDER BY nav_id  [ RunTime:0.0003s ]
SQL: SELECT * FROM `myblog_article` WHERE ( article_navid = 7 )  [ RunTime:0.0004s ]
SQL: SELECT * FROM `myblog_article` WHERE ( article_navid = 8 )  [ RunTime:0.0003s ]
SQL: SELECT * FROM `myblog_article` WHERE ( article_navid = 9 )  [ RunTime:0.0003s ]
SQL: SELECT * FROM `myblog_article` WHERE ( article_navid = 10 )  [ RunTime:0.0003s ]
SQL: SELECT * FROM `myblog_article` WHERE ( article_navid = 5 )  [ RunTime:0.0002s ]
SQL: SELECT * FROM `myblog_nav` WHERE ( nav_parentID=5 ) ORDER BY nav_id  [ RunTime:0.0003s ]
SQL: SELECT * FROM `myblog_article` WHERE ( article_navid = 11 )  [ RunTime:0.0002s ]
SQL: SELECT * FROM `myblog_article` WHERE ( article_navid = 12 )  [ RunTime:0.0003s ]
SQL: SELECT * FROM `myblog_article` WHERE ( article_navid = 13 )  [ RunTime:0.0003s ]
SQL: SELECT * FROM `myblog_article` WHERE ( article_navid = 6 )  [ RunTime:0.0003s ]
SQL: SELECT * FROM `myblog_nav` WHERE ( nav_parentID=6 ) ORDER BY nav_id  [ RunTime:0.0003s ]
SQL: SHOW COLUMNS FROM `myblog_read` [ RunTime:0.0101s ]
SQL: SELECT * FROM `myblog_read` ORDER BY read_count desc LIMIT 5   [ RunTime:0.0004s ]
SQL: SHOW COLUMNS FROM `myblog_article` [ RunTime:0.0085s ]
SQL: SELECT `article_title` FROM `myblog_article` WHERE ( article_id=46 ) LIMIT 1   [ RunTime:0.0003s ]
SQL: SELECT `article_title` FROM `myblog_article` WHERE ( article_id=33 ) LIMIT 1   [ RunTime:0.0002s ]
SQL: SELECT `article_title` FROM `myblog_article` WHERE ( article_id=3 ) LIMIT 1   [ RunTime:0.0002s ]
SQL: SELECT `article_title` FROM `myblog_article` WHERE ( article_id=27 ) LIMIT 1   [ RunTime:0.0002s ]
SQL: SELECT `article_title` FROM `myblog_article` WHERE ( article_id=1 ) LIMIT 1   [ RunTime:0.0002s ]
SQL: SHOW COLUMNS FROM `myblog_user` [ RunTime:0.0132s ]
SQL: SHOW COLUMNS FROM `myblog_bbs` [ RunTime:0.0098s ]
SQL: SELECT COUNT(*) AS tp_count FROM `myblog_bbs` WHERE ( bbs_userid = '' ) LIMIT 1   [ RunTime:0.0003s ]
SQL: SELECT COUNT(*) AS tp_count FROM `myblog_article` WHERE ( article_userid = '' ) LIMIT 1   [ RunTime:0.0003s ]
NOTIC: [8] Undefined variable: navList D:\wamp\www\myblog\Application\Home\Controller\IndexController.class.php 第 21 行.
INFO: [ view_parse ] --START--
INFO: [ template_filter ] --START--
INFO: Run Behavior\ContentReplaceBehavior [ RunTime:0.000171s ]
INFO: [ template_filter ] --END-- [ RunTime:0.000302s ]
NOTIC: [8] Use of undefined constant article_id - assumed 'article_id' D:\wamp\www\myblog\Application\Runtime\Cache\Home\2a94b8bda04ff446dcedd42276fc99ee.php 第 120 行.
NOTIC: [8] Use of undefined constant article_id - assumed 'article_id' D:\wamp\www\myblog\Application\Runtime\Cache\Home\2a94b8bda04ff446dcedd42276fc99ee.php 第 121 行.
NOTIC: [8] Use of undefined constant article_id - assumed 'article_id' D:\wamp\www\myblog\Application\Runtime\Cache\Home\2a94b8bda04ff446dcedd42276fc99ee.php 第 122 行.
NOTIC: [8] Use of undefined constant article_id - assumed 'article_id' D:\wamp\www\myblog\Application\Runtime\Cache\Home\2a94b8bda04ff446dcedd42276fc99ee.php 第 123 行.
NOTIC: [8] Use of undefined constant article_id - assumed 'article_id' D:\wamp\www\myblog\Application\Runtime\Cache\Home\2a94b8bda04ff446dcedd42276fc99ee.php 第 127 行.
NOTIC: [8] Use of undefined constant article_id - assumed 'article_id' D:\wamp\www\myblog\Application\Runtime\Cache\Home\2a94b8bda04ff446dcedd42276fc99ee.php 第 128 行.
NOTIC: [8] Use of undefined constant article_id - assumed 'article_id' D:\wamp\www\myblog\Application\Runtime\Cache\Home\2a94b8bda04ff446dcedd42276fc99ee.php 第 129 行.
NOTIC: [8] Use of undefined constant article_id - assumed 'article_id' D:\wamp\www\myblog\Application\Runtime\Cache\Home\2a94b8bda04ff446dcedd42276fc99ee.php 第 130 行.
NOTIC: [8] Use of undefined constant article_id - assumed 'article_id' D:\wamp\www\myblog\Application\Runtime\Cache\Home\2a94b8bda04ff446dcedd42276fc99ee.php 第 127 行.
NOTIC: [8] Use of undefined constant article_id - assumed 'article_id' D:\wamp\www\myblog\Application\Runtime\Cache\Home\2a94b8bda04ff446dcedd42276fc99ee.php 第 128 行.
NOTIC: [8] Use of undefined constant article_id - assumed 'article_id' D:\wamp\www\myblog\Application\Runtime\Cache\Home\2a94b8bda04ff446dcedd42276fc99ee.php 第 129 行.
NOTIC: [8] Use of undefined constant article_id - assumed 'article_id' D:\wamp\www\myblog\Application\Runtime\Cache\Home\2a94b8bda04ff446dcedd42276fc99ee.php 第 130 行.
NOTIC: [8] Use of undefined constant article_id - assumed 'article_id' D:\wamp\www\myblog\Application\Runtime\Cache\Home\2a94b8bda04ff446dcedd42276fc99ee.php 第 127 行.
NOTIC: [8] Use of undefined constant article_id - assumed 'article_id' D:\wamp\www\myblog\Application\Runtime\Cache\Home\2a94b8bda04ff446dcedd42276fc99ee.php 第 128 行.
NOTIC: [8] Use of undefined constant article_id - assumed 'article_id' D:\wamp\www\myblog\Application\Runtime\Cache\Home\2a94b8bda04ff446dcedd42276fc99ee.php 第 129 行.
NOTIC: [8] Use of undefined constant article_id - assumed 'article_id' D:\wamp\www\myblog\Application\Runtime\Cache\Home\2a94b8bda04ff446dcedd42276fc99ee.php 第 130 行.
NOTIC: [8] Use of undefined constant article_id - assumed 'article_id' D:\wamp\www\myblog\Application\Runtime\Cache\Home\2a94b8bda04ff446dcedd42276fc99ee.php 第 127 行.
NOTIC: [8] Use of undefined constant article_id - assumed 'article_id' D:\wamp\www\myblog\Application\Runtime\Cache\Home\2a94b8bda04ff446dcedd42276fc99ee.php 第 128 行.
NOTIC: [8] Use of undefined constant article_id - assumed 'article_id' D:\wamp\www\myblog\Application\Runtime\Cache\Home\2a94b8bda04ff446dcedd42276fc99ee.php 第 129 行.
NOTIC: [8] Use of undefined constant article_id - assumed 'article_id' D:\wamp\www\myblog\Application\Runtime\Cache\Home\2a94b8bda04ff446dcedd42276fc99ee.php 第 130 行.
NOTIC: [8] Use of undefined constant article_id - assumed 'article_id' D:\wamp\www\myblog\Application\Runtime\Cache\Home\2a94b8bda04ff446dcedd42276fc99ee.php 第 152 行.
NOTIC: [8] Use of undefined constant article_id - assumed 'article_id' D:\wamp\www\myblog\Application\Runtime\Cache\Home\2a94b8bda04ff446dcedd42276fc99ee.php 第 153 行.
NOTIC: [8] Use of undefined constant article_id - assumed 'article_id' D:\wamp\www\myblog\Application\Runtime\Cache\Home\2a94b8bda04ff446dcedd42276fc99ee.php 第 154 行.
NOTIC: [8] Use of undefined constant article_id - assumed 'article_id' D:\wamp\www\myblog\Application\Runtime\Cache\Home\2a94b8bda04ff446dcedd42276fc99ee.php 第 155 行.
NOTIC: [8] Use of undefined constant read_articleid - assumed 'read_articleid' D:\wamp\www\myblog\Application\Runtime\Cache\Home\2a94b8bda04ff446dcedd42276fc99ee.php 第 195 行.
NOTIC: [8] Use of undefined constant read_articleid - assumed 'read_articleid' D:\wamp\www\myblog\Application\Runtime\Cache\Home\2a94b8bda04ff446dcedd42276fc99ee.php 第 195 行.
NOTIC: [8] Use of undefined constant read_articleid - assumed 'read_articleid' D:\wamp\www\myblog\Application\Runtime\Cache\Home\2a94b8bda04ff446dcedd42276fc99ee.php 第 195 行.
NOTIC: [8] Use of undefined constant read_articleid - assumed 'read_articleid' D:\wamp\www\myblog\Application\Runtime\Cache\Home\2a94b8bda04ff446dcedd42276fc99ee.php 第 195 行.
NOTIC: [8] Use of undefined constant read_articleid - assumed 'read_articleid' D:\wamp\www\myblog\Application\Runtime\Cache\Home\2a94b8bda04ff446dcedd42276fc99ee.php 第 195 行.
INFO: Run Behavior\ParseTemplateBehavior [ RunTime:0.232846s ]
INFO: [ view_parse ] --END-- [ RunTime:0.233014s ]
INFO: [ view_filter ] --START--
INFO: Run Behavior\WriteHtmlCacheBehavior [ RunTime:0.000708s ]
INFO: [ view_filter ] --END-- [ RunTime:0.000823s ]
INFO: [ app_end ] --START--
INFO: Run Behavior\ShowPageTraceBehavior [ RunTime:0.000803s ]
INFO: [ app_end ] --END-- [ RunTime:0.000906s ]

[ 2016-04-13T15:46:43+08:00 ] 127.0.0.1 /myblog/index.php/Home/Article/theme/id/12.html
INFO: [ app_init ] --START--
INFO: Run Behavior\BuildLiteBehavior [ RunTime:0.000028s ]
INFO: [ app_init ] --END-- [ RunTime:0.000471s ]
INFO: [ app_begin ] --START--
INFO: Run Behavior\ReadHtmlCacheBehavior [ RunTime:0.001092s ]
INFO: [ app_begin ] --END-- [ RunTime:0.001252s ]
NOTIC: [2048] Declaration of Home\Controller\ArticleController::theme() should be compatible with that of Think\Controller::theme() D:\wamp\www\myblog\Application\Home\Controller\ArticleController.class.php 第 111 行.
SQL: SHOW COLUMNS FROM `myblog_article` [ RunTime:0.0119s ]
SQL: SHOW COLUMNS FROM `myblog_read` [ RunTime:0.0094s ]
SQL: SELECT * FROM `myblog_read` ORDER BY read_count desc LIMIT 5   [ RunTime:0.0004s ]
SQL: SHOW COLUMNS FROM `myblog_article` [ RunTime:0.0092s ]
SQL: SELECT `article_title` FROM `myblog_article` WHERE ( article_id=46 ) LIMIT 1   [ RunTime:0.0003s ]
SQL: SELECT `article_title` FROM `myblog_article` WHERE ( article_id=33 ) LIMIT 1   [ RunTime:0.0002s ]
SQL: SELECT `article_title` FROM `myblog_article` WHERE ( article_id=3 ) LIMIT 1   [ RunTime:0.0002s ]
SQL: SELECT `article_title` FROM `myblog_article` WHERE ( article_id=27 ) LIMIT 1   [ RunTime:0.0002s ]
SQL: SELECT `article_title` FROM `myblog_article` WHERE ( article_id=1 ) LIMIT 1   [ RunTime:0.0002s ]
SQL: SHOW COLUMNS FROM `myblog_user` [ RunTime:0.0112s ]
SQL: SHOW COLUMNS FROM `myblog_nav` [ RunTime:0.0104s ]
SQL: SELECT * FROM `myblog_article` WHERE ( article_id=12 ) LIMIT 1   [ RunTime:0.0003s ]
SQL: SELECT `user` FROM `myblog_user` WHERE ( id=1 ) LIMIT 1   [ RunTime:0.0003s ]
SQL: SELECT `nav_name` FROM `myblog_nav` WHERE ( nav_id=7 ) LIMIT 1   [ RunTime:0.0002s ]
SQL: SHOW COLUMNS FROM `myblog_cmt` [ RunTime:0.0145s ]
SQL: SHOW COLUMNS FROM `myblog_collect` [ RunTime:0.0094s ]
SQL: SHOW COLUMNS FROM `myblog_like` [ RunTime:0.0073s ]
SQL: SELECT * FROM `myblog_read` WHERE ( read_articleid=12 ) LIMIT 1   [ RunTime:0.0003s ]
SQL: UPDATE `myblog_read` SET `read_count`='11' WHERE ( read_articleid=12 ) [ RunTime:0.0676s ]
SQL: SELECT COUNT(*) AS tp_count FROM `myblog_like` WHERE ( like_articleid=12 ) LIMIT 1   [ RunTime:0.0004s ]
SQL: SELECT COUNT(*) AS tp_count FROM `myblog_collect` WHERE ( collect_articleid=12 ) LIMIT 1   [ RunTime:0.0002s ]
SQL: SELECT COUNT(*) AS tp_count FROM `myblog_cmt` WHERE ( cmt_articleid=12 ) LIMIT 1   [ RunTime:0.0003s ]
SQL: SHOW COLUMNS FROM `myblog_cmt` [ RunTime:0.0099s ]
SQL: SELECT * FROM `myblog_cmt` WHERE ( cmt_articleid=12 and cmt_pid=0 )  [ RunTime:0.0004s ]
INFO: [ view_parse ] --START--
INFO: [ template_filter ] --START--
INFO: Run Behavior\ContentReplaceBehavior [ RunTime:0.000167s ]
INFO: [ template_filter ] --END-- [ RunTime:0.000340s ]
NOTIC: [8] Use of undefined constant read_articleid - assumed 'read_articleid' D:\wamp\www\myblog\Application\Runtime\Cache\Home\15a802ff8b2f980581234407ace9c788.php 第 209 行.
NOTIC: [8] Use of undefined constant read_articleid - assumed 'read_articleid' D:\wamp\www\myblog\Application\Runtime\Cache\Home\15a802ff8b2f980581234407ace9c788.php 第 209 行.
NOTIC: [8] Use of undefined constant read_articleid - assumed 'read_articleid' D:\wamp\www\myblog\Application\Runtime\Cache\Home\15a802ff8b2f980581234407ace9c788.php 第 209 行.
NOTIC: [8] Use of undefined constant read_articleid - assumed 'read_articleid' D:\wamp\www\myblog\Application\Runtime\Cache\Home\15a802ff8b2f980581234407ace9c788.php 第 209 行.
NOTIC: [8] Use of undefined constant read_articleid - assumed 'read_articleid' D:\wamp\www\myblog\Application\Runtime\Cache\Home\15a802ff8b2f980581234407ace9c788.php 第 209 行.
INFO: Run Behavior\ParseTemplateBehavior [ RunTime:0.143021s ]
INFO: [ view_parse ] --END-- [ RunTime:0.143139s ]
INFO: [ view_filter ] --START--
INFO: Run Behavior\WriteHtmlCacheBehavior [ RunTime:0.000650s ]
INFO: [ view_filter ] --END-- [ RunTime:0.000752s ]
INFO: [ app_end ] --START--
INFO: Run Behavior\ShowPageTraceBehavior [ RunTime:0.000771s ]
INFO: [ app_end ] --END-- [ RunTime:0.000873s ]

[ 2016-04-13T15:46:48+08:00 ] 127.0.0.1 /myblog/index.php/Home/article/sendCmt.html
INFO: [ app_init ] --START--
INFO: Run Behavior\BuildLiteBehavior [ RunTime:0.000025s ]
INFO: [ app_init ] --END-- [ RunTime:0.000470s ]
INFO: [ app_begin ] --START--
INFO: Run Behavior\ReadHtmlCacheBehavior [ RunTime:0.000761s ]
INFO: [ app_begin ] --END-- [ RunTime:0.000879s ]
NOTIC: [2048] Declaration of Home\Controller\ArticleController::theme() should be compatible with that of Think\Controller::theme() D:\wamp\www\myblog\Application\Home\Controller\ArticleController.class.php 第 111 行.

[ 2016-04-13T15:46:59+08:00 ] 127.0.0.1 /myblog/index.php/Home/Login/sign.html
INFO: [ app_init ] --START--
INFO: Run Behavior\BuildLiteBehavior [ RunTime:0.000027s ]
INFO: [ app_init ] --END-- [ RunTime:0.000482s ]
INFO: [ app_begin ] --START--
INFO: Run Behavior\ReadHtmlCacheBehavior [ RunTime:0.000875s ]
INFO: [ app_begin ] --END-- [ RunTime:0.001055s ]
SQL: SHOW COLUMNS FROM `myblog_user` [ RunTime:0.0221s ]
SQL: SELECT * FROM `myblog_user` WHERE ( account='admin' ) LIMIT 1   [ RunTime:0.0005s ]

[ 2016-04-13T15:46:59+08:00 ] 127.0.0.1 /myblog/index.php/Home/Article/theme/id/12.html
INFO: [ app_init ] --START--
INFO: Run Behavior\BuildLiteBehavior [ RunTime:0.000045s ]
INFO: [ app_init ] --END-- [ RunTime:0.000755s ]
INFO: [ app_begin ] --START--
INFO: Run Behavior\ReadHtmlCacheBehavior [ RunTime:0.001501s ]
INFO: [ app_begin ] --END-- [ RunTime:0.001765s ]
NOTIC: [2048] Declaration of Home\Controller\ArticleController::theme() should be compatible with that of Think\Controller::theme() D:\wamp\www\myblog\Application\Home\Controller\ArticleController.class.php 第 111 行.
SQL: SHOW COLUMNS FROM `myblog_article` [ RunTime:0.0123s ]
SQL: SHOW COLUMNS FROM `myblog_read` [ RunTime:0.0250s ]
SQL: SELECT * FROM `myblog_read` ORDER BY read_count desc LIMIT 5   [ RunTime:0.0006s ]
SQL: SHOW COLUMNS FROM `myblog_article` [ RunTime:0.0111s ]
SQL: SELECT `article_title` FROM `myblog_article` WHERE ( article_id=46 ) LIMIT 1   [ RunTime:0.0003s ]
SQL: SELECT `article_title` FROM `myblog_article` WHERE ( article_id=33 ) LIMIT 1   [ RunTime:0.0003s ]
SQL: SELECT `article_title` FROM `myblog_article` WHERE ( article_id=3 ) LIMIT 1   [ RunTime:0.0002s ]
SQL: SELECT `article_title` FROM `myblog_article` WHERE ( article_id=27 ) LIMIT 1   [ RunTime:0.0002s ]
SQL: SELECT `article_title` FROM `myblog_article` WHERE ( article_id=1 ) LIMIT 1   [ RunTime:0.0002s ]
SQL: SHOW COLUMNS FROM `myblog_user` [ RunTime:0.0092s ]
SQL: SHOW COLUMNS FROM `myblog_nav` [ RunTime:0.0189s ]
SQL: SELECT * FROM `myblog_article` WHERE ( article_id=12 ) LIMIT 1   [ RunTime:0.0004s ]
SQL: SELECT `user` FROM `myblog_user` WHERE ( id=1 ) LIMIT 1   [ RunTime:0.0004s ]
SQL: SELECT `nav_name` FROM `myblog_nav` WHERE ( nav_id=7 ) LIMIT 1   [ RunTime:0.0003s ]
SQL: SHOW COLUMNS FROM `myblog_cmt` [ RunTime:0.0119s ]
SQL: SHOW COLUMNS FROM `myblog_collect` [ RunTime:0.0106s ]
SQL: SHOW COLUMNS FROM `myblog_like` [ RunTime:0.0080s ]
SQL: SELECT * FROM `myblog_read` WHERE ( read_articleid=12 ) LIMIT 1   [ RunTime:0.0003s ]
SQL: SELECT COUNT(*) AS tp_count FROM `myblog_like` WHERE ( like_articleid=12 ) LIMIT 1   [ RunTime:0.0003s ]
SQL: SELECT COUNT(*) AS tp_count FROM `myblog_collect` WHERE ( collect_articleid=12 ) LIMIT 1   [ RunTime:0.0002s ]
SQL: SELECT COUNT(*) AS tp_count FROM `myblog_cmt` WHERE ( cmt_articleid=12 ) LIMIT 1   [ RunTime:0.0002s ]
SQL: SHOW COLUMNS FROM `myblog_cmt` [ RunTime:0.0149s ]
SQL: SELECT * FROM `myblog_cmt` WHERE ( cmt_articleid=12 and cmt_pid=0 )  [ RunTime:0.0005s ]
INFO: [ view_parse ] --START--
INFO: [ template_filter ] --START--
INFO: Run Behavior\ContentReplaceBehavior [ RunTime:0.000263s ]
INFO: [ template_filter ] --END-- [ RunTime:0.000491s ]
NOTIC: [8] Use of undefined constant read_articleid - assumed 'read_articleid' D:\wamp\www\myblog\Application\Runtime\Cache\Home\15a802ff8b2f980581234407ace9c788.php 第 209 行.
NOTIC: [8] Use of undefined constant read_articleid - assumed 'read_articleid' D:\wamp\www\myblog\Application\Runtime\Cache\Home\15a802ff8b2f980581234407ace9c788.php 第 209 行.
NOTIC: [8] Use of undefined constant read_articleid - assumed 'read_articleid' D:\wamp\www\myblog\Application\Runtime\Cache\Home\15a802ff8b2f980581234407ace9c788.php 第 209 行.
NOTIC: [8] Use of undefined constant read_articleid - assumed 'read_articleid' D:\wamp\www\myblog\Application\Runtime\Cache\Home\15a802ff8b2f980581234407ace9c788.php 第 209 行.
NOTIC: [8] Use of undefined constant read_articleid - assumed 'read_articleid' D:\wamp\www\myblog\Application\Runtime\Cache\Home\15a802ff8b2f980581234407ace9c788.php 第 209 行.
INFO: Run Behavior\ParseTemplateBehavior [ RunTime:0.113154s ]
INFO: [ view_parse ] --END-- [ RunTime:0.113395s ]
INFO: [ view_filter ] --START--
INFO: Run Behavior\WriteHtmlCacheBehavior [ RunTime:0.001101s ]
INFO: [ view_filter ] --END-- [ RunTime:0.001413s ]
INFO: [ app_end ] --START--
INFO: Run Behavior\ShowPageTraceBehavior [ RunTime:0.001613s ]
INFO: [ app_end ] --END-- [ RunTime:0.001817s ]

[ 2016-04-13T15:47:12+08:00 ] 127.0.0.1 /myblog/index.php/Home/article/sendCmt.html
INFO: [ app_init ] --START--
INFO: Run Behavior\BuildLiteBehavior [ RunTime:0.000025s ]
INFO: [ app_init ] --END-- [ RunTime:0.000480s ]
INFO: [ app_begin ] --START--
INFO: Run Behavior\ReadHtmlCacheBehavior [ RunTime:0.000919s ]
INFO: [ app_begin ] --END-- [ RunTime:0.001084s ]
NOTIC: [2048] Declaration of Home\Controller\ArticleController::theme() should be compatible with that of Think\Controller::theme() D:\wamp\www\myblog\Application\Home\Controller\ArticleController.class.php 第 111 行.
SQL: SHOW COLUMNS FROM `myblog_cmt` [ RunTime:0.0140s ]
SQL: INSERT INTO `myblog_cmt` (`cmt_user`,`cmt_pid`,`cmt_getter`,`cmt_articleid`,`cmt_cnt`,`cmt_time`) VALUES ('超级管理员','0','超级管理员','12','啊啊啊','2016-04-13 15:47:12 ') [ RunTime:0.1168s ]

[ 2016-04-13T15:47:13+08:00 ] 127.0.0.1 /myblog/index.php/Home/Article/theme/id/12.html
INFO: [ app_init ] --START--
INFO: Run Behavior\BuildLiteBehavior [ RunTime:0.000026s ]
INFO: [ app_init ] --END-- [ RunTime:0.000534s ]
INFO: [ app_begin ] --START--
INFO: Run Behavior\ReadHtmlCacheBehavior [ RunTime:0.000795s ]
INFO: [ app_begin ] --END-- [ RunTime:0.000981s ]
NOTIC: [2048] Declaration of Home\Controller\ArticleController::theme() should be compatible with that of Think\Controller::theme() D:\wamp\www\myblog\Application\Home\Controller\ArticleController.class.php 第 111 行.
SQL: SHOW COLUMNS FROM `myblog_article` [ RunTime:0.0143s ]
SQL: SHOW COLUMNS FROM `myblog_read` [ RunTime:0.0157s ]
SQL: SELECT * FROM `myblog_read` ORDER BY read_count desc LIMIT 5   [ RunTime:0.0005s ]
SQL: SHOW COLUMNS FROM `myblog_article` [ RunTime:0.0101s ]
SQL: SELECT `article_title` FROM `myblog_article` WHERE ( article_id=46 ) LIMIT 1   [ RunTime:0.0003s ]
SQL: SELECT `article_title` FROM `myblog_article` WHERE ( article_id=33 ) LIMIT 1   [ RunTime:0.0002s ]
SQL: SELECT `article_title` FROM `myblog_article` WHERE ( article_id=3 ) LIMIT 1   [ RunTime:0.0002s ]
SQL: SELECT `article_title` FROM `myblog_article` WHERE ( article_id=27 ) LIMIT 1   [ RunTime:0.0002s ]
SQL: SELECT `article_title` FROM `myblog_article` WHERE ( article_id=1 ) LIMIT 1   [ RunTime:0.0002s ]
SQL: SHOW COLUMNS FROM `myblog_user` [ RunTime:0.0121s ]
SQL: SHOW COLUMNS FROM `myblog_nav` [ RunTime:0.0099s ]
SQL: SELECT * FROM `myblog_article` WHERE ( article_id=12 ) LIMIT 1   [ RunTime:0.0004s ]
SQL: SELECT `user` FROM `myblog_user` WHERE ( id=1 ) LIMIT 1   [ RunTime:0.0003s ]
SQL: SELECT `nav_name` FROM `myblog_nav` WHERE ( nav_id=7 ) LIMIT 1   [ RunTime:0.0003s ]
SQL: SHOW COLUMNS FROM `myblog_cmt` [ RunTime:0.0102s ]
SQL: SHOW COLUMNS FROM `myblog_collect` [ RunTime:0.0104s ]
SQL: SHOW COLUMNS FROM `myblog_like` [ RunTime:0.0076s ]
SQL: SELECT * FROM `myblog_read` WHERE ( read_articleid=12 ) LIMIT 1   [ RunTime:0.0003s ]
SQL: SELECT COUNT(*) AS tp_count FROM `myblog_like` WHERE ( like_articleid=12 ) LIMIT 1   [ RunTime:0.0003s ]
SQL: SELECT COUNT(*) AS tp_count FROM `myblog_collect` WHERE ( collect_articleid=12 ) LIMIT 1   [ RunTime:0.0003s ]
SQL: SELECT COUNT(*) AS tp_count FROM `myblog_cmt` WHERE ( cmt_articleid=12 ) LIMIT 1   [ RunTime:0.0003s ]
SQL: SHOW COLUMNS FROM `myblog_cmt` [ RunTime:0.0100s ]
SQL: SELECT * FROM `myblog_cmt` WHERE ( cmt_articleid=12 and cmt_pid=0 )  [ RunTime:0.0003s ]
SQL: SELECT * FROM `myblog_cmt` WHERE ( cmt_pid=21 )  [ RunTime:0.0002s ]
INFO: [ view_parse ] --START--
INFO: [ template_filter ] --START--
INFO: Run Behavior\ContentReplaceBehavior [ RunTime:0.000171s ]
INFO: [ template_filter ] --END-- [ RunTime:0.000314s ]
NOTIC: [8] Use of undefined constant read_articleid - assumed 'read_articleid' D:\wamp\www\myblog\Application\Runtime\Cache\Home\15a802ff8b2f980581234407ace9c788.php 第 209 行.
NOTIC: [8] Use of undefined constant read_articleid - assumed 'read_articleid' D:\wamp\www\myblog\Application\Runtime\Cache\Home\15a802ff8b2f980581234407ace9c788.php 第 209 行.
NOTIC: [8] Use of undefined constant read_articleid - assumed 'read_articleid' D:\wamp\www\myblog\Application\Runtime\Cache\Home\15a802ff8b2f980581234407ace9c788.php 第 209 行.
NOTIC: [8] Use of undefined constant read_articleid - assumed 'read_articleid' D:\wamp\www\myblog\Application\Runtime\Cache\Home\15a802ff8b2f980581234407ace9c788.php 第 209 行.
NOTIC: [8] Use of undefined constant read_articleid - assumed 'read_articleid' D:\wamp\www\myblog\Application\Runtime\Cache\Home\15a802ff8b2f980581234407ace9c788.php 第 209 行.
INFO: Run Behavior\ParseTemplateBehavior [ RunTime:0.098461s ]
INFO: [ view_parse ] --END-- [ RunTime:0.098632s ]
INFO: [ view_filter ] --START--
INFO: Run Behavior\WriteHtmlCacheBehavior [ RunTime:0.001041s ]
INFO: [ view_filter ] --END-- [ RunTime:0.001165s ]
INFO: [ app_end ] --START--
INFO: Run Behavior\ShowPageTraceBehavior [ RunTime:0.000830s ]
INFO: [ app_end ] --END-- [ RunTime:0.000972s ]

[ 2016-04-13T15:47:16+08:00 ] 127.0.0.1 /myblog/index.php/Home/article/sendCmt.html
INFO: [ app_init ] --START--
INFO: Run Behavior\BuildLiteBehavior [ RunTime:0.000041s ]
INFO: [ app_init ] --END-- [ RunTime:0.000733s ]
INFO: [ app_begin ] --START--
INFO: Run Behavior\ReadHtmlCacheBehavior [ RunTime:0.001050s ]
INFO: [ app_begin ] --END-- [ RunTime:0.001220s ]
NOTIC: [2048] Declaration of Home\Controller\ArticleController::theme() should be compatible with that of Think\Controller::theme() D:\wamp\www\myblog\Application\Home\Controller\ArticleController.class.php 第 111 行.
SQL: SHOW COLUMNS FROM `myblog_cmt` [ RunTime:0.0128s ]
SQL: INSERT INTO `myblog_cmt` (`cmt_user`,`cmt_pid`,`cmt_getter`,`cmt_articleid`,`cmt_cnt`,`cmt_time`) VALUES ('超级管理员','21','超级管理员','12','啊啊啊','2016-04-13 15:47:16 ') [ RunTime:0.1155s ]

[ 2016-04-13T15:47:17+08:00 ] 127.0.0.1 /myblog/index.php/Home/Article/theme/id/12.html
INFO: [ app_init ] --START--
INFO: Run Behavior\BuildLiteBehavior [ RunTime:0.000045s ]
INFO: [ app_init ] --END-- [ RunTime:0.000866s ]
INFO: [ app_begin ] --START--
INFO: Run Behavior\ReadHtmlCacheBehavior [ RunTime:0.000890s ]
INFO: [ app_begin ] --END-- [ RunTime:0.001118s ]
NOTIC: [2048] Declaration of Home\Controller\ArticleController::theme() should be compatible with that of Think\Controller::theme() D:\wamp\www\myblog\Application\Home\Controller\ArticleController.class.php 第 111 行.
SQL: SHOW COLUMNS FROM `myblog_article` [ RunTime:0.0130s ]
SQL: SHOW COLUMNS FROM `myblog_read` [ RunTime:0.0156s ]
SQL: SELECT * FROM `myblog_read` ORDER BY read_count desc LIMIT 5   [ RunTime:0.0005s ]
SQL: SHOW COLUMNS FROM `myblog_article` [ RunTime:0.0121s ]
SQL: SELECT `article_title` FROM `myblog_article` WHERE ( article_id=46 ) LIMIT 1   [ RunTime:0.0003s ]
SQL: SELECT `article_title` FROM `myblog_article` WHERE ( article_id=33 ) LIMIT 1   [ RunTime:0.0002s ]
SQL: SELECT `article_title` FROM `myblog_article` WHERE ( article_id=3 ) LIMIT 1   [ RunTime:0.0002s ]
SQL: SELECT `article_title` FROM `myblog_article` WHERE ( article_id=27 ) LIMIT 1   [ RunTime:0.0003s ]
SQL: SELECT `article_title` FROM `myblog_article` WHERE ( article_id=1 ) LIMIT 1   [ RunTime:0.0003s ]
SQL: SHOW COLUMNS FROM `myblog_user` [ RunTime:0.0101s ]
SQL: SHOW COLUMNS FROM `myblog_nav` [ RunTime:0.0218s ]
SQL: SELECT * FROM `myblog_article` WHERE ( article_id=12 ) LIMIT 1   [ RunTime:0.0004s ]
SQL: SELECT `user` FROM `myblog_user` WHERE ( id=1 ) LIMIT 1   [ RunTime:0.0004s ]
SQL: SELECT `nav_name` FROM `myblog_nav` WHERE ( nav_id=7 ) LIMIT 1   [ RunTime:0.0004s ]
SQL: SHOW COLUMNS FROM `myblog_cmt` [ RunTime:0.0119s ]
SQL: SHOW COLUMNS FROM `myblog_collect` [ RunTime:0.0110s ]
SQL: SHOW COLUMNS FROM `myblog_like` [ RunTime:0.0094s ]
SQL: SELECT * FROM `myblog_read` WHERE ( read_articleid=12 ) LIMIT 1   [ RunTime:0.0003s ]
SQL: SELECT COUNT(*) AS tp_count FROM `myblog_like` WHERE ( like_articleid=12 ) LIMIT 1   [ RunTime:0.0003s ]
SQL: SELECT COUNT(*) AS tp_count FROM `myblog_collect` WHERE ( collect_articleid=12 ) LIMIT 1   [ RunTime:0.0002s ]
SQL: SELECT COUNT(*) AS tp_count FROM `myblog_cmt` WHERE ( cmt_articleid=12 ) LIMIT 1   [ RunTime:0.0003s ]
SQL: SHOW COLUMNS FROM `myblog_cmt` [ RunTime:0.0134s ]
SQL: SELECT * FROM `myblog_cmt` WHERE ( cmt_articleid=12 and cmt_pid=0 )  [ RunTime:0.0004s ]
SQL: SELECT * FROM `myblog_cmt` WHERE ( cmt_pid=21 )  [ RunTime:0.0002s ]
INFO: [ view_parse ] --START--
INFO: [ template_filter ] --START--
INFO: Run Behavior\ContentReplaceBehavior [ RunTime:0.000182s ]
INFO: [ template_filter ] --END-- [ RunTime:0.000338s ]
NOTIC: [8] Use of undefined constant read_articleid - assumed 'read_articleid' D:\wamp\www\myblog\Application\Runtime\Cache\Home\15a802ff8b2f980581234407ace9c788.php 第 209 行.
NOTIC: [8] Use of undefined constant read_articleid - assumed 'read_articleid' D:\wamp\www\myblog\Application\Runtime\Cache\Home\15a802ff8b2f980581234407ace9c788.php 第 209 行.
NOTIC: [8] Use of undefined constant read_articleid - assumed 'read_articleid' D:\wamp\www\myblog\Application\Runtime\Cache\Home\15a802ff8b2f980581234407ace9c788.php 第 209 行.
NOTIC: [8] Use of undefined constant read_articleid - assumed 'read_articleid' D:\wamp\www\myblog\Application\Runtime\Cache\Home\15a802ff8b2f980581234407ace9c788.php 第 209 行.
NOTIC: [8] Use of undefined constant read_articleid - assumed 'read_articleid' D:\wamp\www\myblog\Application\Runtime\Cache\Home\15a802ff8b2f980581234407ace9c788.php 第 209 行.
INFO: Run Behavior\ParseTemplateBehavior [ RunTime:0.109793s ]
INFO: [ view_parse ] --END-- [ RunTime:0.109950s ]
INFO: [ view_filter ] --START--
INFO: Run Behavior\WriteHtmlCacheBehavior [ RunTime:0.000902s ]
INFO: [ view_filter ] --END-- [ RunTime:0.001027s ]
INFO: [ app_end ] --START--
INFO: Run Behavior\ShowPageTraceBehavior [ RunTime:0.001480s ]
INFO: [ app_end ] --END-- [ RunTime:0.001714s ]

[ 2016-04-13T15:47:20+08:00 ] 127.0.0.1 /myblog/index.php/Home/article/sendCmt.html
INFO: [ app_init ] --START--
INFO: Run Behavior\BuildLiteBehavior [ RunTime:0.000033s ]
INFO: [ app_init ] --END-- [ RunTime:0.000625s ]
INFO: [ app_begin ] --START--
INFO: Run Behavior\ReadHtmlCacheBehavior [ RunTime:0.000814s ]
INFO: [ app_begin ] --END-- [ RunTime:0.000942s ]
NOTIC: [2048] Declaration of Home\Controller\ArticleController::theme() should be compatible with that of Think\Controller::theme() D:\wamp\www\myblog\Application\Home\Controller\ArticleController.class.php 第 111 行.
SQL: SHOW COLUMNS FROM `myblog_cmt` [ RunTime:0.0157s ]
SQL: INSERT INTO `myblog_cmt` (`cmt_user`,`cmt_pid`,`cmt_getter`,`cmt_articleid`,`cmt_cnt`,`cmt_time`) VALUES ('超级管理员','21','超级管理员','12','啊啊啊','2016-04-13 15:47:20 ') [ RunTime:0.1370s ]

[ 2016-04-13T15:47:20+08:00 ] 127.0.0.1 /myblog/index.php/Home/Article/theme/id/12.html
INFO: [ app_init ] --START--
INFO: Run Behavior\BuildLiteBehavior [ RunTime:0.000026s ]
INFO: [ app_init ] --END-- [ RunTime:0.000521s ]
INFO: [ app_begin ] --START--
INFO: Run Behavior\ReadHtmlCacheBehavior [ RunTime:0.001121s ]
INFO: [ app_begin ] --END-- [ RunTime:0.001350s ]
NOTIC: [2048] Declaration of Home\Controller\ArticleController::theme() should be compatible with that of Think\Controller::theme() D:\wamp\www\myblog\Application\Home\Controller\ArticleController.class.php 第 111 行.
SQL: SHOW COLUMNS FROM `myblog_article` [ RunTime:0.0152s ]
SQL: SHOW COLUMNS FROM `myblog_read` [ RunTime:0.0256s ]
SQL: SELECT * FROM `myblog_read` ORDER BY read_count desc LIMIT 5   [ RunTime:0.0005s ]
SQL: SHOW COLUMNS FROM `myblog_article` [ RunTime:0.0202s ]
SQL: SELECT `article_title` FROM `myblog_article` WHERE ( article_id=46 ) LIMIT 1   [ RunTime:0.0004s ]
SQL: SELECT `article_title` FROM `myblog_article` WHERE ( article_id=33 ) LIMIT 1   [ RunTime:0.0003s ]
SQL: SELECT `article_title` FROM `myblog_article` WHERE ( article_id=3 ) LIMIT 1   [ RunTime:0.0003s ]
SQL: SELECT `article_title` FROM `myblog_article` WHERE ( article_id=27 ) LIMIT 1   [ RunTime:0.0002s ]
SQL: SELECT `article_title` FROM `myblog_article` WHERE ( article_id=1 ) LIMIT 1   [ RunTime:0.0002s ]
SQL: SHOW COLUMNS FROM `myblog_user` [ RunTime:0.0161s ]
SQL: SHOW COLUMNS FROM `myblog_nav` [ RunTime:0.0111s ]
SQL: SELECT * FROM `myblog_article` WHERE ( article_id=12 ) LIMIT 1   [ RunTime:0.0004s ]
SQL: SELECT `user` FROM `myblog_user` WHERE ( id=1 ) LIMIT 1   [ RunTime:0.0002s ]
SQL: SELECT `nav_name` FROM `myblog_nav` WHERE ( nav_id=7 ) LIMIT 1   [ RunTime:0.0002s ]
SQL: SHOW COLUMNS FROM `myblog_cmt` [ RunTime:0.0120s ]
SQL: SHOW COLUMNS FROM `myblog_collect` [ RunTime:0.0123s ]
SQL: SHOW COLUMNS FROM `myblog_like` [ RunTime:0.0115s ]
SQL: SELECT * FROM `myblog_read` WHERE ( read_articleid=12 ) LIMIT 1   [ RunTime:0.0004s ]
SQL: SELECT COUNT(*) AS tp_count FROM `myblog_like` WHERE ( like_articleid=12 ) LIMIT 1   [ RunTime:0.0004s ]
SQL: SELECT COUNT(*) AS tp_count FROM `myblog_collect` WHERE ( collect_articleid=12 ) LIMIT 1   [ RunTime:0.0004s ]
SQL: SELECT COUNT(*) AS tp_count FROM `myblog_cmt` WHERE ( cmt_articleid=12 ) LIMIT 1   [ RunTime:0.0003s ]
SQL: SHOW COLUMNS FROM `myblog_cmt` [ RunTime:0.0091s ]
SQL: SELECT * FROM `myblog_cmt` WHERE ( cmt_articleid=12 and cmt_pid=0 )  [ RunTime:0.0003s ]
SQL: SELECT * FROM `myblog_cmt` WHERE ( cmt_pid=21 )  [ RunTime:0.0002s ]
INFO: [ view_parse ] --START--
INFO: [ template_filter ] --START--
INFO: Run Behavior\ContentReplaceBehavior [ RunTime:0.000229s ]
INFO: [ template_filter ] --END-- [ RunTime:0.000477s ]
NOTIC: [8] Use of undefined constant read_articleid - assumed 'read_articleid' D:\wamp\www\myblog\Application\Runtime\Cache\Home\15a802ff8b2f980581234407ace9c788.php 第 209 行.
NOTIC: [8] Use of undefined constant read_articleid - assumed 'read_articleid' D:\wamp\www\myblog\Application\Runtime\Cache\Home\15a802ff8b2f980581234407ace9c788.php 第 209 行.
NOTIC: [8] Use of undefined constant read_articleid - assumed 'read_articleid' D:\wamp\www\myblog\Application\Runtime\Cache\Home\15a802ff8b2f980581234407ace9c788.php 第 209 行.
NOTIC: [8] Use of undefined constant read_articleid - assumed 'read_articleid' D:\wamp\www\myblog\Application\Runtime\Cache\Home\15a802ff8b2f980581234407ace9c788.php 第 209 行.
NOTIC: [8] Use of undefined constant read_articleid - assumed 'read_articleid' D:\wamp\www\myblog\Application\Runtime\Cache\Home\15a802ff8b2f980581234407ace9c788.php 第 209 行.
INFO: Run Behavior\ParseTemplateBehavior [ RunTime:0.098518s ]
INFO: [ view_parse ] --END-- [ RunTime:0.098684s ]
INFO: [ view_filter ] --START--
INFO: Run Behavior\WriteHtmlCacheBehavior [ RunTime:0.000788s ]
INFO: [ view_filter ] --END-- [ RunTime:0.000939s ]
INFO: [ app_end ] --START--
INFO: Run Behavior\ShowPageTraceBehavior [ RunTime:0.001403s ]
INFO: [ app_end ] --END-- [ RunTime:0.001615s ]

[ 2016-04-13T15:47:23+08:00 ] 127.0.0.1 /myblog/index.php/Home/article/sendCmt.html
INFO: [ app_init ] --START--
INFO: Run Behavior\BuildLiteBehavior [ RunTime:0.000041s ]
INFO: [ app_init ] --END-- [ RunTime:0.000765s ]
INFO: [ app_begin ] --START--
INFO: Run Behavior\ReadHtmlCacheBehavior [ RunTime:0.001527s ]
INFO: [ app_begin ] --END-- [ RunTime:0.001863s ]
NOTIC: [2048] Declaration of Home\Controller\ArticleController::theme() should be compatible with that of Think\Controller::theme() D:\wamp\www\myblog\Application\Home\Controller\ArticleController.class.php 第 111 行.
SQL: SHOW COLUMNS FROM `myblog_cmt` [ RunTime:0.0245s ]
SQL: INSERT INTO `myblog_cmt` (`cmt_user`,`cmt_pid`,`cmt_getter`,`cmt_articleid`,`cmt_cnt`,`cmt_time`) VALUES ('超级管理员','21','超级管理员','12','啊啊啊','2016-04-13 15:47:23 ') [ RunTime:0.1285s ]

[ 2016-04-13T15:47:23+08:00 ] 127.0.0.1 /myblog/index.php/Home/Article/theme/id/12.html
INFO: [ app_init ] --START--
INFO: Run Behavior\BuildLiteBehavior [ RunTime:0.000039s ]
INFO: [ app_init ] --END-- [ RunTime:0.000658s ]
INFO: [ app_begin ] --START--
INFO: Run Behavior\ReadHtmlCacheBehavior [ RunTime:0.001052s ]
INFO: [ app_begin ] --END-- [ RunTime:0.001278s ]
NOTIC: [2048] Declaration of Home\Controller\ArticleController::theme() should be compatible with that of Think\Controller::theme() D:\wamp\www\myblog\Application\Home\Controller\ArticleController.class.php 第 111 行.
SQL: SHOW COLUMNS FROM `myblog_article` [ RunTime:0.0136s ]
SQL: SHOW COLUMNS FROM `myblog_read` [ RunTime:0.0101s ]
SQL: SELECT * FROM `myblog_read` ORDER BY read_count desc LIMIT 5   [ RunTime:0.0003s ]
SQL: SHOW COLUMNS FROM `myblog_article` [ RunTime:0.0100s ]
SQL: SELECT `article_title` FROM `myblog_article` WHERE ( article_id=46 ) LIMIT 1   [ RunTime:0.0003s ]
SQL: SELECT `article_title` FROM `myblog_article` WHERE ( article_id=33 ) LIMIT 1   [ RunTime:0.0003s ]
SQL: SELECT `article_title` FROM `myblog_article` WHERE ( article_id=3 ) LIMIT 1   [ RunTime:0.0003s ]
SQL: SELECT `article_title` FROM `myblog_article` WHERE ( article_id=27 ) LIMIT 1   [ RunTime:0.0002s ]
SQL: SELECT `article_title` FROM `myblog_article` WHERE ( article_id=1 ) LIMIT 1   [ RunTime:0.0002s ]
SQL: SHOW COLUMNS FROM `myblog_user` [ RunTime:0.0121s ]
SQL: SHOW COLUMNS FROM `myblog_nav` [ RunTime:0.0111s ]
SQL: SELECT * FROM `myblog_article` WHERE ( article_id=12 ) LIMIT 1   [ RunTime:0.0004s ]
SQL: SELECT `user` FROM `myblog_user` WHERE ( id=1 ) LIMIT 1   [ RunTime:0.0002s ]
SQL: SELECT `nav_name` FROM `myblog_nav` WHERE ( nav_id=7 ) LIMIT 1   [ RunTime:0.0002s ]
SQL: SHOW COLUMNS FROM `myblog_cmt` [ RunTime:0.0083s ]
SQL: SHOW COLUMNS FROM `myblog_collect` [ RunTime:0.0136s ]
SQL: SHOW COLUMNS FROM `myblog_like` [ RunTime:0.0134s ]
SQL: SELECT * FROM `myblog_read` WHERE ( read_articleid=12 ) LIMIT 1   [ RunTime:0.0003s ]
SQL: SELECT COUNT(*) AS tp_count FROM `myblog_like` WHERE ( like_articleid=12 ) LIMIT 1   [ RunTime:0.0004s ]
SQL: SELECT COUNT(*) AS tp_count FROM `myblog_collect` WHERE ( collect_articleid=12 ) LIMIT 1   [ RunTime:0.0003s ]
SQL: SELECT COUNT(*) AS tp_count FROM `myblog_cmt` WHERE ( cmt_articleid=12 ) LIMIT 1   [ RunTime:0.0003s ]
SQL: SHOW COLUMNS FROM `myblog_cmt` [ RunTime:0.0114s ]
SQL: SELECT * FROM `myblog_cmt` WHERE ( cmt_articleid=12 and cmt_pid=0 )  [ RunTime:0.0004s ]
SQL: SELECT * FROM `myblog_cmt` WHERE ( cmt_pid=21 )  [ RunTime:0.0003s ]
INFO: [ view_parse ] --START--
INFO: [ template_filter ] --START--
INFO: Run Behavior\ContentReplaceBehavior [ RunTime:0.000176s ]
INFO: [ template_filter ] --END-- [ RunTime:0.000361s ]
NOTIC: [8] Use of undefined constant read_articleid - assumed 'read_articleid' D:\wamp\www\myblog\Application\Runtime\Cache\Home\15a802ff8b2f980581234407ace9c788.php 第 209 行.
NOTIC: [8] Use of undefined constant read_articleid - assumed 'read_articleid' D:\wamp\www\myblog\Application\Runtime\Cache\Home\15a802ff8b2f980581234407ace9c788.php 第 209 行.
NOTIC: [8] Use of undefined constant read_articleid - assumed 'read_articleid' D:\wamp\www\myblog\Application\Runtime\Cache\Home\15a802ff8b2f980581234407ace9c788.php 第 209 行.
NOTIC: [8] Use of undefined constant read_articleid - assumed 'read_articleid' D:\wamp\www\myblog\Application\Runtime\Cache\Home\15a802ff8b2f980581234407ace9c788.php 第 209 行.
NOTIC: [8] Use of undefined constant read_articleid - assumed 'read_articleid' D:\wamp\www\myblog\Application\Runtime\Cache\Home\15a802ff8b2f980581234407ace9c788.php 第 209 行.
INFO: Run Behavior\ParseTemplateBehavior [ RunTime:0.137866s ]
INFO: [ view_parse ] --END-- [ RunTime:0.138070s ]
INFO: [ view_filter ] --START--
INFO: Run Behavior\WriteHtmlCacheBehavior [ RunTime:0.000778s ]
INFO: [ view_filter ] --END-- [ RunTime:0.000924s ]
INFO: [ app_end ] --START--
INFO: Run Behavior\ShowPageTraceBehavior [ RunTime:0.001194s ]
INFO: [ app_end ] --END-- [ RunTime:0.001378s ]

[ 2016-04-13T15:47:31+08:00 ] 127.0.0.1 /myblog/index.php/Home/article/sendCmt.html
INFO: [ app_init ] --START--
INFO: Run Behavior\BuildLiteBehavior [ RunTime:0.000039s ]
INFO: [ app_init ] --END-- [ RunTime:0.000601s ]
INFO: [ app_begin ] --START--
INFO: Run Behavior\ReadHtmlCacheBehavior [ RunTime:0.001400s ]
INFO: [ app_begin ] --END-- [ RunTime:0.001661s ]
NOTIC: [2048] Declaration of Home\Controller\ArticleController::theme() should be compatible with that of Think\Controller::theme() D:\wamp\www\myblog\Application\Home\Controller\ArticleController.class.php 第 111 行.
SQL: SHOW COLUMNS FROM `myblog_cmt` [ RunTime:0.0145s ]
SQL: INSERT INTO `myblog_cmt` (`cmt_user`,`cmt_pid`,`cmt_getter`,`cmt_articleid`,`cmt_cnt`,`cmt_time`) VALUES ('超级管理员','21','超级管理员','12','啊啊啊啊','2016-04-13 15:47:30 ') [ RunTime:0.1241s ]

[ 2016-04-13T15:47:31+08:00 ] 127.0.0.1 /myblog/index.php/Home/Article/theme/id/12.html
INFO: [ app_init ] --START--
INFO: Run Behavior\BuildLiteBehavior [ RunTime:0.000027s ]
INFO: [ app_init ] --END-- [ RunTime:0.000508s ]
INFO: [ app_begin ] --START--
INFO: Run Behavior\ReadHtmlCacheBehavior [ RunTime:0.000803s ]
INFO: [ app_begin ] --END-- [ RunTime:0.000956s ]
NOTIC: [2048] Declaration of Home\Controller\ArticleController::theme() should be compatible with that of Think\Controller::theme() D:\wamp\www\myblog\Application\Home\Controller\ArticleController.class.php 第 111 行.
SQL: SHOW COLUMNS FROM `myblog_article` [ RunTime:0.0137s ]
SQL: SHOW COLUMNS FROM `myblog_read` [ RunTime:0.0103s ]
SQL: SELECT * FROM `myblog_read` ORDER BY read_count desc LIMIT 5   [ RunTime:0.0004s ]
SQL: SHOW COLUMNS FROM `myblog_article` [ RunTime:0.0104s ]
SQL: SELECT `article_title` FROM `myblog_article` WHERE ( article_id=46 ) LIMIT 1   [ RunTime:0.0003s ]
SQL: SELECT `article_title` FROM `myblog_article` WHERE ( article_id=33 ) LIMIT 1   [ RunTime:0.0002s ]
SQL: SELECT `article_title` FROM `myblog_article` WHERE ( article_id=3 ) LIMIT 1   [ RunTime:0.0002s ]
SQL: SELECT `article_title` FROM `myblog_article` WHERE ( article_id=27 ) LIMIT 1   [ RunTime:0.0002s ]
SQL: SELECT `article_title` FROM `myblog_article` WHERE ( article_id=1 ) LIMIT 1   [ RunTime:0.0003s ]
SQL: SHOW COLUMNS FROM `myblog_user` [ RunTime:0.0124s ]
SQL: SHOW COLUMNS FROM `myblog_nav` [ RunTime:0.0114s ]
SQL: SELECT * FROM `myblog_article` WHERE ( article_id=12 ) LIMIT 1   [ RunTime:0.0004s ]
SQL: SELECT `user` FROM `myblog_user` WHERE ( id=1 ) LIMIT 1   [ RunTime:0.0003s ]
SQL: SELECT `nav_name` FROM `myblog_nav` WHERE ( nav_id=7 ) LIMIT 1   [ RunTime:0.0002s ]
SQL: SHOW COLUMNS FROM `myblog_cmt` [ RunTime:0.0121s ]
SQL: SHOW COLUMNS FROM `myblog_collect` [ RunTime:0.0113s ]
SQL: SHOW COLUMNS FROM `myblog_like` [ RunTime:0.0207s ]
SQL: SELECT * FROM `myblog_read` WHERE ( read_articleid=12 ) LIMIT 1   [ RunTime:0.0003s ]
SQL: SELECT COUNT(*) AS tp_count FROM `myblog_like` WHERE ( like_articleid=12 ) LIMIT 1   [ RunTime:0.0002s ]
SQL: SELECT COUNT(*) AS tp_count FROM `myblog_collect` WHERE ( collect_articleid=12 ) LIMIT 1   [ RunTime:0.0002s ]
SQL: SELECT COUNT(*) AS tp_count FROM `myblog_cmt` WHERE ( cmt_articleid=12 ) LIMIT 1   [ RunTime:0.0002s ]
SQL: SHOW COLUMNS FROM `myblog_cmt` [ RunTime:0.0084s ]
SQL: SELECT * FROM `myblog_cmt` WHERE ( cmt_articleid=12 and cmt_pid=0 )  [ RunTime:0.0005s ]
SQL: SELECT * FROM `myblog_cmt` WHERE ( cmt_pid=21 )  [ RunTime:0.0003s ]
INFO: [ view_parse ] --START--
INFO: [ template_filter ] --START--
INFO: Run Behavior\ContentReplaceBehavior [ RunTime:0.000152s ]
INFO: [ template_filter ] --END-- [ RunTime:0.000281s ]
NOTIC: [8] Use of undefined constant read_articleid - assumed 'read_articleid' D:\wamp\www\myblog\Application\Runtime\Cache\Home\15a802ff8b2f980581234407ace9c788.php 第 209 行.
NOTIC: [8] Use of undefined constant read_articleid - assumed 'read_articleid' D:\wamp\www\myblog\Application\Runtime\Cache\Home\15a802ff8b2f980581234407ace9c788.php 第 209 行.
NOTIC: [8] Use of undefined constant read_articleid - assumed 'read_articleid' D:\wamp\www\myblog\Application\Runtime\Cache\Home\15a802ff8b2f980581234407ace9c788.php 第 209 行.
NOTIC: [8] Use of undefined constant read_articleid - assumed 'read_articleid' D:\wamp\www\myblog\Application\Runtime\Cache\Home\15a802ff8b2f980581234407ace9c788.php 第 209 行.
NOTIC: [8] Use of undefined constant read_articleid - assumed 'read_articleid' D:\wamp\www\myblog\Application\Runtime\Cache\Home\15a802ff8b2f980581234407ace9c788.php 第 209 行.
INFO: Run Behavior\ParseTemplateBehavior [ RunTime:0.089783s ]
INFO: [ view_parse ] --END-- [ RunTime:0.089905s ]
INFO: [ view_filter ] --START--
INFO: Run Behavior\WriteHtmlCacheBehavior [ RunTime:0.000720s ]
INFO: [ view_filter ] --END-- [ RunTime:0.000849s ]
INFO: [ app_end ] --START--
INFO: Run Behavior\ShowPageTraceBehavior [ RunTime:0.000835s ]
INFO: [ app_end ] --END-- [ RunTime:0.000953s ]

