[ 2016-04-08T11:09:10+08:00 ] 127.0.0.1 /myblog/
INFO: [ app_init ] --START--
INFO: Run Behavior\BuildLiteBehavior [ RunTime:0.000030s ]
INFO: [ app_init ] --END-- [ RunTime:0.016266s ]
INFO: [ app_begin ] --START--
INFO: Run Behavior\ReadHtmlCacheBehavior [ RunTime:0.012663s ]
INFO: [ app_begin ] --END-- [ RunTime:0.012826s ]
SQL: SHOW COLUMNS FROM `myblog_article` [ RunTime:0.0891s ]
SQL: SHOW COLUMNS FROM `myblog_nav` [ RunTime:0.0406s ]
SQL: SELECT * FROM `myblog_nav` WHERE ( nav_parentID=3 ) ORDER BY nav_id  [ RunTime:0.0075s ]
SQL: SELECT * FROM `myblog_article` WHERE ( article_navid = 4 )  [ RunTime:0.0013s ]
SQL: SELECT * FROM `myblog_nav` WHERE ( nav_parentID=4 ) ORDER BY nav_id  [ RunTime:0.0003s ]
SQL: SELECT * FROM `myblog_article` WHERE ( article_navid = 7 )  [ RunTime:0.0003s ]
SQL: SELECT * FROM `myblog_article` WHERE ( article_navid = 8 )  [ RunTime:0.0003s ]
SQL: SELECT * FROM `myblog_article` WHERE ( article_navid = 9 )  [ RunTime:0.0003s ]
SQL: SELECT * FROM `myblog_article` WHERE ( article_navid = 10 )  [ RunTime:0.0003s ]
SQL: SELECT * FROM `myblog_article` WHERE ( article_navid = 5 )  [ RunTime:0.0002s ]
SQL: SELECT * FROM `myblog_nav` WHERE ( nav_parentID=5 ) ORDER BY nav_id  [ RunTime:0.0002s ]
SQL: SELECT * FROM `myblog_article` WHERE ( article_navid = 11 )  [ RunTime:0.0002s ]
SQL: SELECT * FROM `myblog_article` WHERE ( article_navid = 12 )  [ RunTime:0.0002s ]
SQL: SELECT * FROM `myblog_article` WHERE ( article_navid = 13 )  [ RunTime:0.0002s ]
SQL: SELECT * FROM `myblog_article` WHERE ( article_navid = 6 )  [ RunTime:0.0003s ]
SQL: SELECT * FROM `myblog_nav` WHERE ( nav_parentID=6 ) ORDER BY nav_id  [ RunTime:0.0002s ]
SQL: SHOW COLUMNS FROM `myblog_user` [ RunTime:0.0224s ]
SQL: SHOW COLUMNS FROM `myblog_bbs` [ RunTime:0.0631s ]
SQL: SELECT COUNT(*) AS tp_count FROM `myblog_bbs` WHERE ( bbs_userid = '' ) LIMIT 1   [ RunTime:0.0016s ]
SQL: SHOW COLUMNS FROM `myblog_article` [ RunTime:0.0078s ]
SQL: SELECT COUNT(*) AS tp_count FROM `myblog_article` WHERE ( article_userid = '' ) LIMIT 1   [ RunTime:0.0004s ]
NOTIC: [8] Undefined variable: navList D:\wamp\www\myblog\Application\Home\Controller\IndexController.class.php 第 13 行.
INFO: [ view_parse ] --START--
INFO: [ template_filter ] --START--
INFO: Run Behavior\ContentReplaceBehavior [ RunTime:0.000230s ]
INFO: [ template_filter ] --END-- [ RunTime:0.000396s ]
NOTIC: [8] Use of undefined constant article_id - assumed 'article_id' D:\wamp\www\myblog\Application\Runtime\Cache\Home\2a94b8bda04ff446dcedd42276fc99ee.php 第 121 行.
NOTIC: [8] Use of undefined constant article_id - assumed 'article_id' D:\wamp\www\myblog\Application\Runtime\Cache\Home\2a94b8bda04ff446dcedd42276fc99ee.php 第 122 行.
NOTIC: [8] Use of undefined constant article_id - assumed 'article_id' D:\wamp\www\myblog\Application\Runtime\Cache\Home\2a94b8bda04ff446dcedd42276fc99ee.php 第 123 行.
NOTIC: [8] Use of undefined constant article_id - assumed 'article_id' D:\wamp\www\myblog\Application\Runtime\Cache\Home\2a94b8bda04ff446dcedd42276fc99ee.php 第 124 行.
NOTIC: [8] Use of undefined constant article_id - assumed 'article_id' D:\wamp\www\myblog\Application\Runtime\Cache\Home\2a94b8bda04ff446dcedd42276fc99ee.php 第 128 行.
NOTIC: [8] Use of undefined constant article_id - assumed 'article_id' D:\wamp\www\myblog\Application\Runtime\Cache\Home\2a94b8bda04ff446dcedd42276fc99ee.php 第 129 行.
NOTIC: [8] Use of undefined constant article_id - assumed 'article_id' D:\wamp\www\myblog\Application\Runtime\Cache\Home\2a94b8bda04ff446dcedd42276fc99ee.php 第 130 行.
NOTIC: [8] Use of undefined constant article_id - assumed 'article_id' D:\wamp\www\myblog\Application\Runtime\Cache\Home\2a94b8bda04ff446dcedd42276fc99ee.php 第 131 行.
NOTIC: [8] Use of undefined constant article_id - assumed 'article_id' D:\wamp\www\myblog\Application\Runtime\Cache\Home\2a94b8bda04ff446dcedd42276fc99ee.php 第 128 行.
NOTIC: [8] Use of undefined constant article_id - assumed 'article_id' D:\wamp\www\myblog\Application\Runtime\Cache\Home\2a94b8bda04ff446dcedd42276fc99ee.php 第 129 行.
NOTIC: [8] Use of undefined constant article_id - assumed 'article_id' D:\wamp\www\myblog\Application\Runtime\Cache\Home\2a94b8bda04ff446dcedd42276fc99ee.php 第 130 行.
NOTIC: [8] Use of undefined constant article_id - assumed 'article_id' D:\wamp\www\myblog\Application\Runtime\Cache\Home\2a94b8bda04ff446dcedd42276fc99ee.php 第 131 行.
NOTIC: [8] Use of undefined constant article_id - assumed 'article_id' D:\wamp\www\myblog\Application\Runtime\Cache\Home\2a94b8bda04ff446dcedd42276fc99ee.php 第 128 行.
NOTIC: [8] Use of undefined constant article_id - assumed 'article_id' D:\wamp\www\myblog\Application\Runtime\Cache\Home\2a94b8bda04ff446dcedd42276fc99ee.php 第 129 行.
NOTIC: [8] Use of undefined constant article_id - assumed 'article_id' D:\wamp\www\myblog\Application\Runtime\Cache\Home\2a94b8bda04ff446dcedd42276fc99ee.php 第 130 行.
NOTIC: [8] Use of undefined constant article_id - assumed 'article_id' D:\wamp\www\myblog\Application\Runtime\Cache\Home\2a94b8bda04ff446dcedd42276fc99ee.php 第 131 行.
NOTIC: [8] Use of undefined constant article_id - assumed 'article_id' D:\wamp\www\myblog\Application\Runtime\Cache\Home\2a94b8bda04ff446dcedd42276fc99ee.php 第 128 行.
NOTIC: [8] Use of undefined constant article_id - assumed 'article_id' D:\wamp\www\myblog\Application\Runtime\Cache\Home\2a94b8bda04ff446dcedd42276fc99ee.php 第 129 行.
NOTIC: [8] Use of undefined constant article_id - assumed 'article_id' D:\wamp\www\myblog\Application\Runtime\Cache\Home\2a94b8bda04ff446dcedd42276fc99ee.php 第 130 行.
NOTIC: [8] Use of undefined constant article_id - assumed 'article_id' D:\wamp\www\myblog\Application\Runtime\Cache\Home\2a94b8bda04ff446dcedd42276fc99ee.php 第 131 行.
NOTIC: [8] Use of undefined constant article_id - assumed 'article_id' D:\wamp\www\myblog\Application\Runtime\Cache\Home\2a94b8bda04ff446dcedd42276fc99ee.php 第 153 行.
NOTIC: [8] Use of undefined constant article_id - assumed 'article_id' D:\wamp\www\myblog\Application\Runtime\Cache\Home\2a94b8bda04ff446dcedd42276fc99ee.php 第 154 行.
NOTIC: [8] Use of undefined constant article_id - assumed 'article_id' D:\wamp\www\myblog\Application\Runtime\Cache\Home\2a94b8bda04ff446dcedd42276fc99ee.php 第 155 行.
NOTIC: [8] Use of undefined constant article_id - assumed 'article_id' D:\wamp\www\myblog\Application\Runtime\Cache\Home\2a94b8bda04ff446dcedd42276fc99ee.php 第 156 行.
INFO: Run Behavior\ParseTemplateBehavior [ RunTime:0.344508s ]
INFO: [ view_parse ] --END-- [ RunTime:0.344666s ]
INFO: [ view_filter ] --START--
INFO: Run Behavior\WriteHtmlCacheBehavior [ RunTime:0.017789s ]
INFO: [ view_filter ] --END-- [ RunTime:0.017920s ]
INFO: [ app_end ] --START--
INFO: Run Behavior\ShowPageTraceBehavior [ RunTime:0.009212s ]
INFO: [ app_end ] --END-- [ RunTime:0.009385s ]

[ 2016-04-08T11:09:17+08:00 ] 127.0.0.1 /myblog/index.php/Home/Login/sign.html
INFO: [ app_init ] --START--
INFO: Run Behavior\BuildLiteBehavior [ RunTime:0.000025s ]
INFO: [ app_init ] --END-- [ RunTime:0.000444s ]
INFO: [ app_begin ] --START--
INFO: Run Behavior\ReadHtmlCacheBehavior [ RunTime:0.000662s ]
INFO: [ app_begin ] --END-- [ RunTime:0.000777s ]
SQL: SHOW COLUMNS FROM `myblog_user` [ RunTime:0.0163s ]
SQL: SELECT * FROM `myblog_user` WHERE ( account='admin' ) LIMIT 1   [ RunTime:0.0005s ]

[ 2016-04-08T11:09:18+08:00 ] 127.0.0.1 /myblog/
INFO: [ app_init ] --START--
INFO: Run Behavior\BuildLiteBehavior [ RunTime:0.000031s ]
INFO: [ app_init ] --END-- [ RunTime:0.000736s ]
INFO: [ app_begin ] --START--
INFO: Run Behavior\ReadHtmlCacheBehavior [ RunTime:0.000643s ]
INFO: [ app_begin ] --END-- [ RunTime:0.000912s ]
SQL: SHOW COLUMNS FROM `myblog_article` [ RunTime:0.0174s ]
SQL: SHOW COLUMNS FROM `myblog_nav` [ RunTime:0.0143s ]
SQL: SELECT * FROM `myblog_nav` WHERE ( nav_parentID=3 ) ORDER BY nav_id  [ RunTime:0.0004s ]
SQL: SELECT * FROM `myblog_article` WHERE ( article_navid = 4 )  [ RunTime:0.0005s ]
SQL: SELECT * FROM `myblog_nav` WHERE ( nav_parentID=4 ) ORDER BY nav_id  [ RunTime:0.0003s ]
SQL: SELECT * FROM `myblog_article` WHERE ( article_navid = 7 )  [ RunTime:0.0003s ]
SQL: SELECT * FROM `myblog_article` WHERE ( article_navid = 8 )  [ RunTime:0.0003s ]
SQL: SELECT * FROM `myblog_article` WHERE ( article_navid = 9 )  [ RunTime:0.0003s ]
SQL: SELECT * FROM `myblog_article` WHERE ( article_navid = 10 )  [ RunTime:0.0005s ]
SQL: SELECT * FROM `myblog_article` WHERE ( article_navid = 5 )  [ RunTime:0.0004s ]
SQL: SELECT * FROM `myblog_nav` WHERE ( nav_parentID=5 ) ORDER BY nav_id  [ RunTime:0.0006s ]
SQL: SELECT * FROM `myblog_article` WHERE ( article_navid = 11 )  [ RunTime:0.0004s ]
SQL: SELECT * FROM `myblog_article` WHERE ( article_navid = 12 )  [ RunTime:0.0004s ]
SQL: SELECT * FROM `myblog_article` WHERE ( article_navid = 13 )  [ RunTime:0.0005s ]
SQL: SELECT * FROM `myblog_article` WHERE ( article_navid = 6 )  [ RunTime:0.0006s ]
SQL: SELECT * FROM `myblog_nav` WHERE ( nav_parentID=6 ) ORDER BY nav_id  [ RunTime:0.0005s ]
SQL: SHOW COLUMNS FROM `myblog_user` [ RunTime:0.0116s ]
SQL: SHOW COLUMNS FROM `myblog_bbs` [ RunTime:0.0149s ]
SQL: SELECT COUNT(*) AS tp_count FROM `myblog_bbs` WHERE ( bbs_userid = '1' ) LIMIT 1   [ RunTime:0.0003s ]
SQL: SHOW COLUMNS FROM `myblog_article` [ RunTime:0.0107s ]
SQL: SELECT COUNT(*) AS tp_count FROM `myblog_article` WHERE ( article_userid = '1' ) LIMIT 1   [ RunTime:0.0005s ]
NOTIC: [8] Undefined variable: navList D:\wamp\www\myblog\Application\Home\Controller\IndexController.class.php 第 13 行.
INFO: [ view_parse ] --START--
INFO: [ template_filter ] --START--
INFO: Run Behavior\ContentReplaceBehavior [ RunTime:0.000198s ]
INFO: [ template_filter ] --END-- [ RunTime:0.000356s ]
NOTIC: [8] Use of undefined constant article_id - assumed 'article_id' D:\wamp\www\myblog\Application\Runtime\Cache\Home\2a94b8bda04ff446dcedd42276fc99ee.php 第 121 行.
NOTIC: [8] Use of undefined constant article_id - assumed 'article_id' D:\wamp\www\myblog\Application\Runtime\Cache\Home\2a94b8bda04ff446dcedd42276fc99ee.php 第 122 行.
NOTIC: [8] Use of undefined constant article_id - assumed 'article_id' D:\wamp\www\myblog\Application\Runtime\Cache\Home\2a94b8bda04ff446dcedd42276fc99ee.php 第 123 行.
NOTIC: [8] Use of undefined constant article_id - assumed 'article_id' D:\wamp\www\myblog\Application\Runtime\Cache\Home\2a94b8bda04ff446dcedd42276fc99ee.php 第 124 行.
NOTIC: [8] Use of undefined constant article_id - assumed 'article_id' D:\wamp\www\myblog\Application\Runtime\Cache\Home\2a94b8bda04ff446dcedd42276fc99ee.php 第 128 行.
NOTIC: [8] Use of undefined constant article_id - assumed 'article_id' D:\wamp\www\myblog\Application\Runtime\Cache\Home\2a94b8bda04ff446dcedd42276fc99ee.php 第 129 行.
NOTIC: [8] Use of undefined constant article_id - assumed 'article_id' D:\wamp\www\myblog\Application\Runtime\Cache\Home\2a94b8bda04ff446dcedd42276fc99ee.php 第 130 行.
NOTIC: [8] Use of undefined constant article_id - assumed 'article_id' D:\wamp\www\myblog\Application\Runtime\Cache\Home\2a94b8bda04ff446dcedd42276fc99ee.php 第 131 行.
NOTIC: [8] Use of undefined constant article_id - assumed 'article_id' D:\wamp\www\myblog\Application\Runtime\Cache\Home\2a94b8bda04ff446dcedd42276fc99ee.php 第 128 行.
NOTIC: [8] Use of undefined constant article_id - assumed 'article_id' D:\wamp\www\myblog\Application\Runtime\Cache\Home\2a94b8bda04ff446dcedd42276fc99ee.php 第 129 行.
NOTIC: [8] Use of undefined constant article_id - assumed 'article_id' D:\wamp\www\myblog\Application\Runtime\Cache\Home\2a94b8bda04ff446dcedd42276fc99ee.php 第 130 行.
NOTIC: [8] Use of undefined constant article_id - assumed 'article_id' D:\wamp\www\myblog\Application\Runtime\Cache\Home\2a94b8bda04ff446dcedd42276fc99ee.php 第 131 行.
NOTIC: [8] Use of undefined constant article_id - assumed 'article_id' D:\wamp\www\myblog\Application\Runtime\Cache\Home\2a94b8bda04ff446dcedd42276fc99ee.php 第 128 行.
NOTIC: [8] Use of undefined constant article_id - assumed 'article_id' D:\wamp\www\myblog\Application\Runtime\Cache\Home\2a94b8bda04ff446dcedd42276fc99ee.php 第 129 行.
NOTIC: [8] Use of undefined constant article_id - assumed 'article_id' D:\wamp\www\myblog\Application\Runtime\Cache\Home\2a94b8bda04ff446dcedd42276fc99ee.php 第 130 行.
NOTIC: [8] Use of undefined constant article_id - assumed 'article_id' D:\wamp\www\myblog\Application\Runtime\Cache\Home\2a94b8bda04ff446dcedd42276fc99ee.php 第 131 行.
NOTIC: [8] Use of undefined constant article_id - assumed 'article_id' D:\wamp\www\myblog\Application\Runtime\Cache\Home\2a94b8bda04ff446dcedd42276fc99ee.php 第 128 行.
NOTIC: [8] Use of undefined constant article_id - assumed 'article_id' D:\wamp\www\myblog\Application\Runtime\Cache\Home\2a94b8bda04ff446dcedd42276fc99ee.php 第 129 行.
NOTIC: [8] Use of undefined constant article_id - assumed 'article_id' D:\wamp\www\myblog\Application\Runtime\Cache\Home\2a94b8bda04ff446dcedd42276fc99ee.php 第 130 行.
NOTIC: [8] Use of undefined constant article_id - assumed 'article_id' D:\wamp\www\myblog\Application\Runtime\Cache\Home\2a94b8bda04ff446dcedd42276fc99ee.php 第 131 行.
NOTIC: [8] Use of undefined constant article_id - assumed 'article_id' D:\wamp\www\myblog\Application\Runtime\Cache\Home\2a94b8bda04ff446dcedd42276fc99ee.php 第 153 行.
NOTIC: [8] Use of undefined constant article_id - assumed 'article_id' D:\wamp\www\myblog\Application\Runtime\Cache\Home\2a94b8bda04ff446dcedd42276fc99ee.php 第 154 行.
NOTIC: [8] Use of undefined constant article_id - assumed 'article_id' D:\wamp\www\myblog\Application\Runtime\Cache\Home\2a94b8bda04ff446dcedd42276fc99ee.php 第 155 行.
NOTIC: [8] Use of undefined constant article_id - assumed 'article_id' D:\wamp\www\myblog\Application\Runtime\Cache\Home\2a94b8bda04ff446dcedd42276fc99ee.php 第 156 行.
INFO: Run Behavior\ParseTemplateBehavior [ RunTime:0.139417s ]
INFO: [ view_parse ] --END-- [ RunTime:0.139578s ]
INFO: [ view_filter ] --START--
INFO: Run Behavior\WriteHtmlCacheBehavior [ RunTime:0.001300s ]
INFO: [ view_filter ] --END-- [ RunTime:0.001470s ]
INFO: [ app_end ] --START--
INFO: Run Behavior\ShowPageTraceBehavior [ RunTime:0.000943s ]
INFO: [ app_end ] --END-- [ RunTime:0.001071s ]

[ 2016-04-08T11:09:20+08:00 ] 127.0.0.1 /myblog/index.php/Home/Article/index.html
INFO: [ app_init ] --START--
INFO: Run Behavior\BuildLiteBehavior [ RunTime:0.000045s ]
INFO: [ app_init ] --END-- [ RunTime:0.000733s ]
INFO: [ app_begin ] --START--
INFO: Run Behavior\ReadHtmlCacheBehavior [ RunTime:0.000904s ]
INFO: [ app_begin ] --END-- [ RunTime:0.001085s ]
NOTIC: [2048] Declaration of Home\Controller\ArticleController::theme() should be compatible with that of Think\Controller::theme() D:\wamp\www\myblog\Application\Home\Controller\ArticleController.class.php 第 107 行.
SQL: SHOW COLUMNS FROM `myblog_nav` [ RunTime:0.0111s ]
SQL: SELECT * FROM `myblog_nav` WHERE ( nav_id>3 ) ORDER BY nav_id  [ RunTime:0.0005s ]
SQL: SHOW COLUMNS FROM `myblog_article` [ RunTime:0.0135s ]
SQL: SELECT COUNT(*) AS tp_count FROM `myblog_article` LIMIT 1   [ RunTime:0.0004s ]
SQL: SELECT * FROM `myblog_article` ORDER BY article_id desc LIMIT 0,10   [ RunTime:0.0005s ]
SQL: SHOW COLUMNS FROM `myblog_user` [ RunTime:0.0118s ]
SQL: SELECT `user` FROM `myblog_user` WHERE ( id=1 ) LIMIT 1   [ RunTime:0.0004s ]
SQL: SHOW COLUMNS FROM `myblog_cmt` [ RunTime:0.0377s ]
SQL: SELECT COUNT(*) AS tp_count FROM `myblog_cmt` WHERE ( cmt_articleid=33 ) LIMIT 1   [ RunTime:0.0003s ]
SQL: SHOW COLUMNS FROM `myblog_like` [ RunTime:0.0465s ]
SQL: SELECT COUNT(*) AS tp_count FROM `myblog_like` WHERE ( like_articleid=33 ) LIMIT 1   [ RunTime:0.0004s ]
SQL: SHOW COLUMNS FROM `myblog_read` [ RunTime:0.0326s ]
SQL: SELECT `read_count` FROM `myblog_read` WHERE ( read_articleid=33 ) LIMIT 1   [ RunTime:0.0003s ]
SQL: SELECT `user` FROM `myblog_user` WHERE ( id=2 ) LIMIT 1   [ RunTime:0.0002s ]
SQL: SELECT COUNT(*) AS tp_count FROM `myblog_cmt` WHERE ( cmt_articleid=32 ) LIMIT 1   [ RunTime:0.0003s ]
SQL: SELECT COUNT(*) AS tp_count FROM `myblog_like` WHERE ( like_articleid=32 ) LIMIT 1   [ RunTime:0.0002s ]
SQL: SELECT `read_count` FROM `myblog_read` WHERE ( read_articleid=32 ) LIMIT 1   [ RunTime:0.0002s ]
SQL: SELECT `user` FROM `myblog_user` WHERE ( id=1 ) LIMIT 1   [ RunTime:0.0002s ]
SQL: SELECT COUNT(*) AS tp_count FROM `myblog_cmt` WHERE ( cmt_articleid=31 ) LIMIT 1   [ RunTime:0.0002s ]
SQL: SELECT COUNT(*) AS tp_count FROM `myblog_like` WHERE ( like_articleid=31 ) LIMIT 1   [ RunTime:0.0004s ]
SQL: SELECT `read_count` FROM `myblog_read` WHERE ( read_articleid=31 ) LIMIT 1   [ RunTime:0.0003s ]
SQL: SELECT `user` FROM `myblog_user` WHERE ( id=1 ) LIMIT 1   [ RunTime:0.0002s ]
SQL: SELECT COUNT(*) AS tp_count FROM `myblog_cmt` WHERE ( cmt_articleid=30 ) LIMIT 1   [ RunTime:0.0005s ]
SQL: SELECT COUNT(*) AS tp_count FROM `myblog_like` WHERE ( like_articleid=30 ) LIMIT 1   [ RunTime:0.0003s ]
SQL: SELECT `read_count` FROM `myblog_read` WHERE ( read_articleid=30 ) LIMIT 1   [ RunTime:0.0002s ]
SQL: SELECT `user` FROM `myblog_user` WHERE ( id=1 ) LIMIT 1   [ RunTime:0.0003s ]
SQL: SELECT COUNT(*) AS tp_count FROM `myblog_cmt` WHERE ( cmt_articleid=29 ) LIMIT 1   [ RunTime:0.0003s ]
SQL: SELECT COUNT(*) AS tp_count FROM `myblog_like` WHERE ( like_articleid=29 ) LIMIT 1   [ RunTime:0.0003s ]
SQL: SELECT `read_count` FROM `myblog_read` WHERE ( read_articleid=29 ) LIMIT 1   [ RunTime:0.0003s ]
SQL: SELECT `user` FROM `myblog_user` WHERE ( id=1 ) LIMIT 1   [ RunTime:0.0003s ]
SQL: SELECT COUNT(*) AS tp_count FROM `myblog_cmt` WHERE ( cmt_articleid=28 ) LIMIT 1   [ RunTime:0.0002s ]
SQL: SELECT COUNT(*) AS tp_count FROM `myblog_like` WHERE ( like_articleid=28 ) LIMIT 1   [ RunTime:0.0003s ]
SQL: SELECT `read_count` FROM `myblog_read` WHERE ( read_articleid=28 ) LIMIT 1   [ RunTime:0.0002s ]
SQL: SELECT `user` FROM `myblog_user` WHERE ( id=1 ) LIMIT 1   [ RunTime:0.0002s ]
SQL: SELECT COUNT(*) AS tp_count FROM `myblog_cmt` WHERE ( cmt_articleid=27 ) LIMIT 1   [ RunTime:0.0002s ]
SQL: SELECT COUNT(*) AS tp_count FROM `myblog_like` WHERE ( like_articleid=27 ) LIMIT 1   [ RunTime:0.0002s ]
SQL: SELECT `read_count` FROM `myblog_read` WHERE ( read_articleid=27 ) LIMIT 1   [ RunTime:0.0003s ]
SQL: SELECT `user` FROM `myblog_user` WHERE ( id=1 ) LIMIT 1   [ RunTime:0.0002s ]
SQL: SELECT COUNT(*) AS tp_count FROM `myblog_cmt` WHERE ( cmt_articleid=26 ) LIMIT 1   [ RunTime:0.0002s ]
SQL: SELECT COUNT(*) AS tp_count FROM `myblog_like` WHERE ( like_articleid=26 ) LIMIT 1   [ RunTime:0.0002s ]
SQL: SELECT `read_count` FROM `myblog_read` WHERE ( read_articleid=26 ) LIMIT 1   [ RunTime:0.0002s ]
SQL: SELECT `user` FROM `myblog_user` WHERE ( id=1 ) LIMIT 1   [ RunTime:0.0002s ]
SQL: SELECT COUNT(*) AS tp_count FROM `myblog_cmt` WHERE ( cmt_articleid=25 ) LIMIT 1   [ RunTime:0.0002s ]
SQL: SELECT COUNT(*) AS tp_count FROM `myblog_like` WHERE ( like_articleid=25 ) LIMIT 1   [ RunTime:0.0003s ]
SQL: SELECT `read_count` FROM `myblog_read` WHERE ( read_articleid=25 ) LIMIT 1   [ RunTime:0.0003s ]
SQL: SELECT `user` FROM `myblog_user` WHERE ( id=1 ) LIMIT 1   [ RunTime:0.0004s ]
SQL: SELECT COUNT(*) AS tp_count FROM `myblog_cmt` WHERE ( cmt_articleid=24 ) LIMIT 1   [ RunTime:0.0003s ]
SQL: SELECT COUNT(*) AS tp_count FROM `myblog_like` WHERE ( like_articleid=24 ) LIMIT 1   [ RunTime:0.0003s ]
SQL: SELECT `read_count` FROM `myblog_read` WHERE ( read_articleid=24 ) LIMIT 1   [ RunTime:0.0002s ]
INFO: [ view_parse ] --START--
INFO: [ template_filter ] --START--
INFO: Run Behavior\ContentReplaceBehavior [ RunTime:0.000154s ]
INFO: [ template_filter ] --END-- [ RunTime:0.000287s ]
NOTIC: [8] Use of undefined constant article_id - assumed 'article_id' D:\wamp\www\myblog\Application\Runtime\Cache\Home\2ac6c1276904b87404ed678dbabb985c.php 第 113 行.
NOTIC: [8] Use of undefined constant article_id - assumed 'article_id' D:\wamp\www\myblog\Application\Runtime\Cache\Home\2ac6c1276904b87404ed678dbabb985c.php 第 113 行.
NOTIC: [8] Use of undefined constant article_id - assumed 'article_id' D:\wamp\www\myblog\Application\Runtime\Cache\Home\2ac6c1276904b87404ed678dbabb985c.php 第 113 行.
NOTIC: [8] Use of undefined constant article_id - assumed 'article_id' D:\wamp\www\myblog\Application\Runtime\Cache\Home\2ac6c1276904b87404ed678dbabb985c.php 第 113 行.
NOTIC: [8] Use of undefined constant article_id - assumed 'article_id' D:\wamp\www\myblog\Application\Runtime\Cache\Home\2ac6c1276904b87404ed678dbabb985c.php 第 113 行.
NOTIC: [8] Use of undefined constant article_id - assumed 'article_id' D:\wamp\www\myblog\Application\Runtime\Cache\Home\2ac6c1276904b87404ed678dbabb985c.php 第 113 行.
NOTIC: [8] Use of undefined constant article_id - assumed 'article_id' D:\wamp\www\myblog\Application\Runtime\Cache\Home\2ac6c1276904b87404ed678dbabb985c.php 第 113 行.
NOTIC: [8] Use of undefined constant article_id - assumed 'article_id' D:\wamp\www\myblog\Application\Runtime\Cache\Home\2ac6c1276904b87404ed678dbabb985c.php 第 113 行.
NOTIC: [8] Use of undefined constant article_id - assumed 'article_id' D:\wamp\www\myblog\Application\Runtime\Cache\Home\2ac6c1276904b87404ed678dbabb985c.php 第 113 行.
NOTIC: [8] Use of undefined constant article_id - assumed 'article_id' D:\wamp\www\myblog\Application\Runtime\Cache\Home\2ac6c1276904b87404ed678dbabb985c.php 第 113 行.
INFO: Run Behavior\ParseTemplateBehavior [ RunTime:0.099580s ]
INFO: [ view_parse ] --END-- [ RunTime:0.099727s ]
INFO: [ view_filter ] --START--
INFO: Run Behavior\WriteHtmlCacheBehavior [ RunTime:0.000535s ]
INFO: [ view_filter ] --END-- [ RunTime:0.000651s ]
INFO: [ app_end ] --START--
INFO: Run Behavior\ShowPageTraceBehavior [ RunTime:0.000655s ]
INFO: [ app_end ] --END-- [ RunTime:0.000773s ]

[ 2016-04-08T11:09:21+08:00 ] 127.0.0.1 /myblog/index.php/Home/Article/publish.html
INFO: [ app_init ] --START--
INFO: Run Behavior\BuildLiteBehavior [ RunTime:0.000050s ]
INFO: [ app_init ] --END-- [ RunTime:0.000849s ]
INFO: [ app_begin ] --START--
INFO: Run Behavior\ReadHtmlCacheBehavior [ RunTime:0.000847s ]
INFO: [ app_begin ] --END-- [ RunTime:0.001087s ]
NOTIC: [2048] Declaration of Home\Controller\ArticleController::theme() should be compatible with that of Think\Controller::theme() D:\wamp\www\myblog\Application\Home\Controller\ArticleController.class.php 第 107 行.
SQL: SHOW COLUMNS FROM `myblog_nav` [ RunTime:0.0119s ]
SQL: SELECT * FROM `myblog_nav` WHERE ( nav_id>3 ) ORDER BY nav_id  [ RunTime:0.0005s ]
INFO: [ view_parse ] --START--
INFO: [ template_filter ] --START--
INFO: Run Behavior\ContentReplaceBehavior [ RunTime:0.000152s ]
INFO: [ template_filter ] --END-- [ RunTime:0.000285s ]
INFO: Run Behavior\ParseTemplateBehavior [ RunTime:0.169007s ]
INFO: [ view_parse ] --END-- [ RunTime:0.169145s ]
INFO: [ view_filter ] --START--
INFO: Run Behavior\WriteHtmlCacheBehavior [ RunTime:0.000770s ]
INFO: [ view_filter ] --END-- [ RunTime:0.000945s ]
INFO: [ app_end ] --START--
INFO: Run Behavior\ShowPageTraceBehavior [ RunTime:0.000723s ]
INFO: [ app_end ] --END-- [ RunTime:0.000891s ]

[ 2016-04-08T11:09:30+08:00 ] 127.0.0.1 /myblog/index.php/Home/Article/checkPublish.html
INFO: [ app_init ] --START--
INFO: Run Behavior\BuildLiteBehavior [ RunTime:0.000026s ]
INFO: [ app_init ] --END-- [ RunTime:0.000421s ]
INFO: [ app_begin ] --START--
INFO: Run Behavior\ReadHtmlCacheBehavior [ RunTime:0.000862s ]
INFO: [ app_begin ] --END-- [ RunTime:0.001074s ]
NOTIC: [2048] Declaration of Home\Controller\ArticleController::theme() should be compatible with that of Think\Controller::theme() D:\wamp\www\myblog\Application\Home\Controller\ArticleController.class.php 第 107 行.

[ 2016-04-08T11:10:30+08:00 ] 127.0.0.1 /myblog/index.php/Home/Article/checkPublish.html
INFO: [ app_init ] --START--
INFO: Run Behavior\BuildLiteBehavior [ RunTime:0.000040s ]
INFO: [ app_init ] --END-- [ RunTime:0.000645s ]
INFO: [ app_begin ] --START--
INFO: Run Behavior\ReadHtmlCacheBehavior [ RunTime:0.000725s ]
INFO: [ app_begin ] --END-- [ RunTime:0.000894s ]
NOTIC: [2048] Declaration of Home\Controller\ArticleController::theme() should be compatible with that of Think\Controller::theme() D:\wamp\www\myblog\Application\Home\Controller\ArticleController.class.php 第 107 行.
SQL: SHOW COLUMNS FROM `myblog_article` [ RunTime:0.0134s ]
SQL: INSERT INTO `myblog_article` (`article_userid`,`article_title`,`article_navid`,`article_content`,`article_time`) VALUES ('1','为什么没有内容','6','','2016-04-08 11:10:29 ') [ RunTime:0.1334s ]
SQL: SHOW COLUMNS FROM `myblog_read` [ RunTime:0.0140s ]
SQL: INSERT INTO `myblog_read` (`read_articleid`) VALUES ('34') [ RunTime:0.0622s ]

[ 2016-04-08T11:10:30+08:00 ] 127.0.0.1 /myblog/index.php/Home/Article/index.html
INFO: [ app_init ] --START--
INFO: Run Behavior\BuildLiteBehavior [ RunTime:0.000047s ]
INFO: [ app_init ] --END-- [ RunTime:0.000726s ]
INFO: [ app_begin ] --START--
INFO: Run Behavior\ReadHtmlCacheBehavior [ RunTime:0.000758s ]
INFO: [ app_begin ] --END-- [ RunTime:0.000910s ]
NOTIC: [2048] Declaration of Home\Controller\ArticleController::theme() should be compatible with that of Think\Controller::theme() D:\wamp\www\myblog\Application\Home\Controller\ArticleController.class.php 第 107 行.
SQL: SHOW COLUMNS FROM `myblog_nav` [ RunTime:0.0118s ]
SQL: SELECT * FROM `myblog_nav` WHERE ( nav_id>3 ) ORDER BY nav_id  [ RunTime:0.0004s ]
SQL: SHOW COLUMNS FROM `myblog_article` [ RunTime:0.0127s ]
SQL: SELECT COUNT(*) AS tp_count FROM `myblog_article` LIMIT 1   [ RunTime:0.0003s ]
SQL: SELECT * FROM `myblog_article` ORDER BY article_id desc LIMIT 0,10   [ RunTime:0.0005s ]
SQL: SHOW COLUMNS FROM `myblog_user` [ RunTime:0.0146s ]
SQL: SELECT `user` FROM `myblog_user` WHERE ( id=1 ) LIMIT 1   [ RunTime:0.0003s ]
SQL: SHOW COLUMNS FROM `myblog_cmt` [ RunTime:0.0125s ]
SQL: SELECT COUNT(*) AS tp_count FROM `myblog_cmt` WHERE ( cmt_articleid=34 ) LIMIT 1   [ RunTime:0.0003s ]
SQL: SHOW COLUMNS FROM `myblog_like` [ RunTime:0.0121s ]
SQL: SELECT COUNT(*) AS tp_count FROM `myblog_like` WHERE ( like_articleid=34 ) LIMIT 1   [ RunTime:0.0003s ]
SQL: SHOW COLUMNS FROM `myblog_read` [ RunTime:0.0101s ]
SQL: SELECT `read_count` FROM `myblog_read` WHERE ( read_articleid=34 ) LIMIT 1   [ RunTime:0.0004s ]
SQL: SELECT `user` FROM `myblog_user` WHERE ( id=1 ) LIMIT 1   [ RunTime:0.0003s ]
SQL: SELECT COUNT(*) AS tp_count FROM `myblog_cmt` WHERE ( cmt_articleid=33 ) LIMIT 1   [ RunTime:0.0003s ]
SQL: SELECT COUNT(*) AS tp_count FROM `myblog_like` WHERE ( like_articleid=33 ) LIMIT 1   [ RunTime:0.0002s ]
SQL: SELECT `read_count` FROM `myblog_read` WHERE ( read_articleid=33 ) LIMIT 1   [ RunTime:0.0003s ]
SQL: SELECT `user` FROM `myblog_user` WHERE ( id=2 ) LIMIT 1   [ RunTime:0.0003s ]
SQL: SELECT COUNT(*) AS tp_count FROM `myblog_cmt` WHERE ( cmt_articleid=32 ) LIMIT 1   [ RunTime:0.0003s ]
SQL: SELECT COUNT(*) AS tp_count FROM `myblog_like` WHERE ( like_articleid=32 ) LIMIT 1   [ RunTime:0.0003s ]
SQL: SELECT `read_count` FROM `myblog_read` WHERE ( read_articleid=32 ) LIMIT 1   [ RunTime:0.0004s ]
SQL: SELECT `user` FROM `myblog_user` WHERE ( id=1 ) LIMIT 1   [ RunTime:0.0003s ]
SQL: SELECT COUNT(*) AS tp_count FROM `myblog_cmt` WHERE ( cmt_articleid=31 ) LIMIT 1   [ RunTime:0.0003s ]
SQL: SELECT COUNT(*) AS tp_count FROM `myblog_like` WHERE ( like_articleid=31 ) LIMIT 1   [ RunTime:0.0002s ]
SQL: SELECT `read_count` FROM `myblog_read` WHERE ( read_articleid=31 ) LIMIT 1   [ RunTime:0.0003s ]
SQL: SELECT `user` FROM `myblog_user` WHERE ( id=1 ) LIMIT 1   [ RunTime:0.0003s ]
SQL: SELECT COUNT(*) AS tp_count FROM `myblog_cmt` WHERE ( cmt_articleid=30 ) LIMIT 1   [ RunTime:0.0003s ]
SQL: SELECT COUNT(*) AS tp_count FROM `myblog_like` WHERE ( like_articleid=30 ) LIMIT 1   [ RunTime:0.0002s ]
SQL: SELECT `read_count` FROM `myblog_read` WHERE ( read_articleid=30 ) LIMIT 1   [ RunTime:0.0002s ]
SQL: SELECT `user` FROM `myblog_user` WHERE ( id=1 ) LIMIT 1   [ RunTime:0.0003s ]
SQL: SELECT COUNT(*) AS tp_count FROM `myblog_cmt` WHERE ( cmt_articleid=29 ) LIMIT 1   [ RunTime:0.0003s ]
SQL: SELECT COUNT(*) AS tp_count FROM `myblog_like` WHERE ( like_articleid=29 ) LIMIT 1   [ RunTime:0.0002s ]
SQL: SELECT `read_count` FROM `myblog_read` WHERE ( read_articleid=29 ) LIMIT 1   [ RunTime:0.0002s ]
SQL: SELECT `user` FROM `myblog_user` WHERE ( id=1 ) LIMIT 1   [ RunTime:0.0002s ]
SQL: SELECT COUNT(*) AS tp_count FROM `myblog_cmt` WHERE ( cmt_articleid=28 ) LIMIT 1   [ RunTime:0.0002s ]
SQL: SELECT COUNT(*) AS tp_count FROM `myblog_like` WHERE ( like_articleid=28 ) LIMIT 1   [ RunTime:0.0002s ]
SQL: SELECT `read_count` FROM `myblog_read` WHERE ( read_articleid=28 ) LIMIT 1   [ RunTime:0.0002s ]
SQL: SELECT `user` FROM `myblog_user` WHERE ( id=1 ) LIMIT 1   [ RunTime:0.0003s ]
SQL: SELECT COUNT(*) AS tp_count FROM `myblog_cmt` WHERE ( cmt_articleid=27 ) LIMIT 1   [ RunTime:0.0002s ]
SQL: SELECT COUNT(*) AS tp_count FROM `myblog_like` WHERE ( like_articleid=27 ) LIMIT 1   [ RunTime:0.0002s ]
SQL: SELECT `read_count` FROM `myblog_read` WHERE ( read_articleid=27 ) LIMIT 1   [ RunTime:0.0002s ]
SQL: SELECT `user` FROM `myblog_user` WHERE ( id=1 ) LIMIT 1   [ RunTime:0.0002s ]
SQL: SELECT COUNT(*) AS tp_count FROM `myblog_cmt` WHERE ( cmt_articleid=26 ) LIMIT 1   [ RunTime:0.0002s ]
SQL: SELECT COUNT(*) AS tp_count FROM `myblog_like` WHERE ( like_articleid=26 ) LIMIT 1   [ RunTime:0.0002s ]
SQL: SELECT `read_count` FROM `myblog_read` WHERE ( read_articleid=26 ) LIMIT 1   [ RunTime:0.0002s ]
SQL: SELECT `user` FROM `myblog_user` WHERE ( id=1 ) LIMIT 1   [ RunTime:0.0003s ]
SQL: SELECT COUNT(*) AS tp_count FROM `myblog_cmt` WHERE ( cmt_articleid=25 ) LIMIT 1   [ RunTime:0.0004s ]
SQL: SELECT COUNT(*) AS tp_count FROM `myblog_like` WHERE ( like_articleid=25 ) LIMIT 1   [ RunTime:0.0004s ]
SQL: SELECT `read_count` FROM `myblog_read` WHERE ( read_articleid=25 ) LIMIT 1   [ RunTime:0.0003s ]
INFO: [ view_parse ] --START--
INFO: [ template_filter ] --START--
INFO: Run Behavior\ContentReplaceBehavior [ RunTime:0.000161s ]
INFO: [ template_filter ] --END-- [ RunTime:0.000294s ]
NOTIC: [8] Use of undefined constant article_id - assumed 'article_id' D:\wamp\www\myblog\Application\Runtime\Cache\Home\2ac6c1276904b87404ed678dbabb985c.php 第 113 行.
NOTIC: [8] Use of undefined constant article_id - assumed 'article_id' D:\wamp\www\myblog\Application\Runtime\Cache\Home\2ac6c1276904b87404ed678dbabb985c.php 第 113 行.
NOTIC: [8] Use of undefined constant article_id - assumed 'article_id' D:\wamp\www\myblog\Application\Runtime\Cache\Home\2ac6c1276904b87404ed678dbabb985c.php 第 113 行.
NOTIC: [8] Use of undefined constant article_id - assumed 'article_id' D:\wamp\www\myblog\Application\Runtime\Cache\Home\2ac6c1276904b87404ed678dbabb985c.php 第 113 行.
NOTIC: [8] Use of undefined constant article_id - assumed 'article_id' D:\wamp\www\myblog\Application\Runtime\Cache\Home\2ac6c1276904b87404ed678dbabb985c.php 第 113 行.
NOTIC: [8] Use of undefined constant article_id - assumed 'article_id' D:\wamp\www\myblog\Application\Runtime\Cache\Home\2ac6c1276904b87404ed678dbabb985c.php 第 113 行.
NOTIC: [8] Use of undefined constant article_id - assumed 'article_id' D:\wamp\www\myblog\Application\Runtime\Cache\Home\2ac6c1276904b87404ed678dbabb985c.php 第 113 行.
NOTIC: [8] Use of undefined constant article_id - assumed 'article_id' D:\wamp\www\myblog\Application\Runtime\Cache\Home\2ac6c1276904b87404ed678dbabb985c.php 第 113 行.
NOTIC: [8] Use of undefined constant article_id - assumed 'article_id' D:\wamp\www\myblog\Application\Runtime\Cache\Home\2ac6c1276904b87404ed678dbabb985c.php 第 113 行.
NOTIC: [8] Use of undefined constant article_id - assumed 'article_id' D:\wamp\www\myblog\Application\Runtime\Cache\Home\2ac6c1276904b87404ed678dbabb985c.php 第 113 行.
INFO: Run Behavior\ParseTemplateBehavior [ RunTime:0.083937s ]
INFO: [ view_parse ] --END-- [ RunTime:0.084067s ]
INFO: [ view_filter ] --START--
INFO: Run Behavior\WriteHtmlCacheBehavior [ RunTime:0.000423s ]
INFO: [ view_filter ] --END-- [ RunTime:0.000591s ]
INFO: [ app_end ] --START--
INFO: Run Behavior\ShowPageTraceBehavior [ RunTime:0.000600s ]
INFO: [ app_end ] --END-- [ RunTime:0.000747s ]

[ 2016-04-08T11:10:31+08:00 ] 127.0.0.1 /myblog/index.php/Home/Article/theme/id/34.html
INFO: [ app_init ] --START--
INFO: Run Behavior\BuildLiteBehavior [ RunTime:0.000042s ]
INFO: [ app_init ] --END-- [ RunTime:0.000688s ]
INFO: [ app_begin ] --START--
INFO: Run Behavior\ReadHtmlCacheBehavior [ RunTime:0.000772s ]
INFO: [ app_begin ] --END-- [ RunTime:0.000991s ]
NOTIC: [2048] Declaration of Home\Controller\ArticleController::theme() should be compatible with that of Think\Controller::theme() D:\wamp\www\myblog\Application\Home\Controller\ArticleController.class.php 第 107 行.
SQL: SHOW COLUMNS FROM `myblog_article` [ RunTime:0.0116s ]
SQL: SHOW COLUMNS FROM `myblog_user` [ RunTime:0.0096s ]
SQL: SHOW COLUMNS FROM `myblog_nav` [ RunTime:0.0099s ]
SQL: SELECT * FROM `myblog_article` WHERE ( article_id=34 ) LIMIT 1   [ RunTime:0.0003s ]
SQL: SELECT `user` FROM `myblog_user` WHERE ( id=1 ) LIMIT 1   [ RunTime:0.0002s ]
SQL: SELECT `nav_name` FROM `myblog_nav` WHERE ( nav_id=6 ) LIMIT 1   [ RunTime:0.0002s ]
SQL: SHOW COLUMNS FROM `myblog_cmt` [ RunTime:0.0088s ]
SQL: SHOW COLUMNS FROM `myblog_collect` [ RunTime:0.0539s ]
SQL: SHOW COLUMNS FROM `myblog_like` [ RunTime:0.0065s ]
SQL: SHOW COLUMNS FROM `myblog_read` [ RunTime:0.0097s ]
SQL: SELECT * FROM `myblog_read` WHERE ( read_articleid=34 ) LIMIT 1   [ RunTime:0.0003s ]
SQL: UPDATE `myblog_read` SET `read_count`='1' WHERE ( read_articleid=34 ) [ RunTime:0.0859s ]
SQL: SELECT COUNT(*) AS tp_count FROM `myblog_like` WHERE ( like_articleid=34 ) LIMIT 1   [ RunTime:0.0003s ]
SQL: SELECT COUNT(*) AS tp_count FROM `myblog_collect` WHERE ( collect_articleid=34 ) LIMIT 1   [ RunTime:0.0003s ]
SQL: SELECT COUNT(*) AS tp_count FROM `myblog_cmt` WHERE ( cmt_articleid=34 ) LIMIT 1   [ RunTime:0.0002s ]
SQL: SHOW COLUMNS FROM `myblog_cmt` [ RunTime:0.0106s ]
SQL: SELECT * FROM `myblog_cmt` WHERE ( cmt_articleid=34 and cmt_pid=0 )  [ RunTime:0.0004s ]
INFO: [ view_parse ] --START--
INFO: [ template_filter ] --START--
INFO: Run Behavior\ContentReplaceBehavior [ RunTime:0.000154s ]
INFO: [ template_filter ] --END-- [ RunTime:0.000287s ]
INFO: Run Behavior\ParseTemplateBehavior [ RunTime:0.090319s ]
INFO: [ view_parse ] --END-- [ RunTime:0.090473s ]
INFO: [ view_filter ] --START--
INFO: Run Behavior\WriteHtmlCacheBehavior [ RunTime:0.000357s ]
INFO: [ view_filter ] --END-- [ RunTime:0.000462s ]
INFO: [ app_end ] --START--
INFO: Run Behavior\ShowPageTraceBehavior [ RunTime:0.000511s ]
INFO: [ app_end ] --END-- [ RunTime:0.000615s ]

[ 2016-04-08T11:12:31+08:00 ] 127.0.0.1 /myblog/index.php/Home/Article/index.html
INFO: [ app_init ] --START--
INFO: Run Behavior\BuildLiteBehavior [ RunTime:0.000041s ]
INFO: [ app_init ] --END-- [ RunTime:0.000748s ]
INFO: [ app_begin ] --START--
INFO: Run Behavior\ReadHtmlCacheBehavior [ RunTime:0.000710s ]
INFO: [ app_begin ] --END-- [ RunTime:0.000874s ]
NOTIC: [2048] Declaration of Home\Controller\ArticleController::theme() should be compatible with that of Think\Controller::theme() D:\wamp\www\myblog\Application\Home\Controller\ArticleController.class.php 第 107 行.
SQL: SHOW COLUMNS FROM `myblog_nav` [ RunTime:0.0140s ]
SQL: SELECT * FROM `myblog_nav` WHERE ( nav_id>3 ) ORDER BY nav_id  [ RunTime:0.0004s ]
SQL: SHOW COLUMNS FROM `myblog_article` [ RunTime:0.0123s ]
SQL: SELECT COUNT(*) AS tp_count FROM `myblog_article` LIMIT 1   [ RunTime:0.0002s ]
SQL: SELECT * FROM `myblog_article` ORDER BY article_id desc LIMIT 0,10   [ RunTime:0.0003s ]
SQL: SHOW COLUMNS FROM `myblog_user` [ RunTime:0.0095s ]
SQL: SELECT `user` FROM `myblog_user` WHERE ( id=1 ) LIMIT 1   [ RunTime:0.0003s ]
SQL: SHOW COLUMNS FROM `myblog_cmt` [ RunTime:0.0095s ]
SQL: SELECT COUNT(*) AS tp_count FROM `myblog_cmt` WHERE ( cmt_articleid=34 ) LIMIT 1   [ RunTime:0.0003s ]
SQL: SHOW COLUMNS FROM `myblog_like` [ RunTime:0.0093s ]
SQL: SELECT COUNT(*) AS tp_count FROM `myblog_like` WHERE ( like_articleid=34 ) LIMIT 1   [ RunTime:0.0003s ]
SQL: SHOW COLUMNS FROM `myblog_read` [ RunTime:0.0113s ]
SQL: SELECT `read_count` FROM `myblog_read` WHERE ( read_articleid=34 ) LIMIT 1   [ RunTime:0.0003s ]
SQL: SELECT `user` FROM `myblog_user` WHERE ( id=1 ) LIMIT 1   [ RunTime:0.0002s ]
SQL: SELECT COUNT(*) AS tp_count FROM `myblog_cmt` WHERE ( cmt_articleid=33 ) LIMIT 1   [ RunTime:0.0002s ]
SQL: SELECT COUNT(*) AS tp_count FROM `myblog_like` WHERE ( like_articleid=33 ) LIMIT 1   [ RunTime:0.0002s ]
SQL: SELECT `read_count` FROM `myblog_read` WHERE ( read_articleid=33 ) LIMIT 1   [ RunTime:0.0002s ]
SQL: SELECT `user` FROM `myblog_user` WHERE ( id=2 ) LIMIT 1   [ RunTime:0.0002s ]
SQL: SELECT COUNT(*) AS tp_count FROM `myblog_cmt` WHERE ( cmt_articleid=32 ) LIMIT 1   [ RunTime:0.0002s ]
SQL: SELECT COUNT(*) AS tp_count FROM `myblog_like` WHERE ( like_articleid=32 ) LIMIT 1   [ RunTime:0.0002s ]
SQL: SELECT `read_count` FROM `myblog_read` WHERE ( read_articleid=32 ) LIMIT 1   [ RunTime:0.0002s ]
SQL: SELECT `user` FROM `myblog_user` WHERE ( id=1 ) LIMIT 1   [ RunTime:0.0002s ]
SQL: SELECT COUNT(*) AS tp_count FROM `myblog_cmt` WHERE ( cmt_articleid=31 ) LIMIT 1   [ RunTime:0.0003s ]
SQL: SELECT COUNT(*) AS tp_count FROM `myblog_like` WHERE ( like_articleid=31 ) LIMIT 1   [ RunTime:0.0003s ]
SQL: SELECT `read_count` FROM `myblog_read` WHERE ( read_articleid=31 ) LIMIT 1   [ RunTime:0.0002s ]
SQL: SELECT `user` FROM `myblog_user` WHERE ( id=1 ) LIMIT 1   [ RunTime:0.0002s ]
SQL: SELECT COUNT(*) AS tp_count FROM `myblog_cmt` WHERE ( cmt_articleid=30 ) LIMIT 1   [ RunTime:0.0002s ]
SQL: SELECT COUNT(*) AS tp_count FROM `myblog_like` WHERE ( like_articleid=30 ) LIMIT 1   [ RunTime:0.0002s ]
SQL: SELECT `read_count` FROM `myblog_read` WHERE ( read_articleid=30 ) LIMIT 1   [ RunTime:0.0002s ]
SQL: SELECT `user` FROM `myblog_user` WHERE ( id=1 ) LIMIT 1   [ RunTime:0.0002s ]
SQL: SELECT COUNT(*) AS tp_count FROM `myblog_cmt` WHERE ( cmt_articleid=29 ) LIMIT 1   [ RunTime:0.0002s ]
SQL: SELECT COUNT(*) AS tp_count FROM `myblog_like` WHERE ( like_articleid=29 ) LIMIT 1   [ RunTime:0.0002s ]
SQL: SELECT `read_count` FROM `myblog_read` WHERE ( read_articleid=29 ) LIMIT 1   [ RunTime:0.0002s ]
SQL: SELECT `user` FROM `myblog_user` WHERE ( id=1 ) LIMIT 1   [ RunTime:0.0002s ]
SQL: SELECT COUNT(*) AS tp_count FROM `myblog_cmt` WHERE ( cmt_articleid=28 ) LIMIT 1   [ RunTime:0.0002s ]
SQL: SELECT COUNT(*) AS tp_count FROM `myblog_like` WHERE ( like_articleid=28 ) LIMIT 1   [ RunTime:0.0002s ]
SQL: SELECT `read_count` FROM `myblog_read` WHERE ( read_articleid=28 ) LIMIT 1   [ RunTime:0.0002s ]
SQL: SELECT `user` FROM `myblog_user` WHERE ( id=1 ) LIMIT 1   [ RunTime:0.0001s ]
SQL: SELECT COUNT(*) AS tp_count FROM `myblog_cmt` WHERE ( cmt_articleid=27 ) LIMIT 1   [ RunTime:0.0002s ]
SQL: SELECT COUNT(*) AS tp_count FROM `myblog_like` WHERE ( like_articleid=27 ) LIMIT 1   [ RunTime:0.0001s ]
SQL: SELECT `read_count` FROM `myblog_read` WHERE ( read_articleid=27 ) LIMIT 1   [ RunTime:0.0002s ]
SQL: SELECT `user` FROM `myblog_user` WHERE ( id=1 ) LIMIT 1   [ RunTime:0.0001s ]
SQL: SELECT COUNT(*) AS tp_count FROM `myblog_cmt` WHERE ( cmt_articleid=26 ) LIMIT 1   [ RunTime:0.0002s ]
SQL: SELECT COUNT(*) AS tp_count FROM `myblog_like` WHERE ( like_articleid=26 ) LIMIT 1   [ RunTime:0.0001s ]
SQL: SELECT `read_count` FROM `myblog_read` WHERE ( read_articleid=26 ) LIMIT 1   [ RunTime:0.0002s ]
SQL: SELECT `user` FROM `myblog_user` WHERE ( id=1 ) LIMIT 1   [ RunTime:0.0002s ]
SQL: SELECT COUNT(*) AS tp_count FROM `myblog_cmt` WHERE ( cmt_articleid=25 ) LIMIT 1   [ RunTime:0.0002s ]
SQL: SELECT COUNT(*) AS tp_count FROM `myblog_like` WHERE ( like_articleid=25 ) LIMIT 1   [ RunTime:0.0002s ]
SQL: SELECT `read_count` FROM `myblog_read` WHERE ( read_articleid=25 ) LIMIT 1   [ RunTime:0.0002s ]
INFO: [ view_parse ] --START--
INFO: [ template_filter ] --START--
INFO: Run Behavior\ContentReplaceBehavior [ RunTime:0.000241s ]
INFO: [ template_filter ] --END-- [ RunTime:0.000464s ]
NOTIC: [8] Use of undefined constant article_id - assumed 'article_id' D:\wamp\www\myblog\Application\Runtime\Cache\Home\2ac6c1276904b87404ed678dbabb985c.php 第 113 行.
NOTIC: [8] Use of undefined constant article_id - assumed 'article_id' D:\wamp\www\myblog\Application\Runtime\Cache\Home\2ac6c1276904b87404ed678dbabb985c.php 第 113 行.
NOTIC: [8] Use of undefined constant article_id - assumed 'article_id' D:\wamp\www\myblog\Application\Runtime\Cache\Home\2ac6c1276904b87404ed678dbabb985c.php 第 113 行.
NOTIC: [8] Use of undefined constant article_id - assumed 'article_id' D:\wamp\www\myblog\Application\Runtime\Cache\Home\2ac6c1276904b87404ed678dbabb985c.php 第 113 行.
NOTIC: [8] Use of undefined constant article_id - assumed 'article_id' D:\wamp\www\myblog\Application\Runtime\Cache\Home\2ac6c1276904b87404ed678dbabb985c.php 第 113 行.
NOTIC: [8] Use of undefined constant article_id - assumed 'article_id' D:\wamp\www\myblog\Application\Runtime\Cache\Home\2ac6c1276904b87404ed678dbabb985c.php 第 113 行.
NOTIC: [8] Use of undefined constant article_id - assumed 'article_id' D:\wamp\www\myblog\Application\Runtime\Cache\Home\2ac6c1276904b87404ed678dbabb985c.php 第 113 行.
NOTIC: [8] Use of undefined constant article_id - assumed 'article_id' D:\wamp\www\myblog\Application\Runtime\Cache\Home\2ac6c1276904b87404ed678dbabb985c.php 第 113 行.
NOTIC: [8] Use of undefined constant article_id - assumed 'article_id' D:\wamp\www\myblog\Application\Runtime\Cache\Home\2ac6c1276904b87404ed678dbabb985c.php 第 113 行.
NOTIC: [8] Use of undefined constant article_id - assumed 'article_id' D:\wamp\www\myblog\Application\Runtime\Cache\Home\2ac6c1276904b87404ed678dbabb985c.php 第 113 行.
INFO: Run Behavior\ParseTemplateBehavior [ RunTime:0.105539s ]
INFO: [ view_parse ] --END-- [ RunTime:0.105716s ]
INFO: [ view_filter ] --START--
INFO: Run Behavior\WriteHtmlCacheBehavior [ RunTime:0.000633s ]
INFO: [ view_filter ] --END-- [ RunTime:0.000819s ]
INFO: [ app_end ] --START--
INFO: Run Behavior\ShowPageTraceBehavior [ RunTime:0.000969s ]
INFO: [ app_end ] --END-- [ RunTime:0.001169s ]

[ 2016-04-08T11:12:32+08:00 ] 127.0.0.1 /myblog/index.php/Home/Article/publish.html
INFO: [ app_init ] --START--
INFO: Run Behavior\BuildLiteBehavior [ RunTime:0.000025s ]
INFO: [ app_init ] --END-- [ RunTime:0.000456s ]
INFO: [ app_begin ] --START--
INFO: Run Behavior\ReadHtmlCacheBehavior [ RunTime:0.000671s ]
INFO: [ app_begin ] --END-- [ RunTime:0.000794s ]
NOTIC: [2048] Declaration of Home\Controller\ArticleController::theme() should be compatible with that of Think\Controller::theme() D:\wamp\www\myblog\Application\Home\Controller\ArticleController.class.php 第 107 行.
SQL: SHOW COLUMNS FROM `myblog_nav` [ RunTime:0.0116s ]
SQL: SELECT * FROM `myblog_nav` WHERE ( nav_id>3 ) ORDER BY nav_id  [ RunTime:0.0004s ]
INFO: [ view_parse ] --START--
INFO: [ template_filter ] --START--
INFO: Run Behavior\ContentReplaceBehavior [ RunTime:0.000244s ]
INFO: [ template_filter ] --END-- [ RunTime:0.000554s ]
INFO: Run Behavior\ParseTemplateBehavior [ RunTime:0.059209s ]
INFO: [ view_parse ] --END-- [ RunTime:0.059337s ]
INFO: [ view_filter ] --START--
INFO: Run Behavior\WriteHtmlCacheBehavior [ RunTime:0.000389s ]
INFO: [ view_filter ] --END-- [ RunTime:0.000490s ]
INFO: [ app_end ] --START--
INFO: Run Behavior\ShowPageTraceBehavior [ RunTime:0.000577s ]
INFO: [ app_end ] --END-- [ RunTime:0.000677s ]

[ 2016-04-08T11:12:53+08:00 ] 127.0.0.1 /myblog/index.php/Home/Article/checkPublish.html
INFO: [ app_init ] --START--
INFO: Run Behavior\BuildLiteBehavior [ RunTime:0.000028s ]
INFO: [ app_init ] --END-- [ RunTime:0.000441s ]
INFO: [ app_begin ] --START--
INFO: Run Behavior\ReadHtmlCacheBehavior [ RunTime:0.000513s ]
INFO: [ app_begin ] --END-- [ RunTime:0.000630s ]
NOTIC: [2048] Declaration of Home\Controller\ArticleController::theme() should be compatible with that of Think\Controller::theme() D:\wamp\www\myblog\Application\Home\Controller\ArticleController.class.php 第 107 行.

[ 2016-04-08T11:16:07+08:00 ] 127.0.0.1 /myblog/index.php/Home/Article/publish.html
INFO: [ app_init ] --START--
INFO: Run Behavior\BuildLiteBehavior [ RunTime:0.000025s ]
INFO: [ app_init ] --END-- [ RunTime:0.000428s ]
INFO: [ app_begin ] --START--
INFO: Run Behavior\ReadHtmlCacheBehavior [ RunTime:0.000866s ]
INFO: [ app_begin ] --END-- [ RunTime:0.000997s ]
NOTIC: [2048] Declaration of Home\Controller\ArticleController::theme() should be compatible with that of Think\Controller::theme() D:\wamp\www\myblog\Application\Home\Controller\ArticleController.class.php 第 107 行.
SQL: SHOW COLUMNS FROM `myblog_nav` [ RunTime:0.0115s ]
SQL: SELECT * FROM `myblog_nav` WHERE ( nav_id>3 ) ORDER BY nav_id  [ RunTime:0.0004s ]
INFO: [ view_parse ] --START--
INFO: [ template_filter ] --START--
INFO: Run Behavior\ContentReplaceBehavior [ RunTime:0.000137s ]
INFO: [ template_filter ] --END-- [ RunTime:0.000264s ]
INFO: Run Behavior\ParseTemplateBehavior [ RunTime:0.057685s ]
INFO: [ view_parse ] --END-- [ RunTime:0.057813s ]
INFO: [ view_filter ] --START--
INFO: Run Behavior\WriteHtmlCacheBehavior [ RunTime:0.000626s ]
INFO: [ view_filter ] --END-- [ RunTime:0.000728s ]
INFO: [ app_end ] --START--
INFO: Run Behavior\ShowPageTraceBehavior [ RunTime:0.000784s ]
INFO: [ app_end ] --END-- [ RunTime:0.000889s ]

[ 2016-04-08T11:16:16+08:00 ] 127.0.0.1 /myblog/index.php/Home/Article/checkPublish.html
INFO: [ app_init ] --START--
INFO: Run Behavior\BuildLiteBehavior [ RunTime:0.000026s ]
INFO: [ app_init ] --END-- [ RunTime:0.000484s ]
INFO: [ app_begin ] --START--
INFO: Run Behavior\ReadHtmlCacheBehavior [ RunTime:0.000768s ]
INFO: [ app_begin ] --END-- [ RunTime:0.000876s ]
NOTIC: [2048] Declaration of Home\Controller\ArticleController::theme() should be compatible with that of Think\Controller::theme() D:\wamp\www\myblog\Application\Home\Controller\ArticleController.class.php 第 107 行.
SQL: SHOW COLUMNS FROM `myblog_article` [ RunTime:0.0144s ]
SQL: INSERT INTO `myblog_article` (`article_userid`,`article_title`,`article_navid`,`article_content`,`article_time`) VALUES ('1','是的','4','阿大声道','2016-04-08 11:16:16 ') [ RunTime:0.1277s ]
SQL: SHOW COLUMNS FROM `myblog_read` [ RunTime:0.0096s ]
SQL: INSERT INTO `myblog_read` (`read_articleid`) VALUES ('35') [ RunTime:0.0669s ]

[ 2016-04-08T11:16:16+08:00 ] 127.0.0.1 /myblog/index.php/Home/Article/index.html
INFO: [ app_init ] --START--
INFO: Run Behavior\BuildLiteBehavior [ RunTime:0.000028s ]
INFO: [ app_init ] --END-- [ RunTime:0.000555s ]
INFO: [ app_begin ] --START--
INFO: Run Behavior\ReadHtmlCacheBehavior [ RunTime:0.001105s ]
INFO: [ app_begin ] --END-- [ RunTime:0.001309s ]
NOTIC: [2048] Declaration of Home\Controller\ArticleController::theme() should be compatible with that of Think\Controller::theme() D:\wamp\www\myblog\Application\Home\Controller\ArticleController.class.php 第 107 行.
SQL: SHOW COLUMNS FROM `myblog_nav` [ RunTime:0.0118s ]
SQL: SELECT * FROM `myblog_nav` WHERE ( nav_id>3 ) ORDER BY nav_id  [ RunTime:0.0004s ]
SQL: SHOW COLUMNS FROM `myblog_article` [ RunTime:0.0076s ]
SQL: SELECT COUNT(*) AS tp_count FROM `myblog_article` LIMIT 1   [ RunTime:0.0003s ]
SQL: SELECT * FROM `myblog_article` ORDER BY article_id desc LIMIT 0,10   [ RunTime:0.0004s ]
SQL: SHOW COLUMNS FROM `myblog_user` [ RunTime:0.0092s ]
SQL: SELECT `user` FROM `myblog_user` WHERE ( id=1 ) LIMIT 1   [ RunTime:0.0003s ]
SQL: SHOW COLUMNS FROM `myblog_cmt` [ RunTime:0.0100s ]
SQL: SELECT COUNT(*) AS tp_count FROM `myblog_cmt` WHERE ( cmt_articleid=35 ) LIMIT 1   [ RunTime:0.0003s ]
SQL: SHOW COLUMNS FROM `myblog_like` [ RunTime:0.0103s ]
SQL: SELECT COUNT(*) AS tp_count FROM `myblog_like` WHERE ( like_articleid=35 ) LIMIT 1   [ RunTime:0.0002s ]
SQL: SHOW COLUMNS FROM `myblog_read` [ RunTime:0.0072s ]
SQL: SELECT `read_count` FROM `myblog_read` WHERE ( read_articleid=35 ) LIMIT 1   [ RunTime:0.0003s ]
SQL: SELECT `user` FROM `myblog_user` WHERE ( id=1 ) LIMIT 1   [ RunTime:0.0002s ]
SQL: SELECT COUNT(*) AS tp_count FROM `myblog_cmt` WHERE ( cmt_articleid=34 ) LIMIT 1   [ RunTime:0.0002s ]
SQL: SELECT COUNT(*) AS tp_count FROM `myblog_like` WHERE ( like_articleid=34 ) LIMIT 1   [ RunTime:0.0003s ]
SQL: SELECT `read_count` FROM `myblog_read` WHERE ( read_articleid=34 ) LIMIT 1   [ RunTime:0.0003s ]
SQL: SELECT `user` FROM `myblog_user` WHERE ( id=1 ) LIMIT 1   [ RunTime:0.0002s ]
SQL: SELECT COUNT(*) AS tp_count FROM `myblog_cmt` WHERE ( cmt_articleid=33 ) LIMIT 1   [ RunTime:0.0002s ]
SQL: SELECT COUNT(*) AS tp_count FROM `myblog_like` WHERE ( like_articleid=33 ) LIMIT 1   [ RunTime:0.0002s ]
SQL: SELECT `read_count` FROM `myblog_read` WHERE ( read_articleid=33 ) LIMIT 1   [ RunTime:0.0002s ]
SQL: SELECT `user` FROM `myblog_user` WHERE ( id=2 ) LIMIT 1   [ RunTime:0.0002s ]
SQL: SELECT COUNT(*) AS tp_count FROM `myblog_cmt` WHERE ( cmt_articleid=32 ) LIMIT 1   [ RunTime:0.0002s ]
SQL: SELECT COUNT(*) AS tp_count FROM `myblog_like` WHERE ( like_articleid=32 ) LIMIT 1   [ RunTime:0.0002s ]
SQL: SELECT `read_count` FROM `myblog_read` WHERE ( read_articleid=32 ) LIMIT 1   [ RunTime:0.0002s ]
SQL: SELECT `user` FROM `myblog_user` WHERE ( id=1 ) LIMIT 1   [ RunTime:0.0002s ]
SQL: SELECT COUNT(*) AS tp_count FROM `myblog_cmt` WHERE ( cmt_articleid=31 ) LIMIT 1   [ RunTime:0.0002s ]
SQL: SELECT COUNT(*) AS tp_count FROM `myblog_like` WHERE ( like_articleid=31 ) LIMIT 1   [ RunTime:0.0002s ]
SQL: SELECT `read_count` FROM `myblog_read` WHERE ( read_articleid=31 ) LIMIT 1   [ RunTime:0.0002s ]
SQL: SELECT `user` FROM `myblog_user` WHERE ( id=1 ) LIMIT 1   [ RunTime:0.0002s ]
SQL: SELECT COUNT(*) AS tp_count FROM `myblog_cmt` WHERE ( cmt_articleid=30 ) LIMIT 1   [ RunTime:0.0002s ]
SQL: SELECT COUNT(*) AS tp_count FROM `myblog_like` WHERE ( like_articleid=30 ) LIMIT 1   [ RunTime:0.0002s ]
SQL: SELECT `read_count` FROM `myblog_read` WHERE ( read_articleid=30 ) LIMIT 1   [ RunTime:0.0002s ]
SQL: SELECT `user` FROM `myblog_user` WHERE ( id=1 ) LIMIT 1   [ RunTime:0.0002s ]
SQL: SELECT COUNT(*) AS tp_count FROM `myblog_cmt` WHERE ( cmt_articleid=29 ) LIMIT 1   [ RunTime:0.0002s ]
SQL: SELECT COUNT(*) AS tp_count FROM `myblog_like` WHERE ( like_articleid=29 ) LIMIT 1   [ RunTime:0.0002s ]
SQL: SELECT `read_count` FROM `myblog_read` WHERE ( read_articleid=29 ) LIMIT 1   [ RunTime:0.0002s ]
SQL: SELECT `user` FROM `myblog_user` WHERE ( id=1 ) LIMIT 1   [ RunTime:0.0002s ]
SQL: SELECT COUNT(*) AS tp_count FROM `myblog_cmt` WHERE ( cmt_articleid=28 ) LIMIT 1   [ RunTime:0.0002s ]
SQL: SELECT COUNT(*) AS tp_count FROM `myblog_like` WHERE ( like_articleid=28 ) LIMIT 1   [ RunTime:0.0002s ]
SQL: SELECT `read_count` FROM `myblog_read` WHERE ( read_articleid=28 ) LIMIT 1   [ RunTime:0.0002s ]
SQL: SELECT `user` FROM `myblog_user` WHERE ( id=1 ) LIMIT 1   [ RunTime:0.0002s ]
SQL: SELECT COUNT(*) AS tp_count FROM `myblog_cmt` WHERE ( cmt_articleid=27 ) LIMIT 1   [ RunTime:0.0002s ]
SQL: SELECT COUNT(*) AS tp_count FROM `myblog_like` WHERE ( like_articleid=27 ) LIMIT 1   [ RunTime:0.0003s ]
SQL: SELECT `read_count` FROM `myblog_read` WHERE ( read_articleid=27 ) LIMIT 1   [ RunTime:0.0003s ]
SQL: SELECT `user` FROM `myblog_user` WHERE ( id=1 ) LIMIT 1   [ RunTime:0.0003s ]
SQL: SELECT COUNT(*) AS tp_count FROM `myblog_cmt` WHERE ( cmt_articleid=26 ) LIMIT 1   [ RunTime:0.0002s ]
SQL: SELECT COUNT(*) AS tp_count FROM `myblog_like` WHERE ( like_articleid=26 ) LIMIT 1   [ RunTime:0.0002s ]
SQL: SELECT `read_count` FROM `myblog_read` WHERE ( read_articleid=26 ) LIMIT 1   [ RunTime:0.0002s ]
INFO: [ view_parse ] --START--
INFO: [ template_filter ] --START--
INFO: Run Behavior\ContentReplaceBehavior [ RunTime:0.000144s ]
INFO: [ template_filter ] --END-- [ RunTime:0.000277s ]
NOTIC: [8] Use of undefined constant article_id - assumed 'article_id' D:\wamp\www\myblog\Application\Runtime\Cache\Home\2ac6c1276904b87404ed678dbabb985c.php 第 113 行.
NOTIC: [8] Use of undefined constant article_id - assumed 'article_id' D:\wamp\www\myblog\Application\Runtime\Cache\Home\2ac6c1276904b87404ed678dbabb985c.php 第 113 行.
NOTIC: [8] Use of undefined constant article_id - assumed 'article_id' D:\wamp\www\myblog\Application\Runtime\Cache\Home\2ac6c1276904b87404ed678dbabb985c.php 第 113 行.
NOTIC: [8] Use of undefined constant article_id - assumed 'article_id' D:\wamp\www\myblog\Application\Runtime\Cache\Home\2ac6c1276904b87404ed678dbabb985c.php 第 113 行.
NOTIC: [8] Use of undefined constant article_id - assumed 'article_id' D:\wamp\www\myblog\Application\Runtime\Cache\Home\2ac6c1276904b87404ed678dbabb985c.php 第 113 行.
NOTIC: [8] Use of undefined constant article_id - assumed 'article_id' D:\wamp\www\myblog\Application\Runtime\Cache\Home\2ac6c1276904b87404ed678dbabb985c.php 第 113 行.
NOTIC: [8] Use of undefined constant article_id - assumed 'article_id' D:\wamp\www\myblog\Application\Runtime\Cache\Home\2ac6c1276904b87404ed678dbabb985c.php 第 113 行.
NOTIC: [8] Use of undefined constant article_id - assumed 'article_id' D:\wamp\www\myblog\Application\Runtime\Cache\Home\2ac6c1276904b87404ed678dbabb985c.php 第 113 行.
NOTIC: [8] Use of undefined constant article_id - assumed 'article_id' D:\wamp\www\myblog\Application\Runtime\Cache\Home\2ac6c1276904b87404ed678dbabb985c.php 第 113 行.
NOTIC: [8] Use of undefined constant article_id - assumed 'article_id' D:\wamp\www\myblog\Application\Runtime\Cache\Home\2ac6c1276904b87404ed678dbabb985c.php 第 113 行.
INFO: Run Behavior\ParseTemplateBehavior [ RunTime:0.069123s ]
INFO: [ view_parse ] --END-- [ RunTime:0.069263s ]
INFO: [ view_filter ] --START--
INFO: Run Behavior\WriteHtmlCacheBehavior [ RunTime:0.001090s ]
INFO: [ view_filter ] --END-- [ RunTime:0.001262s ]
INFO: [ app_end ] --START--
INFO: Run Behavior\ShowPageTraceBehavior [ RunTime:0.000830s ]
INFO: [ app_end ] --END-- [ RunTime:0.000946s ]

[ 2016-04-08T11:16:18+08:00 ] 127.0.0.1 /myblog/index.php/Home/Article/theme/id/35.html
INFO: [ app_init ] --START--
INFO: Run Behavior\BuildLiteBehavior [ RunTime:0.000028s ]
INFO: [ app_init ] --END-- [ RunTime:0.000537s ]
INFO: [ app_begin ] --START--
INFO: Run Behavior\ReadHtmlCacheBehavior [ RunTime:0.000821s ]
INFO: [ app_begin ] --END-- [ RunTime:0.000952s ]
NOTIC: [2048] Declaration of Home\Controller\ArticleController::theme() should be compatible with that of Think\Controller::theme() D:\wamp\www\myblog\Application\Home\Controller\ArticleController.class.php 第 107 行.
SQL: SHOW COLUMNS FROM `myblog_article` [ RunTime:0.0117s ]
SQL: SHOW COLUMNS FROM `myblog_user` [ RunTime:0.0092s ]
SQL: SHOW COLUMNS FROM `myblog_nav` [ RunTime:0.0113s ]
SQL: SELECT * FROM `myblog_article` WHERE ( article_id=35 ) LIMIT 1   [ RunTime:0.0003s ]
SQL: SELECT `user` FROM `myblog_user` WHERE ( id=1 ) LIMIT 1   [ RunTime:0.0002s ]
SQL: SELECT `nav_name` FROM `myblog_nav` WHERE ( nav_id=4 ) LIMIT 1   [ RunTime:0.0002s ]
SQL: SHOW COLUMNS FROM `myblog_cmt` [ RunTime:0.0100s ]
SQL: SHOW COLUMNS FROM `myblog_collect` [ RunTime:0.0115s ]
SQL: SHOW COLUMNS FROM `myblog_like` [ RunTime:0.0075s ]
SQL: SHOW COLUMNS FROM `myblog_read` [ RunTime:0.0096s ]
SQL: SELECT * FROM `myblog_read` WHERE ( read_articleid=35 ) LIMIT 1   [ RunTime:0.0003s ]
SQL: UPDATE `myblog_read` SET `read_count`='1' WHERE ( read_articleid=35 ) [ RunTime:0.1431s ]
SQL: SELECT COUNT(*) AS tp_count FROM `myblog_like` WHERE ( like_articleid=35 ) LIMIT 1   [ RunTime:0.0003s ]
SQL: SELECT COUNT(*) AS tp_count FROM `myblog_collect` WHERE ( collect_articleid=35 ) LIMIT 1   [ RunTime:0.0002s ]
SQL: SELECT COUNT(*) AS tp_count FROM `myblog_cmt` WHERE ( cmt_articleid=35 ) LIMIT 1   [ RunTime:0.0002s ]
SQL: SHOW COLUMNS FROM `myblog_cmt` [ RunTime:0.0116s ]
SQL: SELECT * FROM `myblog_cmt` WHERE ( cmt_articleid=35 and cmt_pid=0 )  [ RunTime:0.0004s ]
INFO: [ view_parse ] --START--
INFO: [ template_filter ] --START--
INFO: Run Behavior\ContentReplaceBehavior [ RunTime:0.000166s ]
INFO: [ template_filter ] --END-- [ RunTime:0.000287s ]
INFO: Run Behavior\ParseTemplateBehavior [ RunTime:0.065547s ]
INFO: [ view_parse ] --END-- [ RunTime:0.065707s ]
INFO: [ view_filter ] --START--
INFO: Run Behavior\WriteHtmlCacheBehavior [ RunTime:0.000601s ]
INFO: [ view_filter ] --END-- [ RunTime:0.000702s ]
INFO: [ app_end ] --START--
INFO: Run Behavior\ShowPageTraceBehavior [ RunTime:0.000784s ]
INFO: [ app_end ] --END-- [ RunTime:0.000907s ]

[ 2016-04-08T11:16:29+08:00 ] 127.0.0.1 /myblog/index.php/Home/Article/publish.html
INFO: [ app_init ] --START--
INFO: Run Behavior\BuildLiteBehavior [ RunTime:0.000026s ]
INFO: [ app_init ] --END-- [ RunTime:0.000469s ]
INFO: [ app_begin ] --START--
INFO: Run Behavior\ReadHtmlCacheBehavior [ RunTime:0.000800s ]
INFO: [ app_begin ] --END-- [ RunTime:0.000939s ]
NOTIC: [2048] Declaration of Home\Controller\ArticleController::theme() should be compatible with that of Think\Controller::theme() D:\wamp\www\myblog\Application\Home\Controller\ArticleController.class.php 第 107 行.
SQL: SHOW COLUMNS FROM `myblog_nav` [ RunTime:0.0111s ]
SQL: SELECT * FROM `myblog_nav` WHERE ( nav_id>3 ) ORDER BY nav_id  [ RunTime:0.0003s ]
INFO: [ view_parse ] --START--
INFO: [ template_filter ] --START--
INFO: Run Behavior\ContentReplaceBehavior [ RunTime:0.000182s ]
INFO: [ template_filter ] --END-- [ RunTime:0.000357s ]
INFO: Run Behavior\ParseTemplateBehavior [ RunTime:0.055713s ]
INFO: [ view_parse ] --END-- [ RunTime:0.055868s ]
INFO: [ view_filter ] --START--
INFO: Run Behavior\WriteHtmlCacheBehavior [ RunTime:0.000556s ]
INFO: [ view_filter ] --END-- [ RunTime:0.000686s ]
INFO: [ app_end ] --START--
INFO: Run Behavior\ShowPageTraceBehavior [ RunTime:0.000733s ]
INFO: [ app_end ] --END-- [ RunTime:0.000863s ]

[ 2016-04-08T11:16:49+08:00 ] 127.0.0.1 /myblog/index.php/Home/Article/checkPublish.html
INFO: [ app_init ] --START--
INFO: Run Behavior\BuildLiteBehavior [ RunTime:0.000049s ]
INFO: [ app_init ] --END-- [ RunTime:0.000734s ]
INFO: [ app_begin ] --START--
INFO: Run Behavior\ReadHtmlCacheBehavior [ RunTime:0.000782s ]
INFO: [ app_begin ] --END-- [ RunTime:0.000906s ]
NOTIC: [2048] Declaration of Home\Controller\ArticleController::theme() should be compatible with that of Think\Controller::theme() D:\wamp\www\myblog\Application\Home\Controller\ArticleController.class.php 第 107 行.
SQL: SHOW COLUMNS FROM `myblog_article` [ RunTime:0.0146s ]
SQL: INSERT INTO `myblog_article` (`article_userid`,`article_title`,`article_navid`,`article_content`,`article_time`) VALUES ('1','为什么发不出','6','莫名其妙！','2016-04-08 11:16:49 ') [ RunTime:0.1222s ]
SQL: SHOW COLUMNS FROM `myblog_read` [ RunTime:0.0103s ]
SQL: INSERT INTO `myblog_read` (`read_articleid`) VALUES ('36') [ RunTime:0.0660s ]

[ 2016-04-08T11:16:49+08:00 ] 127.0.0.1 /myblog/index.php/Home/Article/index.html
INFO: [ app_init ] --START--
INFO: Run Behavior\BuildLiteBehavior [ RunTime:0.000025s ]
INFO: [ app_init ] --END-- [ RunTime:0.000447s ]
INFO: [ app_begin ] --START--
INFO: Run Behavior\ReadHtmlCacheBehavior [ RunTime:0.000770s ]
INFO: [ app_begin ] --END-- [ RunTime:0.000893s ]
NOTIC: [2048] Declaration of Home\Controller\ArticleController::theme() should be compatible with that of Think\Controller::theme() D:\wamp\www\myblog\Application\Home\Controller\ArticleController.class.php 第 107 行.
SQL: SHOW COLUMNS FROM `myblog_nav` [ RunTime:0.0098s ]
SQL: SELECT * FROM `myblog_nav` WHERE ( nav_id>3 ) ORDER BY nav_id  [ RunTime:0.0004s ]
SQL: SHOW COLUMNS FROM `myblog_article` [ RunTime:0.0090s ]
SQL: SELECT COUNT(*) AS tp_count FROM `myblog_article` LIMIT 1   [ RunTime:0.0003s ]
SQL: SELECT * FROM `myblog_article` ORDER BY article_id desc LIMIT 0,10   [ RunTime:0.0004s ]
SQL: SHOW COLUMNS FROM `myblog_user` [ RunTime:0.0118s ]
SQL: SELECT `user` FROM `myblog_user` WHERE ( id=1 ) LIMIT 1   [ RunTime:0.0003s ]
SQL: SHOW COLUMNS FROM `myblog_cmt` [ RunTime:0.0105s ]
SQL: SELECT COUNT(*) AS tp_count FROM `myblog_cmt` WHERE ( cmt_articleid=36 ) LIMIT 1   [ RunTime:0.0003s ]
SQL: SHOW COLUMNS FROM `myblog_like` [ RunTime:0.0100s ]
SQL: SELECT COUNT(*) AS tp_count FROM `myblog_like` WHERE ( like_articleid=36 ) LIMIT 1   [ RunTime:0.0003s ]
SQL: SHOW COLUMNS FROM `myblog_read` [ RunTime:0.0071s ]
SQL: SELECT `read_count` FROM `myblog_read` WHERE ( read_articleid=36 ) LIMIT 1   [ RunTime:0.0003s ]
SQL: SELECT `user` FROM `myblog_user` WHERE ( id=1 ) LIMIT 1   [ RunTime:0.0002s ]
SQL: SELECT COUNT(*) AS tp_count FROM `myblog_cmt` WHERE ( cmt_articleid=35 ) LIMIT 1   [ RunTime:0.0002s ]
SQL: SELECT COUNT(*) AS tp_count FROM `myblog_like` WHERE ( like_articleid=35 ) LIMIT 1   [ RunTime:0.0002s ]
SQL: SELECT `read_count` FROM `myblog_read` WHERE ( read_articleid=35 ) LIMIT 1   [ RunTime:0.0002s ]
SQL: SELECT `user` FROM `myblog_user` WHERE ( id=1 ) LIMIT 1   [ RunTime:0.0002s ]
SQL: SELECT COUNT(*) AS tp_count FROM `myblog_cmt` WHERE ( cmt_articleid=34 ) LIMIT 1   [ RunTime:0.0002s ]
SQL: SELECT COUNT(*) AS tp_count FROM `myblog_like` WHERE ( like_articleid=34 ) LIMIT 1   [ RunTime:0.0002s ]
SQL: SELECT `read_count` FROM `myblog_read` WHERE ( read_articleid=34 ) LIMIT 1   [ RunTime:0.0002s ]
SQL: SELECT `user` FROM `myblog_user` WHERE ( id=1 ) LIMIT 1   [ RunTime:0.0003s ]
SQL: SELECT COUNT(*) AS tp_count FROM `myblog_cmt` WHERE ( cmt_articleid=33 ) LIMIT 1   [ RunTime:0.0002s ]
SQL: SELECT COUNT(*) AS tp_count FROM `myblog_like` WHERE ( like_articleid=33 ) LIMIT 1   [ RunTime:0.0002s ]
SQL: SELECT `read_count` FROM `myblog_read` WHERE ( read_articleid=33 ) LIMIT 1   [ RunTime:0.0002s ]
SQL: SELECT `user` FROM `myblog_user` WHERE ( id=2 ) LIMIT 1   [ RunTime:0.0002s ]
SQL: SELECT COUNT(*) AS tp_count FROM `myblog_cmt` WHERE ( cmt_articleid=32 ) LIMIT 1   [ RunTime:0.0002s ]
SQL: SELECT COUNT(*) AS tp_count FROM `myblog_like` WHERE ( like_articleid=32 ) LIMIT 1   [ RunTime:0.0002s ]
SQL: SELECT `read_count` FROM `myblog_read` WHERE ( read_articleid=32 ) LIMIT 1   [ RunTime:0.0003s ]
SQL: SELECT `user` FROM `myblog_user` WHERE ( id=1 ) LIMIT 1   [ RunTime:0.0002s ]
SQL: SELECT COUNT(*) AS tp_count FROM `myblog_cmt` WHERE ( cmt_articleid=31 ) LIMIT 1   [ RunTime:0.0002s ]
SQL: SELECT COUNT(*) AS tp_count FROM `myblog_like` WHERE ( like_articleid=31 ) LIMIT 1   [ RunTime:0.0002s ]
SQL: SELECT `read_count` FROM `myblog_read` WHERE ( read_articleid=31 ) LIMIT 1   [ RunTime:0.0002s ]
SQL: SELECT `user` FROM `myblog_user` WHERE ( id=1 ) LIMIT 1   [ RunTime:0.0002s ]
SQL: SELECT COUNT(*) AS tp_count FROM `myblog_cmt` WHERE ( cmt_articleid=30 ) LIMIT 1   [ RunTime:0.0002s ]
SQL: SELECT COUNT(*) AS tp_count FROM `myblog_like` WHERE ( like_articleid=30 ) LIMIT 1   [ RunTime:0.0002s ]
SQL: SELECT `read_count` FROM `myblog_read` WHERE ( read_articleid=30 ) LIMIT 1   [ RunTime:0.0002s ]
SQL: SELECT `user` FROM `myblog_user` WHERE ( id=1 ) LIMIT 1   [ RunTime:0.0002s ]
SQL: SELECT COUNT(*) AS tp_count FROM `myblog_cmt` WHERE ( cmt_articleid=29 ) LIMIT 1   [ RunTime:0.0002s ]
SQL: SELECT COUNT(*) AS tp_count FROM `myblog_like` WHERE ( like_articleid=29 ) LIMIT 1   [ RunTime:0.0002s ]
SQL: SELECT `read_count` FROM `myblog_read` WHERE ( read_articleid=29 ) LIMIT 1   [ RunTime:0.0002s ]
SQL: SELECT `user` FROM `myblog_user` WHERE ( id=1 ) LIMIT 1   [ RunTime:0.0002s ]
SQL: SELECT COUNT(*) AS tp_count FROM `myblog_cmt` WHERE ( cmt_articleid=28 ) LIMIT 1   [ RunTime:0.0002s ]
SQL: SELECT COUNT(*) AS tp_count FROM `myblog_like` WHERE ( like_articleid=28 ) LIMIT 1   [ RunTime:0.0002s ]
SQL: SELECT `read_count` FROM `myblog_read` WHERE ( read_articleid=28 ) LIMIT 1   [ RunTime:0.0002s ]
SQL: SELECT `user` FROM `myblog_user` WHERE ( id=1 ) LIMIT 1   [ RunTime:0.0002s ]
SQL: SELECT COUNT(*) AS tp_count FROM `myblog_cmt` WHERE ( cmt_articleid=27 ) LIMIT 1   [ RunTime:0.0002s ]
SQL: SELECT COUNT(*) AS tp_count FROM `myblog_like` WHERE ( like_articleid=27 ) LIMIT 1   [ RunTime:0.0002s ]
SQL: SELECT `read_count` FROM `myblog_read` WHERE ( read_articleid=27 ) LIMIT 1   [ RunTime:0.0002s ]
INFO: [ view_parse ] --START--
INFO: [ template_filter ] --START--
INFO: Run Behavior\ContentReplaceBehavior [ RunTime:0.000129s ]
INFO: [ template_filter ] --END-- [ RunTime:0.000257s ]
NOTIC: [8] Use of undefined constant article_id - assumed 'article_id' D:\wamp\www\myblog\Application\Runtime\Cache\Home\2ac6c1276904b87404ed678dbabb985c.php 第 113 行.
NOTIC: [8] Use of undefined constant article_id - assumed 'article_id' D:\wamp\www\myblog\Application\Runtime\Cache\Home\2ac6c1276904b87404ed678dbabb985c.php 第 113 行.
NOTIC: [8] Use of undefined constant article_id - assumed 'article_id' D:\wamp\www\myblog\Application\Runtime\Cache\Home\2ac6c1276904b87404ed678dbabb985c.php 第 113 行.
NOTIC: [8] Use of undefined constant article_id - assumed 'article_id' D:\wamp\www\myblog\Application\Runtime\Cache\Home\2ac6c1276904b87404ed678dbabb985c.php 第 113 行.
NOTIC: [8] Use of undefined constant article_id - assumed 'article_id' D:\wamp\www\myblog\Application\Runtime\Cache\Home\2ac6c1276904b87404ed678dbabb985c.php 第 113 行.
NOTIC: [8] Use of undefined constant article_id - assumed 'article_id' D:\wamp\www\myblog\Application\Runtime\Cache\Home\2ac6c1276904b87404ed678dbabb985c.php 第 113 行.
NOTIC: [8] Use of undefined constant article_id - assumed 'article_id' D:\wamp\www\myblog\Application\Runtime\Cache\Home\2ac6c1276904b87404ed678dbabb985c.php 第 113 行.
NOTIC: [8] Use of undefined constant article_id - assumed 'article_id' D:\wamp\www\myblog\Application\Runtime\Cache\Home\2ac6c1276904b87404ed678dbabb985c.php 第 113 行.
NOTIC: [8] Use of undefined constant article_id - assumed 'article_id' D:\wamp\www\myblog\Application\Runtime\Cache\Home\2ac6c1276904b87404ed678dbabb985c.php 第 113 行.
NOTIC: [8] Use of undefined constant article_id - assumed 'article_id' D:\wamp\www\myblog\Application\Runtime\Cache\Home\2ac6c1276904b87404ed678dbabb985c.php 第 113 行.
INFO: Run Behavior\ParseTemplateBehavior [ RunTime:0.071774s ]
INFO: [ view_parse ] --END-- [ RunTime:0.071951s ]
INFO: [ view_filter ] --START--
INFO: Run Behavior\WriteHtmlCacheBehavior [ RunTime:0.000724s ]
INFO: [ view_filter ] --END-- [ RunTime:0.000844s ]
INFO: [ app_end ] --START--
INFO: Run Behavior\ShowPageTraceBehavior [ RunTime:0.000914s ]
INFO: [ app_end ] --END-- [ RunTime:0.001023s ]

[ 2016-04-08T11:16:52+08:00 ] 127.0.0.1 /myblog/index.php/Home/Article/theme/id/36.html
INFO: [ app_init ] --START--
INFO: Run Behavior\BuildLiteBehavior [ RunTime:0.000045s ]
INFO: [ app_init ] --END-- [ RunTime:0.000611s ]
INFO: [ app_begin ] --START--
INFO: Run Behavior\ReadHtmlCacheBehavior [ RunTime:0.000765s ]
INFO: [ app_begin ] --END-- [ RunTime:0.000906s ]
NOTIC: [2048] Declaration of Home\Controller\ArticleController::theme() should be compatible with that of Think\Controller::theme() D:\wamp\www\myblog\Application\Home\Controller\ArticleController.class.php 第 107 行.
SQL: SHOW COLUMNS FROM `myblog_article` [ RunTime:0.0133s ]
SQL: SHOW COLUMNS FROM `myblog_user` [ RunTime:0.0093s ]
SQL: SHOW COLUMNS FROM `myblog_nav` [ RunTime:0.0092s ]
SQL: SELECT * FROM `myblog_article` WHERE ( article_id=36 ) LIMIT 1   [ RunTime:0.0003s ]
SQL: SELECT `user` FROM `myblog_user` WHERE ( id=1 ) LIMIT 1   [ RunTime:0.0002s ]
SQL: SELECT `nav_name` FROM `myblog_nav` WHERE ( nav_id=6 ) LIMIT 1   [ RunTime:0.0002s ]
SQL: SHOW COLUMNS FROM `myblog_cmt` [ RunTime:0.0115s ]
SQL: SHOW COLUMNS FROM `myblog_collect` [ RunTime:0.0090s ]
SQL: SHOW COLUMNS FROM `myblog_like` [ RunTime:0.0070s ]
SQL: SHOW COLUMNS FROM `myblog_read` [ RunTime:0.0096s ]
SQL: SELECT * FROM `myblog_read` WHERE ( read_articleid=36 ) LIMIT 1   [ RunTime:0.0003s ]
SQL: UPDATE `myblog_read` SET `read_count`='1' WHERE ( read_articleid=36 ) [ RunTime:0.1219s ]
SQL: SELECT COUNT(*) AS tp_count FROM `myblog_like` WHERE ( like_articleid=36 ) LIMIT 1   [ RunTime:0.0003s ]
SQL: SELECT COUNT(*) AS tp_count FROM `myblog_collect` WHERE ( collect_articleid=36 ) LIMIT 1   [ RunTime:0.0002s ]
SQL: SELECT COUNT(*) AS tp_count FROM `myblog_cmt` WHERE ( cmt_articleid=36 ) LIMIT 1   [ RunTime:0.0002s ]
SQL: SHOW COLUMNS FROM `myblog_cmt` [ RunTime:0.0141s ]
SQL: SELECT * FROM `myblog_cmt` WHERE ( cmt_articleid=36 and cmt_pid=0 )  [ RunTime:0.0004s ]
INFO: [ view_parse ] --START--
INFO: [ template_filter ] --START--
INFO: Run Behavior\ContentReplaceBehavior [ RunTime:0.000173s ]
INFO: [ template_filter ] --END-- [ RunTime:0.000341s ]
INFO: Run Behavior\ParseTemplateBehavior [ RunTime:0.079151s ]
INFO: [ view_parse ] --END-- [ RunTime:0.079366s ]
INFO: [ view_filter ] --START--
INFO: Run Behavior\WriteHtmlCacheBehavior [ RunTime:0.000797s ]
INFO: [ view_filter ] --END-- [ RunTime:0.000930s ]
INFO: [ app_end ] --START--
INFO: Run Behavior\ShowPageTraceBehavior [ RunTime:0.000934s ]
INFO: [ app_end ] --END-- [ RunTime:0.001053s ]

[ 2016-04-08T19:21:09+08:00 ] 127.0.0.1 /myblog/
INFO: [ app_init ] --START--
INFO: Run Behavior\BuildLiteBehavior [ RunTime:0.000065s ]
INFO: [ app_init ] --END-- [ RunTime:0.031668s ]
INFO: [ app_begin ] --START--
INFO: Run Behavior\ReadHtmlCacheBehavior [ RunTime:0.027837s ]
INFO: [ app_begin ] --END-- [ RunTime:0.029125s ]
SQL: SHOW COLUMNS FROM `myblog_article` [ RunTime:0.0382s ]
SQL: SHOW COLUMNS FROM `myblog_nav` [ RunTime:0.0293s ]
SQL: SELECT * FROM `myblog_nav` WHERE ( nav_parentID=3 ) ORDER BY nav_id  [ RunTime:0.0010s ]
SQL: SELECT * FROM `myblog_article` WHERE ( article_navid = 4 )  [ RunTime:0.0006s ]
SQL: SELECT * FROM `myblog_nav` WHERE ( nav_parentID=4 ) ORDER BY nav_id  [ RunTime:0.0002s ]
SQL: SELECT * FROM `myblog_article` WHERE ( article_navid = 7 )  [ RunTime:0.0003s ]
SQL: SELECT * FROM `myblog_article` WHERE ( article_navid = 8 )  [ RunTime:0.0003s ]
SQL: SELECT * FROM `myblog_article` WHERE ( article_navid = 9 )  [ RunTime:0.0002s ]
SQL: SELECT * FROM `myblog_article` WHERE ( article_navid = 10 )  [ RunTime:0.0002s ]
SQL: SELECT * FROM `myblog_article` WHERE ( article_navid = 5 )  [ RunTime:0.0002s ]
SQL: SELECT * FROM `myblog_nav` WHERE ( nav_parentID=5 ) ORDER BY nav_id  [ RunTime:0.0004s ]
SQL: SELECT * FROM `myblog_article` WHERE ( article_navid = 11 )  [ RunTime:0.0009s ]
SQL: SELECT * FROM `myblog_article` WHERE ( article_navid = 12 )  [ RunTime:0.0008s ]
SQL: SELECT * FROM `myblog_article` WHERE ( article_navid = 13 )  [ RunTime:0.0005s ]
SQL: SELECT * FROM `myblog_article` WHERE ( article_navid = 6 )  [ RunTime:0.0009s ]
SQL: SELECT * FROM `myblog_nav` WHERE ( nav_parentID=6 ) ORDER BY nav_id  [ RunTime:0.0004s ]
SQL: SHOW COLUMNS FROM `myblog_user` [ RunTime:0.0314s ]
SQL: SHOW COLUMNS FROM `myblog_bbs` [ RunTime:0.0192s ]
SQL: SELECT COUNT(*) AS tp_count FROM `myblog_bbs` WHERE ( bbs_userid = '' ) LIMIT 1   [ RunTime:0.0005s ]
SQL: SHOW COLUMNS FROM `myblog_article` [ RunTime:0.0108s ]
SQL: SELECT COUNT(*) AS tp_count FROM `myblog_article` WHERE ( article_userid = '' ) LIMIT 1   [ RunTime:0.0004s ]
NOTIC: [8] Undefined variable: navList D:\wamp\www\myblog\Application\Home\Controller\IndexController.class.php 第 13 行.
INFO: [ view_parse ] --START--
INFO: [ template_filter ] --START--
INFO: Run Behavior\ContentReplaceBehavior [ RunTime:0.000311s ]
INFO: [ template_filter ] --END-- [ RunTime:0.000552s ]
NOTIC: [8] Use of undefined constant article_id - assumed 'article_id' D:\wamp\www\myblog\Application\Runtime\Cache\Home\2a94b8bda04ff446dcedd42276fc99ee.php 第 121 行.
NOTIC: [8] Use of undefined constant article_id - assumed 'article_id' D:\wamp\www\myblog\Application\Runtime\Cache\Home\2a94b8bda04ff446dcedd42276fc99ee.php 第 122 行.
NOTIC: [8] Use of undefined constant article_id - assumed 'article_id' D:\wamp\www\myblog\Application\Runtime\Cache\Home\2a94b8bda04ff446dcedd42276fc99ee.php 第 123 行.
NOTIC: [8] Use of undefined constant article_id - assumed 'article_id' D:\wamp\www\myblog\Application\Runtime\Cache\Home\2a94b8bda04ff446dcedd42276fc99ee.php 第 124 行.
NOTIC: [8] Use of undefined constant article_id - assumed 'article_id' D:\wamp\www\myblog\Application\Runtime\Cache\Home\2a94b8bda04ff446dcedd42276fc99ee.php 第 128 行.
NOTIC: [8] Use of undefined constant article_id - assumed 'article_id' D:\wamp\www\myblog\Application\Runtime\Cache\Home\2a94b8bda04ff446dcedd42276fc99ee.php 第 129 行.
NOTIC: [8] Use of undefined constant article_id - assumed 'article_id' D:\wamp\www\myblog\Application\Runtime\Cache\Home\2a94b8bda04ff446dcedd42276fc99ee.php 第 130 行.
NOTIC: [8] Use of undefined constant article_id - assumed 'article_id' D:\wamp\www\myblog\Application\Runtime\Cache\Home\2a94b8bda04ff446dcedd42276fc99ee.php 第 131 行.
NOTIC: [8] Use of undefined constant article_id - assumed 'article_id' D:\wamp\www\myblog\Application\Runtime\Cache\Home\2a94b8bda04ff446dcedd42276fc99ee.php 第 128 行.
NOTIC: [8] Use of undefined constant article_id - assumed 'article_id' D:\wamp\www\myblog\Application\Runtime\Cache\Home\2a94b8bda04ff446dcedd42276fc99ee.php 第 129 行.
NOTIC: [8] Use of undefined constant article_id - assumed 'article_id' D:\wamp\www\myblog\Application\Runtime\Cache\Home\2a94b8bda04ff446dcedd42276fc99ee.php 第 130 行.
NOTIC: [8] Use of undefined constant article_id - assumed 'article_id' D:\wamp\www\myblog\Application\Runtime\Cache\Home\2a94b8bda04ff446dcedd42276fc99ee.php 第 131 行.
NOTIC: [8] Use of undefined constant article_id - assumed 'article_id' D:\wamp\www\myblog\Application\Runtime\Cache\Home\2a94b8bda04ff446dcedd42276fc99ee.php 第 128 行.
NOTIC: [8] Use of undefined constant article_id - assumed 'article_id' D:\wamp\www\myblog\Application\Runtime\Cache\Home\2a94b8bda04ff446dcedd42276fc99ee.php 第 129 行.
NOTIC: [8] Use of undefined constant article_id - assumed 'article_id' D:\wamp\www\myblog\Application\Runtime\Cache\Home\2a94b8bda04ff446dcedd42276fc99ee.php 第 130 行.
NOTIC: [8] Use of undefined constant article_id - assumed 'article_id' D:\wamp\www\myblog\Application\Runtime\Cache\Home\2a94b8bda04ff446dcedd42276fc99ee.php 第 131 行.
NOTIC: [8] Use of undefined constant article_id - assumed 'article_id' D:\wamp\www\myblog\Application\Runtime\Cache\Home\2a94b8bda04ff446dcedd42276fc99ee.php 第 128 行.
NOTIC: [8] Use of undefined constant article_id - assumed 'article_id' D:\wamp\www\myblog\Application\Runtime\Cache\Home\2a94b8bda04ff446dcedd42276fc99ee.php 第 129 行.
NOTIC: [8] Use of undefined constant article_id - assumed 'article_id' D:\wamp\www\myblog\Application\Runtime\Cache\Home\2a94b8bda04ff446dcedd42276fc99ee.php 第 130 行.
NOTIC: [8] Use of undefined constant article_id - assumed 'article_id' D:\wamp\www\myblog\Application\Runtime\Cache\Home\2a94b8bda04ff446dcedd42276fc99ee.php 第 131 行.
NOTIC: [8] Use of undefined constant article_id - assumed 'article_id' D:\wamp\www\myblog\Application\Runtime\Cache\Home\2a94b8bda04ff446dcedd42276fc99ee.php 第 153 行.
NOTIC: [8] Use of undefined constant article_id - assumed 'article_id' D:\wamp\www\myblog\Application\Runtime\Cache\Home\2a94b8bda04ff446dcedd42276fc99ee.php 第 154 行.
NOTIC: [8] Use of undefined constant article_id - assumed 'article_id' D:\wamp\www\myblog\Application\Runtime\Cache\Home\2a94b8bda04ff446dcedd42276fc99ee.php 第 155 行.
NOTIC: [8] Use of undefined constant article_id - assumed 'article_id' D:\wamp\www\myblog\Application\Runtime\Cache\Home\2a94b8bda04ff446dcedd42276fc99ee.php 第 156 行.
INFO: Run Behavior\ParseTemplateBehavior [ RunTime:0.719332s ]
INFO: [ view_parse ] --END-- [ RunTime:0.719497s ]
INFO: [ view_filter ] --START--
INFO: Run Behavior\WriteHtmlCacheBehavior [ RunTime:0.032688s ]
INFO: [ view_filter ] --END-- [ RunTime:0.032868s ]
INFO: [ app_end ] --START--
INFO: Run Behavior\ShowPageTraceBehavior [ RunTime:0.012048s ]
INFO: [ app_end ] --END-- [ RunTime:0.012229s ]

[ 2016-04-08T19:22:47+08:00 ] 127.0.0.1 /myblog/index.php/Home/Login/sign.html
INFO: [ app_init ] --START--
INFO: Run Behavior\BuildLiteBehavior [ RunTime:0.000042s ]
INFO: [ app_init ] --END-- [ RunTime:0.000751s ]
INFO: [ app_begin ] --START--
INFO: Run Behavior\ReadHtmlCacheBehavior [ RunTime:0.001243s ]
INFO: [ app_begin ] --END-- [ RunTime:0.001448s ]
SQL: SHOW COLUMNS FROM `myblog_user` [ RunTime:0.0112s ]
SQL: SELECT * FROM `myblog_user` WHERE ( account='admin' ) LIMIT 1   [ RunTime:0.0005s ]

[ 2016-04-08T19:22:47+08:00 ] 127.0.0.1 /myblog/
INFO: [ app_init ] --START--
INFO: Run Behavior\BuildLiteBehavior [ RunTime:0.000026s ]
INFO: [ app_init ] --END-- [ RunTime:0.000479s ]
INFO: [ app_begin ] --START--
INFO: Run Behavior\ReadHtmlCacheBehavior [ RunTime:0.000753s ]
INFO: [ app_begin ] --END-- [ RunTime:0.000876s ]
SQL: SHOW COLUMNS FROM `myblog_article` [ RunTime:0.0121s ]
SQL: SHOW COLUMNS FROM `myblog_nav` [ RunTime:0.0092s ]
SQL: SELECT * FROM `myblog_nav` WHERE ( nav_parentID=3 ) ORDER BY nav_id  [ RunTime:0.0004s ]
SQL: SELECT * FROM `myblog_article` WHERE ( article_navid = 4 )  [ RunTime:0.0005s ]
SQL: SELECT * FROM `myblog_nav` WHERE ( nav_parentID=4 ) ORDER BY nav_id  [ RunTime:0.0003s ]
SQL: SELECT * FROM `myblog_article` WHERE ( article_navid = 7 )  [ RunTime:0.0005s ]
SQL: SELECT * FROM `myblog_article` WHERE ( article_navid = 8 )  [ RunTime:0.0003s ]
SQL: SELECT * FROM `myblog_article` WHERE ( article_navid = 9 )  [ RunTime:0.0003s ]
SQL: SELECT * FROM `myblog_article` WHERE ( article_navid = 10 )  [ RunTime:0.0003s ]
SQL: SELECT * FROM `myblog_article` WHERE ( article_navid = 5 )  [ RunTime:0.0002s ]
SQL: SELECT * FROM `myblog_nav` WHERE ( nav_parentID=5 ) ORDER BY nav_id  [ RunTime:0.0002s ]
SQL: SELECT * FROM `myblog_article` WHERE ( article_navid = 11 )  [ RunTime:0.0003s ]
SQL: SELECT * FROM `myblog_article` WHERE ( article_navid = 12 )  [ RunTime:0.0002s ]
SQL: SELECT * FROM `myblog_article` WHERE ( article_navid = 13 )  [ RunTime:0.0002s ]
SQL: SELECT * FROM `myblog_article` WHERE ( article_navid = 6 )  [ RunTime:0.0003s ]
SQL: SELECT * FROM `myblog_nav` WHERE ( nav_parentID=6 ) ORDER BY nav_id  [ RunTime:0.0002s ]
SQL: SHOW COLUMNS FROM `myblog_user` [ RunTime:0.0069s ]
SQL: SHOW COLUMNS FROM `myblog_bbs` [ RunTime:0.0100s ]
SQL: SELECT COUNT(*) AS tp_count FROM `myblog_bbs` WHERE ( bbs_userid = '1' ) LIMIT 1   [ RunTime:0.0003s ]
SQL: SHOW COLUMNS FROM `myblog_article` [ RunTime:0.0070s ]
SQL: SELECT COUNT(*) AS tp_count FROM `myblog_article` WHERE ( article_userid = '1' ) LIMIT 1   [ RunTime:0.0004s ]
NOTIC: [8] Undefined variable: navList D:\wamp\www\myblog\Application\Home\Controller\IndexController.class.php 第 13 行.
INFO: [ view_parse ] --START--
INFO: [ template_filter ] --START--
INFO: Run Behavior\ContentReplaceBehavior [ RunTime:0.000172s ]
INFO: [ template_filter ] --END-- [ RunTime:0.000303s ]
NOTIC: [8] Use of undefined constant article_id - assumed 'article_id' D:\wamp\www\myblog\Application\Runtime\Cache\Home\2a94b8bda04ff446dcedd42276fc99ee.php 第 121 行.
NOTIC: [8] Use of undefined constant article_id - assumed 'article_id' D:\wamp\www\myblog\Application\Runtime\Cache\Home\2a94b8bda04ff446dcedd42276fc99ee.php 第 122 行.
NOTIC: [8] Use of undefined constant article_id - assumed 'article_id' D:\wamp\www\myblog\Application\Runtime\Cache\Home\2a94b8bda04ff446dcedd42276fc99ee.php 第 123 行.
NOTIC: [8] Use of undefined constant article_id - assumed 'article_id' D:\wamp\www\myblog\Application\Runtime\Cache\Home\2a94b8bda04ff446dcedd42276fc99ee.php 第 124 行.
NOTIC: [8] Use of undefined constant article_id - assumed 'article_id' D:\wamp\www\myblog\Application\Runtime\Cache\Home\2a94b8bda04ff446dcedd42276fc99ee.php 第 128 行.
NOTIC: [8] Use of undefined constant article_id - assumed 'article_id' D:\wamp\www\myblog\Application\Runtime\Cache\Home\2a94b8bda04ff446dcedd42276fc99ee.php 第 129 行.
NOTIC: [8] Use of undefined constant article_id - assumed 'article_id' D:\wamp\www\myblog\Application\Runtime\Cache\Home\2a94b8bda04ff446dcedd42276fc99ee.php 第 130 行.
NOTIC: [8] Use of undefined constant article_id - assumed 'article_id' D:\wamp\www\myblog\Application\Runtime\Cache\Home\2a94b8bda04ff446dcedd42276fc99ee.php 第 131 行.
NOTIC: [8] Use of undefined constant article_id - assumed 'article_id' D:\wamp\www\myblog\Application\Runtime\Cache\Home\2a94b8bda04ff446dcedd42276fc99ee.php 第 128 行.
NOTIC: [8] Use of undefined constant article_id - assumed 'article_id' D:\wamp\www\myblog\Application\Runtime\Cache\Home\2a94b8bda04ff446dcedd42276fc99ee.php 第 129 行.
NOTIC: [8] Use of undefined constant article_id - assumed 'article_id' D:\wamp\www\myblog\Application\Runtime\Cache\Home\2a94b8bda04ff446dcedd42276fc99ee.php 第 130 行.
NOTIC: [8] Use of undefined constant article_id - assumed 'article_id' D:\wamp\www\myblog\Application\Runtime\Cache\Home\2a94b8bda04ff446dcedd42276fc99ee.php 第 131 行.
NOTIC: [8] Use of undefined constant article_id - assumed 'article_id' D:\wamp\www\myblog\Application\Runtime\Cache\Home\2a94b8bda04ff446dcedd42276fc99ee.php 第 128 行.
NOTIC: [8] Use of undefined constant article_id - assumed 'article_id' D:\wamp\www\myblog\Application\Runtime\Cache\Home\2a94b8bda04ff446dcedd42276fc99ee.php 第 129 行.
NOTIC: [8] Use of undefined constant article_id - assumed 'article_id' D:\wamp\www\myblog\Application\Runtime\Cache\Home\2a94b8bda04ff446dcedd42276fc99ee.php 第 130 行.
NOTIC: [8] Use of undefined constant article_id - assumed 'article_id' D:\wamp\www\myblog\Application\Runtime\Cache\Home\2a94b8bda04ff446dcedd42276fc99ee.php 第 131 行.
NOTIC: [8] Use of undefined constant article_id - assumed 'article_id' D:\wamp\www\myblog\Application\Runtime\Cache\Home\2a94b8bda04ff446dcedd42276fc99ee.php 第 128 行.
NOTIC: [8] Use of undefined constant article_id - assumed 'article_id' D:\wamp\www\myblog\Application\Runtime\Cache\Home\2a94b8bda04ff446dcedd42276fc99ee.php 第 129 行.
NOTIC: [8] Use of undefined constant article_id - assumed 'article_id' D:\wamp\www\myblog\Application\Runtime\Cache\Home\2a94b8bda04ff446dcedd42276fc99ee.php 第 130 行.
NOTIC: [8] Use of undefined constant article_id - assumed 'article_id' D:\wamp\www\myblog\Application\Runtime\Cache\Home\2a94b8bda04ff446dcedd42276fc99ee.php 第 131 行.
NOTIC: [8] Use of undefined constant article_id - assumed 'article_id' D:\wamp\www\myblog\Application\Runtime\Cache\Home\2a94b8bda04ff446dcedd42276fc99ee.php 第 153 行.
NOTIC: [8] Use of undefined constant article_id - assumed 'article_id' D:\wamp\www\myblog\Application\Runtime\Cache\Home\2a94b8bda04ff446dcedd42276fc99ee.php 第 154 行.
NOTIC: [8] Use of undefined constant article_id - assumed 'article_id' D:\wamp\www\myblog\Application\Runtime\Cache\Home\2a94b8bda04ff446dcedd42276fc99ee.php 第 155 行.
NOTIC: [8] Use of undefined constant article_id - assumed 'article_id' D:\wamp\www\myblog\Application\Runtime\Cache\Home\2a94b8bda04ff446dcedd42276fc99ee.php 第 156 行.
INFO: Run Behavior\ParseTemplateBehavior [ RunTime:0.112096s ]
INFO: [ view_parse ] --END-- [ RunTime:0.112265s ]
INFO: [ view_filter ] --START--
INFO: Run Behavior\WriteHtmlCacheBehavior [ RunTime:0.000608s ]
INFO: [ view_filter ] --END-- [ RunTime:0.000727s ]
INFO: [ app_end ] --START--
INFO: Run Behavior\ShowPageTraceBehavior [ RunTime:0.000756s ]
INFO: [ app_end ] --END-- [ RunTime:0.000902s ]

[ 2016-04-08T19:22:56+08:00 ] 127.0.0.1 /myblog/index.php/Home/Bbs/index.html
INFO: [ app_init ] --START--
INFO: Run Behavior\BuildLiteBehavior [ RunTime:0.000028s ]
INFO: [ app_init ] --END-- [ RunTime:0.000495s ]
INFO: [ app_begin ] --START--
INFO: Run Behavior\ReadHtmlCacheBehavior [ RunTime:0.000823s ]
INFO: [ app_begin ] --END-- [ RunTime:0.000962s ]
SQL: SHOW COLUMNS FROM `myblog_nav` [ RunTime:0.0114s ]
SQL: SELECT * FROM `myblog_nav` WHERE ( nav_parentID=0 ) ORDER BY nav_id  [ RunTime:0.0004s ]
SQL: SELECT * FROM `myblog_nav` WHERE ( nav_parentID=1 ) ORDER BY nav_id  [ RunTime:0.0003s ]
SQL: SELECT * FROM `myblog_nav` WHERE ( nav_parentID=2 ) ORDER BY nav_id  [ RunTime:0.0003s ]
SQL: SELECT * FROM `myblog_nav` WHERE ( nav_parentID=3 ) ORDER BY nav_id  [ RunTime:0.0003s ]
SQL: SHOW COLUMNS FROM `myblog_user` [ RunTime:0.0102s ]
SQL: SHOW COLUMNS FROM `myblog_bbs` [ RunTime:0.0094s ]
SQL: SELECT COUNT(*) AS tp_count FROM `myblog_bbs` WHERE ( bbs_userid = '1' ) LIMIT 1   [ RunTime:0.0004s ]
SQL: SHOW COLUMNS FROM `myblog_article` [ RunTime:0.0112s ]
SQL: SELECT COUNT(*) AS tp_count FROM `myblog_article` WHERE ( article_userid = '1' ) LIMIT 1   [ RunTime:0.0004s ]
SQL: SHOW COLUMNS FROM `myblog_bbs` [ RunTime:0.0068s ]
SQL: SELECT COUNT(*) AS tp_count FROM `myblog_bbs` LIMIT 1   [ RunTime:0.0003s ]
SQL: SELECT * FROM `myblog_bbs` ORDER BY bbs_id desc LIMIT 0,10   [ RunTime:0.0004s ]
INFO: [ view_parse ] --START--
INFO: [ template_filter ] --START--
INFO: Run Behavior\ContentReplaceBehavior [ RunTime:0.000131s ]
INFO: [ template_filter ] --END-- [ RunTime:0.000257s ]
INFO: Run Behavior\ParseTemplateBehavior [ RunTime:0.076705s ]
INFO: [ view_parse ] --END-- [ RunTime:0.076856s ]
INFO: [ view_filter ] --START--
INFO: Run Behavior\WriteHtmlCacheBehavior [ RunTime:0.000960s ]
INFO: [ view_filter ] --END-- [ RunTime:0.001129s ]
INFO: [ app_end ] --START--
INFO: Run Behavior\ShowPageTraceBehavior [ RunTime:0.000829s ]
INFO: [ app_end ] --END-- [ RunTime:0.000985s ]

[ 2016-04-08T19:23:01+08:00 ] 127.0.0.1 /myblog/index.php/Home/Article/index.html
INFO: [ app_init ] --START--
INFO: Run Behavior\BuildLiteBehavior [ RunTime:0.000025s ]
INFO: [ app_init ] --END-- [ RunTime:0.000473s ]
INFO: [ app_begin ] --START--
INFO: Run Behavior\ReadHtmlCacheBehavior [ RunTime:0.000788s ]
INFO: [ app_begin ] --END-- [ RunTime:0.000946s ]
NOTIC: [2048] Declaration of Home\Controller\ArticleController::theme() should be compatible with that of Think\Controller::theme() D:\wamp\www\myblog\Application\Home\Controller\ArticleController.class.php 第 107 行.
SQL: SHOW COLUMNS FROM `myblog_nav` [ RunTime:0.0124s ]
SQL: SELECT * FROM `myblog_nav` WHERE ( nav_id>3 ) ORDER BY nav_id  [ RunTime:0.0005s ]
SQL: SHOW COLUMNS FROM `myblog_article` [ RunTime:0.0096s ]
SQL: SELECT COUNT(*) AS tp_count FROM `myblog_article` LIMIT 1   [ RunTime:0.0003s ]
SQL: SELECT * FROM `myblog_article` ORDER BY article_id desc LIMIT 0,10   [ RunTime:0.0004s ]
SQL: SHOW COLUMNS FROM `myblog_user` [ RunTime:0.0097s ]
SQL: SELECT `user` FROM `myblog_user` WHERE ( id=1 ) LIMIT 1   [ RunTime:0.0003s ]
SQL: SHOW COLUMNS FROM `myblog_cmt` [ RunTime:0.0091s ]
SQL: SELECT COUNT(*) AS tp_count FROM `myblog_cmt` WHERE ( cmt_articleid=36 ) LIMIT 1   [ RunTime:0.0004s ]
SQL: SHOW COLUMNS FROM `myblog_like` [ RunTime:0.0114s ]
SQL: SELECT COUNT(*) AS tp_count FROM `myblog_like` WHERE ( like_articleid=36 ) LIMIT 1   [ RunTime:0.0003s ]
SQL: SHOW COLUMNS FROM `myblog_read` [ RunTime:0.0095s ]
SQL: SELECT `read_count` FROM `myblog_read` WHERE ( read_articleid=36 ) LIMIT 1   [ RunTime:0.0004s ]
SQL: SELECT `user` FROM `myblog_user` WHERE ( id=1 ) LIMIT 1   [ RunTime:0.0002s ]
SQL: SELECT COUNT(*) AS tp_count FROM `myblog_cmt` WHERE ( cmt_articleid=35 ) LIMIT 1   [ RunTime:0.0002s ]
SQL: SELECT COUNT(*) AS tp_count FROM `myblog_like` WHERE ( like_articleid=35 ) LIMIT 1   [ RunTime:0.0002s ]
SQL: SELECT `read_count` FROM `myblog_read` WHERE ( read_articleid=35 ) LIMIT 1   [ RunTime:0.0002s ]
SQL: SELECT `user` FROM `myblog_user` WHERE ( id=1 ) LIMIT 1   [ RunTime:0.0002s ]
SQL: SELECT COUNT(*) AS tp_count FROM `myblog_cmt` WHERE ( cmt_articleid=34 ) LIMIT 1   [ RunTime:0.0002s ]
SQL: SELECT COUNT(*) AS tp_count FROM `myblog_like` WHERE ( like_articleid=34 ) LIMIT 1   [ RunTime:0.0002s ]
SQL: SELECT `read_count` FROM `myblog_read` WHERE ( read_articleid=34 ) LIMIT 1   [ RunTime:0.0002s ]
SQL: SELECT `user` FROM `myblog_user` WHERE ( id=1 ) LIMIT 1   [ RunTime:0.0002s ]
SQL: SELECT COUNT(*) AS tp_count FROM `myblog_cmt` WHERE ( cmt_articleid=33 ) LIMIT 1   [ RunTime:0.0002s ]
SQL: SELECT COUNT(*) AS tp_count FROM `myblog_like` WHERE ( like_articleid=33 ) LIMIT 1   [ RunTime:0.0002s ]
SQL: SELECT `read_count` FROM `myblog_read` WHERE ( read_articleid=33 ) LIMIT 1   [ RunTime:0.0002s ]
SQL: SELECT `user` FROM `myblog_user` WHERE ( id=2 ) LIMIT 1   [ RunTime:0.0002s ]
SQL: SELECT COUNT(*) AS tp_count FROM `myblog_cmt` WHERE ( cmt_articleid=32 ) LIMIT 1   [ RunTime:0.0002s ]
SQL: SELECT COUNT(*) AS tp_count FROM `myblog_like` WHERE ( like_articleid=32 ) LIMIT 1   [ RunTime:0.0002s ]
SQL: SELECT `read_count` FROM `myblog_read` WHERE ( read_articleid=32 ) LIMIT 1   [ RunTime:0.0002s ]
SQL: SELECT `user` FROM `myblog_user` WHERE ( id=1 ) LIMIT 1   [ RunTime:0.0002s ]
SQL: SELECT COUNT(*) AS tp_count FROM `myblog_cmt` WHERE ( cmt_articleid=31 ) LIMIT 1   [ RunTime:0.0002s ]
SQL: SELECT COUNT(*) AS tp_count FROM `myblog_like` WHERE ( like_articleid=31 ) LIMIT 1   [ RunTime:0.0002s ]
SQL: SELECT `read_count` FROM `myblog_read` WHERE ( read_articleid=31 ) LIMIT 1   [ RunTime:0.0002s ]
SQL: SELECT `user` FROM `myblog_user` WHERE ( id=1 ) LIMIT 1   [ RunTime:0.0002s ]
SQL: SELECT COUNT(*) AS tp_count FROM `myblog_cmt` WHERE ( cmt_articleid=30 ) LIMIT 1   [ RunTime:0.0002s ]
SQL: SELECT COUNT(*) AS tp_count FROM `myblog_like` WHERE ( like_articleid=30 ) LIMIT 1   [ RunTime:0.0002s ]
SQL: SELECT `read_count` FROM `myblog_read` WHERE ( read_articleid=30 ) LIMIT 1   [ RunTime:0.0002s ]
SQL: SELECT `user` FROM `myblog_user` WHERE ( id=1 ) LIMIT 1   [ RunTime:0.0002s ]
SQL: SELECT COUNT(*) AS tp_count FROM `myblog_cmt` WHERE ( cmt_articleid=29 ) LIMIT 1   [ RunTime:0.0002s ]
SQL: SELECT COUNT(*) AS tp_count FROM `myblog_like` WHERE ( like_articleid=29 ) LIMIT 1   [ RunTime:0.0002s ]
SQL: SELECT `read_count` FROM `myblog_read` WHERE ( read_articleid=29 ) LIMIT 1   [ RunTime:0.0002s ]
SQL: SELECT `user` FROM `myblog_user` WHERE ( id=1 ) LIMIT 1   [ RunTime:0.0002s ]
SQL: SELECT COUNT(*) AS tp_count FROM `myblog_cmt` WHERE ( cmt_articleid=28 ) LIMIT 1   [ RunTime:0.0002s ]
SQL: SELECT COUNT(*) AS tp_count FROM `myblog_like` WHERE ( like_articleid=28 ) LIMIT 1   [ RunTime:0.0002s ]
SQL: SELECT `read_count` FROM `myblog_read` WHERE ( read_articleid=28 ) LIMIT 1   [ RunTime:0.0002s ]
SQL: SELECT `user` FROM `myblog_user` WHERE ( id=1 ) LIMIT 1   [ RunTime:0.0002s ]
SQL: SELECT COUNT(*) AS tp_count FROM `myblog_cmt` WHERE ( cmt_articleid=27 ) LIMIT 1   [ RunTime:0.0002s ]
SQL: SELECT COUNT(*) AS tp_count FROM `myblog_like` WHERE ( like_articleid=27 ) LIMIT 1   [ RunTime:0.0002s ]
SQL: SELECT `read_count` FROM `myblog_read` WHERE ( read_articleid=27 ) LIMIT 1   [ RunTime:0.0002s ]
INFO: [ view_parse ] --START--
INFO: [ template_filter ] --START--
INFO: Run Behavior\ContentReplaceBehavior [ RunTime:0.000147s ]
INFO: [ template_filter ] --END-- [ RunTime:0.000289s ]
NOTIC: [8] Use of undefined constant article_id - assumed 'article_id' D:\wamp\www\myblog\Application\Runtime\Cache\Home\2ac6c1276904b87404ed678dbabb985c.php 第 113 行.
NOTIC: [8] Use of undefined constant article_id - assumed 'article_id' D:\wamp\www\myblog\Application\Runtime\Cache\Home\2ac6c1276904b87404ed678dbabb985c.php 第 113 行.
NOTIC: [8] Use of undefined constant article_id - assumed 'article_id' D:\wamp\www\myblog\Application\Runtime\Cache\Home\2ac6c1276904b87404ed678dbabb985c.php 第 113 行.
NOTIC: [8] Use of undefined constant article_id - assumed 'article_id' D:\wamp\www\myblog\Application\Runtime\Cache\Home\2ac6c1276904b87404ed678dbabb985c.php 第 113 行.
NOTIC: [8] Use of undefined constant article_id - assumed 'article_id' D:\wamp\www\myblog\Application\Runtime\Cache\Home\2ac6c1276904b87404ed678dbabb985c.php 第 113 行.
NOTIC: [8] Use of undefined constant article_id - assumed 'article_id' D:\wamp\www\myblog\Application\Runtime\Cache\Home\2ac6c1276904b87404ed678dbabb985c.php 第 113 行.
NOTIC: [8] Use of undefined constant article_id - assumed 'article_id' D:\wamp\www\myblog\Application\Runtime\Cache\Home\2ac6c1276904b87404ed678dbabb985c.php 第 113 行.
NOTIC: [8] Use of undefined constant article_id - assumed 'article_id' D:\wamp\www\myblog\Application\Runtime\Cache\Home\2ac6c1276904b87404ed678dbabb985c.php 第 113 行.
NOTIC: [8] Use of undefined constant article_id - assumed 'article_id' D:\wamp\www\myblog\Application\Runtime\Cache\Home\2ac6c1276904b87404ed678dbabb985c.php 第 113 行.
NOTIC: [8] Use of undefined constant article_id - assumed 'article_id' D:\wamp\www\myblog\Application\Runtime\Cache\Home\2ac6c1276904b87404ed678dbabb985c.php 第 113 行.
INFO: Run Behavior\ParseTemplateBehavior [ RunTime:0.083833s ]
INFO: [ view_parse ] --END-- [ RunTime:0.083990s ]
INFO: [ view_filter ] --START--
INFO: Run Behavior\WriteHtmlCacheBehavior [ RunTime:0.000751s ]
INFO: [ view_filter ] --END-- [ RunTime:0.000886s ]
INFO: [ app_end ] --START--
INFO: Run Behavior\ShowPageTraceBehavior [ RunTime:0.001215s ]
INFO: [ app_end ] --END-- [ RunTime:0.001473s ]

