[ 2016-04-11T10:51:53+08:00 ] 127.0.0.1 /myblog/
INFO: [ app_init ] --START--
INFO: Run Behavior\BuildLiteBehavior [ RunTime:0.000043s ]
INFO: [ app_init ] --END-- [ RunTime:0.009586s ]
INFO: [ app_begin ] --START--
INFO: Run Behavior\ReadHtmlCacheBehavior [ RunTime:0.015070s ]
INFO: [ app_begin ] --END-- [ RunTime:0.015242s ]
SQL: SHOW COLUMNS FROM `myblog_article` [ RunTime:0.0769s ]
SQL: SHOW COLUMNS FROM `myblog_nav` [ RunTime:0.0388s ]
SQL: SELECT * FROM `myblog_nav` WHERE ( nav_parentID=3 ) ORDER BY nav_id  [ RunTime:0.0009s ]
SQL: SELECT * FROM `myblog_article` WHERE ( article_navid = 4 )  [ RunTime:0.0150s ]
SQL: SELECT * FROM `myblog_nav` WHERE ( nav_parentID=4 ) ORDER BY nav_id  [ RunTime:0.0004s ]
SQL: SELECT * FROM `myblog_article` WHERE ( article_navid = 7 )  [ RunTime:0.0004s ]
SQL: SELECT * FROM `myblog_article` WHERE ( article_navid = 8 )  [ RunTime:0.0004s ]
SQL: SELECT * FROM `myblog_article` WHERE ( article_navid = 9 )  [ RunTime:0.0004s ]
SQL: SELECT * FROM `myblog_article` WHERE ( article_navid = 10 )  [ RunTime:0.0003s ]
SQL: SELECT * FROM `myblog_article` WHERE ( article_navid = 5 )  [ RunTime:0.0004s ]
SQL: SELECT * FROM `myblog_nav` WHERE ( nav_parentID=5 ) ORDER BY nav_id  [ RunTime:0.0003s ]
SQL: SELECT * FROM `myblog_article` WHERE ( article_navid = 11 )  [ RunTime:0.0003s ]
SQL: SELECT * FROM `myblog_article` WHERE ( article_navid = 12 )  [ RunTime:0.0002s ]
SQL: SELECT * FROM `myblog_article` WHERE ( article_navid = 13 )  [ RunTime:0.0003s ]
SQL: SELECT * FROM `myblog_article` WHERE ( article_navid = 6 )  [ RunTime:0.0004s ]
SQL: SELECT * FROM `myblog_nav` WHERE ( nav_parentID=6 ) ORDER BY nav_id  [ RunTime:0.0003s ]
SQL: SHOW COLUMNS FROM `myblog_read` [ RunTime:0.0359s ]
SQL: SELECT * FROM `myblog_read` ORDER BY read_count desc LIMIT 5   [ RunTime:0.0005s ]
SQL: SHOW COLUMNS FROM `myblog_article` [ RunTime:0.0100s ]
SQL: SELECT `article_title` FROM `myblog_article` WHERE ( article_id=46 ) LIMIT 1   [ RunTime:0.0003s ]
SQL: SELECT `article_title` FROM `myblog_article` WHERE ( article_id=33 ) LIMIT 1   [ RunTime:0.0003s ]
SQL: SELECT `article_title` FROM `myblog_article` WHERE ( article_id=3 ) LIMIT 1   [ RunTime:0.0002s ]
SQL: SELECT `article_title` FROM `myblog_article` WHERE ( article_id=27 ) LIMIT 1   [ RunTime:0.0002s ]
SQL: SELECT `article_title` FROM `myblog_article` WHERE ( article_id=1 ) LIMIT 1   [ RunTime:0.0003s ]
SQL: SHOW COLUMNS FROM `myblog_user` [ RunTime:0.0412s ]
SQL: SHOW COLUMNS FROM `myblog_bbs` [ RunTime:0.0396s ]
SQL: SELECT COUNT(*) AS tp_count FROM `myblog_bbs` WHERE ( bbs_userid = '' ) LIMIT 1   [ RunTime:0.0004s ]
SQL: SELECT COUNT(*) AS tp_count FROM `myblog_article` WHERE ( article_userid = '' ) LIMIT 1   [ RunTime:0.0003s ]
NOTIC: [8] Undefined variable: navList D:\wamp\www\myblog\Application\Home\Controller\IndexController.class.php 第 21 行.
INFO: [ view_parse ] --START--
INFO: [ template_filter ] --START--
INFO: Run Behavior\ContentReplaceBehavior [ RunTime:0.000176s ]
INFO: [ template_filter ] --END-- [ RunTime:0.000315s ]
NOTIC: [8] Use of undefined constant article_id - assumed 'article_id' D:\wamp\www\myblog\Application\Runtime\Cache\Home\2a94b8bda04ff446dcedd42276fc99ee.php 第 120 行.
NOTIC: [8] Use of undefined constant article_id - assumed 'article_id' D:\wamp\www\myblog\Application\Runtime\Cache\Home\2a94b8bda04ff446dcedd42276fc99ee.php 第 121 行.
NOTIC: [8] Use of undefined constant article_id - assumed 'article_id' D:\wamp\www\myblog\Application\Runtime\Cache\Home\2a94b8bda04ff446dcedd42276fc99ee.php 第 122 行.
NOTIC: [8] Use of undefined constant article_id - assumed 'article_id' D:\wamp\www\myblog\Application\Runtime\Cache\Home\2a94b8bda04ff446dcedd42276fc99ee.php 第 123 行.
NOTIC: [8] Use of undefined constant article_id - assumed 'article_id' D:\wamp\www\myblog\Application\Runtime\Cache\Home\2a94b8bda04ff446dcedd42276fc99ee.php 第 127 行.
NOTIC: [8] Use of undefined constant article_id - assumed 'article_id' D:\wamp\www\myblog\Application\Runtime\Cache\Home\2a94b8bda04ff446dcedd42276fc99ee.php 第 128 行.
NOTIC: [8] Use of undefined constant article_id - assumed 'article_id' D:\wamp\www\myblog\Application\Runtime\Cache\Home\2a94b8bda04ff446dcedd42276fc99ee.php 第 129 行.
NOTIC: [8] Use of undefined constant article_id - assumed 'article_id' D:\wamp\www\myblog\Application\Runtime\Cache\Home\2a94b8bda04ff446dcedd42276fc99ee.php 第 130 行.
NOTIC: [8] Use of undefined constant article_id - assumed 'article_id' D:\wamp\www\myblog\Application\Runtime\Cache\Home\2a94b8bda04ff446dcedd42276fc99ee.php 第 127 行.
NOTIC: [8] Use of undefined constant article_id - assumed 'article_id' D:\wamp\www\myblog\Application\Runtime\Cache\Home\2a94b8bda04ff446dcedd42276fc99ee.php 第 128 行.
NOTIC: [8] Use of undefined constant article_id - assumed 'article_id' D:\wamp\www\myblog\Application\Runtime\Cache\Home\2a94b8bda04ff446dcedd42276fc99ee.php 第 129 行.
NOTIC: [8] Use of undefined constant article_id - assumed 'article_id' D:\wamp\www\myblog\Application\Runtime\Cache\Home\2a94b8bda04ff446dcedd42276fc99ee.php 第 130 行.
NOTIC: [8] Use of undefined constant article_id - assumed 'article_id' D:\wamp\www\myblog\Application\Runtime\Cache\Home\2a94b8bda04ff446dcedd42276fc99ee.php 第 127 行.
NOTIC: [8] Use of undefined constant article_id - assumed 'article_id' D:\wamp\www\myblog\Application\Runtime\Cache\Home\2a94b8bda04ff446dcedd42276fc99ee.php 第 128 行.
NOTIC: [8] Use of undefined constant article_id - assumed 'article_id' D:\wamp\www\myblog\Application\Runtime\Cache\Home\2a94b8bda04ff446dcedd42276fc99ee.php 第 129 行.
NOTIC: [8] Use of undefined constant article_id - assumed 'article_id' D:\wamp\www\myblog\Application\Runtime\Cache\Home\2a94b8bda04ff446dcedd42276fc99ee.php 第 130 行.
NOTIC: [8] Use of undefined constant article_id - assumed 'article_id' D:\wamp\www\myblog\Application\Runtime\Cache\Home\2a94b8bda04ff446dcedd42276fc99ee.php 第 127 行.
NOTIC: [8] Use of undefined constant article_id - assumed 'article_id' D:\wamp\www\myblog\Application\Runtime\Cache\Home\2a94b8bda04ff446dcedd42276fc99ee.php 第 128 行.
NOTIC: [8] Use of undefined constant article_id - assumed 'article_id' D:\wamp\www\myblog\Application\Runtime\Cache\Home\2a94b8bda04ff446dcedd42276fc99ee.php 第 129 行.
NOTIC: [8] Use of undefined constant article_id - assumed 'article_id' D:\wamp\www\myblog\Application\Runtime\Cache\Home\2a94b8bda04ff446dcedd42276fc99ee.php 第 130 行.
NOTIC: [8] Use of undefined constant article_id - assumed 'article_id' D:\wamp\www\myblog\Application\Runtime\Cache\Home\2a94b8bda04ff446dcedd42276fc99ee.php 第 152 行.
NOTIC: [8] Use of undefined constant article_id - assumed 'article_id' D:\wamp\www\myblog\Application\Runtime\Cache\Home\2a94b8bda04ff446dcedd42276fc99ee.php 第 153 行.
NOTIC: [8] Use of undefined constant article_id - assumed 'article_id' D:\wamp\www\myblog\Application\Runtime\Cache\Home\2a94b8bda04ff446dcedd42276fc99ee.php 第 154 行.
NOTIC: [8] Use of undefined constant article_id - assumed 'article_id' D:\wamp\www\myblog\Application\Runtime\Cache\Home\2a94b8bda04ff446dcedd42276fc99ee.php 第 155 行.
NOTIC: [8] Use of undefined constant read_articleid - assumed 'read_articleid' D:\wamp\www\myblog\Application\Runtime\Cache\Home\2a94b8bda04ff446dcedd42276fc99ee.php 第 195 行.
NOTIC: [8] Use of undefined constant read_articleid - assumed 'read_articleid' D:\wamp\www\myblog\Application\Runtime\Cache\Home\2a94b8bda04ff446dcedd42276fc99ee.php 第 195 行.
NOTIC: [8] Use of undefined constant read_articleid - assumed 'read_articleid' D:\wamp\www\myblog\Application\Runtime\Cache\Home\2a94b8bda04ff446dcedd42276fc99ee.php 第 195 行.
NOTIC: [8] Use of undefined constant read_articleid - assumed 'read_articleid' D:\wamp\www\myblog\Application\Runtime\Cache\Home\2a94b8bda04ff446dcedd42276fc99ee.php 第 195 行.
NOTIC: [8] Use of undefined constant read_articleid - assumed 'read_articleid' D:\wamp\www\myblog\Application\Runtime\Cache\Home\2a94b8bda04ff446dcedd42276fc99ee.php 第 195 行.
INFO: Run Behavior\ParseTemplateBehavior [ RunTime:0.350022s ]
INFO: [ view_parse ] --END-- [ RunTime:0.350159s ]
INFO: [ view_filter ] --START--
INFO: Run Behavior\WriteHtmlCacheBehavior [ RunTime:0.022114s ]
INFO: [ view_filter ] --END-- [ RunTime:0.022257s ]
INFO: [ app_end ] --START--
INFO: Run Behavior\ShowPageTraceBehavior [ RunTime:0.008640s ]
INFO: [ app_end ] --END-- [ RunTime:0.008778s ]

[ 2016-04-11T10:52:04+08:00 ] 127.0.0.1 /myblog/index.php/Home/Article/index.html
INFO: [ app_init ] --START--
INFO: Run Behavior\BuildLiteBehavior [ RunTime:0.000028s ]
INFO: [ app_init ] --END-- [ RunTime:0.000580s ]
INFO: [ app_begin ] --START--
INFO: Run Behavior\ReadHtmlCacheBehavior [ RunTime:0.000678s ]
INFO: [ app_begin ] --END-- [ RunTime:0.000827s ]
NOTIC: [2048] Declaration of Home\Controller\ArticleController::theme() should be compatible with that of Think\Controller::theme() D:\wamp\www\myblog\Application\Home\Controller\ArticleController.class.php 第 111 行.
SQL: SHOW COLUMNS FROM `myblog_nav` [ RunTime:0.0154s ]
SQL: SELECT * FROM `myblog_nav` WHERE ( nav_id>3 ) ORDER BY nav_id  [ RunTime:0.0004s ]
SQL: SHOW COLUMNS FROM `myblog_article` [ RunTime:0.0115s ]
SQL: SELECT COUNT(*) AS tp_count FROM `myblog_article` LIMIT 1   [ RunTime:0.0004s ]
SQL: SELECT * FROM `myblog_article` ORDER BY article_id desc LIMIT 0,10   [ RunTime:0.0005s ]
SQL: SHOW COLUMNS FROM `myblog_user` [ RunTime:0.0144s ]
SQL: SELECT `user` FROM `myblog_user` WHERE ( id=1 ) LIMIT 1   [ RunTime:0.0003s ]
SQL: SHOW COLUMNS FROM `myblog_cmt` [ RunTime:0.0380s ]
SQL: SELECT COUNT(*) AS tp_count FROM `myblog_cmt` WHERE ( cmt_articleid=50 ) LIMIT 1   [ RunTime:0.0005s ]
SQL: SHOW COLUMNS FROM `myblog_like` [ RunTime:0.0452s ]
SQL: SELECT COUNT(*) AS tp_count FROM `myblog_like` WHERE ( like_articleid=50 ) LIMIT 1   [ RunTime:0.0003s ]
SQL: SHOW COLUMNS FROM `myblog_read` [ RunTime:0.0162s ]
SQL: SELECT `read_count` FROM `myblog_read` WHERE ( read_articleid=50 ) LIMIT 1   [ RunTime:0.0004s ]
SQL: SELECT `user` FROM `myblog_user` WHERE ( id=1 ) LIMIT 1   [ RunTime:0.0003s ]
SQL: SELECT COUNT(*) AS tp_count FROM `myblog_cmt` WHERE ( cmt_articleid=49 ) LIMIT 1   [ RunTime:0.0003s ]
SQL: SELECT COUNT(*) AS tp_count FROM `myblog_like` WHERE ( like_articleid=49 ) LIMIT 1   [ RunTime:0.0003s ]
SQL: SELECT `read_count` FROM `myblog_read` WHERE ( read_articleid=49 ) LIMIT 1   [ RunTime:0.0003s ]
SQL: SELECT `user` FROM `myblog_user` WHERE ( id=1 ) LIMIT 1   [ RunTime:0.0003s ]
SQL: SELECT COUNT(*) AS tp_count FROM `myblog_cmt` WHERE ( cmt_articleid=48 ) LIMIT 1   [ RunTime:0.0005s ]
SQL: SELECT COUNT(*) AS tp_count FROM `myblog_like` WHERE ( like_articleid=48 ) LIMIT 1   [ RunTime:0.0003s ]
SQL: SELECT `read_count` FROM `myblog_read` WHERE ( read_articleid=48 ) LIMIT 1   [ RunTime:0.0003s ]
SQL: SELECT `user` FROM `myblog_user` WHERE ( id=1 ) LIMIT 1   [ RunTime:0.0003s ]
SQL: SELECT COUNT(*) AS tp_count FROM `myblog_cmt` WHERE ( cmt_articleid=47 ) LIMIT 1   [ RunTime:0.0004s ]
SQL: SELECT COUNT(*) AS tp_count FROM `myblog_like` WHERE ( like_articleid=47 ) LIMIT 1   [ RunTime:0.0003s ]
SQL: SELECT `read_count` FROM `myblog_read` WHERE ( read_articleid=47 ) LIMIT 1   [ RunTime:0.0003s ]
SQL: SELECT `user` FROM `myblog_user` WHERE ( id=1 ) LIMIT 1   [ RunTime:0.0003s ]
SQL: SELECT COUNT(*) AS tp_count FROM `myblog_cmt` WHERE ( cmt_articleid=46 ) LIMIT 1   [ RunTime:0.0003s ]
SQL: SELECT COUNT(*) AS tp_count FROM `myblog_like` WHERE ( like_articleid=46 ) LIMIT 1   [ RunTime:0.0003s ]
SQL: SELECT `read_count` FROM `myblog_read` WHERE ( read_articleid=46 ) LIMIT 1   [ RunTime:0.0003s ]
SQL: SELECT `user` FROM `myblog_user` WHERE ( id=1 ) LIMIT 1   [ RunTime:0.0003s ]
SQL: SELECT COUNT(*) AS tp_count FROM `myblog_cmt` WHERE ( cmt_articleid=45 ) LIMIT 1   [ RunTime:0.0004s ]
SQL: SELECT COUNT(*) AS tp_count FROM `myblog_like` WHERE ( like_articleid=45 ) LIMIT 1   [ RunTime:0.0003s ]
SQL: SELECT `read_count` FROM `myblog_read` WHERE ( read_articleid=45 ) LIMIT 1   [ RunTime:0.0003s ]
SQL: SELECT `user` FROM `myblog_user` WHERE ( id=1 ) LIMIT 1   [ RunTime:0.0005s ]
SQL: SELECT COUNT(*) AS tp_count FROM `myblog_cmt` WHERE ( cmt_articleid=44 ) LIMIT 1   [ RunTime:0.0004s ]
SQL: SELECT COUNT(*) AS tp_count FROM `myblog_like` WHERE ( like_articleid=44 ) LIMIT 1   [ RunTime:0.0004s ]
SQL: SELECT `read_count` FROM `myblog_read` WHERE ( read_articleid=44 ) LIMIT 1   [ RunTime:0.0003s ]
SQL: SELECT `user` FROM `myblog_user` WHERE ( id=1 ) LIMIT 1   [ RunTime:0.0003s ]
SQL: SELECT COUNT(*) AS tp_count FROM `myblog_cmt` WHERE ( cmt_articleid=43 ) LIMIT 1   [ RunTime:0.0003s ]
SQL: SELECT COUNT(*) AS tp_count FROM `myblog_like` WHERE ( like_articleid=43 ) LIMIT 1   [ RunTime:0.0003s ]
SQL: SELECT `read_count` FROM `myblog_read` WHERE ( read_articleid=43 ) LIMIT 1   [ RunTime:0.0002s ]
SQL: SELECT `user` FROM `myblog_user` WHERE ( id=1 ) LIMIT 1   [ RunTime:0.0003s ]
SQL: SELECT COUNT(*) AS tp_count FROM `myblog_cmt` WHERE ( cmt_articleid=42 ) LIMIT 1   [ RunTime:0.0003s ]
SQL: SELECT COUNT(*) AS tp_count FROM `myblog_like` WHERE ( like_articleid=42 ) LIMIT 1   [ RunTime:0.0004s ]
SQL: SELECT `read_count` FROM `myblog_read` WHERE ( read_articleid=42 ) LIMIT 1   [ RunTime:0.0004s ]
SQL: SELECT `user` FROM `myblog_user` WHERE ( id=1 ) LIMIT 1   [ RunTime:0.0004s ]
SQL: SELECT COUNT(*) AS tp_count FROM `myblog_cmt` WHERE ( cmt_articleid=41 ) LIMIT 1   [ RunTime:0.0004s ]
SQL: SELECT COUNT(*) AS tp_count FROM `myblog_like` WHERE ( like_articleid=41 ) LIMIT 1   [ RunTime:0.0003s ]
SQL: SELECT `read_count` FROM `myblog_read` WHERE ( read_articleid=41 ) LIMIT 1   [ RunTime:0.0003s ]
SQL: SELECT * FROM `myblog_read` ORDER BY read_count desc LIMIT 5   [ RunTime:0.0004s ]
SQL: SHOW COLUMNS FROM `myblog_article` [ RunTime:0.0178s ]
SQL: SELECT `article_title` FROM `myblog_article` WHERE ( article_id=46 ) LIMIT 1   [ RunTime:0.0003s ]
SQL: SELECT `article_title` FROM `myblog_article` WHERE ( article_id=33 ) LIMIT 1   [ RunTime:0.0005s ]
SQL: SELECT `article_title` FROM `myblog_article` WHERE ( article_id=3 ) LIMIT 1   [ RunTime:0.0003s ]
SQL: SELECT `article_title` FROM `myblog_article` WHERE ( article_id=27 ) LIMIT 1   [ RunTime:0.0003s ]
SQL: SELECT `article_title` FROM `myblog_article` WHERE ( article_id=1 ) LIMIT 1   [ RunTime:0.0003s ]
INFO: [ view_parse ] --START--
INFO: [ template_filter ] --START--
INFO: Run Behavior\ContentReplaceBehavior [ RunTime:0.000150s ]
INFO: [ template_filter ] --END-- [ RunTime:0.000289s ]
NOTIC: [8] Use of undefined constant article_id - assumed 'article_id' D:\wamp\www\myblog\Application\Runtime\Cache\Home\2ac6c1276904b87404ed678dbabb985c.php 第 112 行.
NOTIC: [8] Use of undefined constant article_id - assumed 'article_id' D:\wamp\www\myblog\Application\Runtime\Cache\Home\2ac6c1276904b87404ed678dbabb985c.php 第 112 行.
NOTIC: [8] Use of undefined constant article_id - assumed 'article_id' D:\wamp\www\myblog\Application\Runtime\Cache\Home\2ac6c1276904b87404ed678dbabb985c.php 第 112 行.
NOTIC: [8] Use of undefined constant article_id - assumed 'article_id' D:\wamp\www\myblog\Application\Runtime\Cache\Home\2ac6c1276904b87404ed678dbabb985c.php 第 112 行.
NOTIC: [8] Use of undefined constant article_id - assumed 'article_id' D:\wamp\www\myblog\Application\Runtime\Cache\Home\2ac6c1276904b87404ed678dbabb985c.php 第 112 行.
NOTIC: [8] Use of undefined constant article_id - assumed 'article_id' D:\wamp\www\myblog\Application\Runtime\Cache\Home\2ac6c1276904b87404ed678dbabb985c.php 第 112 行.
NOTIC: [8] Use of undefined constant article_id - assumed 'article_id' D:\wamp\www\myblog\Application\Runtime\Cache\Home\2ac6c1276904b87404ed678dbabb985c.php 第 112 行.
NOTIC: [8] Use of undefined constant article_id - assumed 'article_id' D:\wamp\www\myblog\Application\Runtime\Cache\Home\2ac6c1276904b87404ed678dbabb985c.php 第 112 行.
NOTIC: [8] Use of undefined constant article_id - assumed 'article_id' D:\wamp\www\myblog\Application\Runtime\Cache\Home\2ac6c1276904b87404ed678dbabb985c.php 第 112 行.
NOTIC: [8] Use of undefined constant article_id - assumed 'article_id' D:\wamp\www\myblog\Application\Runtime\Cache\Home\2ac6c1276904b87404ed678dbabb985c.php 第 112 行.
NOTIC: [8] Use of undefined constant read_articleid - assumed 'read_articleid' D:\wamp\www\myblog\Application\Runtime\Cache\Home\2ac6c1276904b87404ed678dbabb985c.php 第 140 行.
NOTIC: [8] Use of undefined constant read_articleid - assumed 'read_articleid' D:\wamp\www\myblog\Application\Runtime\Cache\Home\2ac6c1276904b87404ed678dbabb985c.php 第 140 行.
NOTIC: [8] Use of undefined constant read_articleid - assumed 'read_articleid' D:\wamp\www\myblog\Application\Runtime\Cache\Home\2ac6c1276904b87404ed678dbabb985c.php 第 140 行.
NOTIC: [8] Use of undefined constant read_articleid - assumed 'read_articleid' D:\wamp\www\myblog\Application\Runtime\Cache\Home\2ac6c1276904b87404ed678dbabb985c.php 第 140 行.
NOTIC: [8] Use of undefined constant read_articleid - assumed 'read_articleid' D:\wamp\www\myblog\Application\Runtime\Cache\Home\2ac6c1276904b87404ed678dbabb985c.php 第 140 行.
INFO: Run Behavior\ParseTemplateBehavior [ RunTime:0.130766s ]
INFO: [ view_parse ] --END-- [ RunTime:0.131020s ]
INFO: [ view_filter ] --START--
INFO: Run Behavior\WriteHtmlCacheBehavior [ RunTime:0.000882s ]
INFO: [ view_filter ] --END-- [ RunTime:0.001075s ]
INFO: [ app_end ] --START--
INFO: Run Behavior\ShowPageTraceBehavior [ RunTime:0.001565s ]
INFO: [ app_end ] --END-- [ RunTime:0.001764s ]

[ 2016-04-11T10:52:05+08:00 ] 127.0.0.1 /myblog/index.php/Home/Article/theme/id/50.html
INFO: [ app_init ] --START--
INFO: Run Behavior\BuildLiteBehavior [ RunTime:0.000042s ]
INFO: [ app_init ] --END-- [ RunTime:0.000605s ]
INFO: [ app_begin ] --START--
INFO: Run Behavior\ReadHtmlCacheBehavior [ RunTime:0.000693s ]
INFO: [ app_begin ] --END-- [ RunTime:0.000835s ]
NOTIC: [2048] Declaration of Home\Controller\ArticleController::theme() should be compatible with that of Think\Controller::theme() D:\wamp\www\myblog\Application\Home\Controller\ArticleController.class.php 第 111 行.
SQL: SHOW COLUMNS FROM `myblog_article` [ RunTime:0.0159s ]
SQL: SHOW COLUMNS FROM `myblog_read` [ RunTime:0.0105s ]
SQL: SELECT * FROM `myblog_read` ORDER BY read_count desc LIMIT 5   [ RunTime:0.0006s ]
SQL: SHOW COLUMNS FROM `myblog_article` [ RunTime:0.0088s ]
SQL: SELECT `article_title` FROM `myblog_article` WHERE ( article_id=46 ) LIMIT 1   [ RunTime:0.0003s ]
SQL: SELECT `article_title` FROM `myblog_article` WHERE ( article_id=33 ) LIMIT 1   [ RunTime:0.0002s ]
SQL: SELECT `article_title` FROM `myblog_article` WHERE ( article_id=3 ) LIMIT 1   [ RunTime:0.0002s ]
SQL: SELECT `article_title` FROM `myblog_article` WHERE ( article_id=27 ) LIMIT 1   [ RunTime:0.0002s ]
SQL: SELECT `article_title` FROM `myblog_article` WHERE ( article_id=1 ) LIMIT 1   [ RunTime:0.0002s ]
SQL: SHOW COLUMNS FROM `myblog_user` [ RunTime:0.0112s ]
SQL: SHOW COLUMNS FROM `myblog_nav` [ RunTime:0.0143s ]
SQL: SELECT * FROM `myblog_article` WHERE ( article_id=50 ) LIMIT 1   [ RunTime:0.0003s ]
SQL: SELECT `user` FROM `myblog_user` WHERE ( id=1 ) LIMIT 1   [ RunTime:0.0001s ]
SQL: SELECT `nav_name` FROM `myblog_nav` WHERE ( nav_id=4 ) LIMIT 1   [ RunTime:0.0001s ]
SQL: SHOW COLUMNS FROM `myblog_cmt` [ RunTime:0.0096s ]
SQL: SHOW COLUMNS FROM `myblog_collect` [ RunTime:0.1777s ]
SQL: SHOW COLUMNS FROM `myblog_like` [ RunTime:0.0087s ]
SQL: SELECT * FROM `myblog_read` WHERE ( read_articleid=50 ) LIMIT 1   [ RunTime:0.0003s ]
SQL: UPDATE `myblog_read` SET `read_count`='3' WHERE ( read_articleid=50 ) [ RunTime:0.1052s ]
SQL: SELECT COUNT(*) AS tp_count FROM `myblog_like` WHERE ( like_articleid=50 ) LIMIT 1   [ RunTime:0.0003s ]
SQL: SELECT COUNT(*) AS tp_count FROM `myblog_collect` WHERE ( collect_articleid=50 ) LIMIT 1   [ RunTime:0.0002s ]
SQL: SELECT COUNT(*) AS tp_count FROM `myblog_cmt` WHERE ( cmt_articleid=50 ) LIMIT 1   [ RunTime:0.0002s ]
SQL: SHOW COLUMNS FROM `myblog_cmt` [ RunTime:0.0089s ]
SQL: SELECT * FROM `myblog_cmt` WHERE ( cmt_articleid=50 and cmt_pid=0 )  [ RunTime:0.0004s ]
INFO: [ view_parse ] --START--
INFO: [ template_filter ] --START--
INFO: Run Behavior\ContentReplaceBehavior [ RunTime:0.000163s ]
INFO: [ template_filter ] --END-- [ RunTime:0.000313s ]
NOTIC: [8] Use of undefined constant read_articleid - assumed 'read_articleid' D:\wamp\www\myblog\Application\Runtime\Cache\Home\15a802ff8b2f980581234407ace9c788.php 第 209 行.
NOTIC: [8] Use of undefined constant read_articleid - assumed 'read_articleid' D:\wamp\www\myblog\Application\Runtime\Cache\Home\15a802ff8b2f980581234407ace9c788.php 第 209 行.
NOTIC: [8] Use of undefined constant read_articleid - assumed 'read_articleid' D:\wamp\www\myblog\Application\Runtime\Cache\Home\15a802ff8b2f980581234407ace9c788.php 第 209 行.
NOTIC: [8] Use of undefined constant read_articleid - assumed 'read_articleid' D:\wamp\www\myblog\Application\Runtime\Cache\Home\15a802ff8b2f980581234407ace9c788.php 第 209 行.
NOTIC: [8] Use of undefined constant read_articleid - assumed 'read_articleid' D:\wamp\www\myblog\Application\Runtime\Cache\Home\15a802ff8b2f980581234407ace9c788.php 第 209 行.
INFO: Run Behavior\ParseTemplateBehavior [ RunTime:0.109206s ]
INFO: [ view_parse ] --END-- [ RunTime:0.109325s ]
INFO: [ view_filter ] --START--
INFO: Run Behavior\WriteHtmlCacheBehavior [ RunTime:0.000746s ]
INFO: [ view_filter ] --END-- [ RunTime:0.000904s ]
INFO: [ app_end ] --START--
INFO: Run Behavior\ShowPageTraceBehavior [ RunTime:0.001354s ]
INFO: [ app_end ] --END-- [ RunTime:0.001558s ]

[ 2016-04-11T10:52:08+08:00 ] 127.0.0.1 /myblog/index.php/Home/Article/theme/id/49.html
INFO: [ app_init ] --START--
INFO: Run Behavior\BuildLiteBehavior [ RunTime:0.000027s ]
INFO: [ app_init ] --END-- [ RunTime:0.000517s ]
INFO: [ app_begin ] --START--
INFO: Run Behavior\ReadHtmlCacheBehavior [ RunTime:0.001000s ]
INFO: [ app_begin ] --END-- [ RunTime:0.001226s ]
NOTIC: [2048] Declaration of Home\Controller\ArticleController::theme() should be compatible with that of Think\Controller::theme() D:\wamp\www\myblog\Application\Home\Controller\ArticleController.class.php 第 111 行.
SQL: SHOW COLUMNS FROM `myblog_article` [ RunTime:0.0155s ]
SQL: SHOW COLUMNS FROM `myblog_read` [ RunTime:0.0096s ]
SQL: SELECT * FROM `myblog_read` ORDER BY read_count desc LIMIT 5   [ RunTime:0.0004s ]
SQL: SHOW COLUMNS FROM `myblog_article` [ RunTime:0.0089s ]
SQL: SELECT `article_title` FROM `myblog_article` WHERE ( article_id=46 ) LIMIT 1   [ RunTime:0.0003s ]
SQL: SELECT `article_title` FROM `myblog_article` WHERE ( article_id=33 ) LIMIT 1   [ RunTime:0.0004s ]
SQL: SELECT `article_title` FROM `myblog_article` WHERE ( article_id=3 ) LIMIT 1   [ RunTime:0.0004s ]
SQL: SELECT `article_title` FROM `myblog_article` WHERE ( article_id=27 ) LIMIT 1   [ RunTime:0.0003s ]
SQL: SELECT `article_title` FROM `myblog_article` WHERE ( article_id=1 ) LIMIT 1   [ RunTime:0.0003s ]
SQL: SHOW COLUMNS FROM `myblog_user` [ RunTime:0.0098s ]
SQL: SHOW COLUMNS FROM `myblog_nav` [ RunTime:0.0133s ]
SQL: SELECT * FROM `myblog_article` WHERE ( article_id=49 ) LIMIT 1   [ RunTime:0.0005s ]
SQL: SELECT `user` FROM `myblog_user` WHERE ( id=1 ) LIMIT 1   [ RunTime:0.0003s ]
SQL: SELECT `nav_name` FROM `myblog_nav` WHERE ( nav_id=4 ) LIMIT 1   [ RunTime:0.0002s ]
SQL: SHOW COLUMNS FROM `myblog_cmt` [ RunTime:0.0112s ]
SQL: SHOW COLUMNS FROM `myblog_collect` [ RunTime:0.0105s ]
SQL: SHOW COLUMNS FROM `myblog_like` [ RunTime:0.0086s ]
SQL: SELECT * FROM `myblog_read` WHERE ( read_articleid=49 ) LIMIT 1   [ RunTime:0.0004s ]
SQL: UPDATE `myblog_read` SET `read_count`='2' WHERE ( read_articleid=49 ) [ RunTime:0.1147s ]
SQL: SELECT COUNT(*) AS tp_count FROM `myblog_like` WHERE ( like_articleid=49 ) LIMIT 1   [ RunTime:0.0004s ]
SQL: SELECT COUNT(*) AS tp_count FROM `myblog_collect` WHERE ( collect_articleid=49 ) LIMIT 1   [ RunTime:0.0003s ]
SQL: SELECT COUNT(*) AS tp_count FROM `myblog_cmt` WHERE ( cmt_articleid=49 ) LIMIT 1   [ RunTime:0.0003s ]
SQL: SHOW COLUMNS FROM `myblog_cmt` [ RunTime:0.0120s ]
SQL: SELECT * FROM `myblog_cmt` WHERE ( cmt_articleid=49 and cmt_pid=0 )  [ RunTime:0.0004s ]
INFO: [ view_parse ] --START--
INFO: [ template_filter ] --START--
INFO: Run Behavior\ContentReplaceBehavior [ RunTime:0.000240s ]
INFO: [ template_filter ] --END-- [ RunTime:0.000461s ]
NOTIC: [8] Use of undefined constant read_articleid - assumed 'read_articleid' D:\wamp\www\myblog\Application\Runtime\Cache\Home\15a802ff8b2f980581234407ace9c788.php 第 209 行.
NOTIC: [8] Use of undefined constant read_articleid - assumed 'read_articleid' D:\wamp\www\myblog\Application\Runtime\Cache\Home\15a802ff8b2f980581234407ace9c788.php 第 209 行.
NOTIC: [8] Use of undefined constant read_articleid - assumed 'read_articleid' D:\wamp\www\myblog\Application\Runtime\Cache\Home\15a802ff8b2f980581234407ace9c788.php 第 209 行.
NOTIC: [8] Use of undefined constant read_articleid - assumed 'read_articleid' D:\wamp\www\myblog\Application\Runtime\Cache\Home\15a802ff8b2f980581234407ace9c788.php 第 209 行.
NOTIC: [8] Use of undefined constant read_articleid - assumed 'read_articleid' D:\wamp\www\myblog\Application\Runtime\Cache\Home\15a802ff8b2f980581234407ace9c788.php 第 209 行.
INFO: Run Behavior\ParseTemplateBehavior [ RunTime:0.107728s ]
INFO: [ view_parse ] --END-- [ RunTime:0.107886s ]
INFO: [ view_filter ] --START--
INFO: Run Behavior\WriteHtmlCacheBehavior [ RunTime:0.000542s ]
INFO: [ view_filter ] --END-- [ RunTime:0.000650s ]
INFO: [ app_end ] --START--
INFO: Run Behavior\ShowPageTraceBehavior [ RunTime:0.000672s ]
INFO: [ app_end ] --END-- [ RunTime:0.000783s ]

[ 2016-04-11T16:18:20+08:00 ] 127.0.0.1 /myblog/
INFO: [ app_init ] --START--
INFO: Run Behavior\BuildLiteBehavior [ RunTime:0.000031s ]
INFO: [ app_init ] --END-- [ RunTime:0.002070s ]
INFO: [ app_begin ] --START--
INFO: Run Behavior\ReadHtmlCacheBehavior [ RunTime:0.006276s ]
INFO: [ app_begin ] --END-- [ RunTime:0.006492s ]
SQL: SHOW COLUMNS FROM `myblog_article` [ RunTime:0.0331s ]
SQL: SHOW COLUMNS FROM `myblog_nav` [ RunTime:0.0131s ]
SQL: SELECT * FROM `myblog_nav` WHERE ( nav_parentID=3 ) ORDER BY nav_id  [ RunTime:0.0009s ]
SQL: SELECT * FROM `myblog_article` WHERE ( article_navid = 4 )  [ RunTime:0.0009s ]
SQL: SELECT * FROM `myblog_nav` WHERE ( nav_parentID=4 ) ORDER BY nav_id  [ RunTime:0.0005s ]
SQL: SELECT * FROM `myblog_article` WHERE ( article_navid = 7 )  [ RunTime:0.0006s ]
SQL: SELECT * FROM `myblog_article` WHERE ( article_navid = 8 )  [ RunTime:0.0004s ]
SQL: SELECT * FROM `myblog_article` WHERE ( article_navid = 9 )  [ RunTime:0.0004s ]
SQL: SELECT * FROM `myblog_article` WHERE ( article_navid = 10 )  [ RunTime:0.0004s ]
SQL: SELECT * FROM `myblog_article` WHERE ( article_navid = 5 )  [ RunTime:0.0003s ]
SQL: SELECT * FROM `myblog_nav` WHERE ( nav_parentID=5 ) ORDER BY nav_id  [ RunTime:0.0004s ]
SQL: SELECT * FROM `myblog_article` WHERE ( article_navid = 11 )  [ RunTime:0.0003s ]
SQL: SELECT * FROM `myblog_article` WHERE ( article_navid = 12 )  [ RunTime:0.0003s ]
SQL: SELECT * FROM `myblog_article` WHERE ( article_navid = 13 )  [ RunTime:0.0002s ]
SQL: SELECT * FROM `myblog_article` WHERE ( article_navid = 6 )  [ RunTime:0.0005s ]
SQL: SELECT * FROM `myblog_nav` WHERE ( nav_parentID=6 ) ORDER BY nav_id  [ RunTime:0.0002s ]
SQL: SHOW COLUMNS FROM `myblog_read` [ RunTime:0.0111s ]
SQL: SELECT * FROM `myblog_read` ORDER BY read_count desc LIMIT 5   [ RunTime:0.0004s ]
SQL: SHOW COLUMNS FROM `myblog_article` [ RunTime:0.0080s ]
SQL: SELECT `article_title` FROM `myblog_article` WHERE ( article_id=46 ) LIMIT 1   [ RunTime:0.0002s ]
SQL: SELECT `article_title` FROM `myblog_article` WHERE ( article_id=33 ) LIMIT 1   [ RunTime:0.0002s ]
SQL: SELECT `article_title` FROM `myblog_article` WHERE ( article_id=3 ) LIMIT 1   [ RunTime:0.0002s ]
SQL: SELECT `article_title` FROM `myblog_article` WHERE ( article_id=27 ) LIMIT 1   [ RunTime:0.0003s ]
SQL: SELECT `article_title` FROM `myblog_article` WHERE ( article_id=1 ) LIMIT 1   [ RunTime:0.0003s ]
SQL: SHOW COLUMNS FROM `myblog_user` [ RunTime:0.0113s ]
SQL: SHOW COLUMNS FROM `myblog_bbs` [ RunTime:0.0126s ]
SQL: SELECT COUNT(*) AS tp_count FROM `myblog_bbs` WHERE ( bbs_userid = '' ) LIMIT 1   [ RunTime:0.0005s ]
SQL: SELECT COUNT(*) AS tp_count FROM `myblog_article` WHERE ( article_userid = '' ) LIMIT 1   [ RunTime:0.0005s ]
NOTIC: [8] Undefined variable: navList D:\wamp\www\myblog\Application\Home\Controller\IndexController.class.php 第 21 行.
INFO: [ view_parse ] --START--
INFO: [ template_filter ] --START--
INFO: Run Behavior\ContentReplaceBehavior [ RunTime:0.000173s ]
INFO: [ template_filter ] --END-- [ RunTime:0.000302s ]
NOTIC: [8] Use of undefined constant article_id - assumed 'article_id' D:\wamp\www\myblog\Application\Runtime\Cache\Home\2a94b8bda04ff446dcedd42276fc99ee.php 第 120 行.
NOTIC: [8] Use of undefined constant article_id - assumed 'article_id' D:\wamp\www\myblog\Application\Runtime\Cache\Home\2a94b8bda04ff446dcedd42276fc99ee.php 第 121 行.
NOTIC: [8] Use of undefined constant article_id - assumed 'article_id' D:\wamp\www\myblog\Application\Runtime\Cache\Home\2a94b8bda04ff446dcedd42276fc99ee.php 第 122 行.
NOTIC: [8] Use of undefined constant article_id - assumed 'article_id' D:\wamp\www\myblog\Application\Runtime\Cache\Home\2a94b8bda04ff446dcedd42276fc99ee.php 第 123 行.
NOTIC: [8] Use of undefined constant article_id - assumed 'article_id' D:\wamp\www\myblog\Application\Runtime\Cache\Home\2a94b8bda04ff446dcedd42276fc99ee.php 第 127 行.
NOTIC: [8] Use of undefined constant article_id - assumed 'article_id' D:\wamp\www\myblog\Application\Runtime\Cache\Home\2a94b8bda04ff446dcedd42276fc99ee.php 第 128 行.
NOTIC: [8] Use of undefined constant article_id - assumed 'article_id' D:\wamp\www\myblog\Application\Runtime\Cache\Home\2a94b8bda04ff446dcedd42276fc99ee.php 第 129 行.
NOTIC: [8] Use of undefined constant article_id - assumed 'article_id' D:\wamp\www\myblog\Application\Runtime\Cache\Home\2a94b8bda04ff446dcedd42276fc99ee.php 第 130 行.
NOTIC: [8] Use of undefined constant article_id - assumed 'article_id' D:\wamp\www\myblog\Application\Runtime\Cache\Home\2a94b8bda04ff446dcedd42276fc99ee.php 第 127 行.
NOTIC: [8] Use of undefined constant article_id - assumed 'article_id' D:\wamp\www\myblog\Application\Runtime\Cache\Home\2a94b8bda04ff446dcedd42276fc99ee.php 第 128 行.
NOTIC: [8] Use of undefined constant article_id - assumed 'article_id' D:\wamp\www\myblog\Application\Runtime\Cache\Home\2a94b8bda04ff446dcedd42276fc99ee.php 第 129 行.
NOTIC: [8] Use of undefined constant article_id - assumed 'article_id' D:\wamp\www\myblog\Application\Runtime\Cache\Home\2a94b8bda04ff446dcedd42276fc99ee.php 第 130 行.
NOTIC: [8] Use of undefined constant article_id - assumed 'article_id' D:\wamp\www\myblog\Application\Runtime\Cache\Home\2a94b8bda04ff446dcedd42276fc99ee.php 第 127 行.
NOTIC: [8] Use of undefined constant article_id - assumed 'article_id' D:\wamp\www\myblog\Application\Runtime\Cache\Home\2a94b8bda04ff446dcedd42276fc99ee.php 第 128 行.
NOTIC: [8] Use of undefined constant article_id - assumed 'article_id' D:\wamp\www\myblog\Application\Runtime\Cache\Home\2a94b8bda04ff446dcedd42276fc99ee.php 第 129 行.
NOTIC: [8] Use of undefined constant article_id - assumed 'article_id' D:\wamp\www\myblog\Application\Runtime\Cache\Home\2a94b8bda04ff446dcedd42276fc99ee.php 第 130 行.
NOTIC: [8] Use of undefined constant article_id - assumed 'article_id' D:\wamp\www\myblog\Application\Runtime\Cache\Home\2a94b8bda04ff446dcedd42276fc99ee.php 第 127 行.
NOTIC: [8] Use of undefined constant article_id - assumed 'article_id' D:\wamp\www\myblog\Application\Runtime\Cache\Home\2a94b8bda04ff446dcedd42276fc99ee.php 第 128 行.
NOTIC: [8] Use of undefined constant article_id - assumed 'article_id' D:\wamp\www\myblog\Application\Runtime\Cache\Home\2a94b8bda04ff446dcedd42276fc99ee.php 第 129 行.
NOTIC: [8] Use of undefined constant article_id - assumed 'article_id' D:\wamp\www\myblog\Application\Runtime\Cache\Home\2a94b8bda04ff446dcedd42276fc99ee.php 第 130 行.
NOTIC: [8] Use of undefined constant article_id - assumed 'article_id' D:\wamp\www\myblog\Application\Runtime\Cache\Home\2a94b8bda04ff446dcedd42276fc99ee.php 第 152 行.
NOTIC: [8] Use of undefined constant article_id - assumed 'article_id' D:\wamp\www\myblog\Application\Runtime\Cache\Home\2a94b8bda04ff446dcedd42276fc99ee.php 第 153 行.
NOTIC: [8] Use of undefined constant article_id - assumed 'article_id' D:\wamp\www\myblog\Application\Runtime\Cache\Home\2a94b8bda04ff446dcedd42276fc99ee.php 第 154 行.
NOTIC: [8] Use of undefined constant article_id - assumed 'article_id' D:\wamp\www\myblog\Application\Runtime\Cache\Home\2a94b8bda04ff446dcedd42276fc99ee.php 第 155 行.
NOTIC: [8] Use of undefined constant read_articleid - assumed 'read_articleid' D:\wamp\www\myblog\Application\Runtime\Cache\Home\2a94b8bda04ff446dcedd42276fc99ee.php 第 195 行.
NOTIC: [8] Use of undefined constant read_articleid - assumed 'read_articleid' D:\wamp\www\myblog\Application\Runtime\Cache\Home\2a94b8bda04ff446dcedd42276fc99ee.php 第 195 行.
NOTIC: [8] Use of undefined constant read_articleid - assumed 'read_articleid' D:\wamp\www\myblog\Application\Runtime\Cache\Home\2a94b8bda04ff446dcedd42276fc99ee.php 第 195 行.
NOTIC: [8] Use of undefined constant read_articleid - assumed 'read_articleid' D:\wamp\www\myblog\Application\Runtime\Cache\Home\2a94b8bda04ff446dcedd42276fc99ee.php 第 195 行.
NOTIC: [8] Use of undefined constant read_articleid - assumed 'read_articleid' D:\wamp\www\myblog\Application\Runtime\Cache\Home\2a94b8bda04ff446dcedd42276fc99ee.php 第 195 行.
INFO: Run Behavior\ParseTemplateBehavior [ RunTime:0.371993s ]
INFO: [ view_parse ] --END-- [ RunTime:0.372186s ]
INFO: [ view_filter ] --START--
INFO: Run Behavior\WriteHtmlCacheBehavior [ RunTime:0.022457s ]
INFO: [ view_filter ] --END-- [ RunTime:0.022623s ]
INFO: [ app_end ] --START--
INFO: Run Behavior\ShowPageTraceBehavior [ RunTime:0.002946s ]
INFO: [ app_end ] --END-- [ RunTime:0.003103s ]

[ 2016-04-11T16:18:23+08:00 ] 127.0.0.1 /myblog/index.php/Home/Article/index.html
INFO: [ app_init ] --START--
INFO: Run Behavior\BuildLiteBehavior [ RunTime:0.000042s ]
INFO: [ app_init ] --END-- [ RunTime:0.000656s ]
INFO: [ app_begin ] --START--
INFO: Run Behavior\ReadHtmlCacheBehavior [ RunTime:0.001136s ]
INFO: [ app_begin ] --END-- [ RunTime:0.001366s ]
NOTIC: [2048] Declaration of Home\Controller\ArticleController::theme() should be compatible with that of Think\Controller::theme() D:\wamp\www\myblog\Application\Home\Controller\ArticleController.class.php 第 111 行.
SQL: SHOW COLUMNS FROM `myblog_nav` [ RunTime:0.0117s ]
SQL: SELECT * FROM `myblog_nav` WHERE ( nav_id>3 ) ORDER BY nav_id  [ RunTime:0.0004s ]
SQL: SHOW COLUMNS FROM `myblog_article` [ RunTime:0.0131s ]
SQL: SELECT COUNT(*) AS tp_count FROM `myblog_article` LIMIT 1   [ RunTime:0.0004s ]
SQL: SELECT * FROM `myblog_article` ORDER BY article_id desc LIMIT 0,10   [ RunTime:0.0004s ]
SQL: SHOW COLUMNS FROM `myblog_user` [ RunTime:0.0149s ]
SQL: SELECT `user` FROM `myblog_user` WHERE ( id=1 ) LIMIT 1   [ RunTime:0.0004s ]
SQL: SHOW COLUMNS FROM `myblog_cmt` [ RunTime:0.0124s ]
SQL: SELECT COUNT(*) AS tp_count FROM `myblog_cmt` WHERE ( cmt_articleid=50 ) LIMIT 1   [ RunTime:0.0004s ]
SQL: SHOW COLUMNS FROM `myblog_like` [ RunTime:0.0158s ]
SQL: SELECT COUNT(*) AS tp_count FROM `myblog_like` WHERE ( like_articleid=50 ) LIMIT 1   [ RunTime:0.0004s ]
SQL: SHOW COLUMNS FROM `myblog_read` [ RunTime:0.0151s ]
SQL: SELECT `read_count` FROM `myblog_read` WHERE ( read_articleid=50 ) LIMIT 1   [ RunTime:0.0003s ]
SQL: SELECT `user` FROM `myblog_user` WHERE ( id=1 ) LIMIT 1   [ RunTime:0.0002s ]
SQL: SELECT COUNT(*) AS tp_count FROM `myblog_cmt` WHERE ( cmt_articleid=49 ) LIMIT 1   [ RunTime:0.0003s ]
SQL: SELECT COUNT(*) AS tp_count FROM `myblog_like` WHERE ( like_articleid=49 ) LIMIT 1   [ RunTime:0.0003s ]
SQL: SELECT `read_count` FROM `myblog_read` WHERE ( read_articleid=49 ) LIMIT 1   [ RunTime:0.0003s ]
SQL: SELECT `user` FROM `myblog_user` WHERE ( id=1 ) LIMIT 1   [ RunTime:0.0003s ]
SQL: SELECT COUNT(*) AS tp_count FROM `myblog_cmt` WHERE ( cmt_articleid=48 ) LIMIT 1   [ RunTime:0.0002s ]
SQL: SELECT COUNT(*) AS tp_count FROM `myblog_like` WHERE ( like_articleid=48 ) LIMIT 1   [ RunTime:0.0002s ]
SQL: SELECT `read_count` FROM `myblog_read` WHERE ( read_articleid=48 ) LIMIT 1   [ RunTime:0.0003s ]
SQL: SELECT `user` FROM `myblog_user` WHERE ( id=1 ) LIMIT 1   [ RunTime:0.0002s ]
SQL: SELECT COUNT(*) AS tp_count FROM `myblog_cmt` WHERE ( cmt_articleid=47 ) LIMIT 1   [ RunTime:0.0004s ]
SQL: SELECT COUNT(*) AS tp_count FROM `myblog_like` WHERE ( like_articleid=47 ) LIMIT 1   [ RunTime:0.0002s ]
SQL: SELECT `read_count` FROM `myblog_read` WHERE ( read_articleid=47 ) LIMIT 1   [ RunTime:0.0003s ]
SQL: SELECT `user` FROM `myblog_user` WHERE ( id=1 ) LIMIT 1   [ RunTime:0.0003s ]
SQL: SELECT COUNT(*) AS tp_count FROM `myblog_cmt` WHERE ( cmt_articleid=46 ) LIMIT 1   [ RunTime:0.0003s ]
SQL: SELECT COUNT(*) AS tp_count FROM `myblog_like` WHERE ( like_articleid=46 ) LIMIT 1   [ RunTime:0.0002s ]
SQL: SELECT `read_count` FROM `myblog_read` WHERE ( read_articleid=46 ) LIMIT 1   [ RunTime:0.0003s ]
SQL: SELECT `user` FROM `myblog_user` WHERE ( id=1 ) LIMIT 1   [ RunTime:0.0002s ]
SQL: SELECT COUNT(*) AS tp_count FROM `myblog_cmt` WHERE ( cmt_articleid=45 ) LIMIT 1   [ RunTime:0.0002s ]
SQL: SELECT COUNT(*) AS tp_count FROM `myblog_like` WHERE ( like_articleid=45 ) LIMIT 1   [ RunTime:0.0002s ]
SQL: SELECT `read_count` FROM `myblog_read` WHERE ( read_articleid=45 ) LIMIT 1   [ RunTime:0.0002s ]
SQL: SELECT `user` FROM `myblog_user` WHERE ( id=1 ) LIMIT 1   [ RunTime:0.0002s ]
SQL: SELECT COUNT(*) AS tp_count FROM `myblog_cmt` WHERE ( cmt_articleid=44 ) LIMIT 1   [ RunTime:0.0002s ]
SQL: SELECT COUNT(*) AS tp_count FROM `myblog_like` WHERE ( like_articleid=44 ) LIMIT 1   [ RunTime:0.0002s ]
SQL: SELECT `read_count` FROM `myblog_read` WHERE ( read_articleid=44 ) LIMIT 1   [ RunTime:0.0002s ]
SQL: SELECT `user` FROM `myblog_user` WHERE ( id=1 ) LIMIT 1   [ RunTime:0.0002s ]
SQL: SELECT COUNT(*) AS tp_count FROM `myblog_cmt` WHERE ( cmt_articleid=43 ) LIMIT 1   [ RunTime:0.0002s ]
SQL: SELECT COUNT(*) AS tp_count FROM `myblog_like` WHERE ( like_articleid=43 ) LIMIT 1   [ RunTime:0.0002s ]
SQL: SELECT `read_count` FROM `myblog_read` WHERE ( read_articleid=43 ) LIMIT 1   [ RunTime:0.0002s ]
SQL: SELECT `user` FROM `myblog_user` WHERE ( id=1 ) LIMIT 1   [ RunTime:0.0002s ]
SQL: SELECT COUNT(*) AS tp_count FROM `myblog_cmt` WHERE ( cmt_articleid=42 ) LIMIT 1   [ RunTime:0.0002s ]
SQL: SELECT COUNT(*) AS tp_count FROM `myblog_like` WHERE ( like_articleid=42 ) LIMIT 1   [ RunTime:0.0002s ]
SQL: SELECT `read_count` FROM `myblog_read` WHERE ( read_articleid=42 ) LIMIT 1   [ RunTime:0.0003s ]
SQL: SELECT `user` FROM `myblog_user` WHERE ( id=1 ) LIMIT 1   [ RunTime:0.0002s ]
SQL: SELECT COUNT(*) AS tp_count FROM `myblog_cmt` WHERE ( cmt_articleid=41 ) LIMIT 1   [ RunTime:0.0002s ]
SQL: SELECT COUNT(*) AS tp_count FROM `myblog_like` WHERE ( like_articleid=41 ) LIMIT 1   [ RunTime:0.0002s ]
SQL: SELECT `read_count` FROM `myblog_read` WHERE ( read_articleid=41 ) LIMIT 1   [ RunTime:0.0002s ]
SQL: SELECT * FROM `myblog_read` ORDER BY read_count desc LIMIT 5   [ RunTime:0.0002s ]
SQL: SHOW COLUMNS FROM `myblog_article` [ RunTime:0.0117s ]
SQL: SELECT `article_title` FROM `myblog_article` WHERE ( article_id=46 ) LIMIT 1   [ RunTime:0.0003s ]
SQL: SELECT `article_title` FROM `myblog_article` WHERE ( article_id=33 ) LIMIT 1   [ RunTime:0.0002s ]
SQL: SELECT `article_title` FROM `myblog_article` WHERE ( article_id=3 ) LIMIT 1   [ RunTime:0.0002s ]
SQL: SELECT `article_title` FROM `myblog_article` WHERE ( article_id=27 ) LIMIT 1   [ RunTime:0.0002s ]
SQL: SELECT `article_title` FROM `myblog_article` WHERE ( article_id=1 ) LIMIT 1   [ RunTime:0.0002s ]
INFO: [ view_parse ] --START--
INFO: [ template_filter ] --START--
INFO: Run Behavior\ContentReplaceBehavior [ RunTime:0.000135s ]
INFO: [ template_filter ] --END-- [ RunTime:0.000272s ]
NOTIC: [8] Use of undefined constant article_id - assumed 'article_id' D:\wamp\www\myblog\Application\Runtime\Cache\Home\2ac6c1276904b87404ed678dbabb985c.php 第 112 行.
NOTIC: [8] Use of undefined constant article_id - assumed 'article_id' D:\wamp\www\myblog\Application\Runtime\Cache\Home\2ac6c1276904b87404ed678dbabb985c.php 第 112 行.
NOTIC: [8] Use of undefined constant article_id - assumed 'article_id' D:\wamp\www\myblog\Application\Runtime\Cache\Home\2ac6c1276904b87404ed678dbabb985c.php 第 112 行.
NOTIC: [8] Use of undefined constant article_id - assumed 'article_id' D:\wamp\www\myblog\Application\Runtime\Cache\Home\2ac6c1276904b87404ed678dbabb985c.php 第 112 行.
NOTIC: [8] Use of undefined constant article_id - assumed 'article_id' D:\wamp\www\myblog\Application\Runtime\Cache\Home\2ac6c1276904b87404ed678dbabb985c.php 第 112 行.
NOTIC: [8] Use of undefined constant article_id - assumed 'article_id' D:\wamp\www\myblog\Application\Runtime\Cache\Home\2ac6c1276904b87404ed678dbabb985c.php 第 112 行.
NOTIC: [8] Use of undefined constant article_id - assumed 'article_id' D:\wamp\www\myblog\Application\Runtime\Cache\Home\2ac6c1276904b87404ed678dbabb985c.php 第 112 行.
NOTIC: [8] Use of undefined constant article_id - assumed 'article_id' D:\wamp\www\myblog\Application\Runtime\Cache\Home\2ac6c1276904b87404ed678dbabb985c.php 第 112 行.
NOTIC: [8] Use of undefined constant article_id - assumed 'article_id' D:\wamp\www\myblog\Application\Runtime\Cache\Home\2ac6c1276904b87404ed678dbabb985c.php 第 112 行.
NOTIC: [8] Use of undefined constant article_id - assumed 'article_id' D:\wamp\www\myblog\Application\Runtime\Cache\Home\2ac6c1276904b87404ed678dbabb985c.php 第 112 行.
NOTIC: [8] Use of undefined constant read_articleid - assumed 'read_articleid' D:\wamp\www\myblog\Application\Runtime\Cache\Home\2ac6c1276904b87404ed678dbabb985c.php 第 140 行.
NOTIC: [8] Use of undefined constant read_articleid - assumed 'read_articleid' D:\wamp\www\myblog\Application\Runtime\Cache\Home\2ac6c1276904b87404ed678dbabb985c.php 第 140 行.
NOTIC: [8] Use of undefined constant read_articleid - assumed 'read_articleid' D:\wamp\www\myblog\Application\Runtime\Cache\Home\2ac6c1276904b87404ed678dbabb985c.php 第 140 行.
NOTIC: [8] Use of undefined constant read_articleid - assumed 'read_articleid' D:\wamp\www\myblog\Application\Runtime\Cache\Home\2ac6c1276904b87404ed678dbabb985c.php 第 140 行.
NOTIC: [8] Use of undefined constant read_articleid - assumed 'read_articleid' D:\wamp\www\myblog\Application\Runtime\Cache\Home\2ac6c1276904b87404ed678dbabb985c.php 第 140 行.
INFO: Run Behavior\ParseTemplateBehavior [ RunTime:0.087123s ]
INFO: [ view_parse ] --END-- [ RunTime:0.087251s ]
INFO: [ view_filter ] --START--
INFO: Run Behavior\WriteHtmlCacheBehavior [ RunTime:0.000592s ]
INFO: [ view_filter ] --END-- [ RunTime:0.000722s ]
INFO: [ app_end ] --START--
INFO: Run Behavior\ShowPageTraceBehavior [ RunTime:0.000929s ]
INFO: [ app_end ] --END-- [ RunTime:0.001059s ]

[ 2016-04-11T16:19:30+08:00 ] 127.0.0.1 /myblog/index.php/Home/Article/index.html
INFO: [ app_init ] --START--
INFO: Run Behavior\BuildLiteBehavior [ RunTime:0.000025s ]
INFO: [ app_init ] --END-- [ RunTime:0.000396s ]
INFO: [ app_begin ] --START--
INFO: Run Behavior\ReadHtmlCacheBehavior [ RunTime:0.000703s ]
INFO: [ app_begin ] --END-- [ RunTime:0.000844s ]
NOTIC: [2048] Declaration of Home\Controller\ArticleController::theme() should be compatible with that of Think\Controller::theme() D:\wamp\www\myblog\Application\Home\Controller\ArticleController.class.php 第 111 行.
SQL: SHOW COLUMNS FROM `myblog_nav` [ RunTime:0.0171s ]
SQL: SELECT * FROM `myblog_nav` WHERE ( nav_id>3 ) ORDER BY nav_id  [ RunTime:0.0004s ]
SQL: SHOW COLUMNS FROM `myblog_article` [ RunTime:0.0109s ]
SQL: SELECT COUNT(*) AS tp_count FROM `myblog_article` LIMIT 1   [ RunTime:0.0003s ]
SQL: SELECT * FROM `myblog_article` ORDER BY article_id desc LIMIT 0,10   [ RunTime:0.0004s ]
SQL: SHOW COLUMNS FROM `myblog_user` [ RunTime:0.0096s ]
SQL: SELECT `user` FROM `myblog_user` WHERE ( id=1 ) LIMIT 1   [ RunTime:0.0003s ]
SQL: SHOW COLUMNS FROM `myblog_cmt` [ RunTime:0.0101s ]
SQL: SELECT COUNT(*) AS tp_count FROM `myblog_cmt` WHERE ( cmt_articleid=50 ) LIMIT 1   [ RunTime:0.0003s ]
SQL: SHOW COLUMNS FROM `myblog_like` [ RunTime:0.0121s ]
SQL: SELECT COUNT(*) AS tp_count FROM `myblog_like` WHERE ( like_articleid=50 ) LIMIT 1   [ RunTime:0.0003s ]
SQL: SHOW COLUMNS FROM `myblog_read` [ RunTime:0.0093s ]
SQL: SELECT `read_count` FROM `myblog_read` WHERE ( read_articleid=50 ) LIMIT 1   [ RunTime:0.0003s ]
SQL: SELECT `user` FROM `myblog_user` WHERE ( id=1 ) LIMIT 1   [ RunTime:0.0002s ]
SQL: SELECT COUNT(*) AS tp_count FROM `myblog_cmt` WHERE ( cmt_articleid=49 ) LIMIT 1   [ RunTime:0.0002s ]
SQL: SELECT COUNT(*) AS tp_count FROM `myblog_like` WHERE ( like_articleid=49 ) LIMIT 1   [ RunTime:0.0002s ]
SQL: SELECT `read_count` FROM `myblog_read` WHERE ( read_articleid=49 ) LIMIT 1   [ RunTime:0.0002s ]
SQL: SELECT `user` FROM `myblog_user` WHERE ( id=1 ) LIMIT 1   [ RunTime:0.0002s ]
SQL: SELECT COUNT(*) AS tp_count FROM `myblog_cmt` WHERE ( cmt_articleid=48 ) LIMIT 1   [ RunTime:0.0002s ]
SQL: SELECT COUNT(*) AS tp_count FROM `myblog_like` WHERE ( like_articleid=48 ) LIMIT 1   [ RunTime:0.0003s ]
SQL: SELECT `read_count` FROM `myblog_read` WHERE ( read_articleid=48 ) LIMIT 1   [ RunTime:0.0003s ]
SQL: SELECT `user` FROM `myblog_user` WHERE ( id=1 ) LIMIT 1   [ RunTime:0.0002s ]
SQL: SELECT COUNT(*) AS tp_count FROM `myblog_cmt` WHERE ( cmt_articleid=47 ) LIMIT 1   [ RunTime:0.0002s ]
SQL: SELECT COUNT(*) AS tp_count FROM `myblog_like` WHERE ( like_articleid=47 ) LIMIT 1   [ RunTime:0.0002s ]
SQL: SELECT `read_count` FROM `myblog_read` WHERE ( read_articleid=47 ) LIMIT 1   [ RunTime:0.0002s ]
SQL: SELECT `user` FROM `myblog_user` WHERE ( id=1 ) LIMIT 1   [ RunTime:0.0002s ]
SQL: SELECT COUNT(*) AS tp_count FROM `myblog_cmt` WHERE ( cmt_articleid=46 ) LIMIT 1   [ RunTime:0.0002s ]
SQL: SELECT COUNT(*) AS tp_count FROM `myblog_like` WHERE ( like_articleid=46 ) LIMIT 1   [ RunTime:0.0002s ]
SQL: SELECT `read_count` FROM `myblog_read` WHERE ( read_articleid=46 ) LIMIT 1   [ RunTime:0.0002s ]
SQL: SELECT `user` FROM `myblog_user` WHERE ( id=1 ) LIMIT 1   [ RunTime:0.0002s ]
SQL: SELECT COUNT(*) AS tp_count FROM `myblog_cmt` WHERE ( cmt_articleid=45 ) LIMIT 1   [ RunTime:0.0002s ]
SQL: SELECT COUNT(*) AS tp_count FROM `myblog_like` WHERE ( like_articleid=45 ) LIMIT 1   [ RunTime:0.0002s ]
SQL: SELECT `read_count` FROM `myblog_read` WHERE ( read_articleid=45 ) LIMIT 1   [ RunTime:0.0002s ]
SQL: SELECT `user` FROM `myblog_user` WHERE ( id=1 ) LIMIT 1   [ RunTime:0.0002s ]
SQL: SELECT COUNT(*) AS tp_count FROM `myblog_cmt` WHERE ( cmt_articleid=44 ) LIMIT 1   [ RunTime:0.0002s ]
SQL: SELECT COUNT(*) AS tp_count FROM `myblog_like` WHERE ( like_articleid=44 ) LIMIT 1   [ RunTime:0.0002s ]
SQL: SELECT `read_count` FROM `myblog_read` WHERE ( read_articleid=44 ) LIMIT 1   [ RunTime:0.0002s ]
SQL: SELECT `user` FROM `myblog_user` WHERE ( id=1 ) LIMIT 1   [ RunTime:0.0002s ]
SQL: SELECT COUNT(*) AS tp_count FROM `myblog_cmt` WHERE ( cmt_articleid=43 ) LIMIT 1   [ RunTime:0.0002s ]
SQL: SELECT COUNT(*) AS tp_count FROM `myblog_like` WHERE ( like_articleid=43 ) LIMIT 1   [ RunTime:0.0002s ]
SQL: SELECT `read_count` FROM `myblog_read` WHERE ( read_articleid=43 ) LIMIT 1   [ RunTime:0.0002s ]
SQL: SELECT `user` FROM `myblog_user` WHERE ( id=1 ) LIMIT 1   [ RunTime:0.0002s ]
SQL: SELECT COUNT(*) AS tp_count FROM `myblog_cmt` WHERE ( cmt_articleid=42 ) LIMIT 1   [ RunTime:0.0002s ]
SQL: SELECT COUNT(*) AS tp_count FROM `myblog_like` WHERE ( like_articleid=42 ) LIMIT 1   [ RunTime:0.0002s ]
SQL: SELECT `read_count` FROM `myblog_read` WHERE ( read_articleid=42 ) LIMIT 1   [ RunTime:0.0002s ]
SQL: SELECT `user` FROM `myblog_user` WHERE ( id=1 ) LIMIT 1   [ RunTime:0.0002s ]
SQL: SELECT COUNT(*) AS tp_count FROM `myblog_cmt` WHERE ( cmt_articleid=41 ) LIMIT 1   [ RunTime:0.0002s ]
SQL: SELECT COUNT(*) AS tp_count FROM `myblog_like` WHERE ( like_articleid=41 ) LIMIT 1   [ RunTime:0.0002s ]
SQL: SELECT `read_count` FROM `myblog_read` WHERE ( read_articleid=41 ) LIMIT 1   [ RunTime:0.0002s ]
SQL: SELECT * FROM `myblog_read` ORDER BY read_count desc LIMIT 5   [ RunTime:0.0002s ]
SQL: SHOW COLUMNS FROM `myblog_article` [ RunTime:0.0071s ]
SQL: SELECT `article_title` FROM `myblog_article` WHERE ( article_id=46 ) LIMIT 1   [ RunTime:0.0003s ]
SQL: SELECT `article_title` FROM `myblog_article` WHERE ( article_id=33 ) LIMIT 1   [ RunTime:0.0002s ]
SQL: SELECT `article_title` FROM `myblog_article` WHERE ( article_id=3 ) LIMIT 1   [ RunTime:0.0002s ]
SQL: SELECT `article_title` FROM `myblog_article` WHERE ( article_id=27 ) LIMIT 1   [ RunTime:0.0002s ]
SQL: SELECT `article_title` FROM `myblog_article` WHERE ( article_id=1 ) LIMIT 1   [ RunTime:0.0002s ]
INFO: [ view_parse ] --START--
INFO: [ template_filter ] --START--
INFO: Run Behavior\ContentReplaceBehavior [ RunTime:0.000130s ]
INFO: [ template_filter ] --END-- [ RunTime:0.000255s ]
NOTIC: [8] Use of undefined constant article_id - assumed 'article_id' D:\wamp\www\myblog\Application\Runtime\Cache\Home\2ac6c1276904b87404ed678dbabb985c.php 第 112 行.
NOTIC: [8] Use of undefined constant article_id - assumed 'article_id' D:\wamp\www\myblog\Application\Runtime\Cache\Home\2ac6c1276904b87404ed678dbabb985c.php 第 112 行.
NOTIC: [8] Use of undefined constant article_id - assumed 'article_id' D:\wamp\www\myblog\Application\Runtime\Cache\Home\2ac6c1276904b87404ed678dbabb985c.php 第 112 行.
NOTIC: [8] Use of undefined constant article_id - assumed 'article_id' D:\wamp\www\myblog\Application\Runtime\Cache\Home\2ac6c1276904b87404ed678dbabb985c.php 第 112 行.
NOTIC: [8] Use of undefined constant article_id - assumed 'article_id' D:\wamp\www\myblog\Application\Runtime\Cache\Home\2ac6c1276904b87404ed678dbabb985c.php 第 112 行.
NOTIC: [8] Use of undefined constant article_id - assumed 'article_id' D:\wamp\www\myblog\Application\Runtime\Cache\Home\2ac6c1276904b87404ed678dbabb985c.php 第 112 行.
NOTIC: [8] Use of undefined constant article_id - assumed 'article_id' D:\wamp\www\myblog\Application\Runtime\Cache\Home\2ac6c1276904b87404ed678dbabb985c.php 第 112 行.
NOTIC: [8] Use of undefined constant article_id - assumed 'article_id' D:\wamp\www\myblog\Application\Runtime\Cache\Home\2ac6c1276904b87404ed678dbabb985c.php 第 112 行.
NOTIC: [8] Use of undefined constant article_id - assumed 'article_id' D:\wamp\www\myblog\Application\Runtime\Cache\Home\2ac6c1276904b87404ed678dbabb985c.php 第 112 行.
NOTIC: [8] Use of undefined constant article_id - assumed 'article_id' D:\wamp\www\myblog\Application\Runtime\Cache\Home\2ac6c1276904b87404ed678dbabb985c.php 第 112 行.
NOTIC: [8] Use of undefined constant read_articleid - assumed 'read_articleid' D:\wamp\www\myblog\Application\Runtime\Cache\Home\2ac6c1276904b87404ed678dbabb985c.php 第 140 行.
NOTIC: [8] Use of undefined constant read_articleid - assumed 'read_articleid' D:\wamp\www\myblog\Application\Runtime\Cache\Home\2ac6c1276904b87404ed678dbabb985c.php 第 140 行.
NOTIC: [8] Use of undefined constant read_articleid - assumed 'read_articleid' D:\wamp\www\myblog\Application\Runtime\Cache\Home\2ac6c1276904b87404ed678dbabb985c.php 第 140 行.
NOTIC: [8] Use of undefined constant read_articleid - assumed 'read_articleid' D:\wamp\www\myblog\Application\Runtime\Cache\Home\2ac6c1276904b87404ed678dbabb985c.php 第 140 行.
NOTIC: [8] Use of undefined constant read_articleid - assumed 'read_articleid' D:\wamp\www\myblog\Application\Runtime\Cache\Home\2ac6c1276904b87404ed678dbabb985c.php 第 140 行.
INFO: Run Behavior\ParseTemplateBehavior [ RunTime:0.080240s ]
INFO: [ view_parse ] --END-- [ RunTime:0.080369s ]
INFO: [ view_filter ] --START--
INFO: Run Behavior\WriteHtmlCacheBehavior [ RunTime:0.000570s ]
INFO: [ view_filter ] --END-- [ RunTime:0.000678s ]
INFO: [ app_end ] --START--
INFO: Run Behavior\ShowPageTraceBehavior [ RunTime:0.000681s ]
INFO: [ app_end ] --END-- [ RunTime:0.000783s ]

[ 2016-04-11T16:39:38+08:00 ] 127.0.0.1 /myblog/index.php/Home/Article/theme/id/50.html
INFO: [ app_init ] --START--
INFO: Run Behavior\BuildLiteBehavior [ RunTime:0.000025s ]
INFO: [ app_init ] --END-- [ RunTime:0.000478s ]
INFO: [ app_begin ] --START--
INFO: Run Behavior\ReadHtmlCacheBehavior [ RunTime:0.000945s ]
INFO: [ app_begin ] --END-- [ RunTime:0.001114s ]
NOTIC: [2048] Declaration of Home\Controller\ArticleController::theme() should be compatible with that of Think\Controller::theme() D:\wamp\www\myblog\Application\Home\Controller\ArticleController.class.php 第 111 行.
SQL: SHOW COLUMNS FROM `myblog_article` [ RunTime:0.0154s ]
SQL: SHOW COLUMNS FROM `myblog_read` [ RunTime:0.0103s ]
SQL: SELECT * FROM `myblog_read` ORDER BY read_count desc LIMIT 5   [ RunTime:0.0006s ]
SQL: SHOW COLUMNS FROM `myblog_article` [ RunTime:0.0074s ]
SQL: SELECT `article_title` FROM `myblog_article` WHERE ( article_id=46 ) LIMIT 1   [ RunTime:0.0005s ]
SQL: SELECT `article_title` FROM `myblog_article` WHERE ( article_id=33 ) LIMIT 1   [ RunTime:0.0003s ]
SQL: SELECT `article_title` FROM `myblog_article` WHERE ( article_id=3 ) LIMIT 1   [ RunTime:0.0003s ]
SQL: SELECT `article_title` FROM `myblog_article` WHERE ( article_id=27 ) LIMIT 1   [ RunTime:0.0003s ]
SQL: SELECT `article_title` FROM `myblog_article` WHERE ( article_id=1 ) LIMIT 1   [ RunTime:0.0003s ]
SQL: SHOW COLUMNS FROM `myblog_user` [ RunTime:0.0098s ]
SQL: SHOW COLUMNS FROM `myblog_nav` [ RunTime:0.0131s ]
SQL: SELECT * FROM `myblog_article` WHERE ( article_id=50 ) LIMIT 1   [ RunTime:0.0004s ]
SQL: SELECT `user` FROM `myblog_user` WHERE ( id=1 ) LIMIT 1   [ RunTime:0.0002s ]
SQL: SELECT `nav_name` FROM `myblog_nav` WHERE ( nav_id=4 ) LIMIT 1   [ RunTime:0.0002s ]
SQL: SHOW COLUMNS FROM `myblog_cmt` [ RunTime:0.0126s ]
SQL: SHOW COLUMNS FROM `myblog_collect` [ RunTime:0.0130s ]
SQL: SHOW COLUMNS FROM `myblog_like` [ RunTime:0.0111s ]
SQL: SELECT * FROM `myblog_read` WHERE ( read_articleid=50 ) LIMIT 1   [ RunTime:0.0005s ]
SQL: UPDATE `myblog_read` SET `read_count`='4' WHERE ( read_articleid=50 ) [ RunTime:0.1506s ]
SQL: SELECT COUNT(*) AS tp_count FROM `myblog_like` WHERE ( like_articleid=50 ) LIMIT 1   [ RunTime:0.0003s ]
SQL: SELECT COUNT(*) AS tp_count FROM `myblog_collect` WHERE ( collect_articleid=50 ) LIMIT 1   [ RunTime:0.0002s ]
SQL: SELECT COUNT(*) AS tp_count FROM `myblog_cmt` WHERE ( cmt_articleid=50 ) LIMIT 1   [ RunTime:0.0002s ]
SQL: SHOW COLUMNS FROM `myblog_cmt` [ RunTime:0.0094s ]
SQL: SELECT * FROM `myblog_cmt` WHERE ( cmt_articleid=50 and cmt_pid=0 )  [ RunTime:0.0004s ]
INFO: [ view_parse ] --START--
INFO: [ template_filter ] --START--
INFO: Run Behavior\ContentReplaceBehavior [ RunTime:0.000200s ]
INFO: [ template_filter ] --END-- [ RunTime:0.000342s ]
NOTIC: [8] Use of undefined constant read_articleid - assumed 'read_articleid' D:\wamp\www\myblog\Application\Runtime\Cache\Home\15a802ff8b2f980581234407ace9c788.php 第 209 行.
NOTIC: [8] Use of undefined constant read_articleid - assumed 'read_articleid' D:\wamp\www\myblog\Application\Runtime\Cache\Home\15a802ff8b2f980581234407ace9c788.php 第 209 行.
NOTIC: [8] Use of undefined constant read_articleid - assumed 'read_articleid' D:\wamp\www\myblog\Application\Runtime\Cache\Home\15a802ff8b2f980581234407ace9c788.php 第 209 行.
NOTIC: [8] Use of undefined constant read_articleid - assumed 'read_articleid' D:\wamp\www\myblog\Application\Runtime\Cache\Home\15a802ff8b2f980581234407ace9c788.php 第 209 行.
NOTIC: [8] Use of undefined constant read_articleid - assumed 'read_articleid' D:\wamp\www\myblog\Application\Runtime\Cache\Home\15a802ff8b2f980581234407ace9c788.php 第 209 行.
INFO: Run Behavior\ParseTemplateBehavior [ RunTime:0.089708s ]
INFO: [ view_parse ] --END-- [ RunTime:0.089936s ]
INFO: [ view_filter ] --START--
INFO: Run Behavior\WriteHtmlCacheBehavior [ RunTime:0.000757s ]
INFO: [ view_filter ] --END-- [ RunTime:0.000893s ]
INFO: [ app_end ] --START--
INFO: Run Behavior\ShowPageTraceBehavior [ RunTime:0.000692s ]
INFO: [ app_end ] --END-- [ RunTime:0.000887s ]

[ 2016-04-11T21:53:35+08:00 ] 127.0.0.1 /myblog/
INFO: [ app_init ] --START--
INFO: Run Behavior\BuildLiteBehavior [ RunTime:0.000032s ]
INFO: [ app_init ] --END-- [ RunTime:0.009087s ]
INFO: [ app_begin ] --START--
INFO: Run Behavior\ReadHtmlCacheBehavior [ RunTime:0.013668s ]
INFO: [ app_begin ] --END-- [ RunTime:0.013966s ]
SQL: SHOW COLUMNS FROM `myblog_article` [ RunTime:0.0137s ]
SQL: SHOW COLUMNS FROM `myblog_nav` [ RunTime:0.0126s ]
SQL: SELECT * FROM `myblog_nav` WHERE ( nav_parentID=3 ) ORDER BY nav_id  [ RunTime:0.0006s ]
SQL: SELECT * FROM `myblog_article` WHERE ( article_navid = 4 )  [ RunTime:0.0014s ]
SQL: SELECT * FROM `myblog_nav` WHERE ( nav_parentID=4 ) ORDER BY nav_id  [ RunTime:0.0003s ]
SQL: SELECT * FROM `myblog_article` WHERE ( article_navid = 7 )  [ RunTime:0.0004s ]
SQL: SELECT * FROM `myblog_article` WHERE ( article_navid = 8 )  [ RunTime:0.0003s ]
SQL: SELECT * FROM `myblog_article` WHERE ( article_navid = 9 )  [ RunTime:0.0004s ]
SQL: SELECT * FROM `myblog_article` WHERE ( article_navid = 10 )  [ RunTime:0.0003s ]
SQL: SELECT * FROM `myblog_article` WHERE ( article_navid = 5 )  [ RunTime:0.0002s ]
SQL: SELECT * FROM `myblog_nav` WHERE ( nav_parentID=5 ) ORDER BY nav_id  [ RunTime:0.0002s ]
SQL: SELECT * FROM `myblog_article` WHERE ( article_navid = 11 )  [ RunTime:0.0003s ]
SQL: SELECT * FROM `myblog_article` WHERE ( article_navid = 12 )  [ RunTime:0.0002s ]
SQL: SELECT * FROM `myblog_article` WHERE ( article_navid = 13 )  [ RunTime:0.0002s ]
SQL: SELECT * FROM `myblog_article` WHERE ( article_navid = 6 )  [ RunTime:0.0004s ]
SQL: SELECT * FROM `myblog_nav` WHERE ( nav_parentID=6 ) ORDER BY nav_id  [ RunTime:0.0002s ]
SQL: SHOW COLUMNS FROM `myblog_read` [ RunTime:0.0142s ]
SQL: SELECT * FROM `myblog_read` ORDER BY read_count desc LIMIT 5   [ RunTime:0.0004s ]
SQL: SHOW COLUMNS FROM `myblog_article` [ RunTime:0.0099s ]
SQL: SELECT `article_title` FROM `myblog_article` WHERE ( article_id=46 ) LIMIT 1   [ RunTime:0.0003s ]
SQL: SELECT `article_title` FROM `myblog_article` WHERE ( article_id=33 ) LIMIT 1   [ RunTime:0.0003s ]
SQL: SELECT `article_title` FROM `myblog_article` WHERE ( article_id=3 ) LIMIT 1   [ RunTime:0.0004s ]
SQL: SELECT `article_title` FROM `myblog_article` WHERE ( article_id=27 ) LIMIT 1   [ RunTime:0.0002s ]
SQL: SELECT `article_title` FROM `myblog_article` WHERE ( article_id=1 ) LIMIT 1   [ RunTime:0.0003s ]
SQL: SHOW COLUMNS FROM `myblog_user` [ RunTime:0.0105s ]
SQL: SHOW COLUMNS FROM `myblog_bbs` [ RunTime:0.0117s ]
SQL: SELECT COUNT(*) AS tp_count FROM `myblog_bbs` WHERE ( bbs_userid = '' ) LIMIT 1   [ RunTime:0.0005s ]
SQL: SELECT COUNT(*) AS tp_count FROM `myblog_article` WHERE ( article_userid = '' ) LIMIT 1   [ RunTime:0.0004s ]
NOTIC: [8] Undefined variable: navList D:\wamp\www\myblog\Application\Home\Controller\IndexController.class.php 第 21 行.
INFO: [ view_parse ] --START--
INFO: [ template_filter ] --START--
INFO: Run Behavior\ContentReplaceBehavior [ RunTime:0.000344s ]
INFO: [ template_filter ] --END-- [ RunTime:0.000560s ]
NOTIC: [8] Use of undefined constant article_id - assumed 'article_id' D:\wamp\www\myblog\Application\Runtime\Cache\Home\2a94b8bda04ff446dcedd42276fc99ee.php 第 120 行.
NOTIC: [8] Use of undefined constant article_id - assumed 'article_id' D:\wamp\www\myblog\Application\Runtime\Cache\Home\2a94b8bda04ff446dcedd42276fc99ee.php 第 121 行.
NOTIC: [8] Use of undefined constant article_id - assumed 'article_id' D:\wamp\www\myblog\Application\Runtime\Cache\Home\2a94b8bda04ff446dcedd42276fc99ee.php 第 122 行.
NOTIC: [8] Use of undefined constant article_id - assumed 'article_id' D:\wamp\www\myblog\Application\Runtime\Cache\Home\2a94b8bda04ff446dcedd42276fc99ee.php 第 123 行.
NOTIC: [8] Use of undefined constant article_id - assumed 'article_id' D:\wamp\www\myblog\Application\Runtime\Cache\Home\2a94b8bda04ff446dcedd42276fc99ee.php 第 127 行.
NOTIC: [8] Use of undefined constant article_id - assumed 'article_id' D:\wamp\www\myblog\Application\Runtime\Cache\Home\2a94b8bda04ff446dcedd42276fc99ee.php 第 128 行.
NOTIC: [8] Use of undefined constant article_id - assumed 'article_id' D:\wamp\www\myblog\Application\Runtime\Cache\Home\2a94b8bda04ff446dcedd42276fc99ee.php 第 129 行.
NOTIC: [8] Use of undefined constant article_id - assumed 'article_id' D:\wamp\www\myblog\Application\Runtime\Cache\Home\2a94b8bda04ff446dcedd42276fc99ee.php 第 130 行.
NOTIC: [8] Use of undefined constant article_id - assumed 'article_id' D:\wamp\www\myblog\Application\Runtime\Cache\Home\2a94b8bda04ff446dcedd42276fc99ee.php 第 127 行.
NOTIC: [8] Use of undefined constant article_id - assumed 'article_id' D:\wamp\www\myblog\Application\Runtime\Cache\Home\2a94b8bda04ff446dcedd42276fc99ee.php 第 128 行.
NOTIC: [8] Use of undefined constant article_id - assumed 'article_id' D:\wamp\www\myblog\Application\Runtime\Cache\Home\2a94b8bda04ff446dcedd42276fc99ee.php 第 129 行.
NOTIC: [8] Use of undefined constant article_id - assumed 'article_id' D:\wamp\www\myblog\Application\Runtime\Cache\Home\2a94b8bda04ff446dcedd42276fc99ee.php 第 130 行.
NOTIC: [8] Use of undefined constant article_id - assumed 'article_id' D:\wamp\www\myblog\Application\Runtime\Cache\Home\2a94b8bda04ff446dcedd42276fc99ee.php 第 127 行.
NOTIC: [8] Use of undefined constant article_id - assumed 'article_id' D:\wamp\www\myblog\Application\Runtime\Cache\Home\2a94b8bda04ff446dcedd42276fc99ee.php 第 128 行.
NOTIC: [8] Use of undefined constant article_id - assumed 'article_id' D:\wamp\www\myblog\Application\Runtime\Cache\Home\2a94b8bda04ff446dcedd42276fc99ee.php 第 129 行.
NOTIC: [8] Use of undefined constant article_id - assumed 'article_id' D:\wamp\www\myblog\Application\Runtime\Cache\Home\2a94b8bda04ff446dcedd42276fc99ee.php 第 130 行.
NOTIC: [8] Use of undefined constant article_id - assumed 'article_id' D:\wamp\www\myblog\Application\Runtime\Cache\Home\2a94b8bda04ff446dcedd42276fc99ee.php 第 127 行.
NOTIC: [8] Use of undefined constant article_id - assumed 'article_id' D:\wamp\www\myblog\Application\Runtime\Cache\Home\2a94b8bda04ff446dcedd42276fc99ee.php 第 128 行.
NOTIC: [8] Use of undefined constant article_id - assumed 'article_id' D:\wamp\www\myblog\Application\Runtime\Cache\Home\2a94b8bda04ff446dcedd42276fc99ee.php 第 129 行.
NOTIC: [8] Use of undefined constant article_id - assumed 'article_id' D:\wamp\www\myblog\Application\Runtime\Cache\Home\2a94b8bda04ff446dcedd42276fc99ee.php 第 130 行.
NOTIC: [8] Use of undefined constant article_id - assumed 'article_id' D:\wamp\www\myblog\Application\Runtime\Cache\Home\2a94b8bda04ff446dcedd42276fc99ee.php 第 152 行.
NOTIC: [8] Use of undefined constant article_id - assumed 'article_id' D:\wamp\www\myblog\Application\Runtime\Cache\Home\2a94b8bda04ff446dcedd42276fc99ee.php 第 153 行.
NOTIC: [8] Use of undefined constant article_id - assumed 'article_id' D:\wamp\www\myblog\Application\Runtime\Cache\Home\2a94b8bda04ff446dcedd42276fc99ee.php 第 154 行.
NOTIC: [8] Use of undefined constant article_id - assumed 'article_id' D:\wamp\www\myblog\Application\Runtime\Cache\Home\2a94b8bda04ff446dcedd42276fc99ee.php 第 155 行.
NOTIC: [8] Use of undefined constant read_articleid - assumed 'read_articleid' D:\wamp\www\myblog\Application\Runtime\Cache\Home\2a94b8bda04ff446dcedd42276fc99ee.php 第 195 行.
NOTIC: [8] Use of undefined constant read_articleid - assumed 'read_articleid' D:\wamp\www\myblog\Application\Runtime\Cache\Home\2a94b8bda04ff446dcedd42276fc99ee.php 第 195 行.
NOTIC: [8] Use of undefined constant read_articleid - assumed 'read_articleid' D:\wamp\www\myblog\Application\Runtime\Cache\Home\2a94b8bda04ff446dcedd42276fc99ee.php 第 195 行.
NOTIC: [8] Use of undefined constant read_articleid - assumed 'read_articleid' D:\wamp\www\myblog\Application\Runtime\Cache\Home\2a94b8bda04ff446dcedd42276fc99ee.php 第 195 行.
NOTIC: [8] Use of undefined constant read_articleid - assumed 'read_articleid' D:\wamp\www\myblog\Application\Runtime\Cache\Home\2a94b8bda04ff446dcedd42276fc99ee.php 第 195 行.
INFO: Run Behavior\ParseTemplateBehavior [ RunTime:0.309292s ]
INFO: [ view_parse ] --END-- [ RunTime:0.309508s ]
INFO: [ view_filter ] --START--
INFO: Run Behavior\WriteHtmlCacheBehavior [ RunTime:0.011957s ]
INFO: [ view_filter ] --END-- [ RunTime:0.012090s ]
INFO: [ app_end ] --START--
INFO: Run Behavior\ShowPageTraceBehavior [ RunTime:0.002436s ]
INFO: [ app_end ] --END-- [ RunTime:0.002565s ]

[ 2016-04-11T22:49:09+08:00 ] 127.0.0.1 /myblog/
INFO: [ app_init ] --START--
INFO: Run Behavior\BuildLiteBehavior [ RunTime:0.000089s ]
INFO: [ app_init ] --END-- [ RunTime:0.013949s ]
INFO: [ app_begin ] --START--
INFO: Run Behavior\ReadHtmlCacheBehavior [ RunTime:0.013760s ]
INFO: [ app_begin ] --END-- [ RunTime:0.013998s ]
SQL: SHOW COLUMNS FROM `myblog_article` [ RunTime:0.0148s ]
SQL: SHOW COLUMNS FROM `myblog_nav` [ RunTime:0.0171s ]
SQL: SELECT * FROM `myblog_nav` WHERE ( nav_parentID=3 ) ORDER BY nav_id  [ RunTime:0.0013s ]
SQL: SELECT * FROM `myblog_article` WHERE ( article_navid = 4 )  [ RunTime:0.0017s ]
SQL: SELECT * FROM `myblog_nav` WHERE ( nav_parentID=4 ) ORDER BY nav_id  [ RunTime:0.0004s ]
SQL: SELECT * FROM `myblog_article` WHERE ( article_navid = 7 )  [ RunTime:0.0007s ]
SQL: SELECT * FROM `myblog_article` WHERE ( article_navid = 8 )  [ RunTime:0.0006s ]
SQL: SELECT * FROM `myblog_article` WHERE ( article_navid = 9 )  [ RunTime:0.0005s ]
SQL: SELECT * FROM `myblog_article` WHERE ( article_navid = 10 )  [ RunTime:0.0005s ]
SQL: SELECT * FROM `myblog_article` WHERE ( article_navid = 5 )  [ RunTime:0.0004s ]
SQL: SELECT * FROM `myblog_nav` WHERE ( nav_parentID=5 ) ORDER BY nav_id  [ RunTime:0.0004s ]
SQL: SELECT * FROM `myblog_article` WHERE ( article_navid = 11 )  [ RunTime:0.0003s ]
SQL: SELECT * FROM `myblog_article` WHERE ( article_navid = 12 )  [ RunTime:0.0003s ]
SQL: SELECT * FROM `myblog_article` WHERE ( article_navid = 13 )  [ RunTime:0.0003s ]
SQL: SELECT * FROM `myblog_article` WHERE ( article_navid = 6 )  [ RunTime:0.0005s ]
SQL: SELECT * FROM `myblog_nav` WHERE ( nav_parentID=6 ) ORDER BY nav_id  [ RunTime:0.0003s ]
SQL: SHOW COLUMNS FROM `myblog_read` [ RunTime:0.0120s ]
SQL: SELECT * FROM `myblog_read` ORDER BY read_count desc LIMIT 5   [ RunTime:0.0005s ]
SQL: SHOW COLUMNS FROM `myblog_article` [ RunTime:0.0091s ]
SQL: SELECT `article_title` FROM `myblog_article` WHERE ( article_id=46 ) LIMIT 1   [ RunTime:0.0005s ]
SQL: SELECT `article_title` FROM `myblog_article` WHERE ( article_id=33 ) LIMIT 1   [ RunTime:0.0005s ]
SQL: SELECT `article_title` FROM `myblog_article` WHERE ( article_id=3 ) LIMIT 1   [ RunTime:0.0004s ]
SQL: SELECT `article_title` FROM `myblog_article` WHERE ( article_id=27 ) LIMIT 1   [ RunTime:0.0003s ]
SQL: SELECT `article_title` FROM `myblog_article` WHERE ( article_id=1 ) LIMIT 1   [ RunTime:0.0003s ]
SQL: SHOW COLUMNS FROM `myblog_user` [ RunTime:0.0151s ]
SQL: SHOW COLUMNS FROM `myblog_bbs` [ RunTime:0.0143s ]
SQL: SELECT COUNT(*) AS tp_count FROM `myblog_bbs` WHERE ( bbs_userid = '' ) LIMIT 1   [ RunTime:0.0004s ]
SQL: SELECT COUNT(*) AS tp_count FROM `myblog_article` WHERE ( article_userid = '' ) LIMIT 1   [ RunTime:0.0004s ]
NOTIC: [8] Undefined variable: navList D:\wamp\www\myblog\Application\Home\Controller\IndexController.class.php 第 21 行.
INFO: [ view_parse ] --START--
INFO: [ template_filter ] --START--
INFO: Run Behavior\ContentReplaceBehavior [ RunTime:0.000707s ]
INFO: [ template_filter ] --END-- [ RunTime:0.000922s ]
NOTIC: [8] Use of undefined constant article_id - assumed 'article_id' D:\wamp\www\myblog\Application\Runtime\Cache\Home\2a94b8bda04ff446dcedd42276fc99ee.php 第 120 行.
NOTIC: [8] Use of undefined constant article_id - assumed 'article_id' D:\wamp\www\myblog\Application\Runtime\Cache\Home\2a94b8bda04ff446dcedd42276fc99ee.php 第 121 行.
NOTIC: [8] Use of undefined constant article_id - assumed 'article_id' D:\wamp\www\myblog\Application\Runtime\Cache\Home\2a94b8bda04ff446dcedd42276fc99ee.php 第 122 行.
NOTIC: [8] Use of undefined constant article_id - assumed 'article_id' D:\wamp\www\myblog\Application\Runtime\Cache\Home\2a94b8bda04ff446dcedd42276fc99ee.php 第 123 行.
NOTIC: [8] Use of undefined constant article_id - assumed 'article_id' D:\wamp\www\myblog\Application\Runtime\Cache\Home\2a94b8bda04ff446dcedd42276fc99ee.php 第 127 行.
NOTIC: [8] Use of undefined constant article_id - assumed 'article_id' D:\wamp\www\myblog\Application\Runtime\Cache\Home\2a94b8bda04ff446dcedd42276fc99ee.php 第 128 行.
NOTIC: [8] Use of undefined constant article_id - assumed 'article_id' D:\wamp\www\myblog\Application\Runtime\Cache\Home\2a94b8bda04ff446dcedd42276fc99ee.php 第 129 行.
NOTIC: [8] Use of undefined constant article_id - assumed 'article_id' D:\wamp\www\myblog\Application\Runtime\Cache\Home\2a94b8bda04ff446dcedd42276fc99ee.php 第 130 行.
NOTIC: [8] Use of undefined constant article_id - assumed 'article_id' D:\wamp\www\myblog\Application\Runtime\Cache\Home\2a94b8bda04ff446dcedd42276fc99ee.php 第 127 行.
NOTIC: [8] Use of undefined constant article_id - assumed 'article_id' D:\wamp\www\myblog\Application\Runtime\Cache\Home\2a94b8bda04ff446dcedd42276fc99ee.php 第 128 行.
NOTIC: [8] Use of undefined constant article_id - assumed 'article_id' D:\wamp\www\myblog\Application\Runtime\Cache\Home\2a94b8bda04ff446dcedd42276fc99ee.php 第 129 行.
NOTIC: [8] Use of undefined constant article_id - assumed 'article_id' D:\wamp\www\myblog\Application\Runtime\Cache\Home\2a94b8bda04ff446dcedd42276fc99ee.php 第 130 行.
NOTIC: [8] Use of undefined constant article_id - assumed 'article_id' D:\wamp\www\myblog\Application\Runtime\Cache\Home\2a94b8bda04ff446dcedd42276fc99ee.php 第 127 行.
NOTIC: [8] Use of undefined constant article_id - assumed 'article_id' D:\wamp\www\myblog\Application\Runtime\Cache\Home\2a94b8bda04ff446dcedd42276fc99ee.php 第 128 行.
NOTIC: [8] Use of undefined constant article_id - assumed 'article_id' D:\wamp\www\myblog\Application\Runtime\Cache\Home\2a94b8bda04ff446dcedd42276fc99ee.php 第 129 行.
NOTIC: [8] Use of undefined constant article_id - assumed 'article_id' D:\wamp\www\myblog\Application\Runtime\Cache\Home\2a94b8bda04ff446dcedd42276fc99ee.php 第 130 行.
NOTIC: [8] Use of undefined constant article_id - assumed 'article_id' D:\wamp\www\myblog\Application\Runtime\Cache\Home\2a94b8bda04ff446dcedd42276fc99ee.php 第 127 行.
NOTIC: [8] Use of undefined constant article_id - assumed 'article_id' D:\wamp\www\myblog\Application\Runtime\Cache\Home\2a94b8bda04ff446dcedd42276fc99ee.php 第 128 行.
NOTIC: [8] Use of undefined constant article_id - assumed 'article_id' D:\wamp\www\myblog\Application\Runtime\Cache\Home\2a94b8bda04ff446dcedd42276fc99ee.php 第 129 行.
NOTIC: [8] Use of undefined constant article_id - assumed 'article_id' D:\wamp\www\myblog\Application\Runtime\Cache\Home\2a94b8bda04ff446dcedd42276fc99ee.php 第 130 行.
NOTIC: [8] Use of undefined constant article_id - assumed 'article_id' D:\wamp\www\myblog\Application\Runtime\Cache\Home\2a94b8bda04ff446dcedd42276fc99ee.php 第 152 行.
NOTIC: [8] Use of undefined constant article_id - assumed 'article_id' D:\wamp\www\myblog\Application\Runtime\Cache\Home\2a94b8bda04ff446dcedd42276fc99ee.php 第 153 行.
NOTIC: [8] Use of undefined constant article_id - assumed 'article_id' D:\wamp\www\myblog\Application\Runtime\Cache\Home\2a94b8bda04ff446dcedd42276fc99ee.php 第 154 行.
NOTIC: [8] Use of undefined constant article_id - assumed 'article_id' D:\wamp\www\myblog\Application\Runtime\Cache\Home\2a94b8bda04ff446dcedd42276fc99ee.php 第 155 行.
NOTIC: [8] Use of undefined constant read_articleid - assumed 'read_articleid' D:\wamp\www\myblog\Application\Runtime\Cache\Home\2a94b8bda04ff446dcedd42276fc99ee.php 第 195 行.
NOTIC: [8] Use of undefined constant read_articleid - assumed 'read_articleid' D:\wamp\www\myblog\Application\Runtime\Cache\Home\2a94b8bda04ff446dcedd42276fc99ee.php 第 195 行.
NOTIC: [8] Use of undefined constant read_articleid - assumed 'read_articleid' D:\wamp\www\myblog\Application\Runtime\Cache\Home\2a94b8bda04ff446dcedd42276fc99ee.php 第 195 行.
NOTIC: [8] Use of undefined constant read_articleid - assumed 'read_articleid' D:\wamp\www\myblog\Application\Runtime\Cache\Home\2a94b8bda04ff446dcedd42276fc99ee.php 第 195 行.
NOTIC: [8] Use of undefined constant read_articleid - assumed 'read_articleid' D:\wamp\www\myblog\Application\Runtime\Cache\Home\2a94b8bda04ff446dcedd42276fc99ee.php 第 195 行.
INFO: Run Behavior\ParseTemplateBehavior [ RunTime:0.363716s ]
INFO: [ view_parse ] --END-- [ RunTime:0.363862s ]
INFO: [ view_filter ] --START--
INFO: Run Behavior\WriteHtmlCacheBehavior [ RunTime:0.077321s ]
INFO: [ view_filter ] --END-- [ RunTime:0.077456s ]
INFO: [ app_end ] --START--
INFO: Run Behavior\ShowPageTraceBehavior [ RunTime:0.015029s ]
INFO: [ app_end ] --END-- [ RunTime:0.015205s ]

