[ 2016-04-07T23:27:00+08:00 ] 127.0.0.1 /myblog/index.php/register/verify
INFO: [ app_init ] --START--
INFO: Run Behavior\BuildLiteBehavior [ RunTime:0.000041s ]
INFO: [ app_init ] --END-- [ RunTime:0.000741s ]
ERR: 无法加载模块:Register

[ 2016-04-07T23:27:05+08:00 ] 127.0.0.1 /myblog/index.php/register/verify?0.13935333583503962
INFO: [ app_init ] --START--
INFO: Run Behavior\BuildLiteBehavior [ RunTime:0.000052s ]
INFO: [ app_init ] --END-- [ RunTime:0.000931s ]
ERR: 无法加载模块:Register

[ 2016-04-07T23:27:06+08:00 ] 127.0.0.1 /myblog/index.php/register/verify?0.13935333583503962?0.5157168637961149
INFO: [ app_init ] --START--
INFO: Run Behavior\BuildLiteBehavior [ RunTime:0.000026s ]
INFO: [ app_init ] --END-- [ RunTime:0.000539s ]
ERR: 无法加载模块:Register

[ 2016-04-07T23:27:06+08:00 ] 127.0.0.1 /myblog/index.php/register/verify?0.13935333583503962?0.5157168637961149?0.4077760763466358
INFO: [ app_init ] --START--
INFO: Run Behavior\BuildLiteBehavior [ RunTime:0.000047s ]
INFO: [ app_init ] --END-- [ RunTime:0.000746s ]
ERR: 无法加载模块:Register

[ 2016-04-07T23:27:07+08:00 ] 127.0.0.1 /myblog/index.php/register/verify?0.13935333583503962?0.5157168637961149?0.4077760763466358?0.34097854839637876
INFO: [ app_init ] --START--
INFO: Run Behavior\BuildLiteBehavior [ RunTime:0.000026s ]
INFO: [ app_init ] --END-- [ RunTime:0.000438s ]
ERR: 无法加载模块:Register

[ 2016-04-07T23:27:07+08:00 ] 127.0.0.1 /myblog/index.php/register/verify?0.13935333583503962?0.5157168637961149?0.4077760763466358?0.34097854839637876?0.8535918854176998
INFO: [ app_init ] --START--
INFO: Run Behavior\BuildLiteBehavior [ RunTime:0.000032s ]
INFO: [ app_init ] --END-- [ RunTime:0.000621s ]
ERR: 无法加载模块:Register

[ 2016-04-07T23:27:07+08:00 ] 127.0.0.1 /myblog/index.php/register/verify?0.13935333583503962?0.5157168637961149?0.4077760763466358?0.34097854839637876?0.8535918854176998?0.08099331776611507
INFO: [ app_init ] --START--
INFO: Run Behavior\BuildLiteBehavior [ RunTime:0.000025s ]
INFO: [ app_init ] --END-- [ RunTime:0.000468s ]
ERR: 无法加载模块:Register

[ 2016-04-07T23:27:49+08:00 ] 127.0.0.1 /myblog/index.php/Register/verify
INFO: [ app_init ] --START--
INFO: Run Behavior\BuildLiteBehavior [ RunTime:0.000048s ]
INFO: [ app_init ] --END-- [ RunTime:0.000774s ]
ERR: 无法加载模块:Register

[ 2016-04-07T23:27:50+08:00 ] 127.0.0.1 /myblog/index.php/Register/verify?0.8930536129046232
INFO: [ app_init ] --START--
INFO: Run Behavior\BuildLiteBehavior [ RunTime:0.000028s ]
INFO: [ app_init ] --END-- [ RunTime:0.000622s ]
ERR: 无法加载模块:Register

[ 2016-04-07T23:28:51+08:00 ] 127.0.0.1 /myblog/index.php/Register/verify
INFO: [ app_init ] --START--
INFO: Run Behavior\BuildLiteBehavior [ RunTime:0.000048s ]
INFO: [ app_init ] --END-- [ RunTime:0.000785s ]
ERR: 无法加载模块:Register

[ 2016-04-07T23:28:51+08:00 ] 127.0.0.1 /myblog/index.php/Register/verify?0.958553371950984
INFO: [ app_init ] --START--
INFO: Run Behavior\BuildLiteBehavior [ RunTime:0.000028s ]
INFO: [ app_init ] --END-- [ RunTime:0.000487s ]
ERR: 无法加载模块:Register

[ 2016-04-07T23:28:52+08:00 ] 127.0.0.1 /myblog/index.php/Register/verify?0.958553371950984?0.5904833835083991
INFO: [ app_init ] --START--
INFO: Run Behavior\BuildLiteBehavior [ RunTime:0.000043s ]
INFO: [ app_init ] --END-- [ RunTime:0.000786s ]
ERR: 无法加载模块:Register

[ 2016-04-07T23:28:52+08:00 ] 127.0.0.1 /myblog/index.php/Register/verify?0.958553371950984?0.5904833835083991?0.4262807460036129
INFO: [ app_init ] --START--
INFO: Run Behavior\BuildLiteBehavior [ RunTime:0.000026s ]
INFO: [ app_init ] --END-- [ RunTime:0.000457s ]
ERR: 无法加载模块:Register

[ 2016-04-07T23:28:52+08:00 ] 127.0.0.1 /myblog/index.php/Register/verify?0.958553371950984?0.5904833835083991?0.4262807460036129?0.8021030849777162
INFO: [ app_init ] --START--
INFO: Run Behavior\BuildLiteBehavior [ RunTime:0.000039s ]
INFO: [ app_init ] --END-- [ RunTime:0.000660s ]
ERR: 无法加载模块:Register

[ 2016-04-07T23:28:52+08:00 ] 127.0.0.1 /myblog/index.php/Register/verify?0.958553371950984?0.5904833835083991?0.4262807460036129?0.8021030849777162?0.8631852141115814
INFO: [ app_init ] --START--
INFO: Run Behavior\BuildLiteBehavior [ RunTime:0.000027s ]
INFO: [ app_init ] --END-- [ RunTime:0.000456s ]
ERR: 无法加载模块:Register

[ 2016-04-07T23:30:13+08:00 ] 127.0.0.1 /myblog/index.php/Register/verify
INFO: [ app_init ] --START--
INFO: Run Behavior\BuildLiteBehavior [ RunTime:0.000048s ]
INFO: [ app_init ] --END-- [ RunTime:0.000961s ]
ERR: 无法加载模块:Register

[ 2016-04-07T23:31:36+08:00 ] 127.0.0.1 /myblog/index.php/Register/verify
INFO: [ app_init ] --START--
INFO: Run Behavior\BuildLiteBehavior [ RunTime:0.000048s ]
INFO: [ app_init ] --END-- [ RunTime:0.000829s ]
ERR: 无法加载模块:Register

[ 2016-04-07T23:31:55+08:00 ] 127.0.0.1 /myblog/index.php/Register/verify
INFO: [ app_init ] --START--
INFO: Run Behavior\BuildLiteBehavior [ RunTime:0.000049s ]
INFO: [ app_init ] --END-- [ RunTime:0.000784s ]
ERR: 无法加载模块:Register

