[ 2016-04-14T13:38:42+08:00 ] 127.0.0.1 /myblog/admin
INFO: [ app_init ] --START--
INFO: Run Behavior\BuildLiteBehavior [ RunTime:0.000031s ]
INFO: [ app_init ] --END-- [ RunTime:0.000615s ]
INFO: [ app_begin ] --START--
INFO: Run Behavior\ReadHtmlCacheBehavior [ RunTime:0.000616s ]
INFO: [ app_begin ] --END-- [ RunTime:0.000923s ]

[ 2016-04-14T13:38:42+08:00 ] 127.0.0.1 /myblog/index.php/Admin/Login/login.html
INFO: [ app_init ] --START--
INFO: Run Behavior\BuildLiteBehavior [ RunTime:0.000027s ]
INFO: [ app_init ] --END-- [ RunTime:0.000438s ]
INFO: [ app_begin ] --START--
INFO: Run Behavior\ReadHtmlCacheBehavior [ RunTime:0.000462s ]
INFO: [ app_begin ] --END-- [ RunTime:0.000585s ]
INFO: [ view_parse ] --START--
INFO: [ template_filter ] --START--
INFO: Run Behavior\ContentReplaceBehavior [ RunTime:0.000080s ]
INFO: [ template_filter ] --END-- [ RunTime:0.000200s ]
INFO: Run Behavior\ParseTemplateBehavior [ RunTime:0.037043s ]
INFO: [ view_parse ] --END-- [ RunTime:0.037185s ]
INFO: [ view_filter ] --START--
INFO: Run Behavior\WriteHtmlCacheBehavior [ RunTime:0.000375s ]
INFO: [ view_filter ] --END-- [ RunTime:0.000478s ]
INFO: [ app_end ] --START--
INFO: Run Behavior\ShowPageTraceBehavior [ RunTime:0.000573s ]
INFO: [ app_end ] --END-- [ RunTime:0.000674s ]

[ 2016-04-14T13:38:46+08:00 ] 127.0.0.1 /myblog/index.php/Admin/Login/checkLogin
INFO: [ app_init ] --START--
INFO: Run Behavior\BuildLiteBehavior [ RunTime:0.000025s ]
INFO: [ app_init ] --END-- [ RunTime:0.000434s ]
INFO: [ app_begin ] --START--
INFO: Run Behavior\ReadHtmlCacheBehavior [ RunTime:0.000619s ]
INFO: [ app_begin ] --END-- [ RunTime:0.000761s ]
SQL: SHOW COLUMNS FROM `myblog_user` [ RunTime:0.0129s ]
NOTIC: [8] Undefined index: validate D:\wamp\www\myblog\ThinkPHP\Library\Think\Model.class.php 第 1185 行.
NOTIC: [8] Undefined index: auto D:\wamp\www\myblog\ThinkPHP\Library\Think\Model.class.php 第 1128 行.
SQL: SELECT * FROM `myblog_user` WHERE `account` = 'admin' LIMIT 1   [ RunTime:0.0004s ]
INFO: [ view_parse ] --START--
INFO: [ template_filter ] --START--
INFO: Run Behavior\ContentReplaceBehavior [ RunTime:0.000073s ]
INFO: [ template_filter ] --END-- [ RunTime:0.000201s ]
INFO: Run Behavior\ParseTemplateBehavior [ RunTime:0.046151s ]
INFO: [ view_parse ] --END-- [ RunTime:0.046289s ]
INFO: [ view_filter ] --START--
INFO: Run Behavior\WriteHtmlCacheBehavior [ RunTime:0.000383s ]
INFO: [ view_filter ] --END-- [ RunTime:0.000484s ]
INFO: [ app_end ] --START--
INFO: Run Behavior\ShowPageTraceBehavior [ RunTime:0.000567s ]
INFO: [ app_end ] --END-- [ RunTime:0.000669s ]

[ 2016-04-14T13:38:47+08:00 ] 127.0.0.1 /myblog/index.php/Admin/index/Index.html
INFO: [ app_init ] --START--
INFO: Run Behavior\BuildLiteBehavior [ RunTime:0.000024s ]
INFO: [ app_init ] --END-- [ RunTime:0.000391s ]
INFO: [ app_begin ] --START--
INFO: Run Behavior\ReadHtmlCacheBehavior [ RunTime:0.000573s ]
INFO: [ app_begin ] --END-- [ RunTime:0.000732s ]
SQL: SHOW COLUMNS FROM `myblog_leftnav` [ RunTime:0.0478s ]
SQL: SELECT * FROM `myblog_leftnav` WHERE ( pid = 0 ) ORDER BY ol  [ RunTime:0.0005s ]
SQL: SELECT * FROM `myblog_leftnav` WHERE ( pid = 4 ) ORDER BY ol  [ RunTime:0.0003s ]
SQL: SELECT * FROM `myblog_leftnav` WHERE ( pid = 6 ) ORDER BY ol  [ RunTime:0.0003s ]
SQL: SELECT * FROM `myblog_leftnav` WHERE ( pid = 7 ) ORDER BY ol  [ RunTime:0.0003s ]
SQL: SELECT * FROM `myblog_leftnav` WHERE ( pid = 14 ) ORDER BY ol  [ RunTime:0.0003s ]
SQL: SELECT * FROM `myblog_leftnav` WHERE ( pid = 15 ) ORDER BY ol  [ RunTime:0.0002s ]
SQL: SHOW COLUMNS FROM `myblog_article` [ RunTime:0.0132s ]
SQL: SELECT COUNT(*) AS tp_count FROM `myblog_article` LIMIT 1   [ RunTime:0.0003s ]
SQL: SHOW COLUMNS FROM `myblog_cmt` [ RunTime:0.0117s ]
SQL: SELECT COUNT(*) AS tp_count FROM `myblog_cmt` LIMIT 1   [ RunTime:0.0003s ]
SQL: SHOW COLUMNS FROM `myblog_bbs` [ RunTime:0.0133s ]
SQL: SELECT COUNT(*) AS tp_count FROM `myblog_bbs` LIMIT 1   [ RunTime:0.0003s ]
SQL: SHOW COLUMNS FROM `myblog_user` [ RunTime:0.0099s ]
SQL: SELECT COUNT(*) AS tp_count FROM `myblog_user` LIMIT 1   [ RunTime:0.0003s ]
SQL: SHOW COLUMNS FROM `myblog_log` [ RunTime:0.0526s ]
SQL: DELETE FROM `myblog_log` WHERE ( t < 1455428327 ) [ RunTime:0.0052s ]
SQL: SELECT COUNT(*) AS tp_count FROM `myblog_log` LIMIT 1   [ RunTime:0.0002s ]
SQL: SELECT * FROM `myblog_log` ORDER BY id desc LIMIT 0,5   [ RunTime:0.0004s ]
INFO: [ view_parse ] --START--
INFO: [ template_filter ] --START--
INFO: Run Behavior\ContentReplaceBehavior [ RunTime:0.000105s ]
INFO: [ template_filter ] --END-- [ RunTime:0.000231s ]
NOTIC: [8] Use of undefined constant href - assumed 'href' D:\wamp\www\myblog\Application\Runtime\Cache\Admin\da4cd6c0f72b4897fc3959e8a3e7598e.php 第 30 行.
NOTIC: [8] Use of undefined constant href - assumed 'href' D:\wamp\www\myblog\Application\Runtime\Cache\Admin\da4cd6c0f72b4897fc3959e8a3e7598e.php 第 30 行.
NOTIC: [8] Use of undefined constant href - assumed 'href' D:\wamp\www\myblog\Application\Runtime\Cache\Admin\da4cd6c0f72b4897fc3959e8a3e7598e.php 第 30 行.
NOTIC: [8] Use of undefined constant href - assumed 'href' D:\wamp\www\myblog\Application\Runtime\Cache\Admin\da4cd6c0f72b4897fc3959e8a3e7598e.php 第 30 行.
NOTIC: [8] Use of undefined constant href - assumed 'href' D:\wamp\www\myblog\Application\Runtime\Cache\Admin\da4cd6c0f72b4897fc3959e8a3e7598e.php 第 30 行.
NOTIC: [8] Use of undefined constant href - assumed 'href' D:\wamp\www\myblog\Application\Runtime\Cache\Admin\da4cd6c0f72b4897fc3959e8a3e7598e.php 第 30 行.
NOTIC: [8] Use of undefined constant href - assumed 'href' D:\wamp\www\myblog\Application\Runtime\Cache\Admin\da4cd6c0f72b4897fc3959e8a3e7598e.php 第 30 行.
NOTIC: [8] Use of undefined constant href - assumed 'href' D:\wamp\www\myblog\Application\Runtime\Cache\Admin\da4cd6c0f72b4897fc3959e8a3e7598e.php 第 30 行.
INFO: Run Behavior\ParseTemplateBehavior [ RunTime:0.123485s ]
INFO: [ view_parse ] --END-- [ RunTime:0.123605s ]
INFO: [ view_filter ] --START--
INFO: Run Behavior\WriteHtmlCacheBehavior [ RunTime:0.000435s ]
INFO: [ view_filter ] --END-- [ RunTime:0.000546s ]
INFO: [ app_end ] --START--
INFO: Run Behavior\ShowPageTraceBehavior [ RunTime:0.000565s ]
INFO: [ app_end ] --END-- [ RunTime:0.000689s ]

[ 2016-04-14T13:38:51+08:00 ] 127.0.0.1 /myblog/index.php/Admin/Article/classify.html
INFO: [ app_init ] --START--
INFO: Run Behavior\BuildLiteBehavior [ RunTime:0.000025s ]
INFO: [ app_init ] --END-- [ RunTime:0.000393s ]
INFO: [ app_begin ] --START--
INFO: Run Behavior\ReadHtmlCacheBehavior [ RunTime:0.000525s ]
INFO: [ app_begin ] --END-- [ RunTime:0.000649s ]
SQL: SHOW COLUMNS FROM `myblog_leftnav` [ RunTime:0.0126s ]
SQL: SELECT * FROM `myblog_leftnav` WHERE ( pid = 0 ) ORDER BY ol  [ RunTime:0.0004s ]
SQL: SELECT * FROM `myblog_leftnav` WHERE ( pid = 4 ) ORDER BY ol  [ RunTime:0.0003s ]
SQL: SELECT * FROM `myblog_leftnav` WHERE ( pid = 6 ) ORDER BY ol  [ RunTime:0.0003s ]
SQL: SELECT * FROM `myblog_leftnav` WHERE ( pid = 7 ) ORDER BY ol  [ RunTime:0.0004s ]
SQL: SELECT * FROM `myblog_leftnav` WHERE ( pid = 14 ) ORDER BY ol  [ RunTime:0.0003s ]
SQL: SELECT * FROM `myblog_leftnav` WHERE ( pid = 15 ) ORDER BY ol  [ RunTime:0.0003s ]
SQL: SHOW COLUMNS FROM `myblog_nav` [ RunTime:0.0133s ]
SQL: SELECT * FROM `myblog_nav` WHERE ( nav_parentid = 3 )  [ RunTime:0.0004s ]
SQL: SELECT * FROM `myblog_nav` ORDER BY nav_parentId desc,nav_id asc  [ RunTime:0.0004s ]
INFO: [ view_parse ] --START--
INFO: [ template_filter ] --START--
INFO: Run Behavior\ContentReplaceBehavior [ RunTime:0.000103s ]
INFO: [ template_filter ] --END-- [ RunTime:0.000244s ]
NOTIC: [8] Use of undefined constant href - assumed 'href' D:\wamp\www\myblog\Application\Runtime\Cache\Admin\aa96acaaf1ede9a39ff39f366d1c0f64.php 第 30 行.
NOTIC: [8] Use of undefined constant href - assumed 'href' D:\wamp\www\myblog\Application\Runtime\Cache\Admin\aa96acaaf1ede9a39ff39f366d1c0f64.php 第 30 行.
NOTIC: [8] Use of undefined constant href - assumed 'href' D:\wamp\www\myblog\Application\Runtime\Cache\Admin\aa96acaaf1ede9a39ff39f366d1c0f64.php 第 30 行.
NOTIC: [8] Use of undefined constant href - assumed 'href' D:\wamp\www\myblog\Application\Runtime\Cache\Admin\aa96acaaf1ede9a39ff39f366d1c0f64.php 第 30 行.
NOTIC: [8] Use of undefined constant href - assumed 'href' D:\wamp\www\myblog\Application\Runtime\Cache\Admin\aa96acaaf1ede9a39ff39f366d1c0f64.php 第 30 行.
NOTIC: [8] Use of undefined constant href - assumed 'href' D:\wamp\www\myblog\Application\Runtime\Cache\Admin\aa96acaaf1ede9a39ff39f366d1c0f64.php 第 30 行.
NOTIC: [8] Use of undefined constant href - assumed 'href' D:\wamp\www\myblog\Application\Runtime\Cache\Admin\aa96acaaf1ede9a39ff39f366d1c0f64.php 第 30 行.
NOTIC: [8] Use of undefined constant href - assumed 'href' D:\wamp\www\myblog\Application\Runtime\Cache\Admin\aa96acaaf1ede9a39ff39f366d1c0f64.php 第 30 行.
NOTIC: [8] Use of undefined constant nav_id - assumed 'nav_id' D:\wamp\www\myblog\Application\Runtime\Cache\Admin\aa96acaaf1ede9a39ff39f366d1c0f64.php 第 164 行.
NOTIC: [8] Use of undefined constant nav_name - assumed 'nav_name' D:\wamp\www\myblog\Application\Runtime\Cache\Admin\aa96acaaf1ede9a39ff39f366d1c0f64.php 第 164 行.
NOTIC: [8] Use of undefined constant nav_id - assumed 'nav_id' D:\wamp\www\myblog\Application\Runtime\Cache\Admin\aa96acaaf1ede9a39ff39f366d1c0f64.php 第 164 行.
NOTIC: [8] Use of undefined constant nav_name - assumed 'nav_name' D:\wamp\www\myblog\Application\Runtime\Cache\Admin\aa96acaaf1ede9a39ff39f366d1c0f64.php 第 164 行.
NOTIC: [8] Use of undefined constant nav_id - assumed 'nav_id' D:\wamp\www\myblog\Application\Runtime\Cache\Admin\aa96acaaf1ede9a39ff39f366d1c0f64.php 第 164 行.
NOTIC: [8] Use of undefined constant nav_name - assumed 'nav_name' D:\wamp\www\myblog\Application\Runtime\Cache\Admin\aa96acaaf1ede9a39ff39f366d1c0f64.php 第 164 行.
INFO: Run Behavior\ParseTemplateBehavior [ RunTime:0.064704s ]
INFO: [ view_parse ] --END-- [ RunTime:0.064867s ]
INFO: [ view_filter ] --START--
INFO: Run Behavior\WriteHtmlCacheBehavior [ RunTime:0.000439s ]
INFO: [ view_filter ] --END-- [ RunTime:0.000546s ]
INFO: [ app_end ] --START--
INFO: Run Behavior\ShowPageTraceBehavior [ RunTime:0.000493s ]
INFO: [ app_end ] --END-- [ RunTime:0.000607s ]

[ 2016-04-14T13:38:56+08:00 ] 127.0.0.1 /myblog/index.php/Admin/Article/article.html
INFO: [ app_init ] --START--
INFO: Run Behavior\BuildLiteBehavior [ RunTime:0.000024s ]
INFO: [ app_init ] --END-- [ RunTime:0.000395s ]
INFO: [ app_begin ] --START--
INFO: Run Behavior\ReadHtmlCacheBehavior [ RunTime:0.000455s ]
INFO: [ app_begin ] --END-- [ RunTime:0.000575s ]
SQL: SHOW COLUMNS FROM `myblog_leftnav` [ RunTime:0.0111s ]
SQL: SELECT * FROM `myblog_leftnav` WHERE ( pid = 0 ) ORDER BY ol  [ RunTime:0.0004s ]
SQL: SELECT * FROM `myblog_leftnav` WHERE ( pid = 4 ) ORDER BY ol  [ RunTime:0.0003s ]
SQL: SELECT * FROM `myblog_leftnav` WHERE ( pid = 6 ) ORDER BY ol  [ RunTime:0.0003s ]
SQL: SELECT * FROM `myblog_leftnav` WHERE ( pid = 7 ) ORDER BY ol  [ RunTime:0.0003s ]
SQL: SELECT * FROM `myblog_leftnav` WHERE ( pid = 14 ) ORDER BY ol  [ RunTime:0.0004s ]
SQL: SELECT * FROM `myblog_leftnav` WHERE ( pid = 15 ) ORDER BY ol  [ RunTime:0.0003s ]
SQL: SHOW COLUMNS FROM `myblog_article` [ RunTime:0.0122s ]
SQL: SELECT COUNT(*) AS tp_count FROM `myblog_article` LIMIT 1   [ RunTime:0.0003s ]
SQL: SELECT * FROM `myblog_article` ORDER BY article_id LIMIT 0,9   [ RunTime:0.0004s ]
INFO: [ view_parse ] --START--
INFO: [ template_filter ] --START--
INFO: Run Behavior\ContentReplaceBehavior [ RunTime:0.000111s ]
INFO: [ template_filter ] --END-- [ RunTime:0.000230s ]
NOTIC: [8] Use of undefined constant href - assumed 'href' D:\wamp\www\myblog\Application\Runtime\Cache\Admin\196624a5e847e2937e1c838922a58765.php 第 30 行.
NOTIC: [8] Use of undefined constant href - assumed 'href' D:\wamp\www\myblog\Application\Runtime\Cache\Admin\196624a5e847e2937e1c838922a58765.php 第 30 行.
NOTIC: [8] Use of undefined constant href - assumed 'href' D:\wamp\www\myblog\Application\Runtime\Cache\Admin\196624a5e847e2937e1c838922a58765.php 第 30 行.
NOTIC: [8] Use of undefined constant href - assumed 'href' D:\wamp\www\myblog\Application\Runtime\Cache\Admin\196624a5e847e2937e1c838922a58765.php 第 30 行.
NOTIC: [8] Use of undefined constant href - assumed 'href' D:\wamp\www\myblog\Application\Runtime\Cache\Admin\196624a5e847e2937e1c838922a58765.php 第 30 行.
NOTIC: [8] Use of undefined constant href - assumed 'href' D:\wamp\www\myblog\Application\Runtime\Cache\Admin\196624a5e847e2937e1c838922a58765.php 第 30 行.
NOTIC: [8] Use of undefined constant href - assumed 'href' D:\wamp\www\myblog\Application\Runtime\Cache\Admin\196624a5e847e2937e1c838922a58765.php 第 30 行.
NOTIC: [8] Use of undefined constant href - assumed 'href' D:\wamp\www\myblog\Application\Runtime\Cache\Admin\196624a5e847e2937e1c838922a58765.php 第 30 行.
INFO: Run Behavior\ParseTemplateBehavior [ RunTime:0.058721s ]
INFO: [ view_parse ] --END-- [ RunTime:0.058887s ]
INFO: [ view_filter ] --START--
INFO: Run Behavior\WriteHtmlCacheBehavior [ RunTime:0.000420s ]
INFO: [ view_filter ] --END-- [ RunTime:0.000518s ]
INFO: [ app_end ] --START--
INFO: Run Behavior\ShowPageTraceBehavior [ RunTime:0.000536s ]
INFO: [ app_end ] --END-- [ RunTime:0.000645s ]

